PRT1
61
141
227
4 0 6 0 (1024 68 12 ) (1024 84 12 ) (1024 84 0 ) (1024 68 0 ) 
4 0 7 0 (1024 0 0 ) (1024 0 12 ) (1024 68 12 ) (1024 68 0 ) 
4 0 3 0 (1024 0 12 ) (1024 0 0 ) (1182 0 0 ) (1182 0 12 ) 
4 0 2 0 (1182 0 0 ) (1024 0 0 ) (1024 84 0 ) (1182 84 0 ) 
4 1 4 0 (1228 0 -44 ) (1182 0 -44 ) (1182 0 -100 ) (1228 0 -100 ) 
4 1 2 0 (1182 0 -100 ) (1182 0 -44 ) (1182 44 -44 ) (1182 44 -100 ) 
4 2 19 0 (1024 0 -186.945053 ) (1024 0 -184 ) (1024 84 -184 ) (1024 84 -186.945053 ) 
4 2 17 0 (1024 0 -184 ) (1024 0 -178 ) (1024 68 -178 ) (1024 68 -184 ) 
4 2 16 0 (1024 0 -178 ) (1024 0 0 ) (1024 68 0 ) (1024 68 -178 ) 
4 2 12 0 (1024 68 0 ) (1024 84 0 ) (1024 84 -184 ) (1024 68 -184 ) 
4 2 5 0 (1024 0 0 ) (1024 0 -186.945053 ) (1182 0 -180 ) (1182 0 0 ) 
4 3 23 0 (1024 -92 12 ) (1024 -76 12 ) (1024 -76 0 ) (1024 -92 0 ) 
4 3 22 0 (1024 -76 12 ) (1024 0 12 ) (1024 0 0 ) (1024 -76 0 ) 
4 3 5 0 (1024 -92 0 ) (1024 0 0 ) (1182 0 0 ) (1182 -92 0 ) 
4 4 5 0 (1182 -44 -44 ) (1182 0 -44 ) (1182 0 -100 ) (1182 -44 -100 ) 
4 5 35 0 (1024 -92 -186.945053 ) (1024 -92 -184 ) (1024 0 -184 ) (1024 0 -186.945053 ) 
4 5 30 0 (1024 -92 -184 ) (1024 -92 0 ) (1024 -76 0 ) (1024 -76 -184 ) 
4 5 29 0 (1024 0 -178 ) (1024 0 -184 ) (1024 -76 -184 ) (1024 -76 -178 ) 
4 5 28 0 (1024 -76 0 ) (1024 0 0 ) (1024 0 -178 ) (1024 -76 -178 ) 
4 6 12 0 (1000 84 0 ) (1024 84 0 ) (1024 68 0 ) (1000 68 0 ) 
4 6 7 0 (1024 68 12 ) (1000 68 12 ) (1000 68 0 ) (1024 68 0 ) 
4 7 22 0 (962 0 0 ) (1024 0 0 ) (1024 0 12 ) (962 0 12 ) 
4 7 16 0 (1024 0 0 ) (962 0 0 ) (962 68 0 ) (1024 68 0 ) 
4 7 8 0 (962 68 0 ) (962 0 0 ) (962 0 12 ) (962 68 12 ) 
4 8 24 0 (522 0 0 ) (962 0 0 ) (962 0 46 ) (522 0 46 ) 
4 8 16 0 (962 0 0 ) (522 0 0 ) (522 68 0 ) (962 68 0 ) 
4 8 13 0 (522 80 0 ) (522 136 0 ) (962 136 0 ) (962 80 0 ) 
4 8 14 0 (522 68 0 ) (522 80 0 ) (962 80 0 ) (962 68 0 ) 
4 8 9 0 (522 80 0 ) (522 0 0 ) (522 0 34 ) (522 80 34 ) 
4 9 25 0 (450 0 0 ) (522 0 0 ) (522 0 34 ) (450 0 34 ) 
4 9 16 0 (522 0 0 ) (450 0 0 ) (450 68 0 ) (522 68 0 ) 
4 9 14 0 (450 68 0 ) (450 80 0 ) (522 80 0 ) (522 68 0 ) 
4 9 10 0 (450 76 0 ) (450 0 0 ) (450 0 20 ) (450 76 20 ) 
4 10 26 0 (418 0 0 ) (450 0 0 ) (450 0 20 ) (418 0 20 ) 
4 10 16 0 (450 0 0 ) (418 0 0 ) (418 68 0 ) (450 68 0 ) 
4 10 15 0 (418 68 0 ) (418 76 0 ) (450 76 0 ) (450 68 0 ) 
4 10 11 0 (418 76 0 ) (418 0 0 ) (418 0 20 ) (418 76 20 ) 
4 11 37 0 (0 80 0 ) (0 0 0 ) (0 0 88.833336 ) (0 80 88.833344 ) 
4 11 27 0 (0 0 88.833344 ) (0 0 0 ) (418 0 0 ) (418 0 54 ) 
4 11 21 0 (418 0 0 ) (0 0 0 ) (0 80 0 ) (418 80 0 ) 
4 12 19 0 (1024 84 -184 ) (1024 68 -184 ) (1000 68 -184 ) (1000 84 -184 ) 
4 12 17 0 (1000 68 -184 ) (1024 68 -184 ) (1024 68 -178 ) (1000 68 -178 ) 
4 12 16 0 (1024 68 -178 ) (1024 68 0 ) (1000 68 0 ) (1000 68 -178 ) 
4 13 14 0 (522 80 -184 ) (962 80 -184 ) (962 80 0 ) (522 80 0 ) 
4 14 20 0 (850 68 -184 ) (670 68 -184 ) (670 80 -184 ) (850 80 -184 ) 
4 14 18 0 (450 68 -184 ) (962 68 -184 ) (962 68 -178 ) (450 68 -178 ) 
4 14 16 0 (962 68 -178 ) (962 68 0 ) (450 68 0 ) (450 68 -178 ) 
4 14 15 0 (450 76 -184 ) (450 68 -184 ) (450 68 0 ) (450 76 0 ) 
4 15 21 0 (418 68 0 ) (418 76 0 ) (418 76 -170 ) (418 68 -170 ) 
4 15 18 0 (418 68 -178 ) (418 68 -184 ) (450 68 -184 ) (450 68 -178 ) 
4 15 16 0 (418 68 0 ) (418 68 -178 ) (450 68 -178 ) (450 68 0 ) 
4 16 31 0 (962 0 0 ) (418 0 0 ) (418 0 -178 ) (962 0 -178 ) 
4 16 28 0 (1024 0 -178 ) (1024 0 0 ) (962 0 0 ) (962 0 -178 ) 
4 16 21 0 (418 0 -170 ) (418 0 0 ) (418 68 0 ) (418 68 -170 ) 
4 16 17 0 (1024 0 -178 ) (1000 0 -178 ) (1000 68 -178 ) (1024 68 -178 ) 
4 16 18 0 (962 0 -178 ) (418 0 -178 ) (418 68 -178 ) (962 68 -178 ) 
4 17 29 0 (1024 0 -184 ) (1024 0 -178 ) (1000 0 -178 ) (1000 0 -184 ) 
4 17 19 0 (1024 0 -184 ) (1000 0 -184 ) (1000 68 -184 ) (1024 68 -184 ) 
4 18 31 0 (962 0 -178 ) (418 0 -178 ) (418 0 -184 ) (962 0 -184 ) 
4 18 20 0 (850 0 -184 ) (670 0 -184 ) (670 68 -184 ) (850 68 -184 ) 
4 19 35 0 (1024 0 -186.945053 ) (1024 0 -184 ) (1000 0 -184 ) (1000 0 -188 ) 
4 20 36 0 (850 0 -248 ) (850 0 -184 ) (670 0 -184 ) (670 0 -248 ) 
4 21 44 0 (0 0 -141.500000 ) (0 0 0 ) (0 72 0 ) (0 72 -141.500000 ) 
4 21 43 0 (0 72 0 ) (0 80 0 ) (0 80 -141.500000 ) (0 72 -141.500000 ) 
4 21 34 0 (0 0 0 ) (0 0 -141.500000 ) (418 0 -170 ) (418 0 0 ) 
4 22 28 0 (962 0 0 ) (1024 0 0 ) (1024 -76 0 ) (962 -76 0 ) 
4 22 24 0 (962 0 12 ) (962 0 0 ) (962 -76 0 ) (962 -76 12 ) 
4 22 23 0 (1024 -76 12 ) (1000 -76 12 ) (1000 -76 0 ) (1024 -76 0 ) 
4 23 30 0 (1024 -76 0 ) (1024 -92 0 ) (1000 -92 0 ) (1000 -76 0 ) 
4 24 33 0 (962 -88 0 ) (962 -148 0 ) (522 -148 0 ) (522 -88 0 ) 
4 24 32 0 (962 -72 0 ) (962 -88 0 ) (522 -88 0 ) (522 -72 0 ) 
4 24 31 0 (522 0 0 ) (962 0 0 ) (962 -72 0 ) (522 -72 0 ) 
4 24 25 0 (522 0 34 ) (522 0 0 ) (522 -88 0 ) (522 -88 34 ) 
4 25 32 0 (522 -72 0 ) (522 -88 0 ) (450 -88 0 ) (450 -72 0 ) 
4 25 31 0 (450 0 0 ) (522 0 0 ) (522 -72 0 ) (450 -72 0 ) 
4 25 26 0 (450 0 20 ) (450 0 0 ) (450 -72 0 ) (450 -72 20 ) 
4 26 31 0 (418 0 0 ) (450 0 0 ) (450 -72 0 ) (418 -72 0 ) 
4 26 27 0 (418 0 20 ) (418 0 0 ) (418 -72 0 ) (418 -72 20 ) 
4 27 47 0 (0 0 88.833344 ) (0 0 0 ) (0 -88 0 ) (0 -88 88.833336 ) 
4 27 34 0 (0 -88 0 ) (0 0 0 ) (418 0 0 ) (418 -88 0 ) 
4 28 32 0 (962 -76 -178 ) (962 -76 0 ) (962 -72 0 ) (962 -72 -178 ) 
4 28 31 0 (962 -72 0 ) (962 0 0 ) (962 0 -178 ) (962 -72 -178 ) 
4 28 30 0 (1000 -76 -178 ) (1024 -76 -178 ) (1024 -76 0 ) (1000 -76 0 ) 
4 28 29 0 (1024 -76 -178 ) (1000 -76 -178 ) (1000 0 -178 ) (1024 0 -178 ) 
4 29 35 0 (1000 0 -184 ) (1024 0 -184 ) (1024 -76 -184 ) (1000 -76 -184 ) 
4 29 30 0 (1000 -76 -184 ) (1024 -76 -184 ) (1024 -76 -178 ) (1000 -76 -178 ) 
4 30 35 0 (1024 -76 -184 ) (1024 -92 -184 ) (1000 -92 -184 ) (1000 -76 -184 ) 
4 31 36 0 (670 0 -184 ) (850 0 -184 ) (850 -72 -184 ) (670 -72 -184 ) 
4 31 34 0 (418 -72 -170 ) (418 -72 0 ) (418 0 0 ) (418 0 -170 ) 
4 31 32 0 (450 -72 -184 ) (962 -72 -184 ) (962 -72 0 ) (450 -72 0 ) 
4 32 36 0 (670 -80 -184 ) (670 -72 -184 ) (850 -72 -184 ) (850 -80 -184 ) 
4 32 33 0 (522 -88 -184 ) (962 -88 -184 ) (962 -88 0 ) (522 -88 0 ) 
4 34 54 0 (0 -88 0 ) (0 -76 0 ) (0 -76 -141.500000 ) (0 -88 -141.500000 ) 
4 34 53 0 (0 -76 0 ) (0 0 0 ) (0 0 -141.499985 ) (0 -76 -141.500000 ) 
4 37 47 0 (-280 0 0 ) (0 0 0 ) (0 0 88.833336 ) (-280 0 112.166672 ) 
4 37 44 0 (0 0 0 ) (-280 0 0 ) (-280 72 0 ) (0 72 0 ) 
4 37 43 0 (-280 72 0 ) (-280 80 0 ) (0 80 0 ) (0 72 0 ) 
4 37 38 0 (-280 80 110 ) (-280 80 0 ) (-280 0 0 ) (-280 0 110 ) 
4 38 48 0 (-292 0 0 ) (-280 0 0 ) (-280 0 110 ) (-292 0 112 ) 
4 38 44 0 (-280 0 0 ) (-292 0 0 ) (-292 72 0 ) (-280 72 0 ) 
4 38 43 0 (-292 72 0 ) (-292 80 0 ) (-280 80 0 ) (-280 72 0 ) 
4 38 39 0 (-292 80 112 ) (-292 80 0 ) (-292 0 0 ) (-292 0 112 ) 
4 39 49 0 (-374 0 0 ) (-292 0 0 ) (-292 0 113.166672 ) (-374 0 120 ) 
4 39 44 0 (-292 0 0 ) (-374 0 0 ) (-374 72 0 ) (-292 72 0 ) 
4 39 43 0 (-374 72 0 ) (-374 80 0 ) (-292 80 0 ) (-292 72 0 ) 
4 39 40 0 (-374 72 0 ) (-374 0 0 ) (-374 0 120 ) (-374 72 120 ) 
4 40 50 0 (-408 0 0 ) (-374 0 0 ) (-374 0 120 ) (-408 0 120 ) 
4 40 44 0 (-374 0 0 ) (-408 0 0 ) (-408 72 0 ) (-374 72 0 ) 
4 40 41 0 (-408 72 0 ) (-408 0 0 ) (-408 0 120 ) (-408 72 120 ) 
4 41 51 0 (-542 0 0 ) (-408 0 0 ) (-408 0 209.499985 ) (-542 0 243 ) 
4 41 45 0 (-408 0 0 ) (-542 0 0 ) (-542 100 0 ) (-408 100 0 ) 
4 41 42 0 (-542 100 243 ) (-542 100 0 ) (-542 0 0 ) (-542 0 243 ) 
4 42 57 0 (-1024 0 42.778561 ) (-1024 0 125 ) (-1024 100 125 ) (-1024 100 42.778534 ) 
5 42 52 0 (-1024 0 125 ) (-1024 0 42.778534 ) (-850.405884 0 0 ) (-542 0 0 ) (-542 0 366 ) 
4 42 46 0 (-542 0 0 ) (-850.405884 0 0 ) (-850.405884 100 0 ) (-542 100 0 ) 
4 43 44 0 (0 72 -141.500000 ) (0 72 0 ) (-374 72 0 ) (-374 72 -116 ) 
5 44 53 0 (0 0 -141.500000 ) (0 0 0 ) (-408 0 0 ) (-408 0 -108 ) (-374 0 -116 ) 
4 44 45 0 (-408 0 -106 ) (-408 0 0 ) (-408 72 0 ) (-408 72 -106 ) 
4 45 55 0 (-408 0 -106 ) (-408 0 0 ) (-542 0 0 ) (-542 0 -74 ) 
4 45 46 0 (-542 100 0 ) (-542 100 -74 ) (-542 0 -74 ) (-542 0 0 ) 
3 46 56 0 (-542 0 -76 ) (-542 0 0 ) (-850.405884 0 0 ) 
4 47 54 0 (0 -76 0 ) (0 -88 0 ) (-280 -88 0 ) (-280 -76 0 ) 
4 47 53 0 (-280 0 0 ) (0 0 0 ) (0 -76 0 ) (-280 -76 0 ) 
4 47 48 0 (-280 0 0 ) (-280 -88 0 ) (-280 -88 110 ) (-280 0 110 ) 
4 48 54 0 (-280 -76 0 ) (-280 -88 0 ) (-292 -88 0 ) (-292 -76 0 ) 
4 48 53 0 (-292 0 0 ) (-280 0 0 ) (-280 -76 0 ) (-292 -76 0 ) 
4 48 49 0 (-292 0 0 ) (-292 -88 0 ) (-292 -88 112 ) (-292 0 112 ) 
4 49 54 0 (-292 -76 0 ) (-292 -88 0 ) (-374 -88 0 ) (-374 -76 0 ) 
4 49 53 0 (-374 0 0 ) (-292 0 0 ) (-292 -76 0 ) (-374 -76 0 ) 
4 49 50 0 (-374 0 0 ) (-374 -76 0 ) (-374 -76 120 ) (-374 0 120 ) 
4 50 53 0 (-408 0 0 ) (-374 0 0 ) (-374 -76 0 ) (-408 -76 0 ) 
4 50 51 0 (-408 0 120 ) (-408 0 0 ) (-408 -76 0 ) (-408 -76 120 ) 
4 51 55 0 (-542 0 0 ) (-408 0 0 ) (-408 -104 0 ) (-542 -104 0 ) 
4 51 52 0 (-542 0 243 ) (-542 0 0 ) (-542 -104 0 ) (-542 -104 243 ) 
4 52 59 0 (-1024 0 125 ) (-1024 0 42.778534 ) (-1024 -104 42.778561 ) (-1024 -104 125 ) 
4 52 56 0 (-850.405884 0 0 ) (-542 0 0 ) (-542 -104 0 ) (-850.405884 -104 0 ) 
4 53 55 0 (-408 -76 0 ) (-408 0 0 ) (-408 0 -106 ) (-408 -76 -106 ) 
4 53 54 0 (-374 -76 -116 ) (0 -76 -141.500000 ) (0 -76 0 ) (-374 -76 0 ) 
4 55 56 0 (-542 -104 -74 ) (-542 -104 0 ) (-542 0 0 ) (-542 0 -74 ) 
4 57 59 0 (-1024 0 42.778561 ) (-1024 0 125 ) (-1102 0 86 ) (-1102 0 62 ) 
4 58 60 0 (-1110 0 0 ) (-1110 0 -256 ) (-1024 0 -256 ) (-1024 0 0 ) 
4 0 (1024 84 12 ) (1024 0 12 ) (1182 0 12 ) (1182 84 12 ) 
4 0 (1182 84 12 ) (1182 0 12 ) (1182 0 0 ) (1182 84 0 ) 
4 0 (1024 84 12 ) (1182 84 12 ) (1182 84 0 ) (1024 84 0 ) 
4 1 (1182 44 -44 ) (1228 44 -44 ) (1228 44 -100 ) (1182 44 -100 ) 
4 1 (1228 44 -44 ) (1182 44 -44 ) (1182 0 -44 ) (1228 0 -44 ) 
4 1 (1228 0 -100 ) (1182 0 -100 ) (1182 44 -100 ) (1228 44 -100 ) 
4 1 (1228 0 -44 ) (1228 0 -100 ) (1228 44 -100 ) (1228 44 -44 ) 
4 2 (1024 84 -186.945053 ) (1024 84 0 ) (1182 84 0 ) (1182 84 -180 ) 
4 2 (1182 44 -100 ) (1182 84 -100 ) (1182 84 -44 ) (1182 44 -44 ) 
4 2 (1182 84 -180 ) (1182 84 -100 ) (1182 0 -100 ) (1182 0 -180 ) 
4 2 (1182 84 -44 ) (1182 84 0 ) (1182 0 0 ) (1182 0 -44 ) 
4 2 (1182 0 -180 ) (1024 0 -186.944824 ) (1024 84 -186.945053 ) (1182 84 -180 ) 
4 3 (1182 -92 12 ) (1182 0 12 ) (1024 0 12 ) (1024 -92 12 ) 
4 3 (1182 -92 12 ) (1182 -92 0 ) (1182 0 0 ) (1182 0 12 ) 
4 3 (1024 -92 0 ) (1182 -92 0 ) (1182 -92 12 ) (1024 -92 12 ) 
4 4 (1182 -44 -100 ) (1228 -44 -100 ) (1228 -44 -44 ) (1182 -44 -44 ) 
4 4 (1228 -44 -44 ) (1228 0 -44 ) (1182 0 -44 ) (1182 -44 -44 ) 
4 4 (1182 -44 -100 ) (1182 0 -100 ) (1228 0 -100 ) (1228 -44 -100 ) 
4 4 (1228 0 -44 ) (1228 -44 -44 ) (1228 -44 -100 ) (1228 0 -100 ) 
4 5 (1182 -92 -180 ) (1182 -92 0 ) (1024 -92 0 ) (1024 -92 -186.945053 ) 
4 5 (1182 -92 -100 ) (1182 -44 -100 ) (1182 -44 -44 ) (1182 -92 -44 ) 
4 5 (1182 -92 -180 ) (1182 0 -180 ) (1182 0 -100 ) (1182 -92 -100 ) 
4 5 (1182 -92 -44 ) (1182 0 -44 ) (1182 0 0 ) (1182 -92 0 ) 
4 5 (1024 0 -186.946030 ) (1182 0 -180 ) (1182 -92 -180 ) (1024 -92 -186.945801 ) 
4 6 (1024 84 0 ) (1000 84 0 ) (1000 84 12 ) (1024 84 12 ) 
4 6 (1000 68 12 ) (1024 68 12 ) (1024 84 12 ) (1000 84 12 ) 
4 6 (1000 84 12 ) (1000 84 0 ) (1000 68 0 ) (1000 68 12 ) 
4 7 (1000 68 0 ) (962 68 0 ) (962 68 12 ) (1000 68 12 ) 
4 7 (1024 68 12 ) (962 68 12 ) (962 0 12 ) (1024 0 12 ) 
4 8 (522 136 0 ) (522 80 0 ) (522 80 34 ) (522 136 34 ) 
4 8 (522 0 34 ) (522 0 46 ) (522 136 46 ) (522 136 34 ) 
4 8 (962 0 46 ) (962 136 46 ) (522 136 46 ) (522 0 46 ) 
4 8 (962 84 12 ) (962 68 12 ) (962 68 0 ) (962 84 0 ) 
4 8 (962 136 12 ) (962 84 12 ) (962 84 0 ) (962 136 0 ) 
4 8 (962 136 46 ) (962 0 46 ) (962 0 12 ) (962 136 12 ) 
4 8 (522 136 0 ) (522 136 46 ) (962 136 46 ) (962 136 0 ) 
4 9 (450 80 20 ) (450 80 0 ) (450 76 0 ) (450 76 20 ) 
4 9 (450 80 34 ) (450 80 20 ) (450 0 20 ) (450 0 34 ) 
4 9 (450 80 0 ) (450 80 34 ) (522 80 34 ) (522 80 0 ) 
4 9 (450 0 34 ) (522 0 34 ) (522 80 34 ) (450 80 34 ) 
4 10 (450 0 20 ) (450 76 20 ) (418 76 20 ) (418 0 20 ) 
4 10 (418 76 0 ) (418 76 20 ) (450 76 20 ) (450 76 0 ) 
4 11 (418 80 54 ) (418 80 0 ) (0 80 0 ) (0 80 88.833344 ) 
4 11 (418 80 20 ) (418 76 20 ) (418 76 0 ) (418 80 0 ) 
4 11 (418 80 20 ) (418 80 34 ) (418 0 34 ) (418 0 20 ) 
4 11 (418 80 54 ) (418 0 54 ) (418 0 34 ) (418 80 34 ) 
4 11 (418 80 54 ) (0 80 88.833336 ) (0 0 88.833008 ) (418 0 54 ) 
4 12 (1000 84 -184 ) (1000 68 -184 ) (1000 68 0 ) (1000 84 0 ) 
4 12 (1024 84 0 ) (1024 84 -184 ) (1000 84 -184 ) (1000 84 0 ) 
4 13 (670 136 -184 ) (850 136 -184 ) (850 80 -184 ) (670 80 -184 ) 
4 13 (522 136 -184 ) (670 136 -184 ) (670 80 -184 ) (522 80 -184 ) 
4 13 (850 136 -184 ) (962 136 -184 ) (962 80 -184 ) (850 80 -184 ) 
4 13 (522 136 0 ) (962 136 0 ) (962 136 -184 ) (522 136 -184 ) 
4 13 (962 80 0 ) (962 80 -184 ) (962 136 -184 ) (962 136 0 ) 
4 13 (522 136 0 ) (522 136 -184 ) (522 80 -184 ) (522 80 0 ) 
4 14 (670 68 -184 ) (450 68 -184 ) (450 80 -184 ) (670 80 -184 ) 
4 14 (962 80 -184 ) (962 68 -184 ) (850 68 -184 ) (850 80 -184 ) 
4 14 (450 80 -184 ) (450 76 -184 ) (450 76 0 ) (450 80 0 ) 
4 14 (522 80 0 ) (522 80 -184 ) (450 80 -184 ) (450 80 0 ) 
4 14 (962 80 0 ) (962 68 0 ) (962 68 -184 ) (962 80 -184 ) 
4 15 (418 76 -170 ) (418 76 -184 ) (418 68 -184 ) (418 68 -170 ) 
4 15 (418 68 -184 ) (418 76 -184 ) (450 76 -184 ) (450 68 -184 ) 
4 15 (450 76 0 ) (450 76 -184 ) (418 76 -184 ) (418 76 0 ) 
4 16 (418 0 -178 ) (418 0 -170 ) (418 68 -170 ) (418 68 -178 ) 
4 16 (1000 0 -178 ) (962 0 -178 ) (962 68 -178 ) (1000 68 -178 ) 
4 16 (962 68 -178 ) (962 68 0 ) (1000 68 0 ) (1000 68 -178 ) 
4 17 (1000 0 -178 ) (1000 68 -178 ) (1000 68 -184 ) (1000 0 -184 ) 
4 18 (418 0 -184 ) (418 0 -178 ) (418 68 -178 ) (418 68 -184 ) 
4 18 (670 0 -184 ) (418 0 -184 ) (418 68 -184 ) (670 68 -184 ) 
4 18 (962 0 -184 ) (850 0 -184 ) (850 68 -184 ) (962 68 -184 ) 
4 18 (962 0 -184 ) (962 68 -184 ) (962 68 -178 ) (962 0 -178 ) 
4 19 (1024 84 -184 ) (1024 84 -186.945053 ) (1000 84 -188 ) (1000 84 -184 ) 
4 19 (1000 0 -188 ) (1000 0 -184 ) (1000 84 -184 ) (1000 84 -188 ) 
4 19 (1024 0 -186.945511 ) (1000 0 -188 ) (1000 84 -188 ) (1024 84 -186.945511 ) 
4 20 (850 80 -184 ) (850 80 -248 ) (670 80 -248 ) (670 80 -184 ) 
4 20 (850 80 -248 ) (850 80 -184 ) (850 0 -184 ) (850 0 -248 ) 
4 20 (670 0 -248 ) (670 0 -184 ) (670 80 -184 ) (670 80 -248 ) 
4 20 (670 0 -248 ) (670 80 -248 ) (850 80 -248 ) (850 0 -248 ) 
4 21 (0 80 -141.500000 ) (0 80 0 ) (418 80 0 ) (418 80 -170 ) 
4 21 (418 76 -170 ) (418 80 -170 ) (418 80 0 ) (418 76 0 ) 
4 21 (418 0 -170 ) (0 0 -141.500000 ) (0 80 -141.500000 ) (418 80 -170 ) 
4 22 (1000 -76 12 ) (962 -76 12 ) (962 -76 0 ) (1000 -76 0 ) 
4 22 (1024 -76 12 ) (1024 0 12 ) (962 0 12 ) (962 -76 12 ) 
4 23 (1024 -92 12 ) (1000 -92 12 ) (1000 -92 0 ) (1024 -92 0 ) 
4 23 (1000 -92 12 ) (1024 -92 12 ) (1024 -76 12 ) (1000 -76 12 ) 
4 23 (1000 -76 12 ) (1000 -76 0 ) (1000 -92 0 ) (1000 -92 12 ) 
4 24 (522 -88 0 ) (522 -148 0 ) (522 -148 34 ) (522 -88 34 ) 
4 24 (522 0 46 ) (522 0 34 ) (522 -148 34 ) (522 -148 46 ) 
4 24 (522 -148 46 ) (522 -148 0 ) (962 -148 0 ) (962 -148 46 ) 
4 24 (962 -148 46 ) (962 -148 12 ) (962 0 12 ) (962 0 46 ) 
4 24 (962 -92 12 ) (962 -148 12 ) (962 -148 0 ) (962 -92 0 ) 
4 24 (962 -76 12 ) (962 -92 12 ) (962 -92 0 ) (962 -76 0 ) 
4 24 (962 0 46 ) (522 0 46 ) (522 -148 46 ) (962 -148 46 ) 
4 25 (450 -72 0 ) (450 -88 0 ) (450 -88 20 ) (450 -72 20 ) 
4 25 (450 0 34 ) (450 0 20 ) (450 -88 20 ) (450 -88 34 ) 
4 25 (522 -88 34 ) (522 0 34 ) (450 0 34 ) (450 -88 34 ) 
4 25 (522 -88 0 ) (522 -88 34 ) (450 -88 34 ) (450 -88 0 ) 
4 26 (450 -72 20 ) (450 0 20 ) (418 0 20 ) (418 -72 20 ) 
4 26 (450 -72 0 ) (450 -72 20 ) (418 -72 20 ) (418 -72 0 ) 
4 27 (0 -88 88.833344 ) (0 -88 0 ) (418 -88 0 ) (418 -88 54 ) 
4 27 (418 -72 20 ) (418 -88 20 ) (418 -88 0 ) (418 -72 0 ) 
4 27 (418 -88 54 ) (418 -88 20 ) (418 0 20 ) (418 0 54 ) 
4 27 (0 -88 88.832031 ) (418 -88 54 ) (418 0 54 ) (0 0 88.832367 ) 
4 28 (962 -76 0 ) (962 -76 -178 ) (1000 -76 -178 ) (1000 -76 0 ) 
4 28 (1000 -76 -178 ) (962 -76 -178 ) (962 0 -178 ) (1000 0 -178 ) 
4 29 (1000 0 -184 ) (1000 -76 -184 ) (1000 -76 -178 ) (1000 0 -178 ) 
4 30 (1000 -76 0 ) (1000 -76 -184 ) (1000 -92 -184 ) (1000 -92 0 ) 
4 30 (1000 -92 0 ) (1000 -92 -184 ) (1024 -92 -184 ) (1024 -92 0 ) 
4 31 (850 0 -184 ) (962 0 -184 ) (962 -72 -184 ) (850 -72 -184 ) 
4 31 (418 0 -184 ) (670 0 -184 ) (670 -72 -184 ) (418 -72 -184 ) 
4 31 (418 0 -184 ) (418 -72 -184 ) (418 -72 -170 ) (418 0 -170 ) 
4 31 (418 -72 0 ) (418 -72 -184 ) (450 -72 -184 ) (450 -72 0 ) 
4 31 (962 0 -178 ) (962 -72 -178 ) (962 -72 -184 ) (962 0 -184 ) 
4 32 (850 -88 -184 ) (670 -88 -184 ) (670 -80 -184 ) (850 -80 -184 ) 
4 32 (962 -72 -184 ) (962 -88 -184 ) (850 -88 -184 ) (850 -72 -184 ) 
4 32 (670 -88 -184 ) (450 -88 -184 ) (450 -72 -184 ) (670 -72 -184 ) 
4 32 (450 -88 -184 ) (522 -88 -184 ) (522 -88 0 ) (450 -88 0 ) 
4 32 (962 -72 -178 ) (962 -76 -178 ) (962 -76 -184 ) (962 -72 -184 ) 
4 32 (962 -76 0 ) (962 -88 0 ) (962 -88 -184 ) (962 -76 -184 ) 
4 32 (450 -72 0 ) (450 -72 -184 ) (450 -88 -184 ) (450 -88 0 ) 
4 33 (850 -148 -184 ) (670 -148 -184 ) (670 -88 -184 ) (850 -88 -184 ) 
4 33 (962 -88 -184 ) (962 -92 -184 ) (850 -92 -184 ) (850 -88 -184 ) 
4 33 (962 -92 -184 ) (962 -148 -184 ) (850 -148 -184 ) (850 -92 -184 ) 
4 33 (670 -148 -184 ) (522 -148 -184 ) (522 -88 -184 ) (670 -88 -184 ) 
4 33 (522 -148 -184 ) (962 -148 -184 ) (962 -148 0 ) (522 -148 0 ) 
4 33 (962 -88 0 ) (962 -148 0 ) (962 -148 -184 ) (962 -88 -184 ) 
4 33 (522 -88 0 ) (522 -88 -184 ) (522 -148 -184 ) (522 -148 0 ) 
4 34 (418 -88 -170 ) (418 -88 0 ) (0 -88 0 ) (0 -88 -141.499985 ) 
4 34 (418 -72 -170 ) (418 -72 0 ) (418 -88 0 ) (418 -88 -170 ) 
4 34 (0 0 -141.500031 ) (418 0 -170 ) (418 -88 -170 ) (0 -88 -141.500031 ) 
4 35 (1000 -92 -188 ) (1000 -92 -184 ) (1000 0 -184 ) (1000 0 -188 ) 
4 35 (1024 -92 -186.945053 ) (1024 -92 -184 ) (1000 -92 -184 ) (1000 -92 -188 ) 
4 35 (1024 0 -186.945541 ) (1024 -92 -186.945541 ) (1000 -92 -188 ) (1000 0 -188 ) 
4 36 (670 -80 -184 ) (670 -80 -248 ) (850 -80 -248 ) (850 -80 -184 ) 
4 36 (850 -80 -248 ) (850 0 -248 ) (850 0 -184 ) (850 -80 -184 ) 
4 36 (670 -80 -184 ) (670 0 -184 ) (670 0 -248 ) (670 -80 -248 ) 
4 36 (850 -80 -248 ) (670 -80 -248 ) (670 0 -248 ) (850 0 -248 ) 
4 37 (-280 0 112.160156 ) (-280 80 112.160156 ) (-280 80 110 ) (-280 0 110 ) 
4 37 (0 80 88.833328 ) (-280 80 112.166664 ) (-280 0 112.166664 ) (0 0 88.833328 ) 
4 37 (-280 80 112.166672 ) (0 80 88.833336 ) (0 80 0 ) (-280 80 0 ) 
4 38 (-292 80 112 ) (-280 80 110 ) (-280 80 0 ) (-292 80 0 ) 
4 38 (-292 80 112 ) (-292 0 112 ) (-280 0 110 ) (-280 80 110 ) 
4 39 (-374 80 120 ) (-374 80 0 ) (-374 72 0 ) (-374 72 120 ) 
4 39 (-292 0 112 ) (-292 80 112 ) (-292 80 113.167969 ) (-292 0 113.167969 ) 
4 39 (-292 80 113.166672 ) (-292 80 0 ) (-374 80 0 ) (-374 80 120 ) 
4 39 (-292 80 113.166664 ) (-374 80 120 ) (-374 0 120 ) (-292 0 113.166664 ) 
4 40 (-374 72 120 ) (-408 72 120 ) (-408 0 120 ) (-374 0 120 ) 
4 40 (-408 72 0 ) (-408 72 120 ) (-374 72 120 ) (-374 72 0 ) 
4 41 (-408 80 120 ) (-408 72 120 ) (-408 72 0 ) (-408 80 0 ) 
4 41 (-408 80 120 ) (-408 80 0 ) (-408 100 0 ) (-408 100 120 ) 
4 41 (-408 0 209.500000 ) (-408 0 120 ) (-408 100 120 ) (-408 100 209.500000 ) 
4 41 (-542 100 243 ) (-408 100 209.499985 ) (-408 100 0 ) (-542 100 0 ) 
4 41 (-542 100 243 ) (-542 0 243 ) (-408 0 209.499023 ) (-408 100 209.499023 ) 
4 42 (-1024 100 42.779537 ) (-850.401855 100 0 ) (-850.401855 0 0 ) (-1024 0 42.781250 ) 
4 42 (-542 0 366 ) (-542 0 243 ) (-542 100 243 ) (-542 100 366 ) 
5 42 (-542 100 366 ) (-542 100 0 ) (-850.405884 100 0 ) (-1024 100 42.778534 ) (-1024 100 125 ) 
4 42 (-1024 0 125.001938 ) (-542 0 366.001923 ) (-542 100 366.001923 ) (-1024 100 125.001953 ) 
4 43 (0 80 0 ) (0 80 -141.500000 ) (-374 80 -116 ) (-374 80 0 ) 
4 43 (-374 72 -116 ) (-374 72 0 ) (-374 80 0 ) (-374 80 -116 ) 
4 43 (0 72 -141.500000 ) (-374 72 -116 ) (-374 80 -116 ) (0 80 -141.500000 ) 
4 44 (-408 0 -108 ) (-408 0 -106 ) (-408 72 -106 ) (-408 72 -108 ) 
4 44 (-374.011719 0 -116 ) (-408 0 -108.001953 ) (-408 72 -108.001953 ) (-374.011719 72 -116 ) 
4 44 (-374 72 0 ) (-374 72 -116 ) (-408 72 -108 ) (-408 72 0 ) 
4 44 (0 0 -141.500183 ) (-373.988281 0 -116 ) (-373.988281 72 -116 ) (0 72 -141.500000 ) 
4 45 (-408 100 -106 ) (-408 100 0 ) (-408 72 0 ) (-408 72 -106 ) 
4 45 (-542 100 -74 ) (-542 100 0 ) (-408 100 0 ) (-408 100 -106 ) 
4 45 (-542 0 -74 ) (-542 100 -74 ) (-408 100 -106 ) (-408 0 -106 ) 
3 46 (-542 100 -76 ) (-850.405884 100 0 ) (-542 100 0 ) 
4 46 (-542 0 -74 ) (-542 0 -76 ) (-542 100 -76 ) (-542 100 -74 ) 
4 46 (-850.401855 0 0 ) (-850.401855 100 0 ) (-542 100 -76 ) (-542 0 -76 ) 
4 47 (-280 -88 110 ) (-280 -88 112.166679 ) (-280 0 112.166672 ) (-280 0 110 ) 
4 47 (-280 -88 112.166672 ) (-280 -88 0 ) (0 -88 0 ) (0 -88 88.833336 ) 
4 47 (-280 0 112.166016 ) (-280 -88 112.166016 ) (0 -88 88.832687 ) (0 0 88.832680 ) 
4 48 (-292 -88 0 ) (-280 -88 0 ) (-280 -88 110 ) (-292 -88 112 ) 
4 48 (-292 0 112 ) (-292 -88 112 ) (-280 -88 110 ) (-280 0 110 ) 
4 49 (-374 -76 0 ) (-374 -88 0 ) (-374 -88 120 ) (-374 -76 120 ) 
4 49 (-292 0 112 ) (-292 0 113.167969 ) (-292 -88 113.167969 ) (-292 -88 112 ) 
4 49 (-374 0 120 ) (-374 -88 120 ) (-292 -88 113.165993 ) (-292 0 113.165993 ) 
4 49 (-374 -88 120 ) (-374 -88 0 ) (-292 -88 0 ) (-292 -88 113.166679 ) 
4 50 (-374 -76 120 ) (-374 0 120 ) (-408 0 120 ) (-408 -76 120 ) 
4 50 (-374 -76 0 ) (-374 -76 120 ) (-408 -76 120 ) (-408 -76 0 ) 
4 51 (-408 -104 209.500000 ) (-408 -104 120 ) (-408 0 120 ) (-408 0 209.500000 ) 
4 51 (-408 -88 120 ) (-408 -104 120 ) (-408 -104 0 ) (-408 -88 0 ) 
4 51 (-408 -76 120 ) (-408 -88 120 ) (-408 -88 0 ) (-408 -76 0 ) 
4 51 (-542 -104 0 ) (-408 -104 0 ) (-408 -104 209.499985 ) (-542 -104 243 ) 
4 51 (-542 0 243 ) (-542 -104 243 ) (-408 -104 209.499023 ) (-408 0 209.499023 ) 
4 52 (-1024 0 42.778458 ) (-850.406250 0 0 ) (-850.406250 -104 0 ) (-1024 -104 42.779297 ) 
4 52 (-542 -104 366 ) (-542 -104 243 ) (-542 0 243 ) (-542 0 366 ) 
5 52 (-1024 -104 125 ) (-1024 -104 42.778534 ) (-850.405884 -104 0 ) (-542 -104 0 ) (-542 -104 366 ) 
4 52 (-1024 -104 125.001953 ) (-542 -104 366.001953 ) (-542 0 366.001953 ) (-1024 0 125.001953 ) 
4 53 (-408 0 -106 ) (-408 0 -108 ) (-408 -76 -108 ) (-408 -76 -106 ) 
4 53 (-408 -76 0 ) (-408 -76 -108 ) (-374 -76 -116 ) (-374 -76 0 ) 
4 53 (-374 -76 -116 ) (-408 -76 -108 ) (-408 0 -108 ) (-374 0 -116 ) 
4 53 (0 -76 -141.500183 ) (-373.988281 -76 -116 ) (-373.988281 0 -116 ) (0 0 -141.500000 ) 
4 54 (-374 -88 0 ) (-374 -88 -116 ) (0 -88 -141.500000 ) (0 -88 0 ) 
4 54 (-374 -76 0 ) (-374 -76 -116 ) (-374 -88 -116 ) (-374 -88 0 ) 
4 54 (0 -88 -141.500977 ) (-374 -88 -116 ) (-374 -76 -116 ) (0 -76 -141.500977 ) 
4 55 (-408 -104 -106 ) (-408 -76 -106 ) (-408 -76 0 ) (-408 -104 0 ) 
4 55 (-408 -104 -106 ) (-408 -104 0 ) (-542 -104 0 ) (-542 -104 -74 ) 
4 55 (-408 -104 -106 ) (-542 -104 -74 ) (-542 0 -74 ) (-408 0 -106 ) 
3 56 (-542 -104 0 ) (-850.405884 -104 0 ) (-542 -104 -76 ) 
4 56 (-542 0 -76 ) (-542 0 -74 ) (-542 -104 -74 ) (-542 -104 -76 ) 
4 56 (-542 0 -76 ) (-542 -104 -76 ) (-850.406250 -104 0 ) (-850.406250 0 0 ) 
4 57 (-1024 0 42.779213 ) (-1102 0 62 ) (-1102 100 62 ) (-1024 100 42.779209 ) 
4 57 (-1102 100 62 ) (-1102 100 86 ) (-1024 100 125 ) (-1024 100 42.778561 ) 
4 57 (-1102 100 86 ) (-1102 100 62 ) (-1102 0 62 ) (-1102 0 86 ) 
4 57 (-1024 100 125.001953 ) (-1102 100 86.001953 ) (-1102 0 86.001953 ) (-1024 0 125.003906 ) 
4 58 (-1024 100 0 ) (-1102 100 0 ) (-1102 0 0 ) (-1024 0 0 ) 
4 58 (-1102 100 0 ) (-1110 100 0 ) (-1110 0 0 ) (-1102 0 0 ) 
4 58 (-1024 100 0 ) (-1024 144 0 ) (-1110 144 0 ) (-1110 100 0 ) 
4 58 (-1024 100 0 ) (-1024 0 0 ) (-1024 0 -256 ) (-1024 100 -256 ) 
4 58 (-1024 144 0 ) (-1024 100 0 ) (-1024 100 -256 ) (-1024 144 -256 ) 
4 58 (-1110 144 0 ) (-1110 144 -256 ) (-1110 0 -256 ) (-1110 0 0 ) 
4 58 (-1024 144 -256 ) (-1110 144 -256 ) (-1110 144 0 ) (-1024 144 0 ) 
4 58 (-1110 0 -256 ) (-1110 144 -256 ) (-1024 144 -256 ) (-1024 0 -256 ) 
4 59 (-1024 0 42.779545 ) (-1024 -104 42.779549 ) (-1102 -104 62 ) (-1102 0 62 ) 
4 59 (-1024 -104 42.778561 ) (-1024 -104 125 ) (-1102 -104 86 ) (-1102 -104 62 ) 
4 59 (-1102 0 86 ) (-1102 0 62 ) (-1102 -104 62 ) (-1102 -104 86 ) 
4 59 (-1024 0 125.001953 ) (-1102 0 86.001953 ) (-1102 -104 86.001953 ) (-1024 -104 125.003906 ) 
4 60 (-1102 -104 0 ) (-1024 -104 0 ) (-1024 0 0 ) (-1102 0 0 ) 
4 60 (-1110 -104 0 ) (-1102 -104 0 ) (-1102 0 0 ) (-1110 0 0 ) 
4 60 (-1110 -104 0 ) (-1110 -156 0 ) (-1024 -156 0 ) (-1024 -104 0 ) 
4 60 (-1024 0 0 ) (-1024 -104 0 ) (-1024 -104 -256 ) (-1024 0 -256 ) 
4 60 (-1024 -104 0 ) (-1024 -156 0 ) (-1024 -156 -256 ) (-1024 -104 -256 ) 
4 60 (-1110 0 -256 ) (-1110 -156 -256 ) (-1110 -156 0 ) (-1110 0 0 ) 
4 60 (-1110 -156 0 ) (-1110 -156 -256 ) (-1024 -156 -256 ) (-1024 -156 0 ) 
4 60 (-1024 -156 -256 ) (-1110 -156 -256 ) (-1110 0 -256 ) (-1024 0 -256 ) 
