PRT1
124
257
497
4 0 2 0 (2048 0 378 ) (2048 0 0 ) (2157 0 0 ) (2157 0 378 ) 
4 1 11 0 (2048 0 -170 ) (2048 0 -66 ) (2048 62 -66 ) (2048 62 -170 ) 
4 3 25 0 (1641 0 0 ) (2005 0 0 ) (2005 0 6 ) (1641 0 6 ) 
4 3 18 0 (1641 72 0 ) (1641 88 0 ) (1993 88 0 ) (1993 72 0 ) 
4 3 19 0 (1641 62 0 ) (1641 72 0 ) (1993 72 0 ) (1993 62 0 ) 
4 3 16 0 (1993 88 0 ) (2005 88 0 ) (2005 62 0 ) (1993 62 0 ) 
4 3 20 0 (2005 0 0 ) (1641 0 0 ) (1641 62 0 ) (2005 62 0 ) 
4 3 4 0 (1641 0 6 ) (1641 72 6 ) (1641 72 0 ) (1641 0 0 ) 
4 4 26 0 (1605 0 0 ) (1641 0 0 ) (1641 0 6 ) (1605 0 6 ) 
4 4 19 0 (1605 62 0 ) (1605 72 0 ) (1641 72 0 ) (1641 62 0 ) 
4 4 20 0 (1641 0 0 ) (1605 0 0 ) (1605 62 0 ) (1641 62 0 ) 
4 4 5 0 (1605 72 0 ) (1605 0 0 ) (1605 0 6 ) (1605 72 6 ) 
4 5 27 0 (1301 0 0 ) (1605 0 0 ) (1605 0 70 ) (1301 0 70 ) 
4 5 23 0 (1605 0 0 ) (1301 0 0 ) (1301 78 0 ) (1605 78 0 ) 
4 5 22 0 (1301 78 0 ) (1301 112 0 ) (1605 112 0 ) (1605 78 0 ) 
4 5 21 0 (1301 112 0 ) (1301 226 0 ) (1605 226 0 ) (1605 112 0 ) 
4 5 7 0 (1301 78 0 ) (1301 0 0 ) (1301 0 52 ) (1301 78 52 ) 
4 5 6 0 (1301 226 70 ) (1301 226 0 ) (1301 112 0 ) (1301 112 70 ) 
4 6 21 0 (1229 226 0 ) (1301 226 0 ) (1301 112 0 ) (1229 112 0 ) 
4 7 28 0 (1177 0 0 ) (1301 0 0 ) (1301 0 52 ) (1177 0 58.888889 ) 
4 7 23 0 (1301 0 0 ) (1177 0 0 ) (1177 78 0 ) (1301 78 0 ) 
4 7 9 0 (1177 78 0 ) (1177 0 0 ) (1177 0 58.888885 ) (1177 78 58.888889 ) 
4 7 8 0 (1229.003052 78 56 ) (1177 78 58.888763 ) (1177 0 58.888763 ) (1229.003052 0 56 ) 
4 8 29 0 (1209 0 58 ) (1177 0 60 ) (1177 0 58.888889 ) (1229 0 56 ) 
4 8 9 0 (1177 0 58.888885 ) (1177 0 60 ) (1177 78 60 ) (1177 78 58.888889 ) 
4 9 49 0 (1024 0 0 ) (1024 0 82 ) (1024 88 82 ) (1024 88 0 ) 
4 9 48 0 (1024 88 82 ) (1024 112 82 ) (1024 112 0 ) (1024 88 0 ) 
4 9 32 0 (1024 0 82 ) (1024 0 0 ) (1177 0 0 ) (1177 0 82 ) 
4 9 24 0 (1177 0 0 ) (1024 0 0 ) (1024 112 0 ) (1177 112 0 ) 
4 10 13 0 (2005 120 -138 ) (2005 120 -82 ) (2005 160 -82 ) (2005 160 -138 ) 
4 11 20 0 (2005 0 -170 ) (2005 0 -66 ) (2005 62 -66 ) (2005 62 -170 ) 
4 11 12 0 (2037 0 -170 ) (2005 0 -170 ) (2005 62 -170 ) (2037 62 -170 ) 
4 12 20 0 (2005 0 -178 ) (2005 0 -170 ) (2005 62 -170 ) (2005 62 -178 ) 
4 13 18 0 (1993 88 -82 ) (1833 88 -82 ) (1833 88 -138 ) (1993 88 -138 ) 
4 14 15 0 (1721 138 -178 ) (1789 138 -178 ) (1789 138 -90 ) (1721 138 -90 ) 
4 15 18 0 (1721 88 -178 ) (1789 88 -178 ) (1789 88 -90 ) (1721 88 -90 ) 
4 16 18 0 (1993 88 0 ) (1993 88 -66 ) (1993 72 -66 ) (1993 72 0 ) 
4 16 19 0 (1993 72 -66 ) (1993 62 -66 ) (1993 62 0 ) (1993 72 0 ) 
4 16 20 0 (2005 62 -66 ) (2005 62 0 ) (1993 62 0 ) (1993 62 -66 ) 
4 17 18 0 (1993 88 -170 ) (1993 88 -178 ) (1993 72 -178 ) (1993 72 -170 ) 
4 17 19 0 (1993 72 -178 ) (1993 62 -178 ) (1993 62 -170 ) (1993 72 -170 ) 
4 17 20 0 (1993 62 -178 ) (2005 62 -178 ) (2005 62 -170 ) (1993 62 -170 ) 
4 18 19 0 (1641 72 -178 ) (1993 72 -178 ) (1993 72 0 ) (1641 72 0 ) 
4 19 23 0 (1605 62 0 ) (1605 72 0 ) (1605 72 -178 ) (1605 62 -178 ) 
4 19 20 0 (1605 62 0 ) (1605 62 -178 ) (1993 62 -178 ) (1993 62 0 ) 
4 20 37 0 (1641 0 0 ) (1605 0 0 ) (1605 0 -178 ) (1641 0 -178 ) 
4 20 34 0 (2005 0 -178 ) (2005 0 -170 ) (1993 0 -170 ) (1993 0 -178 ) 
4 20 33 0 (2005 0 -66 ) (2005 0 0 ) (1993 0 0 ) (1993 0 -66 ) 
4 20 36 0 (1993 0 0 ) (1641 0 0 ) (1641 0 -178 ) (1993 0 -178 ) 
4 20 23 0 (1605 0 -178 ) (1605 0 0 ) (1605 62 0 ) (1605 62 -178 ) 
4 21 22 0 (1301 112 -186 ) (1605 112 -186 ) (1605 112 0 ) (1301 112 0 ) 
4 22 23 0 (1301 78 -186 ) (1605 78 -186 ) (1605 78 0 ) (1301 78 0 ) 
5 23 38 0 (1605 0 -186 ) (1605 0 0 ) (1177 0 0 ) (1177 0 -180 ) (1249 0 -186 ) 
4 23 24 0 (1177 0 -178 ) (1177 0 0 ) (1177 78 0 ) (1177 78 -178 ) 
4 24 59 0 (1024 0 -162.062500 ) (1024 0 0 ) (1024 78 0 ) (1024 78 -162.062500 ) 
4 24 58 0 (1024 78 0 ) (1024 88 0 ) (1024 88 -162.062500 ) (1024 78 -162.062500 ) 
4 24 56 0 (1024 88 0 ) (1024 112 0 ) (1024 112 -162.062500 ) (1024 88 -162.062500 ) 
4 24 47 0 (1024 0 0 ) (1024 0 -162.062500 ) (1177 0 -178 ) (1177 0 0 ) 
4 25 33 0 (1993 0 0 ) (2005 0 0 ) (2005 -38 0 ) (1993 -38 0 ) 
4 25 36 0 (1641 0 0 ) (1993 0 0 ) (1993 -38 0 ) (1641 -38 0 ) 
4 25 26 0 (1641 0 0 ) (1641 -30 0 ) (1641 -30 6 ) (1641 0 6 ) 
4 26 37 0 (1605 0 0 ) (1641 0 0 ) (1641 -30 0 ) (1605 -30 0 ) 
4 26 27 0 (1605 0 6 ) (1605 0 0 ) (1605 -30 0 ) (1605 -30 6 ) 
4 27 42 0 (1605 -38 0 ) (1605 -66 0 ) (1301 -66 0 ) (1301 -38 0 ) 
4 27 38 0 (1301 0 0 ) (1605 0 0 ) (1605 -38 0 ) (1301 -38 0 ) 
4 27 30 0 (1301 -66 0 ) (1605 -66 0 ) (1605 -66 70 ) (1301 -66 70 ) 
4 27 28 0 (1301 0 0 ) (1301 -66 0 ) (1301 -66 52 ) (1301 0 52 ) 
4 28 42 0 (1301 -38 0 ) (1301 -66 0 ) (1177 -66 0 ) (1177 -38 0 ) 
4 28 38 0 (1177 0 0 ) (1301 0 0 ) (1301 -38 0 ) (1177 -38 0 ) 
4 28 32 0 (1177 0 58.888878 ) (1177 0 0 ) (1177 -66 0 ) (1177 -66 58.888878 ) 
4 28 29 0 (1177 0 58.889450 ) (1177 -66 58.889450 ) (1228.987915 -66 56.001198 ) (1228.987915 0 56.001198 ) 
4 29 32 0 (1177 0 60 ) (1177 0 58.888878 ) (1177 -66 58.888878 ) (1177 -66 60 ) 
4 30 45 0 (1605 -96 0 ) (1605 -184 0 ) (1301 -184 0 ) (1301 -96 0 ) 
4 30 43 0 (1605 -66 0 ) (1605 -96 0 ) (1301 -96 0 ) (1301 -66 0 ) 
4 30 31 0 (1301 -184 0 ) (1301 -184 70 ) (1301 -98 70 ) (1301 -98 0 ) 
4 31 46 0 (1301 -184 0 ) (1229 -184 0 ) (1229 -98 0 ) (1301 -98 0 ) 
4 32 64 0 (1024 -98 82 ) (1024 0 82 ) (1024 0 0 ) (1024 -98 0 ) 
4 32 47 0 (1024 -98 0 ) (1024 0 0 ) (1177 0 0 ) (1177 -98 0 ) 
4 33 35 0 (1993 -38 -66 ) (1993 -12 -66 ) (2005 -12 -66 ) (2005 -38 -66 ) 
4 33 36 0 (1993 -38 -66 ) (1993 -38 0 ) (1993 0 0 ) (1993 0 -66 ) 
4 34 35 0 (2005 -12 -178 ) (2005 -12 -170 ) (1993 -12 -170 ) (1993 -12 -178 ) 
4 34 36 0 (1993 0 -178 ) (1993 -12 -178 ) (1993 -12 -170 ) (1993 0 -170 ) 
4 35 40 0 (1993 -38 -82 ) (1993 -38 -126 ) (2005 -38 -126 ) (2005 -38 -82 ) 
4 35 36 0 (1993 -12 -178 ) (1993 -38 -178 ) (1993 -38 -66 ) (1993 -12 -66 ) 
4 36 41 0 (1785 -38 -86 ) (1785 -38 -134 ) (1857 -38 -134 ) (1857 -38 -86 ) 
4 36 40 0 (1865 -38 -126 ) (1993 -38 -126 ) (1993 -38 -82 ) (1865 -38 -82 ) 
4 36 37 0 (1641 0 -178 ) (1641 -30 -178 ) (1641 -30 0 ) (1641 0 0 ) 
4 37 38 0 (1605 -30 0 ) (1605 0 0 ) (1605 0 -178 ) (1605 -30 -178 ) 
4 38 47 0 (1177 -38 0 ) (1177 0 0 ) (1177 0 -178 ) (1177 -38 -178 ) 
5 38 42 0 (1177 -38 0 ) (1177 -38 -180 ) (1249 -38 -186 ) (1605 -38 -186 ) (1605 -38 0 ) 
4 39 40 0 (2005 -70 -126 ) (2005 -96 -126 ) (2005 -96 -82 ) (2005 -70 -82 ) 
4 41 44 0 (1857 -96 -134 ) (1857 -96 -86 ) (1785 -96 -86 ) (1785 -96 -134 ) 
4 42 47 0 (1177 -66 0 ) (1177 -38 0 ) (1177 -38 -178 ) (1177 -66 -178 ) 
4 42 43 0 (1301 -66 -186 ) (1605 -66 -186 ) (1605 -66 0 ) (1301 -66 0 ) 
4 43 45 0 (1301 -96 -186 ) (1605 -96 -186 ) (1605 -96 0 ) (1301 -96 0 ) 
4 45 46 0 (1301 -98 -186 ) (1301 -184 -186 ) (1301 -184 0 ) (1301 -98 0 ) 
4 47 76 0 (1024 -98 -162.062500 ) (1024 -98 0 ) (1024 -76 0 ) (1024 -76 -162.062500 ) 
4 47 71 0 (1024 -76 0 ) (1024 -64 0 ) (1024 -64 -162.062500 ) (1024 -76 -162.062500 ) 
4 47 70 0 (1024 -64 0 ) (1024 0 0 ) (1024 0 -162.062500 ) (1024 -64 -162.062500 ) 
4 48 56 0 (1024 112 0 ) (1024 88 0 ) (985 88 0 ) (985 112 0 ) 
4 48 49 0 (985 88 0 ) (1024 88 0 ) (1024 88 82 ) (985 88 82 ) 
4 49 64 0 (985 0 0 ) (1024 0 0 ) (1024 0 82 ) (985 0 82 ) 
4 49 59 0 (1024 0 0 ) (985 0 0 ) (985 78 0 ) (1024 78 0 ) 
4 49 58 0 (985 78 0 ) (985 88 0 ) (1024 88 0 ) (1024 78 0 ) 
4 49 50 0 (985 78 0 ) (985 0 0 ) (985 0 78 ) (985 78 78 ) 
4 50 65 0 (925 0 0 ) (985 0 0 ) (985 0 78 ) (925 0 78 ) 
4 50 59 0 (985 0 0 ) (925 0 0 ) (925 78 0 ) (985 78 0 ) 
4 50 53 0 (925 74 0 ) (925 0 0 ) (925 0 78 ) (925 74 78 ) 
4 50 52 0 (925 78 0 ) (925 74 0 ) (925 74 78 ) (925 78 78 ) 
4 51 66 0 (925 0 90 ) (925 0 130 ) (405 0 130 ) (405 0 90 ) 
4 51 53 0 (925 74 90 ) (925 0 90 ) (405 0 90 ) (405 74 90 ) 
4 51 52 0 (405 88 90 ) (925 88 90 ) (925 74 90 ) (405 74 90 ) 
4 52 60 0 (297 88 0 ) (925 88 0 ) (925 74 0 ) (297 74 0 ) 
4 52 53 0 (925 74 0 ) (925 74 90 ) (297 74 90 ) (297 74 0 ) 
4 53 67 0 (297 0 0 ) (925 0 0 ) (925 0 90 ) (297 0 90 ) 
4 53 60 0 (925 0 0 ) (297 0 0 ) (297 74 0 ) (925 74 0 ) 
4 53 54 0 (297 74 74 ) (297 74 0 ) (297 0 0 ) (297 0 74 ) 
4 54 68 0 (245 0 0 ) (297 0 0 ) (297 0 74 ) (245 0 74 ) 
4 54 63 0 (297 0 0 ) (245 0 0 ) (245 74 0 ) (297 74 0 ) 
4 54 55 0 (245 74 0 ) (245 0 0 ) (245 0 74 ) (245 74 74 ) 
4 55 80 0 (0 86 0 ) (0 0 0 ) (0 0 94 ) (0 86 94 ) 
4 55 69 0 (0 0 94 ) (0 0 0 ) (245 0 0 ) (245 0 94 ) 
4 55 62 0 (0 74 0 ) (0 86 0 ) (245 86 0 ) (245 74 0 ) 
4 55 63 0 (245 0 0 ) (0 0 0 ) (0 74 0 ) (245 74 0 ) 
4 56 58 0 (1024 88 -162.062500 ) (1024 88 0 ) (985 88 0 ) (985 88 -158 ) 
4 57 60 0 (877 88 -50 ) (877 88 -102 ) (917 88 -102 ) (917 88 -50 ) 
4 58 59 0 (1024 78 -162.062500 ) (1024 78 0 ) (985 78 0 ) (985 78 -158 ) 
5 59 70 0 (1024 0 -162.062500 ) (1024 0 0 ) (925 0 0 ) (925 0 -150 ) (985 0 -158 ) 
4 59 61 0 (925 0 -150 ) (925 0 -114 ) (925 78 -114 ) (925 78 -150 ) 
4 59 60 0 (925 0 -114 ) (925 0 0 ) (925 78 0 ) (925 78 -114 ) 
4 60 72 0 (925 0 -114 ) (925 0 0 ) (297 0 0 ) (297 0 -114 ) 
4 60 63 0 (297 74 -110 ) (297 0 -110 ) (297 0 0 ) (297 74 0 ) 
4 60 61 0 (659 88 -114 ) (925 88 -114 ) (925 0 -114 ) (659 0 -114 ) 
3 61 73 0 (925 0 -150 ) (925 0 -114 ) (659 0 -114 ) 
4 62 83 0 (0 74 0 ) (0 86 0 ) (0 86 -110 ) (0 74 -110 ) 
4 62 63 0 (0 74 -110 ) (245 74 -110 ) (245 74 0 ) (0 74 0 ) 
4 63 83 0 (0 0 -110 ) (0 0 0 ) (0 74 0 ) (0 74 -110 ) 
4 63 74 0 (0 0 0 ) (0 0 -110 ) (297 0 -110 ) (297 0 0 ) 
4 64 76 0 (1024 -76 0 ) (1024 -98 0 ) (985 -98 0 ) (985 -76 0 ) 
4 64 71 0 (1024 -64 0 ) (1024 -76 0 ) (985 -76 0 ) (985 -64 0 ) 
4 64 70 0 (985 0 0 ) (1024 0 0 ) (1024 -64 0 ) (985 -64 0 ) 
4 64 65 0 (985 0 0 ) (985 -64 0 ) (985 -64 78 ) (985 0 78 ) 
4 65 70 0 (925 0 0 ) (985 0 0 ) (985 -64 0 ) (925 -64 0 ) 
4 65 67 0 (925 0 0 ) (925 -64 0 ) (925 -64 78 ) (925 0 78 ) 
4 66 67 0 (925 0 90 ) (925 -76 90 ) (405 -76 90 ) (405 0 90 ) 
4 67 72 0 (297 0 0 ) (925 0 0 ) (925 -76 0 ) (297 -76 0 ) 
4 67 68 0 (297 0 0 ) (297 -66 0 ) (297 -66 74 ) (297 0 74 ) 
4 68 74 0 (245 0 0 ) (297 0 0 ) (297 -66 0 ) (245 -66 0 ) 
4 68 69 0 (245 0 74 ) (245 0 0 ) (245 -66 0 ) (245 -66 74 ) 
4 69 86 0 (0 -78 94 ) (0 0 94 ) (0 0 0 ) (0 -78 0 ) 
4 69 78 0 (0 -78 0 ) (0 -76 0 ) (245 -76 0 ) (245 -78 0 ) 
4 69 75 0 (0 -76 0 ) (0 -66 0 ) (245 -66 0 ) (245 -76 0 ) 
4 69 74 0 (0 -66 0 ) (0 0 0 ) (245 0 0 ) (245 -66 0 ) 
4 70 73 0 (925 0 -114 ) (925 0 -150 ) (925 -64 -150 ) (925 -64 -114 ) 
4 70 72 0 (925 -64 0 ) (925 0 0 ) (925 0 -114 ) (925 -64 -114 ) 
4 70 71 0 (985 -64 -158 ) (1024 -64 -162.062500 ) (1024 -64 0 ) (985 -64 0 ) 
4 71 76 0 (1024 -76 -162.062500 ) (1024 -76 0 ) (985 -76 0 ) (985 -76 -158 ) 
4 72 77 0 (877 -76 -46 ) (877 -76 -98 ) (917 -76 -98 ) (917 -76 -46 ) 
4 72 74 0 (297 -66 0 ) (297 0 0 ) (297 0 -110 ) (297 -66 -110 ) 
4 72 73 0 (659 0 -114 ) (925 0 -114 ) (925 -76 -114 ) (659 -76 -114 ) 
4 74 90 0 (0 -66 0 ) (0 0 0 ) (0 0 -110 ) (0 -66 -110 ) 
4 74 75 0 (0 -66 -110 ) (245 -66 -110 ) (245 -66 0 ) (0 -66 0 ) 
4 75 90 0 (0 -76 -110 ) (0 -76 0 ) (0 -66 0 ) (0 -66 -110 ) 
4 75 78 0 (245 -76 0 ) (0 -76 0 ) (0 -76 -110 ) (245 -76 -110 ) 
4 78 90 0 (0 -78 -110 ) (0 -78 0 ) (0 -76 0 ) (0 -76 -110 ) 
4 79 80 0 (-191 86 6 ) (-191 86 74 ) (-335 86 74 ) (-335 86 6 ) 
4 80 86 0 (-411 0 0 ) (0 0 0 ) (0 0 94 ) (-411 0 94 ) 
4 80 83 0 (0 0 0 ) (-411 0 0 ) (-411 86 0 ) (0 86 0 ) 
4 80 81 0 (-411 76 0 ) (-411 0 0 ) (-411 0 86 ) (-411 76 86 ) 
4 81 87 0 (-471 0 0 ) (-411 0 0 ) (-411 0 86 ) (-471 0 86 ) 
4 81 85 0 (-411 0 0 ) (-471 0 0 ) (-471 76 0 ) (-411 76 0 ) 
4 81 82 0 (-471 76 0 ) (-471 0 0 ) (-471 0 86 ) (-471 76 86 ) 
4 82 94 0 (-1024 0 0 ) (-1024 0 157.628189 ) (-1024 86 157.628189 ) (-1024 86 0 ) 
4 82 88 0 (-1024 0 157.628189 ) (-1024 0 0 ) (-471 0 0 ) (-471 0 108 ) 
4 82 85 0 (-471 0 0 ) (-1024 0 0 ) (-1024 76 0 ) (-471 76 0 ) 
4 82 84 0 (-1024 76 0 ) (-1024 86 0 ) (-471 86 0 ) (-471 76 0 ) 
4 83 90 0 (0 0 -110 ) (0 0 0 ) (-411 0 0 ) (-411 0 -110 ) 
4 83 85 0 (-411 0 -102 ) (-411 0 0 ) (-411 76 0 ) (-411 76 -102 ) 
4 84 104 0 (-1024 76 -53.789734 ) (-1024 76 0 ) (-1024 86 0 ) (-1024 86 -53.789749 ) 
4 84 85 0 (-471 76 0 ) (-1024 76 0 ) (-1024 76 -53.789749 ) (-471 76 -102 ) 
4 85 104 0 (-1024 0 -53.789742 ) (-1024 0 0 ) (-1024 76 0 ) (-1024 76 -53.789742 ) 
5 85 91 0 (-1024 0 0 ) (-1024 0 -53.789742 ) (-471 0 -102 ) (-411 0 -102 ) (-411 0 0 ) 
4 86 90 0 (-411 0 0 ) (0 0 0 ) (0 -78 0 ) (-411 -78 0 ) 
4 86 89 0 (-327 -78 0 ) (-191 -78 0 ) (-191 -78 74 ) (-327 -78 74 ) 
4 86 87 0 (-411 0 86 ) (-411 0 0 ) (-411 -62 0 ) (-411 -62 86 ) 
4 87 91 0 (-471 0 0 ) (-411 0 0 ) (-411 -62 0 ) (-471 -62 0 ) 
4 87 88 0 (-471 0 86 ) (-471 0 0 ) (-471 -62 0 ) (-471 -62 86 ) 
4 88 109 0 (-1024 0 157.628189 ) (-1024 0 0 ) (-1024 -78 0 ) (-1024 -78 157.628189 ) 
4 88 92 0 (-1024 -78 0 ) (-1024 -62 0 ) (-471 -62 0 ) (-471 -78 0 ) 
4 88 91 0 (-1024 -62 0 ) (-1024 0 0 ) (-471 0 0 ) (-471 -62 0 ) 
4 89 93 0 (-327 -78 0 ) (-191 -78 0 ) (-191 -130 0 ) (-327 -130 0 ) 
4 90 93 0 (-191 -78 0 ) (-327 -78 0 ) (-327 -78 -10 ) (-191 -78 -10 ) 
4 90 91 0 (-411 -62 0 ) (-411 0 0 ) (-411 0 -102 ) (-411 -62 -102 ) 
4 91 119 0 (-1024 -62 0 ) (-1024 0 0 ) (-1024 0 -53.789742 ) (-1024 -62 -53.789742 ) 
4 91 92 0 (-471 -62 -102 ) (-471 -62 0 ) (-1024 -62 0 ) (-1024 -62 -53.789742 ) 
4 92 119 0 (-1024 -78 -53.789742 ) (-1024 -78 0 ) (-1024 -62 0 ) (-1024 -62 -53.789742 ) 
4 94 109 0 (-1251 0 0 ) (-1024 0 0 ) (-1024 0 157.628204 ) (-1251 0 178 ) 
4 94 104 0 (-1024 0 0 ) (-1251 0 0 ) (-1251 86 0 ) (-1024 86 0 ) 
4 94 95 0 (-1251 0 178 ) (-1251 76 178 ) (-1251 76 0 ) (-1251 0 0 ) 
4 95 110 0 (-1291 0 0 ) (-1251 0 0 ) (-1251 0 178 ) (-1291 0 178 ) 
4 95 105 0 (-1251 0 0 ) (-1291 0 0 ) (-1291 76 0 ) (-1251 76 0 ) 
4 95 96 0 (-1291 76 0 ) (-1291 0 0 ) (-1291 0 178 ) (-1291 76 178 ) 
4 96 111 0 (-1379 0 0 ) (-1291 0 0 ) (-1291 0 262 ) (-1379 0 278 ) 
4 96 106 0 (-1291 0 0 ) (-1379 0 0 ) (-1379 104 0 ) (-1291 104 0 ) 
4 96 101 0 (-1379 104 88 ) (-1379 104 0 ) (-1379 0 0 ) (-1379 0 88 ) 
4 96 97 0 (-1379 104 166 ) (-1379 104 88 ) (-1379 0 88 ) (-1379 0 166 ) 
4 97 112 0 (-1427 0 88 ) (-1379 0 88 ) (-1379 0 166 ) (-1427 0 174 ) 
4 97 101 0 (-1427 104 88 ) (-1379 104 88 ) (-1379 0 88 ) (-1427 0 88 ) 
4 97 99 0 (-1427 104 130 ) (-1427 104 88 ) (-1427 0 88 ) (-1427 0 130 ) 
4 97 98 0 (-1427 104 174 ) (-1427 104 130 ) (-1427 0 130 ) (-1427 0 174 ) 
3 98 113 0 (-2003 0 130 ) (-1427 0 130 ) (-1427 0 370 ) 
4 98 100 0 (-1975 104 130 ) (-1947 104 130 ) (-1947 0 130 ) (-1975 0 130 ) 
4 98 99 0 (-1947 104 130 ) (-1427 104 130 ) (-1427 0 130 ) (-1947 0 130 ) 
4 99 114 0 (-1947 0 88 ) (-1427 0 88 ) (-1427 0 130 ) (-1947 0 130 ) 
4 99 102 0 (-1919 104 88 ) (-1779 104 88 ) (-1779 0 88 ) (-1919 0 88 ) 
4 99 101 0 (-1779 104 88 ) (-1427 104 88 ) (-1427 0 88 ) (-1779 0 88 ) 
4 99 100 0 (-1947 0 112 ) (-1947 0 130 ) (-1947 104 130 ) (-1947 104 112 ) 
4 100 115 0 (-1947 0 112 ) (-1947 0 130 ) (-1975 0 130 ) (-1975 0 112 ) 
5 101 116 0 (-1497.400146 0 0 ) (-1379 0 0 ) (-1379 0 88 ) (-1779 0 88 ) (-1779 0 56 ) 
4 101 108 0 (-1427 0 0 ) (-1497.400024 0 0 ) (-1497.400146 104 0 ) (-1427 104 0 ) 
4 101 107 0 (-1379 0 0 ) (-1427 0 0 ) (-1427 104 0 ) (-1379 104 0 ) 
4 101 103 0 (-1779 104 65 ) (-1779 104 62 ) (-1779 0 62 ) (-1779 0 65 ) 
4 101 102 0 (-1779 0 88 ) (-1779 104 88 ) (-1779 104 65 ) (-1779 0 65 ) 
4 102 117 0 (-1919 0 65 ) (-1779 0 65 ) (-1779 0 88 ) (-1919 0 88 ) 
4 102 103 0 (-1919 104 65 ) (-1779 104 65 ) (-1779 0 65 ) (-1919 0 65 ) 
3 103 118 0 (-1779 0 62 ) (-1779 0 65 ) (-1947 0 65 ) 
4 104 119 0 (-1024 0 -53.789734 ) (-1024 0 0 ) (-1251 0 0 ) (-1251 0 -34 ) 
4 104 105 0 (-1251 0 -34 ) (-1251 0 0 ) (-1251 76 0 ) (-1251 76 -34 ) 
4 105 120 0 (-1251 0 -34 ) (-1251 0 0 ) (-1291 0 0 ) (-1291 0 -26 ) 
4 105 106 0 (-1291 0 -26 ) (-1291 0 0 ) (-1291 76 0 ) (-1291 76 -26 ) 
4 106 121 0 (-1291 0 -26 ) (-1291 0 0 ) (-1379 0 0 ) (-1379 0 -10 ) 
4 106 107 0 (-1379 104 0 ) (-1379 104 -8 ) (-1379 0 -8 ) (-1379 0 0 ) 
3 107 122 0 (-1379 0 -8 ) (-1379 0 0 ) (-1427 0 0 ) 
3 108 123 0 (-1427 0 -14 ) (-1427 0 0 ) (-1497.400146 0 0 ) 
4 109 119 0 (-1251 0 0 ) (-1024 0 0 ) (-1024 -78 0 ) (-1251 -78 0 ) 
4 109 110 0 (-1251 0 0 ) (-1251 -60 0 ) (-1251 -60 178 ) (-1251 0 178 ) 
4 110 120 0 (-1291 0 0 ) (-1251 0 0 ) (-1251 -60 0 ) (-1291 -60 0 ) 
4 110 111 0 (-1291 0 178 ) (-1291 0 0 ) (-1291 -60 0 ) (-1291 -60 178 ) 
4 111 121 0 (-1379 0 0 ) (-1291 0 0 ) (-1291 -88 0 ) (-1379 -88 0 ) 
4 111 116 0 (-1379 0 88 ) (-1379 0 0 ) (-1379 -88 0 ) (-1379 -88 88 ) 
4 111 112 0 (-1379 0 166 ) (-1379 0 88 ) (-1379 -88 88 ) (-1379 -88 166 ) 
4 112 116 0 (-1427 0 88 ) (-1379 0 88 ) (-1379 -88 88 ) (-1427 -88 88 ) 
4 112 114 0 (-1427 0 130 ) (-1427 0 88 ) (-1427 -88 88 ) (-1427 -88 130 ) 
4 112 113 0 (-1427 0 174 ) (-1427 0 130 ) (-1427 -88 130 ) (-1427 -88 174 ) 
4 113 115 0 (-1975 0 130 ) (-1947 0 130 ) (-1947 -88 130 ) (-1975 -88 130 ) 
4 113 114 0 (-1947 0 130 ) (-1427 0 130 ) (-1427 -88 130 ) (-1947 -88 130 ) 
4 114 117 0 (-1919 0 88 ) (-1779 0 88 ) (-1779 -88 88 ) (-1919 -88 88 ) 
4 114 116 0 (-1779 0 88 ) (-1427 0 88 ) (-1427 -88 88 ) (-1779 -88 88 ) 
4 114 115 0 (-1947 -88 112 ) (-1947 -88 130 ) (-1947 0 130 ) (-1947 0 112 ) 
4 116 123 0 (-1497.400146 0 0 ) (-1427 0 0 ) (-1427 -88 0 ) (-1497.400024 -88 0 ) 
4 116 122 0 (-1427 0 0 ) (-1379 0 0 ) (-1379 -88 0 ) (-1427 -88 0 ) 
4 116 118 0 (-1779 -88 62 ) (-1779 -88 65 ) (-1779 0 65 ) (-1779 0 62 ) 
4 116 117 0 (-1779 -88 65 ) (-1779 -88 88 ) (-1779 0 88 ) (-1779 0 65 ) 
4 117 118 0 (-1919 0 65 ) (-1779 0 65 ) (-1779 -88 65 ) (-1919 -88 65 ) 
4 119 120 0 (-1251 -60 0 ) (-1251 0 0 ) (-1251 0 -34 ) (-1251 -60 -34 ) 
4 120 121 0 (-1291 -60 0 ) (-1291 0 0 ) (-1291 0 -26 ) (-1291 -60 -26 ) 
4 121 122 0 (-1379 -88 -8 ) (-1379 -88 0 ) (-1379 0 0 ) (-1379 0 -8 ) 
4 0 (2048 330 378 ) (2048 330 0 ) (2048 0 0 ) (2048 0 378 ) 
4 0 (2157 0 0 ) (2048 0 0 ) (2048 330 0 ) (2157 330 0 ) 
4 1 (2048 0 -66 ) (2048 0 -170 ) (2149 0 -170 ) (2149 0 -66 ) 
4 1 (2149 0 -66 ) (2149 0 -170 ) (2149 62 -170 ) (2149 62 -66 ) 
4 1 (2149 62 -66 ) (2048 62 -66 ) (2048 0 -66 ) (2149 0 -66 ) 
4 1 (2149 62 -170 ) (2048 62 -170 ) (2048 62 -66 ) (2149 62 -66 ) 
4 1 (2048 62 -170 ) (2149 62 -170 ) (2149 0 -170 ) (2048 0 -170 ) 
4 2 (2048 0 6 ) (2048 0 0 ) (2048 -38 0 ) (2048 -38 6 ) 
4 2 (2048 -38 378 ) (2048 0 378 ) (2048 0 6 ) (2048 -38 6 ) 
4 2 (2048 -282 0 ) (2048 -282 378 ) (2048 -38 378 ) (2048 -38 0 ) 
4 2 (2048 -282 378 ) (2157 -282 378 ) (2157 0 378 ) (2048 0 378 ) 
4 2 (2157 -282 0 ) (2157 -282 378 ) (2048 -282 378 ) (2048 -282 0 ) 
4 2 (2157 -282 378 ) (2157 -282 0 ) (2157 0 0 ) (2157 0 378 ) 
4 2 (2048 -282 0 ) (2048 0 0 ) (2157 0 0 ) (2157 -282 0 ) 
4 3 (1641 72 6 ) (1641 88 6 ) (1641 88 0 ) (1641 72 0 ) 
4 3 (1641 0 6 ) (2005 0 6 ) (2005 88 6 ) (1641 88 6 ) 
4 3 (2005 88 6 ) (2005 0 6 ) (2005 0 0 ) (2005 88 0 ) 
4 3 (1641 88 6 ) (2005 88 6 ) (2005 88 0 ) (1641 88 0 ) 
4 4 (1641 0 6 ) (1641 72 6 ) (1605 72 6 ) (1605 0 6 ) 
4 4 (1605 72 0 ) (1605 72 6 ) (1641 72 6 ) (1641 72 0 ) 
4 5 (1301 0 52 ) (1301 0 52.250008 ) (1301 78 52.250008 ) (1301 78 52 ) 
4 5 (1301 0 52.250008 ) (1301 0 70 ) (1301 78 70 ) (1301 78 52.250008 ) 
4 5 (1301 112 0 ) (1301 78 0 ) (1301 78 70 ) (1301 112 70 ) 
4 5 (1605 226 70 ) (1605 88 70 ) (1605 88 0 ) (1605 226 0 ) 
4 5 (1605 88 6 ) (1605 88 70 ) (1605 0 70 ) (1605 0 6 ) 
4 5 (1605 88 6 ) (1605 72 6 ) (1605 72 0 ) (1605 88 0 ) 
4 5 (1301 226 70 ) (1605 226 70 ) (1605 226 0 ) (1301 226 0 ) 
4 5 (1605 0 70 ) (1605 226 70 ) (1301 226 70 ) (1301 0 70 ) 
4 6 (1229 112 70 ) (1229 226 70 ) (1229 226 0 ) (1229 112 0 ) 
4 6 (1229 226 70 ) (1301 226 70 ) (1301 226 0 ) (1229 226 0 ) 
4 6 (1301 112 70 ) (1301 226 70 ) (1229 226 70 ) (1229 112 70 ) 
4 6 (1229 112 70 ) (1229 112 0 ) (1301 112 0 ) (1301 112 70 ) 
4 7 (1301 0 52 ) (1301 78 52 ) (1229.003052 78 56 ) (1229.003052 0 56 ) 
4 7 (1229 78 56 ) (1229 78 0 ) (1177 78 0 ) (1177 78 58.888889 ) 
4 7 (1229 78 56 ) (1301 78 52 ) (1301 78 0 ) (1229 78 0 ) 
4 8 (1209 78 58 ) (1229 78 56 ) (1177 78 58.888889 ) (1177 78 60 ) 
4 8 (1209.002197 78 58 ) (1177 78 60 ) (1177 0 60 ) (1209.002197 0 58 ) 
4 8 (1208.988403 78 58 ) (1208.988403 0 58 ) (1228.996094 0 56 ) (1228.996094 78 56 ) 
4 9 (1024 112 82 ) (1024 0 82 ) (1177 0 82 ) (1177 112 82 ) 
4 9 (1177 78 60 ) (1177 78 70 ) (1177 0 70 ) (1177 0 60 ) 
4 9 (1177 78 70 ) (1177 78 82 ) (1177 0 82 ) (1177 0 70 ) 
4 9 (1177 112 70 ) (1177 78 70 ) (1177 78 0 ) (1177 112 0 ) 
4 9 (1177 112 70 ) (1177 112 82 ) (1177 78 82 ) (1177 78 70 ) 
4 9 (1024 112 82 ) (1177 112 82 ) (1177 112 0 ) (1024 112 0 ) 
4 10 (2009 120 -138 ) (2005 120 -138 ) (2005 160 -138 ) (2009 160 -138 ) 
4 10 (2009 120 -82 ) (2009 160 -82 ) (2005 160 -82 ) (2005 120 -82 ) 
4 10 (2009 160 -82 ) (2009 160 -138 ) (2005 160 -138 ) (2005 160 -82 ) 
4 10 (2009 120 -82 ) (2005 120 -82 ) (2005 120 -138 ) (2009 120 -138 ) 
4 10 (2009 160 -82 ) (2009 120 -82 ) (2009 120 -138 ) (2009 160 -138 ) 
4 11 (2048 0 -170 ) (2048 0 -66 ) (2005 0 -66 ) (2005 0 -170 ) 
4 11 (2048 0 -170 ) (2037 0 -170 ) (2037 62 -170 ) (2048 62 -170 ) 
4 11 (2048 62 -66 ) (2048 62 -82 ) (2005 62 -82 ) (2005 62 -66 ) 
4 11 (2048 62 -82 ) (2048 62 -170 ) (2005 62 -170 ) (2005 62 -82 ) 
4 11 (2048 62 -66 ) (2005 62 -66 ) (2005 0 -66 ) (2048 0 -66 ) 
4 12 (2037 0 -170 ) (2005 0 -170 ) (2005 0 -178 ) (2037 0 -178 ) 
4 12 (2037 62 -170 ) (2037 62 -178 ) (2005 62 -178 ) (2005 62 -170 ) 
4 12 (2037 0 -178 ) (2005 0 -178 ) (2005 62 -178 ) (2037 62 -178 ) 
4 12 (2037 62 -170 ) (2037 0 -170 ) (2037 0 -178 ) (2037 62 -178 ) 
4 13 (2005 88 -138 ) (2005 88 -82 ) (1993 88 -82 ) (1993 88 -138 ) 
4 13 (1833 88 -138 ) (1833 88 -90 ) (1833 138 -90 ) (1833 138 -138 ) 
4 13 (1833 138 -90 ) (1833 160 -90 ) (1833 160 -138 ) (1833 138 -138 ) 
4 13 (1833 88 -90 ) (1833 88 -82 ) (1833 160 -82 ) (1833 160 -90 ) 
4 13 (2005 88 -138 ) (1833 88 -138 ) (1833 160 -138 ) (2005 160 -138 ) 
4 13 (2005 120 -138 ) (2005 120 -82 ) (2005 88 -82 ) (2005 88 -138 ) 
4 13 (2005 160 -82 ) (1833 160 -82 ) (1833 88 -82 ) (2005 88 -82 ) 
4 13 (1833 160 -82 ) (2005 160 -82 ) (2005 160 -138 ) (1833 160 -138 ) 
4 14 (1713 138 -178 ) (1721 138 -178 ) (1721 138 -90 ) (1713 138 -90 ) 
4 14 (1789 138 -178 ) (1801 138 -178 ) (1801 138 -90 ) (1789 138 -90 ) 
4 14 (1713 322 -90 ) (1713 322 -178 ) (1713 138 -178 ) (1713 138 -90 ) 
4 14 (1713 322 -178 ) (1801 322 -178 ) (1801 138 -178 ) (1713 138 -178 ) 
4 14 (1801 322 -90 ) (1713 322 -90 ) (1713 138 -90 ) (1801 138 -90 ) 
4 14 (1713 322 -90 ) (1801 322 -90 ) (1801 322 -178 ) (1713 322 -178 ) 
4 14 (1801 138 -90 ) (1801 138 -178 ) (1801 322 -178 ) (1801 322 -90 ) 
4 15 (1789 88 -90 ) (1789 88 -178 ) (1789 138 -178 ) (1789 138 -90 ) 
4 15 (1789 138 -90 ) (1721 138 -90 ) (1721 88 -90 ) (1789 88 -90 ) 
4 15 (1789 88 -178 ) (1721 88 -178 ) (1721 138 -178 ) (1789 138 -178 ) 
4 15 (1721 138 -90 ) (1721 138 -178 ) (1721 88 -178 ) (1721 88 -90 ) 
4 16 (2005 88 -66 ) (2005 88 0 ) (2005 62 0 ) (2005 62 -66 ) 
4 16 (1993 88 -66 ) (1993 88 0 ) (2005 88 0 ) (2005 88 -66 ) 
4 16 (2005 62 -66 ) (1993 62 -66 ) (1993 88 -66 ) (2005 88 -66 ) 
4 17 (2005 88 -170 ) (1993 88 -170 ) (1993 62 -170 ) (2005 62 -170 ) 
4 17 (1993 88 -178 ) (2005 88 -178 ) (2005 62 -178 ) (1993 62 -178 ) 
4 17 (1993 88 -170 ) (2005 88 -170 ) (2005 88 -178 ) (1993 88 -178 ) 
4 17 (2005 88 -178 ) (2005 88 -170 ) (2005 62 -170 ) (2005 62 -178 ) 
4 18 (1993 72 -66 ) (1993 72 -170 ) (1993 88 -170 ) (1993 88 -66 ) 
4 18 (1993 88 -82 ) (1833 88 -82 ) (1833 88 0 ) (1993 88 0 ) 
4 18 (1833 88 -138 ) (1993 88 -138 ) (1993 88 -178 ) (1833 88 -178 ) 
4 18 (1641 88 0 ) (1833 88 0 ) (1833 88 -90 ) (1641 88 -90 ) 
4 18 (1789 88 -90 ) (1833 88 -90 ) (1833 88 -178 ) (1789 88 -178 ) 
4 18 (1641 88 -90 ) (1721 88 -90 ) (1721 88 -178 ) (1641 88 -178 ) 
4 18 (1641 88 -178 ) (1993 88 -178 ) (1993 72 -178 ) (1641 72 -178 ) 
4 18 (1641 88 0 ) (1641 88 -178 ) (1641 72 -178 ) (1641 72 0 ) 
4 19 (1641 72 0 ) (1641 72 -178 ) (1605 72 -178 ) (1605 72 0 ) 
4 19 (1605 62 -178 ) (1605 72 -178 ) (1993 72 -178 ) (1993 62 -178 ) 
4 19 (1993 72 -66 ) (1993 62 -66 ) (1993 62 -170 ) (1993 72 -170 ) 
4 20 (2005 0 -170 ) (2005 0 -66 ) (1993 0 -66 ) (1993 0 -170 ) 
4 20 (1993 62 -170 ) (1993 62 -66 ) (2005 62 -66 ) (2005 62 -170 ) 
4 20 (1605 0 -178 ) (1605 62 -178 ) (2005 62 -178 ) (2005 0 -178 ) 
4 20 (2005 62 -66 ) (2005 62 0 ) (2005 0 0 ) (2005 0 -66 ) 
4 21 (1229 112 0 ) (1229 112 -186 ) (1301 112 -186 ) (1301 112 0 ) 
4 21 (1605 138 -90 ) (1605 112 -90 ) (1605 112 -178 ) (1605 138 -178 ) 
4 21 (1605 226 -90 ) (1605 138 -90 ) (1605 138 -178 ) (1605 226 -178 ) 
4 21 (1605 112 -90 ) (1605 226 -90 ) (1605 226 0 ) (1605 112 0 ) 
4 21 (1605 226 -178 ) (1605 112 -178 ) (1605 112 -186 ) (1605 226 -186 ) 
4 21 (1605 226 -186 ) (1605 112 -186 ) (1229 112 -186 ) (1229 226 -186 ) 
4 21 (1229 226 -186 ) (1229 112 -186 ) (1229 112 0 ) (1229 226 0 ) 
4 21 (1605 226 0 ) (1605 226 -186 ) (1229 226 -186 ) (1229 226 0 ) 
4 22 (1605 78 -178 ) (1605 88 -178 ) (1605 88 0 ) (1605 78 0 ) 
4 22 (1605 78 -186 ) (1605 88 -186 ) (1605 88 -178 ) (1605 78 -178 ) 
4 22 (1605 112 -90 ) (1605 88 -90 ) (1605 88 -178 ) (1605 112 -178 ) 
4 22 (1605 88 -90 ) (1605 112 -90 ) (1605 112 0 ) (1605 88 0 ) 
4 22 (1605 112 -178 ) (1605 88 -178 ) (1605 88 -186 ) (1605 112 -186 ) 
4 22 (1605 112 -186 ) (1605 78 -186 ) (1301 78 -186 ) (1301 112 -186 ) 
4 22 (1301 112 0 ) (1301 112 -186 ) (1301 78 -186 ) (1301 78 0 ) 
4 23 (1177 0 -180 ) (1177 0 -178 ) (1177 78 -178 ) (1177 78 -180 ) 
4 23 (1605 72 -178 ) (1605 78 -178 ) (1605 78 0 ) (1605 72 0 ) 
4 23 (1605 78 -186 ) (1605 78 -178 ) (1605 0 -178 ) (1605 0 -186 ) 
4 23 (1249 78 -186 ) (1605 78 -186 ) (1605 0 -186 ) (1249 0 -186 ) 
4 23 (1229 78 0 ) (1229 78 -184.333328 ) (1177 78 -180 ) (1177 78 0 ) 
5 23 (1229 78 -184.333328 ) (1229 78 0 ) (1301 78 0 ) (1301 78 -186 ) (1249 78 -186 ) 
4 23 (1177 0 -180 ) (1177 78 -180 ) (1249.007813 78 -186 ) (1249.007813 0 -186 ) 
4 24 (1024 112 -162.062500 ) (1024 112 0 ) (1177 112 0 ) (1177 112 -178 ) 
4 24 (1177 78 -178 ) (1177 112 -178 ) (1177 112 0 ) (1177 78 0 ) 
4 24 (1177 0 -178 ) (1024 0 -162.062500 ) (1024 112 -162.062500 ) (1177 112 -178 ) 
4 25 (1641 -30 0 ) (1641 -38 0 ) (1641 -38 6 ) (1641 -30 6 ) 
4 25 (1641 -38 0 ) (2005 -38 0 ) (2005 -38 6 ) (1641 -38 6 ) 
4 25 (2005 0 6 ) (1641 0 6 ) (1641 -38 6 ) (2005 -38 6 ) 
4 25 (2005 0 6 ) (2005 -38 6 ) (2005 -38 0 ) (2005 0 0 ) 
4 26 (1641 -30 6 ) (1641 0 6 ) (1605 0 6 ) (1605 -30 6 ) 
4 26 (1641 -30 0 ) (1641 -30 6 ) (1605 -30 6 ) (1605 -30 0 ) 
4 27 (1301 -66 52 ) (1301 -66 52.250000 ) (1301 0 52.250000 ) (1301 0 52 ) 
4 27 (1301 -66 52.250000 ) (1301 -66 70 ) (1301 0 70 ) (1301 0 52.250000 ) 
4 27 (1605 0 70 ) (1301 0 70 ) (1301 -66 70 ) (1605 -66 70 ) 
4 27 (1605 -38 70 ) (1605 -66 70 ) (1605 -66 0 ) (1605 -38 0 ) 
4 27 (1605 -38 70 ) (1605 -38 6 ) (1605 0 6 ) (1605 0 70 ) 
4 27 (1605 -30 6 ) (1605 -38 6 ) (1605 -38 0 ) (1605 -30 0 ) 
4 28 (1229 -66 0 ) (1301 -66 0 ) (1301 -66 52 ) (1229 -66 56 ) 
4 28 (1177 -66 58.888878 ) (1177 -66 0 ) (1229 -66 0 ) (1229 -66 56 ) 
4 28 (1228.987915 -66 56.001198 ) (1301 -66 52 ) (1301 0 52 ) (1228.987915 0 56.001198 ) 
4 29 (1177 -66 60 ) (1177 -66 58.888878 ) (1229 -66 56 ) (1209 -66 58 ) 
4 29 (1177 0 60 ) (1177 -66 60 ) (1209.006226 -66 58 ) (1209.006226 0 58 ) 
4 29 (1209.007813 0 58 ) (1209.007813 -66 58 ) (1229.012817 -66 56 ) (1229.012817 0 56 ) 
4 30 (1301 -98 70 ) (1301 -66 70 ) (1301 -66 0 ) (1301 -98 0 ) 
4 30 (1605 -66 70 ) (1301 -66 70 ) (1301 -184 70 ) (1605 -184 70 ) 
4 30 (1301 -184 0 ) (1605 -184 0 ) (1605 -184 70 ) (1301 -184 70 ) 
4 30 (1605 -66 70 ) (1605 -184 70 ) (1605 -184 0 ) (1605 -66 0 ) 
4 31 (1229 -184 0 ) (1229 -184 70 ) (1229 -98 70 ) (1229 -98 0 ) 
4 31 (1301 -98 70 ) (1229 -98 70 ) (1229 -184 70 ) (1301 -184 70 ) 
4 31 (1229 -184 0 ) (1301 -184 0 ) (1301 -184 70 ) (1229 -184 70 ) 
4 31 (1301 -98 70 ) (1301 -98 0 ) (1229 -98 0 ) (1229 -98 70 ) 
4 32 (1177 -98 82 ) (1177 0 82 ) (1024 0 82 ) (1024 -98 82 ) 
4 32 (1177 -66 70 ) (1177 -98 70 ) (1177 -98 0 ) (1177 -66 0 ) 
4 32 (1177 -98 70 ) (1177 -66 70 ) (1177 -66 82 ) (1177 -98 82 ) 
4 32 (1177 -66 70 ) (1177 -66 60 ) (1177 0 60 ) (1177 0 70 ) 
4 32 (1177 -66 82 ) (1177 -66 70 ) (1177 0 70 ) (1177 0 82 ) 
4 32 (1024 -98 0 ) (1177 -98 0 ) (1177 -98 82 ) (1024 -98 82 ) 
4 33 (2005 -38 0 ) (1993 -38 0 ) (1993 -38 -66 ) (2005 -38 -66 ) 
4 33 (1993 -12 -66 ) (1993 0 -66 ) (2005 0 -66 ) (2005 -12 -66 ) 
4 33 (2005 0 -66 ) (2005 0 0 ) (2005 -38 0 ) (2005 -38 -66 ) 
4 34 (2005 0 -170 ) (2005 -12 -170 ) (2005 -12 -178 ) (2005 0 -178 ) 
4 34 (1993 -12 -178 ) (1993 0 -178 ) (2005 0 -178 ) (2005 -12 -178 ) 
4 34 (2005 0 -170 ) (1993 0 -170 ) (1993 -12 -170 ) (2005 -12 -170 ) 
4 35 (1993 -38 -66 ) (1993 -38 -82 ) (2005 -38 -82 ) (2005 -38 -66 ) 
4 35 (1993 -38 -126 ) (1993 -38 -178 ) (2005 -38 -178 ) (2005 -38 -126 ) 
4 35 (1993 -12 -170 ) (1993 -12 -66 ) (2005 -12 -66 ) (2005 -12 -170 ) 
4 35 (2005 -38 -178 ) (1993 -38 -178 ) (1993 -12 -178 ) (2005 -12 -178 ) 
4 35 (2005 -12 -66 ) (2005 -38 -66 ) (2005 -38 -178 ) (2005 -12 -178 ) 
4 36 (1785 -38 0 ) (1641 -38 0 ) (1641 -38 -178 ) (1785 -38 -178 ) 
4 36 (1785 -38 -134 ) (1785 -38 -178 ) (1857 -38 -178 ) (1857 -38 -134 ) 
4 36 (1857 -38 0 ) (1785 -38 0 ) (1785 -38 -86 ) (1857 -38 -86 ) 
4 36 (1857 -38 -82 ) (1857 -38 -126 ) (1865 -38 -126 ) (1865 -38 -82 ) 
4 36 (1993 -38 0 ) (1857 -38 0 ) (1857 -38 -82 ) (1993 -38 -82 ) 
4 36 (1857 -38 -126 ) (1857 -38 -178 ) (1993 -38 -178 ) (1993 -38 -126 ) 
4 36 (1641 -30 -178 ) (1641 -38 -178 ) (1641 -38 0 ) (1641 -30 0 ) 
4 36 (1993 0 -170 ) (1993 0 -66 ) (1993 -12 -66 ) (1993 -12 -170 ) 
4 36 (1993 -38 -178 ) (1641 -38 -178 ) (1641 0 -178 ) (1993 0 -178 ) 
4 37 (1605 -30 -178 ) (1605 0 -178 ) (1641 0 -178 ) (1641 -30 -178 ) 
4 37 (1605 -30 0 ) (1605 -30 -178 ) (1641 -30 -178 ) (1641 -30 0 ) 
4 38 (1177 0 -178 ) (1177 0 -180 ) (1177 -38 -180 ) (1177 -38 -178 ) 
4 38 (1605 0 -186 ) (1605 -38 -186 ) (1249 -38 -186 ) (1249 0 -186 ) 
4 38 (1605 -30 -178 ) (1605 -30 0 ) (1605 -38 0 ) (1605 -38 -178 ) 
4 38 (1605 0 -186 ) (1605 0 -178 ) (1605 -38 -178 ) (1605 -38 -186 ) 
4 38 (1249.003906 0 -186 ) (1249.003906 -38 -186 ) (1177 -38 -180 ) (1177 0 -180 ) 
4 39 (2009 -96 -82 ) (2005 -96 -82 ) (2005 -96 -126 ) (2009 -96 -126 ) 
4 39 (2009 -70 -82 ) (2009 -96 -82 ) (2009 -96 -126 ) (2009 -70 -126 ) 
4 39 (2009 -96 -126 ) (2005 -96 -126 ) (2005 -70 -126 ) (2009 -70 -126 ) 
4 39 (2009 -70 -82 ) (2005 -70 -82 ) (2005 -96 -82 ) (2009 -96 -82 ) 
4 39 (2009 -70 -82 ) (2009 -70 -126 ) (2005 -70 -126 ) (2005 -70 -82 ) 
4 40 (2005 -96 -82 ) (1865 -96 -82 ) (1865 -96 -126 ) (2005 -96 -126 ) 
4 40 (2005 -38 -82 ) (2005 -70 -82 ) (2005 -70 -126 ) (2005 -38 -126 ) 
4 40 (1865 -38 -126 ) (1865 -96 -126 ) (1865 -96 -82 ) (1865 -38 -82 ) 
4 40 (2005 -96 -126 ) (1865 -96 -126 ) (1865 -38 -126 ) (2005 -38 -126 ) 
4 40 (2005 -38 -82 ) (1865 -38 -82 ) (1865 -96 -82 ) (2005 -96 -82 ) 
4 41 (1785 -38 -86 ) (1785 -38 -134 ) (1785 -96 -134 ) (1785 -96 -86 ) 
4 41 (1857 -96 -86 ) (1857 -38 -86 ) (1785 -38 -86 ) (1785 -96 -86 ) 
4 41 (1857 -96 -126 ) (1857 -96 -134 ) (1857 -38 -134 ) (1857 -38 -126 ) 
4 41 (1857 -96 -86 ) (1857 -96 -126 ) (1857 -38 -126 ) (1857 -38 -86 ) 
4 41 (1785 -96 -134 ) (1785 -38 -134 ) (1857 -38 -134 ) (1857 -96 -134 ) 
4 42 (1177 -38 -178 ) (1177 -38 -180 ) (1177 -66 -180 ) (1177 -66 -178 ) 
5 42 (1177 -66 0 ) (1177 -66 -180 ) (1249 -66 -186 ) (1301 -66 -186 ) (1301 -66 0 ) 
4 42 (1249 -38 -186 ) (1605 -38 -186 ) (1605 -66 -186 ) (1249 -66 -186 ) 
4 42 (1605 -66 0 ) (1605 -66 -186 ) (1605 -38 -186 ) (1605 -38 0 ) 
4 42 (1248.996094 -66 -186 ) (1177 -66 -180 ) (1177 -38 -180 ) (1248.996094 -38 -186 ) 
4 43 (1605 -66 -186 ) (1605 -96 -186 ) (1301 -96 -186 ) (1301 -66 -186 ) 
4 43 (1605 -66 0 ) (1605 -96 0 ) (1605 -96 -186 ) (1605 -66 -186 ) 
4 43 (1301 -66 0 ) (1301 -66 -186 ) (1301 -96 -186 ) (1301 -96 0 ) 
4 44 (1781 -96 -82 ) (1781 -96 -178 ) (1781 -184 -178 ) (1781 -184 -82 ) 
4 44 (1781 -184 -178 ) (1781 -274 -178 ) (1781 -274 -82 ) (1781 -184 -82 ) 
4 44 (1781 -274 -178 ) (1865 -274 -178 ) (1865 -274 -82 ) (1781 -274 -82 ) 
4 44 (1865 -274 -82 ) (1865 -96 -82 ) (1781 -96 -82 ) (1781 -274 -82 ) 
4 44 (1865 -96 -178 ) (1857 -96 -178 ) (1857 -96 -126 ) (1865 -96 -126 ) 
4 44 (1865 -96 -126 ) (1857 -96 -126 ) (1857 -96 -82 ) (1865 -96 -82 ) 
4 44 (1785 -96 -86 ) (1785 -96 -82 ) (1857 -96 -82 ) (1857 -96 -86 ) 
4 44 (1785 -96 -178 ) (1785 -96 -134 ) (1857 -96 -134 ) (1857 -96 -178 ) 
4 44 (1781 -96 -178 ) (1781 -96 -82 ) (1785 -96 -82 ) (1785 -96 -178 ) 
4 44 (1781 -274 -178 ) (1781 -96 -178 ) (1865 -96 -178 ) (1865 -274 -178 ) 
4 44 (1865 -96 -82 ) (1865 -274 -82 ) (1865 -274 -178 ) (1865 -96 -178 ) 
4 45 (1301 -96 0 ) (1301 -96 -186 ) (1301 -98 -186 ) (1301 -98 0 ) 
4 45 (1301 -96 -186 ) (1605 -96 -186 ) (1605 -184 -186 ) (1301 -184 -186 ) 
4 45 (1301 -184 -186 ) (1605 -184 -186 ) (1605 -184 0 ) (1301 -184 0 ) 
4 45 (1605 -184 0 ) (1605 -184 -186 ) (1605 -96 -186 ) (1605 -96 0 ) 
4 46 (1229 -98 -186 ) (1229 -184 -186 ) (1229 -184 0 ) (1229 -98 0 ) 
4 46 (1229 -184 -186 ) (1301 -184 -186 ) (1301 -184 0 ) (1229 -184 0 ) 
4 46 (1301 -98 -186 ) (1301 -184 -186 ) (1229 -184 -186 ) (1229 -98 -186 ) 
4 46 (1301 -98 0 ) (1301 -98 -186 ) (1229 -98 -186 ) (1229 -98 0 ) 
4 47 (1177 -98 -178 ) (1177 -98 0 ) (1024 -98 0 ) (1024 -98 -162.062500 ) 
4 47 (1177 -98 -178 ) (1177 -96 -178 ) (1177 -96 0 ) (1177 -98 0 ) 
4 47 (1177 -96 -178 ) (1177 -66 -178 ) (1177 -66 0 ) (1177 -96 0 ) 
4 47 (1024 0 -162.063431 ) (1177 0 -178 ) (1177 -98 -178 ) (1024 -98 -162.063431 ) 
4 48 (985 112 0 ) (985 88 0 ) (985 88 82 ) (985 112 82 ) 
4 48 (1024 112 82 ) (985 112 82 ) (985 88 82 ) (1024 88 82 ) 
4 48 (1024 112 82 ) (1024 112 0 ) (985 112 0 ) (985 112 82 ) 
4 49 (985 88 78 ) (985 88 0 ) (985 78 0 ) (985 78 78 ) 
4 49 (985 88 82 ) (985 88 78 ) (985 0 78 ) (985 0 82 ) 
4 49 (1024 88 82 ) (985 88 82 ) (985 0 82 ) (1024 0 82 ) 
4 50 (985 0 78 ) (985 78 78 ) (925 78 78 ) (925 0 78 ) 
4 50 (925 78 0 ) (925 78 78 ) (985 78 78 ) (985 78 0 ) 
4 51 (405 88 90 ) (405 88 130 ) (925 88 130 ) (925 88 90 ) 
4 51 (925 88 130 ) (405 88 130 ) (405 0 130 ) (925 0 130 ) 
4 51 (925 0 90 ) (925 88 90 ) (925 88 130 ) (925 0 130 ) 
4 51 (405 88 90 ) (405 0 90 ) (405 0 130 ) (405 88 130 ) 
4 52 (297 74 90 ) (405 74 90 ) (405 88 90 ) (297 88 90 ) 
4 52 (925 78 78 ) (925 78 0 ) (925 88 0 ) (925 88 78 ) 
4 52 (925 74 90 ) (925 74 78 ) (925 88 78 ) (925 88 90 ) 
4 52 (297 88 82 ) (925 88 82 ) (925 88 0 ) (297 88 0 ) 
4 52 (297 88 90 ) (925 88 90 ) (925 88 82 ) (297 88 82 ) 
4 52 (297 74 0 ) (297 74 90 ) (297 88 90 ) (297 88 0 ) 
4 53 (297 74 90 ) (297 74 74 ) (297 0 74 ) (297 0 90 ) 
4 53 (297 0 90 ) (405 0 90 ) (405 74 90 ) (297 74 90 ) 
4 53 (925 74 90 ) (925 0 90 ) (925 0 78 ) (925 74 78 ) 
4 54 (297 74 74 ) (297 74 0 ) (245 74 0 ) (245 74 74 ) 
4 54 (297 0 74 ) (297 74 74 ) (245 74 74 ) (245 0 74 ) 
4 55 (0 86 94 ) (245 86 94 ) (245 86 0 ) (0 86 0 ) 
4 55 (245 74 74 ) (245 74 90 ) (245 0 90 ) (245 0 74 ) 
4 55 (245 86 90 ) (245 74 90 ) (245 74 0 ) (245 86 0 ) 
4 55 (245 0 94 ) (245 0 90 ) (245 86 90 ) (245 86 94 ) 
4 55 (0 0 94 ) (245 0 94 ) (245 86 94 ) (0 86 94 ) 
4 56 (985 112 0 ) (985 112 -158 ) (985 88 -158 ) (985 88 0 ) 
4 56 (985 112 -158 ) (985 112 0 ) (1024 112 0 ) (1024 112 -162.062500 ) 
4 56 (1024 88 -162.062988 ) (985 88 -158 ) (985 112 -158 ) (1024 112 -162.063477 ) 
4 57 (917 88 -50 ) (917 154 -50 ) (877 154 -50 ) (877 88 -50 ) 
4 57 (877 88 -102 ) (877 88 -50 ) (877 154 -50 ) (877 154 -102 ) 
4 57 (917 154 -50 ) (917 112 -50 ) (917 112 -102 ) (917 154 -102 ) 
4 57 (917 112 -102 ) (917 112 -50 ) (917 88 -50 ) (917 88 -102 ) 
4 57 (877 88 -102 ) (877 154 -102 ) (917 154 -102 ) (917 88 -102 ) 
4 57 (877 154 -50 ) (917 154 -50 ) (917 154 -102 ) (877 154 -102 ) 
4 58 (985 88 0 ) (985 88 -158 ) (985 78 -158 ) (985 78 0 ) 
4 58 (1024 78 -162.062988 ) (985 78 -158 ) (985 88 -158 ) (1024 88 -162.063477 ) 
4 59 (985.016052 0 -158.001663 ) (925 0 -150 ) (925 78 -150 ) (985 78 -158 ) 
4 59 (985 78 0 ) (985 78 -158 ) (925 78 -150 ) (925 78 0 ) 
4 59 (1024 0 -162.062256 ) (984.988281 0 -157.998535 ) (984.988281 78 -157.998535 ) (1024 78 -162.061523 ) 
4 60 (297 88 0 ) (297 88 -110 ) (297 74 -110 ) (297 74 0 ) 
4 60 (297 88 -110 ) (297 88 -114 ) (297 0 -114 ) (297 0 -110 ) 
4 60 (297 0 -114 ) (297 88 -114 ) (659 88 -114 ) (659 0 -114 ) 
4 60 (877 88 -114 ) (297 88 -114 ) (297 88 0 ) (877 88 0 ) 
4 60 (925 88 -114 ) (917 88 -114 ) (917 88 0 ) (925 88 0 ) 
4 60 (917 88 -102 ) (917 88 -114 ) (877 88 -114 ) (877 88 -102 ) 
4 60 (917 88 -50 ) (877 88 -50 ) (877 88 0 ) (917 88 0 ) 
4 60 (925 78 0 ) (925 78 -114 ) (925 88 -114 ) (925 88 0 ) 
4 61 (925 78 -114 ) (925 78 -150 ) (925 88 -150 ) (925 88 -114 ) 
4 61 (917 88 -114 ) (917 88 -148.917297 ) (877 88 -143.503754 ) (877 88 -114 ) 
4 61 (925 88 -114 ) (925 88 -150 ) (917 88 -148.917297 ) (917 88 -114 ) 
3 61 (659 88 -114 ) (877 88 -114 ) (877 88 -143.503754 ) 
4 61 (659.003906 0 -114 ) (659.003906 88 -114 ) (925 88 -150 ) (925 0 -150 ) 
4 62 (245 86 0 ) (245 74 0 ) (245 74 -110 ) (245 86 -110 ) 
4 62 (245 86 -110 ) (245 74 -110 ) (0 74 -110 ) (0 86 -110 ) 
4 62 (0 86 0 ) (245 86 0 ) (245 86 -110 ) (0 86 -110 ) 
4 63 (245 74 0 ) (297 74 0 ) (297 74 -110 ) (245 74 -110 ) 
4 63 (297 74 -110 ) (297 0 -110 ) (0 0 -110 ) (0 74 -110 ) 
4 64 (985 -64 0 ) (985 -76 0 ) (985 -76 78 ) (985 -64 78 ) 
4 64 (985 -76 78 ) (985 -76 82 ) (985 0 82 ) (985 0 78 ) 
4 64 (985 -76 0 ) (985 -98 0 ) (985 -98 82 ) (985 -76 82 ) 
4 64 (985 -98 82 ) (985 -98 0 ) (1024 -98 0 ) (1024 -98 82 ) 
4 64 (1024 0 82 ) (985 0 82 ) (985 -98 82 ) (1024 -98 82 ) 
4 65 (985 -64 78 ) (985 0 78 ) (925 0 78 ) (925 -64 78 ) 
4 65 (985 -64 0 ) (985 -64 78 ) (925 -64 78 ) (925 -64 0 ) 
4 66 (925 0 90 ) (925 0 130 ) (925 -76 130 ) (925 -76 90 ) 
4 66 (405 -76 90 ) (925 -76 90 ) (925 -76 130 ) (405 -76 130 ) 
4 66 (405 -76 130 ) (925 -76 130 ) (925 0 130 ) (405 0 130 ) 
4 66 (405 0 90 ) (405 -76 90 ) (405 -76 130 ) (405 0 130 ) 
4 67 (297 -66 74 ) (297 -66 90 ) (297 0 90 ) (297 0 74 ) 
4 67 (297 -66 0 ) (297 -76 0 ) (297 -76 90 ) (297 -66 90 ) 
4 67 (405 0 90 ) (297 0 90 ) (297 -76 90 ) (405 -76 90 ) 
4 67 (297 -76 90 ) (297 -76 0 ) (925 -76 0 ) (925 -76 90 ) 
4 67 (925 0 78 ) (925 0 90 ) (925 -76 90 ) (925 -76 78 ) 
4 67 (925 -64 78 ) (925 -76 78 ) (925 -76 0 ) (925 -64 0 ) 
4 68 (297 -66 0 ) (297 -66 74 ) (245 -66 74 ) (245 -66 0 ) 
4 68 (297 0 74 ) (245 0 74 ) (245 -66 74 ) (297 -66 74 ) 
4 69 (245 -78 94 ) (245 0 94 ) (0 0 94 ) (0 -78 94 ) 
4 69 (245 -66 94 ) (245 -66 74 ) (245 0 74 ) (245 0 94 ) 
4 69 (245 -66 94 ) (245 -78 94 ) (245 -78 0 ) (245 -66 0 ) 
4 69 (0 -78 0 ) (245 -78 0 ) (245 -78 94 ) (0 -78 94 ) 
4 70 (925 -64 0 ) (925 -64 -150 ) (985 -64 -158 ) (985 -64 0 ) 
4 70 (985.016052 -64 -158.001663 ) (925 -64 -150 ) (925 0 -150 ) (985 0 -158 ) 
4 70 (1024 -64 -162.062256 ) (984.988281 -64 -157.998535 ) (984.988281 0 -157.998535 ) (1024 0 -162.061523 ) 
4 71 (985 -64 0 ) (985 -64 -158 ) (985 -76 -158 ) (985 -76 0 ) 
4 71 (1024 -76 -162.062988 ) (985 -76 -158 ) (985 -64 -158 ) (1024 -64 -162.063477 ) 
4 72 (877 -76 0 ) (297 -76 0 ) (297 -76 -114 ) (877 -76 -114 ) 
4 72 (877 -76 -98 ) (877 -76 -114 ) (917 -76 -114 ) (917 -76 -98 ) 
4 72 (917 -76 0 ) (877 -76 0 ) (877 -76 -46 ) (917 -76 -46 ) 
4 72 (925 -76 0 ) (917 -76 0 ) (917 -76 -114 ) (925 -76 -114 ) 
4 72 (297 -76 -110 ) (297 -76 0 ) (297 -66 0 ) (297 -66 -110 ) 
4 72 (297 -76 -114 ) (297 -76 -110 ) (297 0 -110 ) (297 0 -114 ) 
4 72 (297 -76 -114 ) (297 0 -114 ) (659 0 -114 ) (659 -76 -114 ) 
4 72 (925 -64 -114 ) (925 -64 0 ) (925 -76 0 ) (925 -76 -114 ) 
3 73 (877 -76 -114 ) (659 -76 -114 ) (877 -76 -143.503769 ) 
4 73 (917 -76 -114 ) (877 -76 -114 ) (877 -76 -143.503769 ) (917 -76 -148.917297 ) 
4 73 (925 -76 -150 ) (925 -76 -114 ) (917 -76 -114 ) (917 -76 -148.917297 ) 
4 73 (925 -64 -150 ) (925 -64 -114 ) (925 -76 -114 ) (925 -76 -150 ) 
4 73 (659.003906 -76 -114 ) (659.003906 0 -114 ) (925 0 -150 ) (925 -76 -150 ) 
4 74 (245 -66 -110 ) (297 -66 -110 ) (297 -66 0 ) (245 -66 0 ) 
4 74 (0 0 -110 ) (297 0 -110 ) (297 -66 -110 ) (0 -66 -110 ) 
4 75 (245 -76 -110 ) (0 -76 -110 ) (0 -66 -110 ) (245 -66 -110 ) 
4 75 (245 -76 0 ) (245 -76 -110 ) (245 -66 -110 ) (245 -66 0 ) 
4 76 (985 -76 0 ) (985 -76 -158 ) (985 -98 -158 ) (985 -98 0 ) 
4 76 (1024 -98 -162.062500 ) (1024 -98 0 ) (985 -98 0 ) (985 -98 -158 ) 
4 76 (1024 -98 -162.062988 ) (985 -98 -158 ) (985 -76 -158 ) (1024 -76 -162.063477 ) 
4 77 (877 -76 -46 ) (877 -76 -98 ) (877 -78 -98 ) (877 -78 -46 ) 
4 77 (877 -78 -98 ) (877 -132 -98 ) (877 -132 -46 ) (877 -78 -46 ) 
4 77 (877 -132 -98 ) (877 -76 -98 ) (917 -76 -98 ) (917 -132 -98 ) 
4 77 (917 -98 -46 ) (917 -98 -98 ) (917 -76 -98 ) (917 -76 -46 ) 
4 77 (917 -132 -98 ) (917 -98 -98 ) (917 -98 -46 ) (917 -132 -46 ) 
4 77 (917 -132 -46 ) (917 -76 -46 ) (877 -76 -46 ) (877 -132 -46 ) 
4 77 (877 -132 -98 ) (917 -132 -98 ) (917 -132 -46 ) (877 -132 -46 ) 
4 78 (245 -78 0 ) (245 -78 -110 ) (245 -76 -110 ) (245 -76 0 ) 
4 78 (245 -78 0 ) (0 -78 0 ) (0 -78 -110 ) (245 -78 -110 ) 
4 78 (0 -76 -110 ) (245 -76 -110 ) (245 -78 -110 ) (0 -78 -110 ) 
4 79 (-335 86 6 ) (-335 144 6 ) (-191 144 6 ) (-191 86 6 ) 
4 79 (-191 144 6 ) (-191 144 74 ) (-191 86 74 ) (-191 86 6 ) 
4 79 (-335 144 6 ) (-335 86 6 ) (-335 86 74 ) (-335 144 74 ) 
4 79 (-191 86 74 ) (-191 144 74 ) (-335 144 74 ) (-335 86 74 ) 
4 79 (-335 144 74 ) (-191 144 74 ) (-191 144 6 ) (-335 144 6 ) 
4 80 (-411 0 86 ) (-411 0 94 ) (-411 76 94 ) (-411 76 86 ) 
4 80 (-411 86 94 ) (-411 86 0 ) (-411 76 0 ) (-411 76 94 ) 
4 80 (-335 86 6 ) (-191 86 6 ) (-191 86 0 ) (-335 86 0 ) 
4 80 (-335 86 74 ) (-335 86 94 ) (-191 86 94 ) (-191 86 74 ) 
4 80 (-191 86 94 ) (0 86 94 ) (0 86 0 ) (-191 86 0 ) 
4 80 (-411 86 94 ) (-335 86 94 ) (-335 86 0 ) (-411 86 0 ) 
4 80 (0 86 94 ) (-411 86 94 ) (-411 0 94 ) (0 0 94 ) 
4 81 (-411 76 86 ) (-411 76 0 ) (-471 76 0 ) (-471 76 86 ) 
4 81 (-411 0 86 ) (-411 76 86 ) (-471 76 86 ) (-471 0 86 ) 
4 82 (-471 86 108 ) (-471 86 0 ) (-1024 86 0 ) (-1024 86 157.628189 ) 
4 82 (-471 76 108 ) (-471 76 0 ) (-471 86 0 ) (-471 86 108 ) 
4 82 (-471 76 86 ) (-471 76 108 ) (-471 0 108 ) (-471 0 86 ) 
4 82 (-1024 0 157.627930 ) (-471 0 108 ) (-471 86 108 ) (-1024 86 157.628204 ) 
4 83 (-411 0 -110 ) (-411 0 -102 ) (-411 76 -102 ) (-411 76 -110 ) 
4 83 (-411 76 0 ) (-411 86 0 ) (-411 86 -110 ) (-411 76 -110 ) 
4 83 (0 86 0 ) (0 86 -110 ) (-411 86 -110 ) (-411 86 0 ) 
4 83 (0 0 -110 ) (-411 0 -110 ) (-411 86 -110 ) (0 86 -110 ) 
4 84 (-1024 86 -53.789749 ) (-1024 86 0 ) (-471 86 0 ) (-471 86 -102 ) 
4 84 (-471 86 -102 ) (-471 86 0 ) (-471 76 0 ) (-471 76 -102 ) 
4 84 (-471 76 -102 ) (-1024 76 -53.789742 ) (-1024 86 -53.789742 ) (-471 86 -102 ) 
4 85 (-471 76 -102 ) (-411 76 -102 ) (-411 0 -102 ) (-471 0 -102 ) 
4 85 (-471 76 -102 ) (-471 76 0 ) (-411 76 0 ) (-411 76 -102 ) 
4 85 (-1024 0 -53.789070 ) (-1024 76 -53.789070 ) (-470.992188 76 -102 ) (-470.992188 0 -102 ) 
4 86 (-411 -78 0 ) (-327 -78 0 ) (-327 -78 74 ) (-411 -78 74 ) 
4 86 (-191 -78 0 ) (0 -78 0 ) (0 -78 74 ) (-191 -78 74 ) 
4 86 (0 -78 74 ) (0 -78 94 ) (-411 -78 94 ) (-411 -78 74 ) 
4 86 (-411 0 94 ) (-411 0 86 ) (-411 -62 86 ) (-411 -62 94 ) 
4 86 (-411 -62 0 ) (-411 -78 0 ) (-411 -78 94 ) (-411 -62 94 ) 
4 86 (0 0 94 ) (-411 0 94 ) (-411 -78 94 ) (0 -78 94 ) 
4 87 (-471 -62 86 ) (-471 -62 0 ) (-411 -62 0 ) (-411 -62 86 ) 
4 87 (-411 0 86 ) (-471 0 86 ) (-471 -62 86 ) (-411 -62 86 ) 
4 88 (-1024 -78 74 ) (-1024 -78 0 ) (-471 -78 0 ) (-471 -78 74 ) 
4 88 (-1024 -78 157.628189 ) (-1024 -78 74 ) (-471 -78 74 ) (-471 -78 108 ) 
4 88 (-471 -62 108 ) (-471 -78 108 ) (-471 -78 0 ) (-471 -62 0 ) 
4 88 (-471 -62 108 ) (-471 -62 86 ) (-471 0 86 ) (-471 0 108 ) 
4 88 (-1024 -78 157.627930 ) (-471 -78 108 ) (-471 0 108 ) (-1024 0 157.628204 ) 
4 89 (-327 -130 74 ) (-327 -78 74 ) (-327 -78 0 ) (-327 -130 0 ) 
4 89 (-327 -130 74 ) (-191 -130 74 ) (-191 -78 74 ) (-327 -78 74 ) 
4 89 (-191 -130 0 ) (-191 -78 0 ) (-191 -78 74 ) (-191 -130 74 ) 
4 89 (-327 -130 74 ) (-327 -130 0 ) (-191 -130 0 ) (-191 -130 74 ) 
4 90 (-327 -78 0 ) (-411 -78 0 ) (-411 -78 -10 ) (-327 -78 -10 ) 
4 90 (0 -78 -10 ) (0 -78 0 ) (-191 -78 0 ) (-191 -78 -10 ) 
4 90 (0 -78 -110 ) (0 -78 -10 ) (-411 -78 -10 ) (-411 -78 -110 ) 
4 90 (-411 -78 -102 ) (-411 -78 0 ) (-411 -62 0 ) (-411 -62 -102 ) 
4 90 (-411 -78 -110 ) (-411 -78 -102 ) (-411 0 -102 ) (-411 0 -110 ) 
4 90 (0 -78 -110 ) (-411 -78 -110 ) (-411 0 -110 ) (0 0 -110 ) 
4 91 (-471 -62 -102 ) (-411 -62 -102 ) (-411 -62 0 ) (-471 -62 0 ) 
4 91 (-471 0 -102 ) (-411 0 -102 ) (-411 -62 -102 ) (-471 -62 -102 ) 
4 91 (-1024 0 -53.789063 ) (-470.992188 0 -102 ) (-470.992188 -62 -102 ) (-1024 -62 -53.789063 ) 
4 92 (-471 -78 0 ) (-1024 -78 0 ) (-1024 -78 -10 ) (-471 -78 -10 ) 
4 92 (-1024 -78 -10 ) (-1024 -78 -53.789742 ) (-471 -78 -102 ) (-471 -78 -10 ) 
4 92 (-471 -78 0 ) (-471 -78 -102 ) (-471 -62 -102 ) (-471 -62 0 ) 
4 92 (-1024 -62 -53.789261 ) (-471 -62 -102 ) (-471 -78 -102 ) (-1024 -78 -53.788841 ) 
4 93 (-327 -78 0 ) (-327 -78 -10 ) (-327 -130 -10 ) (-327 -130 0 ) 
4 93 (-327 -78 -10 ) (-191 -78 -10 ) (-191 -130 -10 ) (-327 -130 -10 ) 
4 93 (-191 -130 0 ) (-191 -130 -10 ) (-191 -78 -10 ) (-191 -78 0 ) 
4 93 (-327 -130 0 ) (-327 -130 -10 ) (-191 -130 -10 ) (-191 -130 0 ) 
4 94 (-1251 76 178 ) (-1251 86 178 ) (-1251 86 0 ) (-1251 76 0 ) 
4 94 (-1024 86 157.628204 ) (-1024 86 0 ) (-1251 86 0 ) (-1251 86 178 ) 
4 94 (-1024 86 157.627274 ) (-1251 86 178 ) (-1251 0 178 ) (-1024 0 157.627274 ) 
4 95 (-1251 76 178 ) (-1291 76 178 ) (-1291 0 178 ) (-1251 0 178 ) 
4 95 (-1291 76 0 ) (-1291 76 178 ) (-1251 76 178 ) (-1251 76 0 ) 
4 96 (-1379 104 278 ) (-1379 104 166 ) (-1379 0 166 ) (-1379 0 278 ) 
4 96 (-1291 76 178 ) (-1291 76 0 ) (-1291 104 0 ) (-1291 104 178 ) 
4 96 (-1291 0 262 ) (-1291 0 178 ) (-1291 104 178 ) (-1291 104 262 ) 
4 96 (-1379 104 278 ) (-1291 104 262 ) (-1291 104 0 ) (-1379 104 0 ) 
4 96 (-1291 0 262 ) (-1291 104 262 ) (-1379 104 278 ) (-1379 0 278 ) 
4 97 (-1427 104 174 ) (-1379 104 166 ) (-1379 104 88 ) (-1427 104 88 ) 
4 97 (-1427 104 174 ) (-1427 0 174 ) (-1379 0 166 ) (-1379 104 166 ) 
4 98 (-2003 104 130 ) (-1975 104 130 ) (-1975 0 130 ) (-2003 0 130 ) 
4 98 (-1427 0 370 ) (-1427 0 174 ) (-1427 104 174 ) (-1427 104 370 ) 
3 98 (-1427 104 370 ) (-1427 104 130 ) (-2003 104 130 ) 
4 98 (-2003 104 130 ) (-2003 0 130 ) (-1427 0 370 ) (-1427 104 370 ) 
4 99 (-1947 104 88 ) (-1919 104 88 ) (-1919 0 88 ) (-1947 0 88 ) 
4 99 (-1947 104 88 ) (-1947 0 88 ) (-1947 0 112 ) (-1947 104 112 ) 
4 99 (-1947 104 130 ) (-1427 104 130 ) (-1427 104 88 ) (-1947 104 88 ) 
4 100 (-1975 0 112 ) (-1975 0 130 ) (-1975 104 130 ) (-1975 104 112 ) 
4 100 (-1975 104 112 ) (-1975 104 130 ) (-1947 104 130 ) (-1947 104 112 ) 
4 100 (-1975 0 112 ) (-1975 104 112 ) (-1947 104 112 ) (-1947 0 112 ) 
4 101 (-1779 104 62 ) (-1779 104 56 ) (-1779 0 56 ) (-1779 0 62 ) 
5 101 (-1779 104 56 ) (-1779 104 88 ) (-1379 104 88 ) (-1379 104 0 ) (-1497.400146 104 0 ) 
4 101 (-1497.402466 104 0 ) (-1497.402466 0 0 ) (-1779 0 56 ) (-1779 104 56 ) 
4 102 (-1919 104 88 ) (-1779 104 88 ) (-1779 104 65 ) (-1919 104 65 ) 
4 102 (-1919 104 65 ) (-1919 0 65 ) (-1919 0 88 ) (-1919 104 88 ) 
3 103 (-1947 104 65 ) (-1779 104 65 ) (-1779 104 62 ) 
4 103 (-1947 0 65 ) (-1919 0 65 ) (-1919 104 65 ) (-1947 104 65 ) 
4 103 (-1779 104 62 ) (-1779 0 62 ) (-1947.007813 0 65 ) (-1947.007813 104 65 ) 
4 104 (-1251 76 0 ) (-1251 86 0 ) (-1251 86 -34 ) (-1251 76 -34 ) 
4 104 (-1024 86 0 ) (-1024 86 -53.789734 ) (-1251 86 -34 ) (-1251 86 0 ) 
4 104 (-1024 0 -53.788769 ) (-1251 0 -34 ) (-1251 86 -34 ) (-1024 86 -53.789063 ) 
4 105 (-1251 76 0 ) (-1251 76 -34 ) (-1291 76 -26 ) (-1291 76 0 ) 
4 105 (-1291 0 -26 ) (-1291 76 -26 ) (-1251 76 -34 ) (-1251 0 -34 ) 
4 106 (-1379 104 -8 ) (-1379 104 -10 ) (-1379 0 -10 ) (-1379 0 -8 ) 
4 106 (-1291 76 0 ) (-1291 76 -26 ) (-1291 104 -26 ) (-1291 104 0 ) 
4 106 (-1291 104 -26 ) (-1379 104 -10 ) (-1379 104 0 ) (-1291 104 0 ) 
4 106 (-1291 104 -26 ) (-1291 0 -26 ) (-1379 0 -10 ) (-1379 104 -10 ) 
3 107 (-1379 104 -8 ) (-1427 104 0 ) (-1379 104 0 ) 
4 107 (-1379 104 -8 ) (-1379 0 -8 ) (-1427 0 0 ) (-1427 104 0 ) 
3 108 (-1427 104 -14 ) (-1497.400146 104 0 ) (-1427 104 0 ) 
4 108 (-1427 0 0 ) (-1427 0 -14 ) (-1427 104 -14 ) (-1427 104 0 ) 
4 108 (-1497.404907 0 0 ) (-1497.404907 104 0 ) (-1427 104 -14 ) (-1427 0 -14 ) 
4 109 (-1251 -60 0 ) (-1251 -78 0 ) (-1251 -78 178 ) (-1251 -60 178 ) 
4 109 (-1251 -78 178 ) (-1251 -78 0 ) (-1024 -78 0 ) (-1024 -78 157.628204 ) 
4 109 (-1251 0 178 ) (-1251 -78 178 ) (-1024 -78 157.629181 ) (-1024 0 157.629181 ) 
4 110 (-1251 -60 178 ) (-1251 0 178 ) (-1291 0 178 ) (-1291 -60 178 ) 
4 110 (-1251 -60 0 ) (-1251 -60 178 ) (-1291 -60 178 ) (-1291 -60 0 ) 
4 111 (-1379 0 278 ) (-1379 0 166 ) (-1379 -88 166 ) (-1379 -88 278 ) 
4 111 (-1291 -60 178 ) (-1291 -88 178 ) (-1291 -88 0 ) (-1291 -60 0 ) 
4 111 (-1291 -88 262 ) (-1291 -88 178 ) (-1291 0 178 ) (-1291 0 262 ) 
4 111 (-1379 -88 0 ) (-1291 -88 0 ) (-1291 -88 262 ) (-1379 -88 278 ) 
4 111 (-1291 -88 262 ) (-1291 0 262 ) (-1379 0 278 ) (-1379 -88 278 ) 
4 112 (-1427 -88 88 ) (-1379 -88 88 ) (-1379 -88 166 ) (-1427 -88 174 ) 
4 112 (-1427 0 174 ) (-1427 -88 174 ) (-1379 -88 166 ) (-1379 0 166 ) 
4 113 (-2003 0 130 ) (-1975 0 130 ) (-1975 -88 130 ) (-2003 -88 130 ) 
4 113 (-1427 -88 370 ) (-1427 -88 174 ) (-1427 0 174 ) (-1427 0 370 ) 
3 113 (-2003 -88 130 ) (-1427 -88 130 ) (-1427 -88 370 ) 
4 113 (-2003 0 130 ) (-2003 -88 130 ) (-1427 -88 370 ) (-1427 0 370 ) 
4 114 (-1947 0 88 ) (-1919 0 88 ) (-1919 -88 88 ) (-1947 -88 88 ) 
4 114 (-1947 0 88 ) (-1947 -88 88 ) (-1947 -88 112 ) (-1947 0 112 ) 
4 114 (-1947 -88 88 ) (-1427 -88 88 ) (-1427 -88 130 ) (-1947 -88 130 ) 
4 115 (-1975 -88 112 ) (-1975 -88 130 ) (-1975 0 130 ) (-1975 0 112 ) 
4 115 (-1947 -88 112 ) (-1947 -88 130 ) (-1975 -88 130 ) (-1975 -88 112 ) 
4 115 (-1975 -88 112 ) (-1975 0 112 ) (-1947 0 112 ) (-1947 -88 112 ) 
4 116 (-1779 -88 56 ) (-1779 -88 62 ) (-1779 0 62 ) (-1779 0 56 ) 
5 116 (-1497.400146 -88 0 ) (-1379 -88 0 ) (-1379 -88 88 ) (-1779 -88 88 ) (-1779 -88 56 ) 
4 116 (-1497.402466 0 0 ) (-1497.402466 -88 0 ) (-1779 -88 56 ) (-1779 0 56 ) 
4 117 (-1919 -88 65 ) (-1779 -88 65 ) (-1779 -88 88 ) (-1919 -88 88 ) 
4 117 (-1919 0 65 ) (-1919 -88 65 ) (-1919 -88 88 ) (-1919 0 88 ) 
3 118 (-1779 -88 62 ) (-1779 -88 65 ) (-1947 -88 65 ) 
4 118 (-1947 -88 65 ) (-1919 -88 65 ) (-1919 0 65 ) (-1947 0 65 ) 
4 118 (-1779 0 62 ) (-1779 -88 62 ) (-1947.007813 -88 65 ) (-1947.007813 0 65 ) 
4 119 (-1251 -78 0 ) (-1251 -60 0 ) (-1251 -60 -34 ) (-1251 -78 -34 ) 
4 119 (-1251 -78 0 ) (-1251 -78 -34 ) (-1024 -78 -53.789734 ) (-1024 -78 0 ) 
4 119 (-1024 -78 -53.789742 ) (-1251 -78 -34 ) (-1251 0 -34 ) (-1024 0 -53.790039 ) 
4 120 (-1291 -60 0 ) (-1291 -60 -26 ) (-1251 -60 -34 ) (-1251 -60 0 ) 
4 120 (-1251 -60 -34 ) (-1291 -60 -26 ) (-1291 0 -26 ) (-1251 0 -34 ) 
4 121 (-1379 -88 -10 ) (-1379 -88 -8 ) (-1379 0 -8 ) (-1379 0 -10 ) 
4 121 (-1291 -60 -26 ) (-1291 -60 0 ) (-1291 -88 0 ) (-1291 -88 -26 ) 
4 121 (-1291 -88 0 ) (-1379 -88 0 ) (-1379 -88 -10 ) (-1291 -88 -26 ) 
4 121 (-1291 0 -26 ) (-1291 -88 -26 ) (-1379 -88 -10 ) (-1379 0 -10 ) 
3 122 (-1379 -88 0 ) (-1427 -88 0 ) (-1379 -88 -8 ) 
4 122 (-1379 0 -8 ) (-1379 -88 -8 ) (-1427 -88 0 ) (-1427 0 0 ) 
3 123 (-1427 -88 0 ) (-1497.400146 -88 0 ) (-1427 -88 -14 ) 
4 123 (-1427 0 -14 ) (-1427 0 0 ) (-1427 -88 0 ) (-1427 -88 -14 ) 
4 123 (-1427 0 -14 ) (-1427 -88 -14 ) (-1497.406250 -88 0 ) (-1497.406250 0 0 ) 
