PRT1
80
174
304
4 0 5 0 (1024 92 0 ) (1024 0 0 ) (1024 0 114 ) (1024 92 114 ) 
4 0 2 0 (1024 0 114 ) (1024 0 0 ) (1255 0 0 ) (1255 0 114 ) 
4 0 1 0 (1255 0 0 ) (1024 0 0 ) (1024 92 0 ) (1255 92 0 ) 
4 1 20 0 (1024 74 0 ) (1024 92 0 ) (1024 92 -64 ) (1024 74 -64 ) 
4 1 28 0 (1024 0 -64 ) (1024 0 0 ) (1024 74 0 ) (1024 74 -64 ) 
4 1 3 0 (1024 0 0 ) (1024 0 -64 ) (1255 0 -64 ) (1255 0 0 ) 
4 2 31 0 (1024 -64 114 ) (1024 0 114 ) (1024 0 0 ) (1024 -64 0 ) 
4 2 3 0 (1024 -64 0 ) (1024 0 0 ) (1255 0 0 ) (1255 -64 0 ) 
4 3 46 0 (1024 -64 -64 ) (1024 -64 0 ) (1024 -40 0 ) (1024 -40 -64 ) 
4 3 44 0 (1024 -40 0 ) (1024 -36 0 ) (1024 -36 -64 ) (1024 -40 -64 ) 
4 3 43 0 (1024 -36 0 ) (1024 0 0 ) (1024 0 -64 ) (1024 -36 -64 ) 
4 4 30 0 (595 0 114 ) (757 0 114 ) (757 0 116 ) (595 0 116 ) 
4 4 10 0 (757 0 114 ) (595 0 114 ) (595 76 114 ) (757 76 114 ) 
4 4 9 0 (595 76 114 ) (595 92 114 ) (757 92 114 ) (757 76 114 ) 
4 4 8 0 (595 92 114 ) (595 188 114 ) (757 188 114 ) (757 92 114 ) 
4 5 31 0 (1021 0 0 ) (1024 0 0 ) (1024 0 114 ) (1021 0 114 ) 
4 5 20 0 (1021 74 0 ) (1021 92 0 ) (1024 92 0 ) (1024 74 0 ) 
4 5 28 0 (1024 0 0 ) (1021 0 0 ) (1021 74 0 ) (1024 74 0 ) 
4 5 6 0 (1021 74 0 ) (1021 0 0 ) (1021 0 74 ) (1021 74 74 ) 
4 6 32 0 (981 0 0 ) (1021 0 0 ) (1021 0 74 ) (981 0 74 ) 
4 6 28 0 (1021 0 0 ) (981 0 0 ) (981 74 0 ) (1021 74 0 ) 
4 6 11 0 (981 74 0 ) (981 0 0 ) (981 0 74 ) (981 74 74 ) 
4 7 21 0 (981 184 0 ) (981 92 0 ) (811 92 0 ) (811 184 0 ) 
4 7 9 0 (811 92 0 ) (981 92 0 ) (981 92 114 ) (811 92 114 ) 
4 8 22 0 (595 188 0 ) (757 188 0 ) (757 92 0 ) (595 92 0 ) 
4 8 9 0 (595 92 0 ) (757 92 0 ) (757 92 114 ) (595 92 114 ) 
4 9 23 0 (595 92 0 ) (981 92 0 ) (981 76 0 ) (595 76 0 ) 
4 9 10 0 (981 76 86 ) (981 76 114 ) (595 76 114 ) (595 76 86 ) 
4 9 11 0 (595 76 0 ) (981 76 0 ) (981 76 86 ) (595 76 86 ) 
4 10 33 0 (981 0 86 ) (981 0 114 ) (595 0 114 ) (595 0 86 ) 
4 10 11 0 (595 76 86 ) (981 76 86 ) (981 0 86 ) (595 0 86 ) 
4 11 36 0 (553 0 0 ) (595 0 0 ) (595 0 86 ) (553 0 86 ) 
4 11 33 0 (595 0 0 ) (981 0 0 ) (981 0 86 ) (595 0 86 ) 
4 11 24 0 (553 74 0 ) (553 76 0 ) (981 76 0 ) (981 74 0 ) 
4 11 28 0 (981 0 0 ) (553 0 0 ) (553 74 0 ) (981 74 0 ) 
4 11 14 0 (553 76 0 ) (553 0 0 ) (553 0 86 ) (553 76 86 ) 
4 12 18 0 (281 536 0 ) (455 536 0 ) (455 276 0 ) (281 276 0 ) 
4 12 13 0 (337 276 0 ) (403 276 0 ) (403 276 114 ) (337 276 114 ) 
4 13 19 0 (337 276 0 ) (403 276 0 ) (403 244 0 ) (337 244 0 ) 
4 13 14 0 (337 244 0 ) (403 244 0 ) (403 244 114 ) (337 244 114 ) 
4 14 37 0 (183 0 0 ) (553 0 0 ) (553 0 114 ) (183 0 114 ) 
4 14 25 0 (183 74 0 ) (183 244 0 ) (553 244 0 ) (553 74 0 ) 
4 14 28 0 (553 0 0 ) (183 0 0 ) (183 74 0 ) (553 74 0 ) 
4 14 15 0 (183 74 0 ) (183 0 0 ) (183 0 94 ) (183 74 94 ) 
4 15 38 0 (127 0 0 ) (183 0 0 ) (183 0 94 ) (127 0 94 ) 
4 15 28 0 (183 0 0 ) (127 0 0 ) (127 74 0 ) (183 74 0 ) 
4 15 16 0 (127 74 0 ) (127 0 0 ) (127 0 94 ) (127 74 94 ) 
4 16 40 0 (57 0 0 ) (127 0 0 ) (127 0 114 ) (57 0 114 ) 
4 16 26 0 (57 74 0 ) (57 96 0 ) (127 96 0 ) (127 74 0 ) 
4 16 28 0 (127 0 0 ) (57 0 0 ) (57 74 0 ) (127 74 0 ) 
4 16 17 0 (57 96 0 ) (57 0 0 ) (57 0 114 ) (57 96 114 ) 
4 17 58 0 (0 96 114 ) (0 98 114 ) (0 98 0 ) (0 96 0 ) 
4 17 59 0 (0 0 0 ) (0 0 114 ) (0 96 114 ) (0 96 0 ) 
4 17 57 0 (0 98 114 ) (0 196 114 ) (0 196 0 ) (0 98 0 ) 
4 17 40 0 (0 0 114 ) (0 0 0 ) (57 0 0 ) (57 0 114 ) 
4 17 27 0 (0 74 0 ) (0 196 0 ) (57 196 0 ) (57 74 0 ) 
4 17 28 0 (57 0 0 ) (0 0 0 ) (0 74 0 ) (57 74 0 ) 
4 18 19 0 (337 276 -64 ) (403 276 -64 ) (403 276 0 ) (337 276 0 ) 
4 19 25 0 (337 244 -64 ) (403 244 -64 ) (403 244 0 ) (337 244 0 ) 
4 20 28 0 (1021 74 -64 ) (1024 74 -64 ) (1024 74 0 ) (1021 74 0 ) 
4 21 23 0 (811 92 -64 ) (981 92 -64 ) (981 92 0 ) (811 92 0 ) 
4 22 23 0 (595 92 -64 ) (757 92 -64 ) (757 92 0 ) (595 92 0 ) 
4 23 24 0 (595 76 -64 ) (981 76 -64 ) (981 76 0 ) (595 76 0 ) 
4 24 28 0 (553 74 -64 ) (981 74 -64 ) (981 74 0 ) (553 74 0 ) 
4 24 25 0 (553 76 -64 ) (553 74 -64 ) (553 74 0 ) (553 76 0 ) 
4 25 29 0 (553 74 -64 ) (183 74 -64 ) (183 244 -64 ) (553 244 -64 ) 
4 25 28 0 (183 74 -64 ) (553 74 -64 ) (553 74 0 ) (183 74 0 ) 
4 26 27 0 (57 96 -64 ) (57 74 -64 ) (57 74 0 ) (57 96 0 ) 
4 26 28 0 (57 74 -64 ) (127 74 -64 ) (127 74 0 ) (57 74 0 ) 
4 27 64 0 (0 74 0 ) (0 196 0 ) (0 196 -64 ) (0 74 -64 ) 
4 27 28 0 (0 74 -64 ) (57 74 -64 ) (57 74 0 ) (0 74 0 ) 
4 28 64 0 (0 0 -64 ) (0 0 0 ) (0 74 0 ) (0 74 -64 ) 
4 28 43 0 (0 0 0 ) (0 0 -64 ) (1024 0 -64 ) (1024 0 0 ) 
4 28 29 0 (553 0 -64 ) (183 0 -64 ) (183 74 -64 ) (553 74 -64 ) 
4 29 56 0 (553 0 -66 ) (553 0 -64 ) (183 0 -64 ) (183 0 -66 ) 
4 30 35 0 (757 -60 114 ) (757 -158 114 ) (595 -158 114 ) (595 -60 114 ) 
4 30 33 0 (595 0 114 ) (757 0 114 ) (757 -60 114 ) (595 -60 114 ) 
4 31 46 0 (1024 -40 0 ) (1024 -64 0 ) (1021 -64 0 ) (1021 -40 0 ) 
4 31 44 0 (1024 -36 0 ) (1024 -40 0 ) (1021 -40 0 ) (1021 -36 0 ) 
4 31 43 0 (1021 0 0 ) (1024 0 0 ) (1024 -36 0 ) (1021 -36 0 ) 
4 31 32 0 (1021 0 0 ) (1021 -36 0 ) (1021 -36 74 ) (1021 0 74 ) 
4 32 43 0 (981 0 0 ) (1021 0 0 ) (1021 -36 0 ) (981 -36 0 ) 
4 32 33 0 (981 0 0 ) (981 -36 0 ) (981 -36 74 ) (981 0 74 ) 
4 33 47 0 (981 -40 0 ) (981 -60 0 ) (595 -60 0 ) (595 -40 0 ) 
4 33 45 0 (981 -36 0 ) (981 -40 0 ) (595 -40 0 ) (595 -36 0 ) 
4 33 43 0 (595 0 0 ) (981 0 0 ) (981 -36 0 ) (595 -36 0 ) 
4 33 36 0 (595 0 0 ) (595 -40 0 ) (595 -40 86 ) (595 0 86 ) 
4 33 35 0 (595 -60 114 ) (595 -60 0 ) (757 -60 0 ) (757 -60 114 ) 
4 33 34 0 (811 -60 0 ) (981 -60 0 ) (981 -60 114 ) (811 -60 114 ) 
4 34 48 0 (981 -60 0 ) (981 -150 0 ) (811 -150 0 ) (811 -60 0 ) 
4 35 49 0 (595 -158 0 ) (595 -60 0 ) (757 -60 0 ) (757 -158 0 ) 
4 36 45 0 (595 -36 0 ) (595 -40 0 ) (553 -40 0 ) (553 -36 0 ) 
4 36 43 0 (553 0 0 ) (595 0 0 ) (595 -36 0 ) (553 -36 0 ) 
4 36 37 0 (553 0 0 ) (553 -40 0 ) (553 -40 86 ) (553 0 86 ) 
4 37 50 0 (553 -40 0 ) (553 -202 0 ) (183 -202 0 ) (183 -40 0 ) 
4 37 45 0 (553 -36 0 ) (553 -40 0 ) (183 -40 0 ) (183 -36 0 ) 
4 37 43 0 (183 0 0 ) (553 0 0 ) (553 -36 0 ) (183 -36 0 ) 
4 37 39 0 (347 -202 0 ) (407 -202 0 ) (407 -202 76 ) (347 -202 76 ) 
4 37 38 0 (183 0 0 ) (183 -40 0 ) (183 -40 94 ) (183 0 94 ) 
4 38 45 0 (183 -36 0 ) (183 -40 0 ) (127 -40 0 ) (127 -36 0 ) 
4 38 43 0 (127 0 0 ) (183 0 0 ) (183 -36 0 ) (127 -36 0 ) 
4 38 40 0 (127 0 0 ) (127 -40 0 ) (127 -40 94 ) (127 0 94 ) 
4 39 54 0 (347 -284 0 ) (347 -202 0 ) (407 -202 0 ) (407 -284 0 ) 
4 40 69 0 (0 -64 114 ) (0 0 114 ) (0 0 0 ) (0 -64 0 ) 
4 40 51 0 (0 -64 0 ) (0 -40 0 ) (127 -40 0 ) (127 -64 0 ) 
4 40 45 0 (0 -40 0 ) (0 -36 0 ) (127 -36 0 ) (127 -40 0 ) 
4 40 43 0 (0 -36 0 ) (0 0 0 ) (127 0 0 ) (127 -36 0 ) 
4 40 41 0 (5 -64 0 ) (61 -64 0 ) (61 -64 114 ) (5 -64 114 ) 
4 41 52 0 (5 -64 0 ) (61 -64 0 ) (61 -92 0 ) (5 -92 0 ) 
4 41 42 0 (5 -92 0 ) (61 -92 0 ) (61 -92 114 ) (5 -92 114 ) 
4 42 74 0 (0 -362 114 ) (0 -92 114 ) (0 -92 0 ) (0 -362 0 ) 
4 42 55 0 (0 -362 0 ) (0 -202 0 ) (119 -202 0 ) (119 -362 0 ) 
4 42 53 0 (0 -202 0 ) (0 -92 0 ) (119 -92 0 ) (119 -202 0 ) 
4 43 75 0 (0 -36 0 ) (0 0 0 ) (0 0 -64 ) (0 -36 -64 ) 
4 43 56 0 (183 0 -64 ) (553 0 -64 ) (553 -36 -64 ) (183 -36 -64 ) 
4 43 45 0 (0 -36 -64 ) (981 -36 -64 ) (981 -36 0 ) (0 -36 0 ) 
4 43 44 0 (1021 -36 -64 ) (1024 -36 -64 ) (1024 -36 0 ) (1021 -36 0 ) 
4 44 46 0 (1021 -40 -64 ) (1024 -40 -64 ) (1024 -40 0 ) (1021 -40 0 ) 
4 45 75 0 (0 -40 0 ) (0 -36 0 ) (0 -36 -64 ) (0 -40 -64 ) 
4 45 56 0 (183 -36 -64 ) (553 -36 -64 ) (553 -40 -64 ) (183 -40 -64 ) 
4 45 51 0 (0 -40 -64 ) (127 -40 -64 ) (127 -40 0 ) (0 -40 0 ) 
4 45 47 0 (595 -40 -64 ) (981 -40 -64 ) (981 -40 0 ) (595 -40 0 ) 
4 45 50 0 (183 -40 -64 ) (553 -40 -64 ) (553 -40 0 ) (183 -40 0 ) 
4 47 49 0 (595 -60 -64 ) (757 -60 -64 ) (757 -60 0 ) (595 -60 0 ) 
4 47 48 0 (811 -60 -64 ) (981 -60 -64 ) (981 -60 0 ) (811 -60 0 ) 
4 50 56 0 (183 -40 -64 ) (553 -40 -64 ) (553 -202 -64 ) (183 -202 -64 ) 
4 50 54 0 (407 -202 -60 ) (407 -202 0 ) (347 -202 0 ) (347 -202 -60 ) 
4 51 75 0 (0 -64 0 ) (0 -40 0 ) (0 -40 -64 ) (0 -64 -64 ) 
4 51 52 0 (5 -64 -64 ) (61 -64 -64 ) (61 -64 0 ) (5 -64 0 ) 
4 52 53 0 (5 -92 -64 ) (61 -92 -64 ) (61 -92 0 ) (5 -92 0 ) 
4 53 79 0 (0 -202 0 ) (0 -92 0 ) (0 -92 -64 ) (0 -202 -64 ) 
4 53 55 0 (0 -202 -64 ) (119 -202 -64 ) (119 -202 0 ) (0 -202 0 ) 
4 55 79 0 (0 -362 0 ) (0 -202 0 ) (0 -202 -64 ) (0 -362 -64 ) 
4 57 64 0 (0 196 0 ) (0 98 0 ) (-3 98 0 ) (-3 196 0 ) 
4 57 58 0 (-3 98 0 ) (0 98 0 ) (0 98 114 ) (-3 98 114 ) 
4 58 64 0 (-3 98 0 ) (0 98 0 ) (0 96 0 ) (-3 96 0 ) 
4 58 59 0 (0 96 114 ) (-3 96 114 ) (-3 96 0 ) (0 96 0 ) 
4 59 69 0 (-403 0 0 ) (0 0 0 ) (0 0 114 ) (-403 0 114 ) 
4 59 65 0 (-3 0 0 ) (-403 0 0 ) (-403 96 0 ) (-3 96 0 ) 
4 59 64 0 (0 0 0 ) (-3 0 0 ) (-3 96 0 ) (0 96 0 ) 
4 59 60 0 (-403 76 0 ) (-403 0 0 ) (-403 0 92 ) (-403 76 92 ) 
4 60 70 0 (-433 0 0 ) (-403 0 0 ) (-403 0 92 ) (-433 0 92 ) 
4 60 66 0 (-403 0 0 ) (-433 0 0 ) (-433 76 0 ) (-403 76 0 ) 
4 60 61 0 (-433 76 0 ) (-433 0 0 ) (-433 0 92 ) (-433 76 92 ) 
4 61 71 0 (-495 0 0 ) (-433 0 0 ) (-433 0 116 ) (-495 0 136 ) 
4 61 67 0 (-433 0 0 ) (-495 0 0 ) (-495 98 0 ) (-433 98 0 ) 
4 61 63 0 (-495 98 76 ) (-495 98 0 ) (-495 0 0 ) (-495 0 76 ) 
4 61 62 0 (-495 98 136 ) (-495 98 76 ) (-495 0 76 ) (-495 0 136 ) 
4 62 72 0 (-907 0 76 ) (-495 0 76 ) (-495 0 232 ) (-907 0 122 ) 
4 62 63 0 (-867 98 76 ) (-495 98 76 ) (-495 0 76 ) (-867 0 76 ) 
4 63 73 0 (-753 0 0 ) (-495 0 0 ) (-495 0 76 ) (-867 0 76 ) 
4 63 68 0 (-495 0 0 ) (-753 0 0 ) (-753 98 0 ) (-495 98 0 ) 
4 64 75 0 (-3 0 -64 ) (0 0 -64 ) (0 0 0 ) (-3 0 0 ) 
4 64 65 0 (-3 96 -64 ) (-3 0 -64 ) (-3 0 0 ) (-3 96 0 ) 
5 65 75 0 (-339 0 -64 ) (-3 0 -64 ) (-3 0 0 ) (-403 0 0 ) (-403 0 -56 ) 
4 65 66 0 (-403 0 -56 ) (-403 0 0 ) (-403 76 0 ) (-403 76 -56 ) 
4 66 76 0 (-403 0 -56 ) (-403 0 0 ) (-433 0 0 ) (-433 0 -52 ) 
4 66 67 0 (-433 0 -52 ) (-433 0 0 ) (-433 76 0 ) (-433 76 -52 ) 
4 67 77 0 (-433 0 -52 ) (-433 0 0 ) (-495 0 0 ) (-495 0 -42 ) 
4 67 68 0 (-495 98 0 ) (-495 98 -36 ) (-495 0 -36 ) (-495 0 0 ) 
4 68 78 0 (-495 0 -36 ) (-495 0 0 ) (-753 0 0 ) (-753 0 -20 ) 
4 69 75 0 (-403 0 0 ) (0 0 0 ) (0 -64 0 ) (-403 -64 0 ) 
4 69 70 0 (-403 0 92 ) (-403 0 0 ) (-403 -52 0 ) (-403 -52 92 ) 
4 70 76 0 (-433 0 0 ) (-403 0 0 ) (-403 -52 0 ) (-433 -52 0 ) 
4 70 71 0 (-433 0 92 ) (-433 0 0 ) (-433 -52 0 ) (-433 -52 92 ) 
4 71 77 0 (-495 0 0 ) (-433 0 0 ) (-433 -62 0 ) (-495 -62 0 ) 
4 71 73 0 (-495 0 76 ) (-495 0 0 ) (-495 -62 0 ) (-495 -62 76 ) 
4 71 72 0 (-495 0 136 ) (-495 0 76 ) (-495 -62 76 ) (-495 -62 136 ) 
4 72 73 0 (-867 0 76 ) (-495 0 76 ) (-495 -62 76 ) (-867 -62 76 ) 
4 73 78 0 (-753 0 0 ) (-495 0 0 ) (-495 -62 0 ) (-753 -62 0 ) 
4 74 79 0 (0 -92 0 ) (0 -362 0 ) (-49 -362 0 ) (-49 -92 0 ) 
4 75 76 0 (-403 -52 0 ) (-403 0 0 ) (-403 0 -56 ) (-403 -52 -56 ) 
4 76 77 0 (-433 -52 0 ) (-433 0 0 ) (-433 0 -52 ) (-433 -52 -52 ) 
4 77 78 0 (-495 -62 -36 ) (-495 -62 0 ) (-495 0 0 ) (-495 0 -36 ) 
4 0 (1024 92 114 ) (1255 92 114 ) (1255 92 0 ) (1024 92 0 ) 
4 0 (1255 92 114 ) (1024 92 114 ) (1024 0 114 ) (1255 0 114 ) 
4 0 (1255 0 114 ) (1255 0 0 ) (1255 92 0 ) (1255 92 114 ) 
4 1 (1024 92 -64 ) (1024 92 0 ) (1255 92 0 ) (1255 92 -64 ) 
4 1 (1255 92 -64 ) (1255 92 0 ) (1255 0 0 ) (1255 0 -64 ) 
4 1 (1024 92 -64 ) (1255 92 -64 ) (1255 0 -64 ) (1024 0 -64 ) 
4 2 (1255 0 114 ) (1255 -64 114 ) (1255 -64 0 ) (1255 0 0 ) 
4 2 (1255 -64 114 ) (1255 0 114 ) (1024 0 114 ) (1024 -64 114 ) 
4 2 (1024 -64 0 ) (1255 -64 0 ) (1255 -64 114 ) (1024 -64 114 ) 
4 3 (1255 -64 -64 ) (1024 -64 -64 ) (1024 0 -64 ) (1255 0 -64 ) 
4 3 (1255 -64 0 ) (1024 -64 0 ) (1024 -64 -64 ) (1255 -64 -64 ) 
4 3 (1255 0 0 ) (1255 -64 0 ) (1255 -64 -64 ) (1255 0 -64 ) 
4 4 (757 188 116 ) (757 188 114 ) (595 188 114 ) (595 188 116 ) 
4 4 (595 188 114 ) (595 0 114 ) (595 0 116 ) (595 188 116 ) 
4 4 (757 188 116 ) (757 0 116 ) (757 0 114 ) (757 188 114 ) 
4 4 (757 0 116 ) (757 188 116 ) (595 188 116 ) (595 0 116 ) 
4 5 (1021 92 0 ) (1021 74 0 ) (1021 74 74 ) (1021 92 74 ) 
4 5 (1021 0 74 ) (1021 0 114 ) (1021 92 114 ) (1021 92 74 ) 
4 5 (1024 92 114 ) (1021 92 114 ) (1021 0 114 ) (1024 0 114 ) 
4 5 (1024 92 114 ) (1024 92 0 ) (1021 92 0 ) (1021 92 114 ) 
4 6 (1021 0 74 ) (1021 74 74 ) (981 74 74 ) (981 0 74 ) 
4 6 (981 74 0 ) (981 74 74 ) (1021 74 74 ) (1021 74 0 ) 
4 7 (811 184 0 ) (811 92 0 ) (811 92 114 ) (811 184 114 ) 
4 7 (811 184 114 ) (811 92 114 ) (981 92 114 ) (981 184 114 ) 
4 7 (981 92 74 ) (981 184 74 ) (981 184 114 ) (981 92 114 ) 
4 7 (981 184 74 ) (981 92 74 ) (981 92 0 ) (981 184 0 ) 
4 7 (981 184 114 ) (981 184 0 ) (811 184 0 ) (811 184 114 ) 
4 8 (595 188 114 ) (595 188 0 ) (595 92 0 ) (595 92 114 ) 
4 8 (595 188 114 ) (757 188 114 ) (757 188 0 ) (595 188 0 ) 
4 8 (757 92 114 ) (757 92 0 ) (757 188 0 ) (757 188 114 ) 
4 9 (981 76 114 ) (981 92 114 ) (757 92 114 ) (757 76 114 ) 
4 9 (981 76 74 ) (981 92 74 ) (981 92 114 ) (981 76 114 ) 
4 9 (981 92 74 ) (981 76 74 ) (981 76 0 ) (981 92 0 ) 
4 9 (757 92 114 ) (811 92 114 ) (811 92 0 ) (757 92 0 ) 
4 9 (595 92 114 ) (595 92 0 ) (595 76 0 ) (595 76 114 ) 
4 10 (981 76 114 ) (757 76 114 ) (757 0 114 ) (981 0 114 ) 
4 10 (981 76 86 ) (981 76 114 ) (981 0 114 ) (981 0 86 ) 
4 10 (595 76 114 ) (595 76 86 ) (595 0 86 ) (595 0 114 ) 
4 11 (595 0 86 ) (595 76 86 ) (553 76 86 ) (553 0 86 ) 
4 11 (981 76 74 ) (981 74 74 ) (981 74 0 ) (981 76 0 ) 
4 11 (981 76 74 ) (981 76 86 ) (981 0 86 ) (981 0 74 ) 
4 11 (595 76 86 ) (595 76 0 ) (553 76 0 ) (553 76 86 ) 
4 12 (403 276 0 ) (455 276 0 ) (455 276 114 ) (403 276 114 ) 
4 12 (281 276 0 ) (337 276 0 ) (337 276 114 ) (281 276 114 ) 
4 12 (281 536 114 ) (455 536 114 ) (455 536 0 ) (281 536 0 ) 
4 12 (281 276 114 ) (455 276 114 ) (455 536 114 ) (281 536 114 ) 
4 12 (455 536 114 ) (455 276 114 ) (455 276 0 ) (455 536 0 ) 
4 12 (281 536 114 ) (281 536 0 ) (281 276 0 ) (281 276 114 ) 
4 13 (337 276 114 ) (337 276 0 ) (337 244 0 ) (337 244 114 ) 
4 13 (337 244 114 ) (403 244 114 ) (403 276 114 ) (337 276 114 ) 
4 13 (403 244 114 ) (403 244 0 ) (403 276 0 ) (403 276 114 ) 
4 14 (183 0 94 ) (183 0 114 ) (183 74 114 ) (183 74 94 ) 
4 14 (183 244 0 ) (183 74 0 ) (183 74 114 ) (183 244 114 ) 
4 14 (403 244 114 ) (553 244 114 ) (553 244 0 ) (403 244 0 ) 
4 14 (337 244 114 ) (337 244 0 ) (183 244 0 ) (183 244 114 ) 
4 14 (553 76 86 ) (553 76 114 ) (553 0 114 ) (553 0 86 ) 
4 14 (553 92 114 ) (553 76 114 ) (553 76 0 ) (553 92 0 ) 
4 14 (553 188 114 ) (553 92 114 ) (553 92 0 ) (553 188 0 ) 
4 14 (553 244 114 ) (553 188 114 ) (553 188 0 ) (553 244 0 ) 
4 14 (553 244 114 ) (183 244 114 ) (183 0 114 ) (553 0 114 ) 
4 15 (183 74 94 ) (183 74 0 ) (127 74 0 ) (127 74 94 ) 
4 15 (183 0 94 ) (183 74 94 ) (127 74 94 ) (127 0 94 ) 
4 16 (127 96 114 ) (57 96 114 ) (57 0 114 ) (127 0 114 ) 
4 16 (127 96 114 ) (127 74 114 ) (127 74 0 ) (127 96 0 ) 
4 16 (127 74 94 ) (127 74 114 ) (127 0 114 ) (127 0 94 ) 
4 16 (127 96 114 ) (127 96 0 ) (57 96 0 ) (57 96 114 ) 
4 17 (57 196 114 ) (0 196 114 ) (0 0 114 ) (57 0 114 ) 
4 17 (57 196 114 ) (57 96 114 ) (57 96 0 ) (57 196 0 ) 
4 17 (0 196 114 ) (57 196 114 ) (57 196 0 ) (0 196 0 ) 
4 18 (455 536 -64 ) (455 276 -64 ) (281 276 -64 ) (281 536 -64 ) 
4 18 (281 276 -64 ) (337 276 -64 ) (337 276 0 ) (281 276 0 ) 
4 18 (403 276 -64 ) (455 276 -64 ) (455 276 0 ) (403 276 0 ) 
4 18 (281 536 0 ) (455 536 0 ) (455 536 -64 ) (281 536 -64 ) 
4 18 (455 536 0 ) (455 276 0 ) (455 276 -64 ) (455 536 -64 ) 
4 18 (281 536 0 ) (281 536 -64 ) (281 276 -64 ) (281 276 0 ) 
4 19 (403 244 -64 ) (337 244 -64 ) (337 276 -64 ) (403 276 -64 ) 
4 19 (403 244 0 ) (403 244 -64 ) (403 276 -64 ) (403 276 0 ) 
4 19 (337 276 0 ) (337 276 -64 ) (337 244 -64 ) (337 244 0 ) 
4 20 (1024 92 -64 ) (1024 74 -64 ) (1021 74 -64 ) (1021 92 -64 ) 
4 20 (1021 92 0 ) (1024 92 0 ) (1024 92 -64 ) (1021 92 -64 ) 
4 20 (1021 92 0 ) (1021 92 -64 ) (1021 74 -64 ) (1021 74 0 ) 
4 21 (981 184 -64 ) (981 92 -64 ) (811 92 -64 ) (811 184 -64 ) 
4 21 (811 184 -64 ) (811 92 -64 ) (811 92 0 ) (811 184 0 ) 
4 21 (981 184 0 ) (981 92 0 ) (981 92 -64 ) (981 184 -64 ) 
4 21 (981 184 0 ) (981 184 -64 ) (811 184 -64 ) (811 184 0 ) 
4 22 (595 188 -64 ) (757 188 -64 ) (757 92 -64 ) (595 92 -64 ) 
4 22 (595 188 0 ) (595 188 -64 ) (595 92 -64 ) (595 92 0 ) 
4 22 (595 188 0 ) (757 188 0 ) (757 188 -64 ) (595 188 -64 ) 
4 22 (757 92 0 ) (757 92 -64 ) (757 188 -64 ) (757 188 0 ) 
4 23 (595 92 -64 ) (981 92 -64 ) (981 76 -64 ) (595 76 -64 ) 
4 23 (981 92 0 ) (981 76 0 ) (981 76 -64 ) (981 92 -64 ) 
4 23 (757 92 0 ) (811 92 0 ) (811 92 -64 ) (757 92 -64 ) 
4 23 (595 92 0 ) (595 92 -64 ) (595 76 -64 ) (595 76 0 ) 
4 24 (981 74 -64 ) (553 74 -64 ) (553 76 -64 ) (981 76 -64 ) 
4 24 (595 76 0 ) (595 76 -64 ) (553 76 -64 ) (553 76 0 ) 
4 24 (981 76 0 ) (981 74 0 ) (981 74 -64 ) (981 76 -64 ) 
4 25 (183 244 0 ) (183 244 -64 ) (183 74 -64 ) (183 74 0 ) 
4 25 (553 92 0 ) (553 76 0 ) (553 76 -64 ) (553 92 -64 ) 
4 25 (553 188 0 ) (553 92 0 ) (553 92 -64 ) (553 188 -64 ) 
4 25 (553 188 0 ) (553 188 -64 ) (553 244 -64 ) (553 244 0 ) 
4 25 (183 244 0 ) (337 244 0 ) (337 244 -64 ) (183 244 -64 ) 
4 25 (403 244 0 ) (553 244 0 ) (553 244 -64 ) (403 244 -64 ) 
4 26 (127 74 -64 ) (57 74 -64 ) (57 96 -64 ) (127 96 -64 ) 
4 26 (127 96 0 ) (127 74 0 ) (127 74 -64 ) (127 96 -64 ) 
4 26 (127 96 0 ) (127 96 -64 ) (57 96 -64 ) (57 96 0 ) 
4 27 (0 74 -64 ) (0 196 -64 ) (57 196 -64 ) (57 74 -64 ) 
4 27 (57 196 0 ) (57 96 0 ) (57 96 -64 ) (57 196 -64 ) 
4 27 (0 196 0 ) (57 196 0 ) (57 196 -64 ) (0 196 -64 ) 
4 28 (1024 0 -64 ) (553 0 -64 ) (553 74 -64 ) (1024 74 -64 ) 
4 28 (183 0 -64 ) (0 0 -64 ) (0 74 -64 ) (183 74 -64 ) 
4 28 (127 74 0 ) (183 74 0 ) (183 74 -64 ) (127 74 -64 ) 
4 28 (981 74 0 ) (1021 74 0 ) (1021 74 -64 ) (981 74 -64 ) 
4 29 (183 0 -66 ) (183 244 -66 ) (553 244 -66 ) (553 0 -66 ) 
4 29 (183 0 -66 ) (183 0 -64 ) (183 244 -64 ) (183 244 -66 ) 
4 29 (553 244 -66 ) (553 244 -64 ) (553 0 -64 ) (553 0 -66 ) 
4 29 (553 244 -64 ) (553 244 -66 ) (183 244 -66 ) (183 244 -64 ) 
4 30 (595 -158 116 ) (595 -158 114 ) (757 -158 114 ) (757 -158 116 ) 
4 30 (595 0 116 ) (595 0 114 ) (595 -158 114 ) (595 -158 116 ) 
4 30 (757 -158 116 ) (757 -158 114 ) (757 0 114 ) (757 0 116 ) 
4 30 (757 0 116 ) (595 0 116 ) (595 -158 116 ) (757 -158 116 ) 
4 31 (1021 -36 0 ) (1021 -64 0 ) (1021 -64 74 ) (1021 -36 74 ) 
4 31 (1021 -64 74 ) (1021 -64 114 ) (1021 0 114 ) (1021 0 74 ) 
4 31 (1021 -64 114 ) (1024 -64 114 ) (1024 0 114 ) (1021 0 114 ) 
4 31 (1021 -64 114 ) (1021 -64 0 ) (1024 -64 0 ) (1024 -64 114 ) 
4 32 (1021 -36 74 ) (1021 0 74 ) (981 0 74 ) (981 -36 74 ) 
4 32 (1021 -36 0 ) (1021 -36 74 ) (981 -36 74 ) (981 -36 0 ) 
4 33 (595 -40 86 ) (595 -40 114 ) (595 0 114 ) (595 0 86 ) 
4 33 (595 -40 0 ) (595 -60 0 ) (595 -60 114 ) (595 -40 114 ) 
4 33 (757 -60 0 ) (811 -60 0 ) (811 -60 114 ) (757 -60 114 ) 
4 33 (757 -60 114 ) (981 -60 114 ) (981 0 114 ) (757 0 114 ) 
4 33 (981 -60 74 ) (981 0 74 ) (981 0 114 ) (981 -60 114 ) 
4 33 (981 -36 74 ) (981 -60 74 ) (981 -60 0 ) (981 -36 0 ) 
4 34 (811 -60 114 ) (811 -60 0 ) (811 -150 0 ) (811 -150 114 ) 
4 34 (811 -60 114 ) (811 -150 114 ) (981 -150 114 ) (981 -60 114 ) 
4 34 (981 -150 74 ) (981 -60 74 ) (981 -60 114 ) (981 -150 114 ) 
4 34 (981 -60 74 ) (981 -150 74 ) (981 -150 0 ) (981 -60 0 ) 
4 34 (811 -150 114 ) (811 -150 0 ) (981 -150 0 ) (981 -150 114 ) 
4 35 (595 -60 0 ) (595 -158 0 ) (595 -158 114 ) (595 -60 114 ) 
4 35 (595 -158 114 ) (595 -158 0 ) (757 -158 0 ) (757 -158 114 ) 
4 35 (757 -158 114 ) (757 -158 0 ) (757 -60 0 ) (757 -60 114 ) 
4 36 (553 -40 86 ) (553 -40 0 ) (595 -40 0 ) (595 -40 86 ) 
4 36 (595 0 86 ) (553 0 86 ) (553 -40 86 ) (595 -40 86 ) 
4 37 (407 -202 76 ) (407 -202 114 ) (347 -202 114 ) (347 -202 76 ) 
4 37 (183 -202 0 ) (347 -202 0 ) (347 -202 114 ) (183 -202 114 ) 
4 37 (407 -202 0 ) (553 -202 0 ) (553 -202 114 ) (407 -202 114 ) 
4 37 (183 -40 94 ) (183 -40 114 ) (183 0 114 ) (183 0 94 ) 
4 37 (183 -40 0 ) (183 -202 0 ) (183 -202 114 ) (183 -40 114 ) 
4 37 (553 0 86 ) (553 0 114 ) (553 -40 114 ) (553 -40 86 ) 
4 37 (553 -40 114 ) (553 -202 114 ) (553 -202 0 ) (553 -40 0 ) 
4 37 (183 -202 114 ) (553 -202 114 ) (553 0 114 ) (183 0 114 ) 
4 38 (127 -40 94 ) (127 -40 0 ) (183 -40 0 ) (183 -40 94 ) 
4 38 (183 0 94 ) (127 0 94 ) (127 -40 94 ) (183 -40 94 ) 
4 39 (407 -284 76 ) (407 -202 76 ) (347 -202 76 ) (347 -284 76 ) 
4 39 (407 -284 76 ) (407 -284 0 ) (407 -202 0 ) (407 -202 76 ) 
4 39 (347 -202 76 ) (347 -202 0 ) (347 -284 0 ) (347 -284 76 ) 
4 39 (407 -284 0 ) (407 -284 76 ) (347 -284 76 ) (347 -284 0 ) 
4 40 (61 -64 0 ) (127 -64 0 ) (127 -64 114 ) (61 -64 114 ) 
4 40 (0 -64 0 ) (5 -64 0 ) (5 -64 114 ) (0 -64 114 ) 
4 40 (127 -64 114 ) (127 0 114 ) (0 0 114 ) (0 -64 114 ) 
4 40 (127 -40 114 ) (127 -64 114 ) (127 -64 0 ) (127 -40 0 ) 
4 40 (127 0 94 ) (127 0 114 ) (127 -40 114 ) (127 -40 94 ) 
4 41 (5 -64 114 ) (5 -64 0 ) (5 -92 0 ) (5 -92 114 ) 
4 41 (5 -92 114 ) (61 -92 114 ) (61 -64 114 ) (5 -64 114 ) 
4 41 (61 -92 114 ) (61 -92 0 ) (61 -64 0 ) (61 -64 114 ) 
4 42 (119 -362 114 ) (119 -362 0 ) (119 -92 0 ) (119 -92 114 ) 
4 42 (61 -92 114 ) (119 -92 114 ) (119 -92 0 ) (61 -92 0 ) 
4 42 (0 -92 114 ) (5 -92 114 ) (5 -92 0 ) (0 -92 0 ) 
4 42 (119 -362 114 ) (119 -92 114 ) (0 -92 114 ) (0 -362 114 ) 
4 42 (0 -362 0 ) (119 -362 0 ) (119 -362 114 ) (0 -362 114 ) 
4 43 (553 0 -64 ) (1024 0 -64 ) (1024 -36 -64 ) (553 -36 -64 ) 
4 43 (0 -36 -64 ) (0 0 -64 ) (183 0 -64 ) (183 -36 -64 ) 
4 43 (981 -36 -64 ) (1021 -36 -64 ) (1021 -36 0 ) (981 -36 0 ) 
4 44 (1021 -36 -64 ) (1024 -36 -64 ) (1024 -40 -64 ) (1021 -40 -64 ) 
4 44 (1021 -36 0 ) (1021 -36 -64 ) (1021 -40 -64 ) (1021 -40 0 ) 
4 45 (553 -36 -64 ) (981 -36 -64 ) (981 -40 -64 ) (553 -40 -64 ) 
4 45 (0 -40 -64 ) (0 -36 -64 ) (183 -36 -64 ) (183 -40 -64 ) 
4 45 (553 -40 -64 ) (595 -40 -64 ) (595 -40 0 ) (553 -40 0 ) 
4 45 (127 -40 -64 ) (183 -40 -64 ) (183 -40 0 ) (127 -40 0 ) 
4 45 (981 -40 0 ) (981 -40 -64 ) (981 -36 -64 ) (981 -36 0 ) 
4 46 (1021 -40 -64 ) (1024 -40 -64 ) (1024 -64 -64 ) (1021 -64 -64 ) 
4 46 (1021 -64 -64 ) (1024 -64 -64 ) (1024 -64 0 ) (1021 -64 0 ) 
4 46 (1021 -40 0 ) (1021 -40 -64 ) (1021 -64 -64 ) (1021 -64 0 ) 
4 47 (595 -40 -64 ) (981 -40 -64 ) (981 -60 -64 ) (595 -60 -64 ) 
4 47 (757 -60 -64 ) (811 -60 -64 ) (811 -60 0 ) (757 -60 0 ) 
4 47 (981 -60 0 ) (981 -60 -64 ) (981 -40 -64 ) (981 -40 0 ) 
4 47 (595 -40 0 ) (595 -40 -64 ) (595 -60 -64 ) (595 -60 0 ) 
4 48 (981 -60 -64 ) (981 -150 -64 ) (811 -150 -64 ) (811 -60 -64 ) 
4 48 (811 -60 0 ) (811 -60 -64 ) (811 -150 -64 ) (811 -150 0 ) 
4 48 (981 -64 0 ) (981 -150 0 ) (981 -150 -64 ) (981 -64 -64 ) 
4 48 (981 -60 0 ) (981 -64 0 ) (981 -64 -64 ) (981 -60 -64 ) 
4 48 (811 -150 0 ) (811 -150 -64 ) (981 -150 -64 ) (981 -150 0 ) 
4 49 (757 -158 -64 ) (595 -158 -64 ) (595 -60 -64 ) (757 -60 -64 ) 
4 49 (595 -158 -64 ) (757 -158 -64 ) (757 -158 0 ) (595 -158 0 ) 
4 49 (595 -60 0 ) (595 -60 -64 ) (595 -158 -64 ) (595 -158 0 ) 
4 49 (757 -158 0 ) (757 -158 -64 ) (757 -60 -64 ) (757 -60 0 ) 
4 50 (183 -202 -64 ) (347 -202 -64 ) (347 -202 0 ) (183 -202 0 ) 
4 50 (347 -202 -64 ) (407 -202 -64 ) (407 -202 -60 ) (347 -202 -60 ) 
4 50 (407 -202 -64 ) (553 -202 -64 ) (553 -202 0 ) (407 -202 0 ) 
4 50 (553 -60 0 ) (553 -158 0 ) (553 -158 -64 ) (553 -60 -64 ) 
4 50 (553 -60 0 ) (553 -60 -64 ) (553 -40 -64 ) (553 -40 0 ) 
4 50 (553 -158 0 ) (553 -202 0 ) (553 -202 -64 ) (553 -158 -64 ) 
4 50 (183 -40 0 ) (183 -40 -64 ) (183 -202 -64 ) (183 -202 0 ) 
4 51 (0 -64 -64 ) (0 -40 -64 ) (127 -40 -64 ) (127 -64 -64 ) 
4 51 (61 -64 -64 ) (127 -64 -64 ) (127 -64 0 ) (61 -64 0 ) 
4 51 (0 -64 -64 ) (5 -64 -64 ) (5 -64 0 ) (0 -64 0 ) 
4 51 (127 -64 0 ) (127 -64 -64 ) (127 -40 -64 ) (127 -40 0 ) 
4 52 (5 -64 -64 ) (61 -64 -64 ) (61 -92 -64 ) (5 -92 -64 ) 
4 52 (5 -64 0 ) (5 -64 -64 ) (5 -92 -64 ) (5 -92 0 ) 
4 52 (61 -92 0 ) (61 -92 -64 ) (61 -64 -64 ) (61 -64 0 ) 
4 53 (0 -202 -64 ) (0 -92 -64 ) (119 -92 -64 ) (119 -202 -64 ) 
4 53 (0 -92 0 ) (5 -92 0 ) (5 -92 -64 ) (0 -92 -64 ) 
4 53 (61 -92 0 ) (119 -92 0 ) (119 -92 -64 ) (61 -92 -64 ) 
4 53 (119 -202 0 ) (119 -202 -64 ) (119 -92 -64 ) (119 -92 0 ) 
4 54 (347 -202 0 ) (347 -202 -60 ) (347 -284 -60 ) (347 -284 0 ) 
4 54 (347 -284 -60 ) (347 -202 -60 ) (407 -202 -60 ) (407 -284 -60 ) 
4 54 (407 -284 0 ) (407 -284 -60 ) (407 -202 -60 ) (407 -202 0 ) 
4 54 (347 -284 0 ) (347 -284 -60 ) (407 -284 -60 ) (407 -284 0 ) 
4 55 (0 -362 -64 ) (0 -202 -64 ) (119 -202 -64 ) (119 -362 -64 ) 
4 55 (0 -362 -64 ) (119 -362 -64 ) (119 -362 0 ) (0 -362 0 ) 
4 55 (119 -362 0 ) (119 -362 -64 ) (119 -202 -64 ) (119 -202 0 ) 
4 56 (553 -202 -66 ) (183 -202 -66 ) (183 0 -66 ) (553 0 -66 ) 
4 56 (183 -202 -64 ) (183 0 -64 ) (183 0 -66 ) (183 -202 -66 ) 
4 56 (183 -202 -64 ) (183 -202 -66 ) (553 -202 -66 ) (553 -202 -64 ) 
4 56 (553 0 -64 ) (553 -202 -64 ) (553 -202 -66 ) (553 0 -66 ) 
4 57 (0 196 114 ) (0 196 0 ) (-3 196 0 ) (-3 196 114 ) 
4 57 (-3 196 0 ) (-3 98 0 ) (-3 98 114 ) (-3 196 114 ) 
4 57 (0 196 114 ) (-3 196 114 ) (-3 98 114 ) (0 98 114 ) 
4 58 (-3 96 114 ) (0 96 114 ) (0 98 114 ) (-3 98 114 ) 
4 58 (-3 96 0 ) (-3 96 114 ) (-3 98 114 ) (-3 98 0 ) 
4 59 (-403 0 92 ) (-403 0 114 ) (-403 76 114 ) (-403 76 92 ) 
4 59 (-403 96 0 ) (-403 76 0 ) (-403 76 114 ) (-403 96 114 ) 
4 59 (-3 96 0 ) (-403 96 0 ) (-403 96 114 ) (-3 96 114 ) 
4 59 (0 96 114 ) (-403 96 114 ) (-403 0 114 ) (0 0 114 ) 
4 60 (-403 76 92 ) (-403 76 0 ) (-433 76 0 ) (-433 76 92 ) 
4 60 (-403 0 92 ) (-403 76 92 ) (-433 76 92 ) (-433 0 92 ) 
4 61 (-495 98 136 ) (-433 98 116 ) (-433 98 0 ) (-495 98 0 ) 
4 61 (-433 76 116 ) (-433 76 0 ) (-433 98 0 ) (-433 98 116 ) 
4 61 (-433 76 92 ) (-433 76 116 ) (-433 0 116 ) (-433 0 92 ) 
4 61 (-433 0 116 ) (-433 98 116 ) (-495 98 136 ) (-495 0 136 ) 
4 62 (-907 98 76 ) (-867 98 76 ) (-867 0 76 ) (-907 0 76 ) 
4 62 (-907 98 122 ) (-907 98 76 ) (-907 0 76 ) (-907 0 122 ) 
4 62 (-907 98 122 ) (-495 98 232 ) (-495 98 76 ) (-907 98 76 ) 
4 62 (-495 0 232 ) (-495 0 136 ) (-495 98 136 ) (-495 98 232 ) 
4 62 (-907 98 122.001953 ) (-907 0 122.001953 ) (-495 0 232.001953 ) (-495 98 232.001953 ) 
4 63 (-867 98 76 ) (-495 98 76 ) (-495 98 0 ) (-753 98 0 ) 
4 63 (-753.008423 98 0 ) (-753.008423 0 0 ) (-867.007813 0 76 ) (-867.007813 98 76 ) 
4 64 (-3 98 -64 ) (-3 96 -64 ) (-3 96 0 ) (-3 98 0 ) 
4 64 (-3 196 -64 ) (-3 98 -64 ) (-3 98 0 ) (-3 196 0 ) 
4 64 (0 0 -64 ) (-3 0 -64 ) (-3 196 -64 ) (0 196 -64 ) 
4 64 (0 196 0 ) (0 196 -64 ) (-3 196 -64 ) (-3 196 0 ) 
4 65 (-403 76 0 ) (-403 96 0 ) (-403 96 -56 ) (-403 76 -56 ) 
5 65 (-3 96 0 ) (-3 96 -64 ) (-339 96 -64 ) (-403 96 -56 ) (-403 96 0 ) 
4 65 (-3 0 -64 ) (-339 0 -64 ) (-339 96 -64 ) (-3 96 -64 ) 
4 65 (-339 0 -64 ) (-403 0 -56 ) (-403 96 -56 ) (-339 96 -64 ) 
4 66 (-403 76 0 ) (-403 76 -56 ) (-433 76 -52 ) (-433 76 0 ) 
4 66 (-433 0 -52 ) (-433 76 -52 ) (-403 76 -56 ) (-403 0 -56 ) 
4 67 (-495 98 -36 ) (-495 98 -42 ) (-495 0 -42 ) (-495 0 -36 ) 
4 67 (-433 76 0 ) (-433 76 -52 ) (-433 98 -52 ) (-433 98 0 ) 
4 67 (-495 98 -42 ) (-495 98 0 ) (-433 98 0 ) (-433 98 -52 ) 
4 67 (-433 98 -52 ) (-433 0 -52 ) (-495 0 -42 ) (-495 98 -42 ) 
4 68 (-753 98 0 ) (-753 98 -20 ) (-753 0 -20 ) (-753 0 0 ) 
4 68 (-753 98 -20 ) (-753 98 0 ) (-495 98 0 ) (-495 98 -36 ) 
4 68 (-753 0 -20 ) (-753 98 -20 ) (-495 98 -36 ) (-495 0 -36 ) 
4 69 (-49 -64 0 ) (0 -64 0 ) (0 -64 114 ) (-49 -64 114 ) 
4 69 (-403 -64 0 ) (-49 -64 0 ) (-49 -64 114 ) (-403 -64 114 ) 
4 69 (-403 0 114 ) (-403 0 92 ) (-403 -52 92 ) (-403 -52 114 ) 
4 69 (-403 -52 0 ) (-403 -62 0 ) (-403 -62 114 ) (-403 -52 114 ) 
4 69 (-403 -62 0 ) (-403 -64 0 ) (-403 -64 114 ) (-403 -62 114 ) 
4 69 (0 0 114 ) (-403 0 114 ) (-403 -64 114 ) (0 -64 114 ) 
4 70 (-433 -52 92 ) (-433 -52 0 ) (-403 -52 0 ) (-403 -52 92 ) 
4 70 (-403 0 92 ) (-433 0 92 ) (-433 -52 92 ) (-403 -52 92 ) 
4 71 (-433 -52 116 ) (-433 -52 92 ) (-433 0 92 ) (-433 0 116 ) 
4 71 (-433 -52 116 ) (-433 -62 116 ) (-433 -62 0 ) (-433 -52 0 ) 
4 71 (-495 -62 0 ) (-433 -62 0 ) (-433 -62 116 ) (-495 -62 136 ) 
4 71 (-433 -62 116 ) (-433 0 116 ) (-495 0 136 ) (-495 -62 136 ) 
4 72 (-907 0 76 ) (-867 0 76 ) (-867 -62 76 ) (-907 -62 76 ) 
4 72 (-907 0 122 ) (-907 0 76 ) (-907 -62 76 ) (-907 -62 122 ) 
4 72 (-907 -62 76 ) (-495 -62 76 ) (-495 -62 232 ) (-907 -62 122 ) 
4 72 (-495 -62 232 ) (-495 -62 136 ) (-495 0 136 ) (-495 0 232 ) 
4 72 (-907 0 122.001953 ) (-907 -62 122.001953 ) (-495 -62 232.001953 ) (-495 0 232.001953 ) 
4 73 (-753 -62 0 ) (-495 -62 0 ) (-495 -62 76 ) (-867 -62 76 ) 
4 73 (-753.008423 0 0 ) (-753.008423 -62 0 ) (-867.007813 -62 76 ) (-867.007813 0 76 ) 
4 74 (0 -92 114 ) (-49 -92 114 ) (-49 -362 114 ) (0 -362 114 ) 
4 74 (-49 -92 0 ) (-49 -362 0 ) (-49 -362 114 ) (-49 -92 114 ) 
4 74 (-49 -362 114 ) (-49 -362 0 ) (0 -362 0 ) (0 -362 114 ) 
4 74 (0 -92 0 ) (-49 -92 0 ) (-49 -92 114 ) (0 -92 114 ) 
5 75 (0 -64 -64 ) (0 -64 0 ) (-403 -64 0 ) (-403 -64 -56 ) (-339 -64 -64 ) 
4 75 (-403 -62 0 ) (-403 -52 0 ) (-403 -52 -56 ) (-403 -62 -56 ) 
4 75 (-403 -64 -56 ) (-403 -64 0 ) (-403 -62 0 ) (-403 -62 -56 ) 
4 75 (0 -64 -64 ) (-339 -64 -64 ) (-339 0 -64 ) (0 0 -64 ) 
4 75 (-338.996094 0 -64 ) (-338.996094 -64 -64 ) (-403 -64 -56 ) (-403 0 -56 ) 
4 76 (-433 -52 0 ) (-433 -52 -52 ) (-403 -52 -56 ) (-403 -52 0 ) 
4 76 (-403 -52 -56 ) (-433 -52 -52 ) (-433 0 -52 ) (-403 0 -56 ) 
4 77 (-495 -62 -42 ) (-495 -62 -36 ) (-495 0 -36 ) (-495 0 -42 ) 
4 77 (-433 -62 0 ) (-495 -62 0 ) (-495 -62 -42 ) (-433 -62 -52 ) 
4 77 (-433 -52 -52 ) (-433 -52 0 ) (-433 -62 0 ) (-433 -62 -52 ) 
4 77 (-433 0 -52 ) (-433 -62 -52 ) (-495 -62 -42 ) (-495 0 -42 ) 
4 78 (-495 -62 0 ) (-753 -62 0 ) (-753 -62 -20 ) (-495 -62 -36 ) 
4 78 (-753 -62 -20 ) (-753 -62 0 ) (-753 0 0 ) (-753 0 -20 ) 
4 78 (-753 -62 -20 ) (-753 0 -20 ) (-495 0 -36 ) (-495 -62 -36 ) 
4 79 (-49 -92 0 ) (-49 -92 -64 ) (-49 -362 -64 ) (-49 -362 0 ) 
4 79 (-49 -92 -64 ) (-49 -92 0 ) (0 -92 0 ) (0 -92 -64 ) 
4 79 (0 -362 -64 ) (0 -362 0 ) (-49 -362 0 ) (-49 -362 -64 ) 
4 79 (0 -362 -64 ) (-49 -362 -64 ) (-49 -92 -64 ) (0 -92 -64 ) 
