PRT1
69
142
276
4 0 8 0 (2048 240 0 ) (2048 58 0 ) (2048 58 1 ) (2048 240 1 ) 
4 0 10 0 (2048 58 0 ) (2048 0 0 ) (2048 0 1 ) (2048 58 1 ) 
4 0 3 0 (2048 0 1 ) (2048 0 0 ) (2367 0 0 ) (2367 0 1 ) 
4 0 1 0 (2367 0 0 ) (2048 0 0 ) (2048 240 0 ) (2367 240 0 ) 
4 1 12 0 (2048 72 -172 ) (2048 0 -172 ) (2048 0 0 ) (2048 72 0 ) 
4 1 11 0 (2048 240 -172 ) (2048 72 -172 ) (2048 72 0 ) (2048 240 0 ) 
4 1 4 0 (2048 0 0 ) (2048 0 -172 ) (2367 0 -172 ) (2367 0 0 ) 
4 1 2 0 (2184 0 -172 ) (2048 0 -172 ) (2048 72 -172 ) (2184 72 -172 ) 
4 2 12 0 (2048 0 -600.142090 ) (2048 0 -172 ) (2048 72 -172 ) (2048 72 -600.142090 ) 
4 2 6 0 (2048 0 -223 ) (2048 0 -600.142090 ) (2184 0 -596 ) (2184 0 -223 ) 
4 2 5 0 (2048 0 -172 ) (2048 0 -223 ) (2184 0 -223 ) (2184 0 -172 ) 
4 3 20 0 (2048 -242 1 ) (2048 -72 1 ) (2048 -72 0 ) (2048 -242 0 ) 
4 3 19 0 (2048 -72 1 ) (2048 0 1 ) (2048 0 0 ) (2048 -72 0 ) 
4 3 4 0 (2048 -242 0 ) (2048 0 0 ) (2367 0 0 ) (2367 -242 0 ) 
4 4 25 0 (2048 -242 0 ) (2048 -72 0 ) (2048 -72 -172 ) (2048 -242 -172 ) 
4 4 24 0 (2048 0 -166 ) (2048 0 -172 ) (2048 -72 -172 ) (2048 -72 -166 ) 
4 4 22 0 (2048 -72 0 ) (2048 0 0 ) (2048 0 -166 ) (2048 -72 -166 ) 
4 4 5 0 (2048 -72.449554 -172 ) (2048 0 -172 ) (2184 0 -172 ) (2184 -78.226547 -172 ) 
4 5 27 0 (2048 -72.449570 -172 ) (2048 0 -172 ) (2048 0 -223 ) (2048 -72.449562 -223 ) 
4 5 6 0 (2048 -72.449570 -223 ) (2048 0 -223 ) (2184 0 -223 ) (2184 -78.226563 -223 ) 
4 6 28 0 (2048 -72.554581 -223 ) (2048 0 -223 ) (2048 0 -600.142090 ) (2048 -72.554573 -600.142090 ) 
4 7 29 0 (1024 0 1 ) (1024 0 161 ) (1024 170 161 ) (1024 170 1 ) 
4 7 18 0 (1024 0 161 ) (1024 0 1 ) (1442 0 1 ) (1442 0 161 ) 
4 7 9 0 (1024 58 1 ) (1024 170 1 ) (1442 170 1 ) (1442 58 1 ) 
4 7 10 0 (1442 0 1 ) (1024 0 1 ) (1024 58 1 ) (1442 58 1 ) 
4 8 13 0 (1987 58 0 ) (1802 58 0 ) (1802 72 0 ) (1987 72 0 ) 
4 8 12 0 (2048 72 0 ) (2048 58 0 ) (1987 58 0 ) (1987 72 0 ) 
4 8 11 0 (2048 240 0 ) (2048 72 0 ) (1802 72 0 ) (1802 240 0 ) 
4 8 10 0 (1802 58 0 ) (2048 58 0 ) (2048 58 1 ) (1802 58 1 ) 
4 9 29 0 (1024 58 1 ) (1024 170 1 ) (1024 170 0 ) (1024 58 0 ) 
4 9 14 0 (1024 58 0 ) (1024 170 0 ) (1442 170 0 ) (1442 58 0 ) 
4 9 10 0 (1024 58 0 ) (1442 58 0 ) (1442 58 1 ) (1024 58 1 ) 
4 10 29 0 (1024 0 0 ) (1024 0 1 ) (1024 58 1 ) (1024 58 0 ) 
4 10 19 0 (1024 0 1 ) (1024 0 0 ) (2048 0 0 ) (2048 0 1 ) 
4 10 16 0 (1150.829712 0 0 ) (1024 0 0 ) (1024 58 0 ) (1150.829712 58 0 ) 
4 10 15 0 (1802 0 0 ) (1150.829712 0 0 ) (1150.829712 58 0 ) (1802 58 0 ) 
4 10 13 0 (1987 0 0 ) (1802 0 0 ) (1802 58 0 ) (1987 58 0 ) 
4 10 12 0 (2048 0 0 ) (1987 0 0 ) (1987 58 0 ) (2048 58 0 ) 
4 11 13 0 (1802 72 0 ) (1802 72 -172 ) (1987 72 -172 ) (1987 72 0 ) 
4 11 12 0 (1987 72 -172 ) (2048 72 -172 ) (2048 72 0 ) (1987 72 0 ) 
4 12 28 0 (2048 0 -600.142090 ) (2048 0 -223 ) (1987 0 -223 ) (1987 0 -602 ) 
4 12 27 0 (2048 0 -223 ) (2048 0 -172 ) (1987 0 -172 ) (1987 0 -223 ) 
4 12 24 0 (2048 0 -172 ) (2048 0 -166 ) (1987 0 -166 ) (1987 0 -172 ) 
4 12 22 0 (2048 0 -166 ) (2048 0 0 ) (1987 0 0 ) (1987 0 -166 ) 
4 12 13 0 (1987 72 0 ) (1987 72 -172 ) (1987 0 -172 ) (1987 0 0 ) 
4 13 24 0 (1987 0 -172 ) (1987 0 -166 ) (1802 0 -166 ) (1802 0 -172 ) 
4 13 22 0 (1987 0 -166 ) (1987 0 0 ) (1802 0 0 ) (1802 0 -166 ) 
4 13 17 0 (1802 0 -172 ) (1802 0 -166 ) (1802 58 -166 ) (1802 58 -172 ) 
4 13 15 0 (1802 0 -166 ) (1802 0 0 ) (1802 58 0 ) (1802 58 -166 ) 
4 14 38 0 (1024 58 -23.770142 ) (1024 58 0 ) (1024 170 0 ) (1024 170 -23.770166 ) 
4 14 16 0 (1150.829712 58 0 ) (1024 58 0 ) (1024 58 -23.770166 ) (1442 58 -119 ) 
3 14 15 0 (1442 58 0 ) (1150.829712 58 0 ) (1442 58 -119 ) 
4 15 22 0 (1557 0 -166 ) (1802 0 -166 ) (1802 0 0 ) (1150.829712 0 0 ) 
4 15 17 0 (1583 58 -166 ) (1802 58 -166 ) (1802 0 -166 ) (1583 0 -166 ) 
4 15 16 0 (1150.828125 0 0 ) (1150.828125 58 0 ) (1442.005249 58 -119.001205 ) (1442.005249 0 -119.001205 ) 
4 16 38 0 (1024 0 -23.770172 ) (1024 0 0 ) (1024 58 0 ) (1024 58 -23.770168 ) 
4 16 23 0 (1024 0 0 ) (1024 0 -23.770168 ) (1442 0 -119 ) (1150.829712 0 0 ) 
3 17 24 0 (1802 0 -172 ) (1802 0 -166 ) (1583 0 -166 ) 
4 18 40 0 (1024 -200 161 ) (1024 0 161 ) (1024 0 1 ) (1024 -200 1 ) 
4 18 21 0 (1024 -200 1 ) (1024 -72 1 ) (1442 -72 1 ) (1442 -200 1 ) 
4 18 19 0 (1024 -72 1 ) (1024 0 1 ) (1442 0 1 ) (1442 -72 1 ) 
4 19 40 0 (1024 -72 1 ) (1024 0 1 ) (1024 0 0 ) (1024 -72 0 ) 
4 19 23 0 (1024 -72 0 ) (1024 0 0 ) (1150.829712 0 0 ) (1150.829712 -72 0 ) 
4 19 22 0 (1150.829712 0 0 ) (2048 0 0 ) (2048 -72 0 ) (1150.829712 -72 0 ) 
4 19 21 0 (1024 -72 0 ) (1442 -72 0 ) (1442 -72 1 ) (1024 -72 1 ) 
4 19 20 0 (1802 -72 0 ) (2048 -72 0 ) (2048 -72 1 ) (1802 -72 1 ) 
4 20 25 0 (1802 -72 0 ) (2048 -72 0 ) (2048 -242 0 ) (1802 -242 0 ) 
4 21 40 0 (1024 -200 1 ) (1024 -72 1 ) (1024 -72 0 ) (1024 -200 0 ) 
4 21 26 0 (1024 -200 0 ) (1024 -72 0 ) (1442 -72 0 ) (1442 -200 0 ) 
3 22 26 0 (1442 -72 0 ) (1150.829712 -72 0 ) (1442 -72 -119 ) 
4 22 25 0 (2048 -72 -166 ) (2048 -72 0 ) (1802 -72 0 ) (1802 -72 -166 ) 
4 22 24 0 (2048 -72 -166 ) (1583 -72 -166 ) (1583 0 -166 ) (2048 0 -166 ) 
4 22 23 0 (1442.008911 -72 -119.002029 ) (1150.833740 -72 0 ) (1150.833740 0 0 ) (1442.008911 0 -119.002022 ) 
4 23 49 0 (1024 -72 0 ) (1024 0 0 ) (1024 0 -23.770168 ) (1024 -72 -23.770172 ) 
4 23 26 0 (1150.829712 -72 0 ) (1024 -72 0 ) (1024 -72 -23.770168 ) (1442 -72 -119 ) 
5 24 27 0 (1987 0 -172 ) (2048 0 -172 ) (2048 -72 -172 ) (2037.416504 -72 -172 ) (1987 -69.858414 -172 ) 
4 24 25 0 (1802 -72 -172 ) (2048 -72 -172 ) (2048 -72 -166 ) (1802 -72 -166 ) 
3 25 27 0 (2037.416504 -72 -172 ) (2048 -72 -172 ) (2048 -72.449562 -172 ) 
4 26 49 0 (1024 -200 0 ) (1024 -72 0 ) (1024 -72 -23.770166 ) (1024 -200 -23.770172 ) 
4 27 28 0 (1987 -69.858414 -223 ) (1987 0 -223 ) (2048 0 -223 ) (2048 -72.449562 -223 ) 
4 29 40 0 (946 0 0 ) (1024 0 0 ) (1024 0 161 ) (946 0 161 ) 
4 29 38 0 (1024 0 0 ) (946 0 0 ) (946 170 0 ) (1024 170 0 ) 
4 29 35 0 (946 52 0 ) (946 0 0 ) (946 0 17 ) (946 52 17 ) 
4 29 30 0 (946 0 17 ) (946 0 161 ) (946 52 161 ) (946 52 17 ) 
4 30 41 0 (946 0 17 ) (946 0 161 ) (874 0 161 ) (874 0 17 ) 
4 30 35 0 (946 52 17 ) (946 0 17 ) (874 0 17 ) (874 52 17 ) 
4 30 31 0 (874 0 161 ) (874 52 161 ) (874 52 17 ) (874 0 17 ) 
4 31 42 0 (874 0 161 ) (848 0 161 ) (848 0 17 ) (874 0 17 ) 
4 31 32 0 (848 78 161 ) (848 78 17 ) (848 40 17 ) (848 40 161 ) 
4 31 33 0 (848 40 17 ) (848 0 17 ) (848 0 161 ) (848 40 161 ) 
4 32 33 0 (848 40 17 ) (848 40 170 ) (645 40 170 ) (645 40 17 ) 
4 33 43 0 (848 0 170 ) (610 0 170 ) (610 0 17 ) (848 0 17 ) 
4 33 34 0 (610 40 17 ) (610 0 17 ) (610 0 170 ) (610 40 170 ) 
4 34 45 0 (43 0 182 ) (43 0 17 ) (610 0 17 ) (610 0 182 ) 
4 34 36 0 (43 0 18 ) (43 0 178 ) (43 32 178 ) (43 32 18 ) 
4 35 46 0 (927.217346 0 0 ) (946 0 0 ) (946 0 17 ) (874 0 17 ) 
4 35 39 0 (946 0 0 ) (927.217346 0 0 ) (927.217346 52 0 ) (946 52 0 ) 
4 36 47 0 (43 0 18 ) (43 0 178 ) (18 0 178 ) (18 0 18 ) 
4 36 37 0 (18 0 18 ) (18 0 178 ) (18 32 178 ) (18 32 18 ) 
4 37 52 0 (0 0 19.330988 ) (0 0 195.330994 ) (0 46 195.330994 ) (0 46 19.330994 ) 
4 37 48 0 (0 0 195.330994 ) (0 0 19.330994 ) (18 0 18 ) (18 0 194 ) 
4 38 49 0 (1024 0 -23.770142 ) (1024 0 0 ) (946 0 0 ) (946 0 -6 ) 
4 38 39 0 (946 0 -6 ) (946 0 0 ) (946 52 0 ) (946 52 -6 ) 
3 39 50 0 (946 0 -6 ) (946 0 0 ) (927.217346 0 0 ) 
4 40 49 0 (946 0 0 ) (1024 0 0 ) (1024 -200 0 ) (946 -200 0 ) 
4 40 46 0 (946 0 17 ) (946 0 0 ) (946 -80 0 ) (946 -80 17 ) 
4 40 41 0 (946 0 161 ) (946 0 17 ) (946 -80 17 ) (946 -80 161 ) 
4 41 46 0 (874 0 17 ) (946 0 17 ) (946 -80 17 ) (874 -80 17 ) 
4 41 42 0 (874 0 17 ) (874 -80 17 ) (874 -80 161 ) (874 0 161 ) 
4 42 44 0 (848 -82 17 ) (848 -112 17 ) (848 -112 161 ) (848 -82 161 ) 
4 42 43 0 (848 0 17 ) (848 -82 17 ) (848 -82 161 ) (848 0 161 ) 
4 43 45 0 (610 0 170 ) (610 0 17 ) (610 -82 17 ) (610 -82 170 ) 
4 43 44 0 (848 -82 17 ) (848 -82 170 ) (645 -82 170 ) (645 -82 17 ) 
4 45 47 0 (43 0 178 ) (43 0 18 ) (43 -80 18 ) (43 -80 178 ) 
4 46 50 0 (927.217346 0 0 ) (946 0 0 ) (946 -80 0 ) (927.217346 -80 0 ) 
4 47 48 0 (18 0 178 ) (18 0 18 ) (18 -80 18 ) (18 -80 178 ) 
4 48 55 0 (0 0 195.330994 ) (0 0 19.330994 ) (0 -92 19.330988 ) (0 -92 195.330994 ) 
4 49 50 0 (946 -80 0 ) (946 0 0 ) (946 0 -6 ) (946 -80 -6 ) 
4 51 52 0 (-358 46 164 ) (-358 46 217 ) (-481 46 217 ) (-481 46 164 ) 
4 52 55 0 (0 0 19.330988 ) (0 0 195.330994 ) (-550 0 236 ) (-550 0 60 ) 
4 52 54 0 (-550 46 220 ) (-550 46 73 ) (-550 0 73 ) (-550 0 220 ) 
4 53 59 0 (-1024 0 220 ) (-1024 0 270.126465 ) (-1024 46 270.126465 ) (-1024 46 220 ) 
4 53 56 0 (-1024 0 270.126465 ) (-1024 0 220 ) (-581 0 220 ) (-581 0 236 ) 
4 53 54 0 (-1024 46 220 ) (-581 46 220 ) (-581 0 220 ) (-1024 0 220 ) 
4 54 59 0 (-1024 0 92.316856 ) (-1024 0 220 ) (-1024 46 220 ) (-1024 46 92.316856 ) 
5 54 57 0 (-1024 0 220 ) (-1024 0 92.316856 ) (-581 0 73 ) (-550 0 73 ) (-550 0 220 ) 
4 55 58 0 (-358 -92 217 ) (-481 -92 217 ) (-481 -92 164 ) (-358 -92 164 ) 
4 55 57 0 (-550 0 220 ) (-550 0 73 ) (-550 -92 73 ) (-550 -92 220 ) 
4 56 64 0 (-1024 0 270.126465 ) (-1024 0 220 ) (-1024 -92 220 ) (-1024 -92 270.126465 ) 
4 56 57 0 (-1024 0 220 ) (-581 0 220 ) (-581 -92 220 ) (-1024 -92 220 ) 
4 57 64 0 (-1024 0 220 ) (-1024 0 92.316856 ) (-1024 -92 92.316856 ) (-1024 -92 220 ) 
4 59 64 0 (-1024 0 92.316864 ) (-1024 0 270.126465 ) (-1269 0 289 ) (-1269 0 103 ) 
4 59 60 0 (-1269 0 110 ) (-1269 0 279 ) (-1269 40 279 ) (-1269 40 110 ) 
4 60 65 0 (-1269 0 110 ) (-1269 0 279 ) (-1299 0 279 ) (-1299 0 110 ) 
4 60 61 0 (-1299 0 110 ) (-1299 0 279 ) (-1299 40 279 ) (-1299 40 110 ) 
4 61 66 0 (-1299 0 106 ) (-1299 0 348 ) (-1378 0 358 ) (-1378 0 114.486343 ) 
4 61 62 0 (-1378 62 358 ) (-1378 62 114.484375 ) (-1378 0 114.484375 ) (-1378 0 358 ) 
4 62 67 0 (-1811 0 220 ) (-1811 0 161 ) (-1378 0 114.486343 ) (-1378 0 580 ) 
4 63 68 0 (-1819 0 0 ) (-1819 0 -610 ) (-1024 0 -610 ) (-1024 0 0 ) 
4 64 65 0 (-1269 0 279 ) (-1269 0 110 ) (-1269 -86 110 ) (-1269 -86 279 ) 
4 65 66 0 (-1299 0 279 ) (-1299 0 110 ) (-1299 -86 110 ) (-1299 -86 279 ) 
4 66 67 0 (-1378 0 358 ) (-1378 0 114.484375 ) (-1378 -109.625000 114.484375 ) (-1378 -109.625015 358 ) 
4 0 (2367 240 1 ) (2367 0 1 ) (2367 0 0 ) (2367 240 0 ) 
4 0 (2367 240 1 ) (2048 240 1 ) (2048 0 1 ) (2367 0 1 ) 
4 0 (2048 240 1 ) (2367 240 1 ) (2367 240 0 ) (2048 240 0 ) 
4 1 (2048 72 -172 ) (2048 240 -172 ) (2184 240 -172 ) (2184 72 -172 ) 
4 1 (2367 0 -172 ) (2184 0 -172 ) (2184 240 -172 ) (2367 240 -172 ) 
4 1 (2367 240 0 ) (2367 0 0 ) (2367 0 -172 ) (2367 240 -172 ) 
4 1 (2048 240 0 ) (2367 240 0 ) (2367 240 -172 ) (2048 240 -172 ) 
4 2 (2048 72 -600.142090 ) (2048 72 -172 ) (2184 72 -172 ) (2184 72 -596 ) 
4 2 (2184 72 -596 ) (2184 72 -172 ) (2184 0 -172 ) (2184 0 -596 ) 
4 2 (2048 72 -600.142090 ) (2184 72 -596 ) (2184 0 -596 ) (2048 0 -600.142151 ) 
4 3 (2367 0 1 ) (2367 -242 1 ) (2367 -242 0 ) (2367 0 0 ) 
4 3 (2367 -242 1 ) (2367 0 1 ) (2048 0 1 ) (2048 -242 1 ) 
4 3 (2048 -242 0 ) (2367 -242 0 ) (2367 -242 1 ) (2048 -242 1 ) 
4 4 (2048 -242 -172 ) (2048 -72.449554 -172 ) (2184 -78.226547 -172 ) (2184 -242 -172 ) 
4 4 (2184 0 -172 ) (2367 0 -172 ) (2367 -242 -172 ) (2184 -242 -172 ) 
4 4 (2367 0 0 ) (2367 -242 0 ) (2367 -242 -172 ) (2367 0 -172 ) 
4 4 (2048 -242 -172 ) (2367 -242 -172 ) (2367 -242 0 ) (2048 -242 0 ) 
4 5 (2184 -78.226563 -223 ) (2184 0 -223 ) (2184 0 -172 ) (2184 -78.226563 -172 ) 
4 5 (2048 -72.449127 -223 ) (2184 -78.226074 -223 ) (2184 -78.226074 -172 ) (2048 -72.449081 -172 ) 
4 6 (2048 -72.554581 -600.142090 ) (2048 0 -600.142090 ) (2184 0 -596 ) (2184 -78.250008 -596 ) 
4 6 (2184 -78.250008 -596 ) (2184 0 -596 ) (2184 0 -223 ) (2184 -78.250000 -223 ) 
4 6 (2184 -78.249512 -223 ) (2048 -72.554092 -223 ) (2048 -72.554199 -600.137329 ) (2184 -78.249634 -595.995178 ) 
4 7 (1442 170 161 ) (1442 170 1 ) (1024 170 1 ) (1024 170 161 ) 
4 7 (1442 170 161 ) (1442 0 161 ) (1442 0 1 ) (1442 170 1 ) 
4 7 (1024 0 161 ) (1442 0 161 ) (1442 170 161 ) (1024 170 161 ) 
4 8 (1802 170 0 ) (1802 58 0 ) (1802 58 1 ) (1802 170 1 ) 
4 8 (1802 240 0 ) (1802 170 0 ) (1802 170 1 ) (1802 240 1 ) 
4 8 (1802 240 1 ) (1802 58 1 ) (2048 58 1 ) (2048 240 1 ) 
4 8 (2048 240 1 ) (2048 240 0 ) (1802 240 0 ) (1802 240 1 ) 
4 9 (1024 170 1 ) (1442 170 1 ) (1442 170 0 ) (1024 170 0 ) 
4 9 (1442 58 1 ) (1442 58 0 ) (1442 170 0 ) (1442 170 1 ) 
4 10 (1442 58 1 ) (1802 58 1 ) (1802 58 0 ) (1442 58 0 ) 
4 10 (2048 58 1 ) (1442 58 1 ) (1442 0 1 ) (2048 0 1 ) 
4 11 (1802 72 -172 ) (1802 72 0 ) (1802 240 0 ) (1802 240 -172 ) 
4 11 (2048 72 -172 ) (1802 72 -172 ) (1802 240 -172 ) (2048 240 -172 ) 
4 11 (2048 240 0 ) (2048 240 -172 ) (1802 240 -172 ) (1802 240 0 ) 
4 12 (1987 72 -172 ) (1987 72 -602 ) (1987 0 -602 ) (1987 0 -172 ) 
4 12 (1987 72 -602 ) (1987 72 -172 ) (2048 72 -172 ) (2048 72 -600.142090 ) 
4 12 (1987 0 -602 ) (1987 72 -602 ) (2048 72 -600.142029 ) (2048 0 -600.142029 ) 
4 13 (1802 58 0 ) (1802 72 0 ) (1802 72 -172 ) (1802 58 -172 ) 
4 13 (1802 0 -172 ) (1802 72 -172 ) (1987 72 -172 ) (1987 0 -172 ) 
4 14 (1024 170 -23.770166 ) (1024 170 0 ) (1442 170 0 ) (1442 170 -119 ) 
4 14 (1442 170 -119 ) (1442 170 0 ) (1442 58 0 ) (1442 58 -119 ) 
4 14 (1442 58 -119.001953 ) (1024 58 -23.771912 ) (1024 170 -23.772102 ) (1442 170 -119.001953 ) 
4 15 (1557 58 -166 ) (1583 58 -166 ) (1583 0 -166 ) (1557 0 -166 ) 
4 15 (1442.005249 58 -119.001205 ) (1557.003906 58 -166 ) (1557.003906 0 -166 ) (1442.005249 0 -119.001205 ) 
5 15 (1557 58 -166 ) (1442 58 -119 ) (1442 58 0 ) (1802 58 0 ) (1802 58 -166 ) 
4 16 (1024 0 -23.772102 ) (1024 58 -23.772102 ) (1442 58 -119.001953 ) (1442 0 -119.001953 ) 
3 17 (1583 58 -166 ) (1802 58 -166 ) (1802 58 -172 ) 
4 17 (1802 0 -172 ) (1582.996094 0 -166 ) (1582.996094 58 -166 ) (1802 58 -172 ) 
4 18 (1442 0 161 ) (1442 -200 161 ) (1442 -200 1 ) (1442 0 1 ) 
4 18 (1442 -200 161 ) (1442 0 161 ) (1024 0 161 ) (1024 -200 161 ) 
4 18 (1024 -200 1 ) (1442 -200 1 ) (1442 -200 161 ) (1024 -200 161 ) 
4 19 (1442 -72 0 ) (1802 -72 0 ) (1802 -72 1 ) (1442 -72 1 ) 
4 19 (1442 -72 1 ) (2048 -72 1 ) (2048 0 1 ) (1442 0 1 ) 
4 20 (1802 -72 1 ) (1802 -72 0 ) (1802 -200 0 ) (1802 -200 1 ) 
4 20 (1802 -200 0 ) (1802 -242 0 ) (1802 -242 1 ) (1802 -200 1 ) 
4 20 (1802 -72 1 ) (1802 -242 1 ) (2048 -242 1 ) (2048 -72 1 ) 
4 20 (1802 -242 1 ) (1802 -242 0 ) (2048 -242 0 ) (2048 -242 1 ) 
4 21 (1024 -200 0 ) (1442 -200 0 ) (1442 -200 1 ) (1024 -200 1 ) 
4 21 (1442 -200 1 ) (1442 -200 0 ) (1442 -72 0 ) (1442 -72 1 ) 
5 22 (1802 -72 0 ) (1442 -72 0 ) (1442 -72 -119 ) (1557 -72 -166 ) (1802 -72 -166 ) 
4 22 (1583 -72 -166 ) (1557 -72 -166 ) (1557 0 -166 ) (1583 0 -166 ) 
4 22 (1557.003906 0 -166 ) (1557.003906 -72 -166 ) (1442.008911 -72 -119.002029 ) (1442.008911 0 -119.002022 ) 
4 23 (1024 0 -23.771912 ) (1442 0 -119.001953 ) (1442 -72 -119.001953 ) (1024 -72 -23.771912 ) 
3 24 (2037.416504 -72 -172 ) (1987 -72 -172 ) (1987 -69.858414 -172 ) 
4 24 (1802 0 -172 ) (1987 0 -172 ) (1987 -72 -172 ) (1802 -72 -172 ) 
3 24 (1802 -72 -172 ) (1802 -72 -166 ) (1583 -72 -166 ) 
4 24 (1801.996094 0 -172 ) (1801.996094 -72 -172 ) (1582.996094 -72 -166 ) (1582.996094 0 -166 ) 
5 25 (1987 -72 -172 ) (2037.416504 -72 -172 ) (2048 -72.449562 -172 ) (2048 -242 -172 ) (1987 -242 -172 ) 
4 25 (1802 -72 -172 ) (1987 -72 -172 ) (1987 -242 -172 ) (1802 -242 -172 ) 
4 25 (1802 -72 0 ) (1802 -72 -172 ) (1802 -200 -172 ) (1802 -200 0 ) 
4 25 (1802 -200 -172 ) (1802 -242 -172 ) (1802 -242 0 ) (1802 -200 0 ) 
4 25 (1802 -242 0 ) (1802 -242 -172 ) (2048 -242 -172 ) (2048 -242 0 ) 
4 26 (1442 -200 0 ) (1442 -200 -119 ) (1442 -72 -119 ) (1442 -72 0 ) 
4 26 (1442 -200 -119 ) (1442 -200 0 ) (1024 -200 0 ) (1024 -200 -23.770166 ) 
4 26 (1024 -72 -23.771126 ) (1442 -72 -119 ) (1442 -200 -119 ) (1024 -200 -23.771717 ) 
4 27 (1987 -69.858414 -172 ) (1987 0 -172 ) (1987 0 -223 ) (1987 -69.858414 -223 ) 
4 27 (1987 -69.858398 -172 ) (1987 -69.858398 -223 ) (2048 -72.449547 -223 ) (2048 -72.449219 -172 ) 
4 28 (1987 -70 -602 ) (1987 0 -602 ) (2048 0 -600.142029 ) (2048 -72.554573 -600.142029 ) 
4 28 (1987 -70 -223 ) (1987 0 -223 ) (1987 0 -602 ) (1987 -70 -602 ) 
4 28 (2048 -72.554077 -223 ) (1987 -70 -223 ) (1987 -70 -601.995117 ) (2048 -72.554199 -600.137268 ) 
4 29 (946 170 0 ) (946 52 0 ) (946 52 17 ) (946 170 17 ) 
4 29 (946 52 161 ) (946 78 161 ) (946 78 17 ) (946 52 17 ) 
4 29 (946 78 161 ) (946 170 161 ) (946 170 17 ) (946 78 17 ) 
4 29 (1024 170 161 ) (946 170 161 ) (946 0 161 ) (1024 0 161 ) 
4 29 (1024 170 0 ) (946 170 0 ) (946 170 161 ) (1024 170 161 ) 
4 30 (874 52 161 ) (874 0 161 ) (946 0 161 ) (946 52 161 ) 
4 30 (946 52 161 ) (946 52 17 ) (874 52 17 ) (874 52 161 ) 
4 31 (874 0 17 ) (848 0 17 ) (848 52 17 ) (874 52 17 ) 
4 31 (848 52 17 ) (848 78 17 ) (874 78 17 ) (874 52 17 ) 
4 31 (874 52 17 ) (874 78 17 ) (874 78 161 ) (874 52 161 ) 
4 31 (874 0 161 ) (874 78 161 ) (848 78 161 ) (848 0 161 ) 
4 31 (848 78 161 ) (874 78 161 ) (874 78 17 ) (848 78 17 ) 
4 32 (848 52 17 ) (848 40 17 ) (645 40 17 ) (645 52 17 ) 
4 32 (645 78 17 ) (848 78 17 ) (848 52 17 ) (645 52 17 ) 
4 32 (848 40 161 ) (848 78 161 ) (848 78 170 ) (848 40 170 ) 
4 32 (645 40 170 ) (848 40 170 ) (848 78 170 ) (645 78 170 ) 
4 32 (645 78 170 ) (848 78 170 ) (848 78 17 ) (645 78 17 ) 
4 32 (645 40 17 ) (645 40 170 ) (645 78 170 ) (645 78 17 ) 
4 33 (848 0 17 ) (610 0 17 ) (610 40 17 ) (848 40 17 ) 
4 33 (645 40 17 ) (610 40 17 ) (610 40 170 ) (645 40 170 ) 
4 33 (848 0 170 ) (848 40 170 ) (610 40 170 ) (610 0 170 ) 
4 33 (848 0 161 ) (848 40 161 ) (848 40 170 ) (848 0 170 ) 
4 34 (43 32 178 ) (43 46 178 ) (43 46 18 ) (43 32 18 ) 
4 34 (43 0 178 ) (43 0 182 ) (43 46 182 ) (43 46 178 ) 
4 34 (43 46 17 ) (43 0 17 ) (43 0 18 ) (43 46 18 ) 
4 34 (43 0 17 ) (43 46 17 ) (610 46 17 ) (610 0 17 ) 
4 34 (610 0 182 ) (610 46 182 ) (43 46 182 ) (43 0 182 ) 
4 34 (610 46 170 ) (610 40 170 ) (610 40 17 ) (610 46 17 ) 
4 34 (610 46 170 ) (610 46 182 ) (610 0 182 ) (610 0 170 ) 
4 34 (43 46 182 ) (610 46 182 ) (610 46 17 ) (43 46 17 ) 
4 35 (927.217346 52 0 ) (874 52 17 ) (946 52 17 ) (946 52 0 ) 
4 35 (927.228455 0 0 ) (874.007813 0 17 ) (874.007813 52 17 ) (927.228455 52 0 ) 
4 36 (43 0 178 ) (43 32 178 ) (18 32 178 ) (18 0 178 ) 
4 36 (18 0 18 ) (18 32 18 ) (43 32 18 ) (43 0 18 ) 
4 36 (18 32 178 ) (43 32 178 ) (43 32 18 ) (18 32 18 ) 
4 37 (18 46 194 ) (0 46 195.330994 ) (0 0 195.331055 ) (18 0 194 ) 
4 37 (18 46 178 ) (18 46 194 ) (18 0 194 ) (18 0 178 ) 
4 37 (18 32 18 ) (18 46 18 ) (18 46 178 ) (18 32 178 ) 
4 37 (18 46 194 ) (18 46 18 ) (0 46 19.330994 ) (0 46 195.330994 ) 
4 37 (0 46 19.331055 ) (18 46 18 ) (18 0 18 ) (0 0 19.330986 ) 
4 38 (946 52 0 ) (946 170 0 ) (946 170 -6 ) (946 52 -6 ) 
4 38 (1024 170 0 ) (1024 170 -23.770142 ) (946 170 -6 ) (946 170 0 ) 
4 38 (1024 0 -23.772114 ) (946 0 -6.001953 ) (946 170 -6.001953 ) (1024 170 -23.771484 ) 
3 39 (927.217346 52 0 ) (946 52 0 ) (946 52 -6 ) 
4 39 (946 0 -5.996095 ) (927.229614 0 0 ) (927.229614 52 0 ) (946 52 -5.996094 ) 
4 40 (946 -80 0 ) (946 -200 0 ) (946 -200 17 ) (946 -80 17 ) 
4 40 (946 -80 17 ) (946 -112 17 ) (946 -112 161 ) (946 -80 161 ) 
4 40 (946 -112 17 ) (946 -200 17 ) (946 -200 161 ) (946 -112 161 ) 
4 40 (1024 -200 161 ) (1024 0 161 ) (946 0 161 ) (946 -200 161 ) 
4 40 (1024 -200 161 ) (946 -200 161 ) (946 -200 0 ) (1024 -200 0 ) 
4 41 (946 -80 161 ) (946 0 161 ) (874 0 161 ) (874 -80 161 ) 
4 41 (874 -80 161 ) (874 -80 17 ) (946 -80 17 ) (946 -80 161 ) 
4 42 (848 0 17 ) (874 0 17 ) (874 -80 17 ) (848 -80 17 ) 
4 42 (874 -80 17 ) (874 -112 17 ) (848 -112 17 ) (848 -80 17 ) 
4 42 (874 -80 161 ) (874 -112 161 ) (874 -112 17 ) (874 -80 17 ) 
4 42 (874 0 161 ) (848 0 161 ) (848 -112 161 ) (874 -112 161 ) 
4 42 (848 -112 17 ) (874 -112 17 ) (874 -112 161 ) (848 -112 161 ) 
4 43 (610 0 17 ) (848 0 17 ) (848 -80 17 ) (610 -80 17 ) 
4 43 (848 -80 17 ) (848 -82 17 ) (610 -82 17 ) (610 -80 17 ) 
4 43 (645 -82 170 ) (610 -82 170 ) (610 -82 17 ) (645 -82 17 ) 
4 43 (848 -82 170 ) (848 0 170 ) (610 0 170 ) (610 -82 170 ) 
4 43 (848 -82 161 ) (848 0 161 ) (848 0 170 ) (848 -82 170 ) 
4 44 (848 -82 17 ) (848 -112 17 ) (645 -112 17 ) (645 -82 17 ) 
4 44 (848 -82 161 ) (848 -82 170 ) (848 -112 170 ) (848 -112 161 ) 
4 44 (848 -82 170 ) (645 -82 170 ) (645 -112 170 ) (848 -112 170 ) 
4 44 (645 -112 17 ) (848 -112 17 ) (848 -112 170 ) (645 -112 170 ) 
4 44 (645 -82 170 ) (645 -82 17 ) (645 -112 17 ) (645 -112 170 ) 
4 45 (43 -80 18 ) (43 -92 18 ) (43 -92 178 ) (43 -80 178 ) 
4 45 (43 0 182 ) (43 0 178 ) (43 -92 178 ) (43 -92 182 ) 
4 45 (43 0 18 ) (43 0 17 ) (43 -92 17 ) (43 -92 18 ) 
4 45 (43 -80 17 ) (43 0 17 ) (610 0 17 ) (610 -80 17 ) 
4 45 (43 -92 17 ) (43 -80 17 ) (610 -80 17 ) (610 -92 17 ) 
4 45 (610 -92 182 ) (610 0 182 ) (43 0 182 ) (43 -92 182 ) 
4 45 (610 -82 170 ) (610 -92 170 ) (610 -92 17 ) (610 -82 17 ) 
4 45 (610 -92 182 ) (610 -92 170 ) (610 0 170 ) (610 0 182 ) 
4 45 (43 -92 17 ) (610 -92 17 ) (610 -92 182 ) (43 -92 182 ) 
4 46 (946 -80 0 ) (946 -80 17 ) (874 -80 17 ) (927.217346 -80 0 ) 
4 46 (927.233032 0 0 ) (927.233032 -80 0 ) (874.015625 -80 17 ) (874.015625 0 17 ) 
4 47 (43 -80 178 ) (43 0 178 ) (18 0 178 ) (18 -80 178 ) 
4 47 (18 -80 18 ) (18 0 18 ) (43 0 18 ) (43 -80 18 ) 
4 47 (18 -80 18 ) (43 -80 18 ) (43 -80 178 ) (18 -80 178 ) 
4 48 (0 -92 195.331055 ) (18 -92 194 ) (18 0 194 ) (0 0 195.330994 ) 
4 48 (18 -92 194 ) (18 -92 178 ) (18 0 178 ) (18 0 194 ) 
4 48 (18 -80 178 ) (18 -92 178 ) (18 -92 18 ) (18 -80 18 ) 
4 48 (0 -92 195.330994 ) (0 -92 19.330994 ) (18 -92 18 ) (18 -92 194 ) 
4 48 (18 -92 18 ) (0 -92 19.330986 ) (0 0 19.331055 ) (18 0 18 ) 
4 49 (946 -200 0 ) (946 -80 0 ) (946 -80 -6 ) (946 -200 -6 ) 
4 49 (946 -200 0 ) (946 -200 -6 ) (1024 -200 -23.770142 ) (1024 -200 0 ) 
4 49 (1024 -200 -23.772114 ) (946 -200 -6.001953 ) (946 0 -6.001953 ) (1024 0 -23.771484 ) 
3 50 (946 -80 -6 ) (946 -80 0 ) (927.217346 -80 0 ) 
4 50 (946 0 -6 ) (946 -80 -6 ) (927.210938 -80 0 ) (927.210938 0 0 ) 
4 51 (-358 46 217 ) (-358 120 217 ) (-481 120 217 ) (-481 46 217 ) 
4 51 (-481 46 164 ) (-481 46 217 ) (-481 120 217 ) (-481 120 164 ) 
4 51 (-358 120 217 ) (-358 46 217 ) (-358 46 164 ) (-358 120 164 ) 
4 51 (-481 46 164 ) (-481 120 164 ) (-358 120 164 ) (-358 46 164 ) 
4 51 (-481 120 217 ) (-358 120 217 ) (-358 120 164 ) (-481 120 164 ) 
4 52 (-550 46 73 ) (-550 46 60 ) (-550 0 60 ) (-550 0 73 ) 
4 52 (-550 46 236 ) (-550 46 220 ) (-550 0 220 ) (-550 0 236 ) 
4 52 (0 46 195.331055 ) (-550 46 236 ) (-550 0 236 ) (0 0 195.331055 ) 
4 52 (-358 46 45.802811 ) (-358 46 221.802856 ) (0 46 195.330994 ) (0 46 19.330988 ) 
4 52 (-550 46 60 ) (-550 46 236 ) (-481 46 230.897903 ) (-481 46 54.897888 ) 
4 52 (-481 46 54.897896 ) (-481 46 164 ) (-358 46 164 ) (-358 46 45.802822 ) 
4 52 (-481 46 217 ) (-481 46 230.897888 ) (-358 46 221.802811 ) (-358 46 217 ) 
4 52 (-550 0 60 ) (-550 46 60 ) (0 46 19.330986 ) (0 0 19.330986 ) 
4 53 (-581 0 236 ) (-581 0 220 ) (-581 46 220 ) (-581 46 236 ) 
4 53 (-581 46 236 ) (-581 46 220 ) (-1024 46 220 ) (-1024 46 270.126465 ) 
4 53 (-1024 0 270.125000 ) (-581 0 236 ) (-581 46 236 ) (-1024 46 270.125977 ) 
4 54 (-581 46 73 ) (-550 46 73 ) (-550 0 73 ) (-581 0 73 ) 
4 54 (-581 0 220 ) (-550 0 220 ) (-550 46 220 ) (-581 46 220 ) 
5 54 (-550 46 220 ) (-550 46 73 ) (-581 46 73 ) (-1024 46 92.316856 ) (-1024 46 220 ) 
4 54 (-1024 46 92.317024 ) (-580.996094 46 73 ) (-580.996094 0 73 ) (-1024 0 92.317017 ) 
4 55 (-481 -92 217 ) (-550 -92 217 ) (-550 -92 164 ) (-481 -92 164 ) 
4 55 (-550 -92 164 ) (-550 -92 60 ) (-358 -92 45.802818 ) (-358 -92 164 ) 
5 55 (0 -92 19.330988 ) (0 -92 195.330994 ) (-293.047363 -92 217 ) (-358 -92 217 ) (-358 -92 45.802818 ) 
3 55 (-293.047363 -92 217 ) (-550 -92 236 ) (-550 -92 217 ) 
4 55 (-550 0 73 ) (-550 0 60 ) (-550 -92 60 ) (-550 -92 73 ) 
4 55 (-550 0 236 ) (-550 0 220 ) (-550 -92 220 ) (-550 -92 236 ) 
4 55 (-550 0 236 ) (-550 -92 236 ) (0 -92 195.330978 ) (0 0 195.330994 ) 
4 55 (0 -92 19.330650 ) (-550 -92 60 ) (-550 0 60 ) (0 0 19.330650 ) 
4 56 (-1024 -92 270.126465 ) (-1024 -92 220 ) (-581 -92 220 ) (-581 -92 236 ) 
4 56 (-581 -92 236 ) (-581 -92 220 ) (-581 0 220 ) (-581 0 236 ) 
4 56 (-1024 -92 270.125000 ) (-581 -92 236 ) (-581 0 236 ) (-1024 0 270.125977 ) 
4 57 (-1024 -92 217 ) (-1024 -92 164 ) (-550 -92 164 ) (-550 -92 217 ) 
5 57 (-1024 -92 164 ) (-1024 -92 92.316856 ) (-581 -92 73 ) (-550 -92 73 ) (-550 -92 164 ) 
4 57 (-1024 -92 220 ) (-1024 -92 217 ) (-550 -92 217 ) (-550 -92 220 ) 
4 57 (-581 0 73 ) (-550 0 73 ) (-550 -92 73 ) (-581 -92 73 ) 
4 57 (-581 -92 220 ) (-550 -92 220 ) (-550 0 220 ) (-581 0 220 ) 
4 57 (-1024 0 92.317024 ) (-580.996094 0 73 ) (-580.996094 -92 73 ) (-1024 -92 92.317017 ) 
4 58 (-481 -92 164 ) (-481 -168 164 ) (-481 -168 217 ) (-481 -92 217 ) 
4 58 (-358 -168 164 ) (-358 -92 164 ) (-358 -92 217 ) (-358 -168 217 ) 
4 58 (-481 -168 217 ) (-358 -168 217 ) (-358 -92 217 ) (-481 -92 217 ) 
4 58 (-481 -92 164 ) (-358 -92 164 ) (-358 -168 164 ) (-481 -168 164 ) 
4 58 (-481 -168 217 ) (-481 -168 164 ) (-358 -168 164 ) (-358 -168 217 ) 
4 59 (-1269 0 103 ) (-1269 0 110 ) (-1269 40 110 ) (-1269 40 103 ) 
4 59 (-1269 0 279 ) (-1269 0 289 ) (-1269 40 289 ) (-1269 40 279 ) 
4 59 (-1269 40 289 ) (-1269 46 289 ) (-1269 46 103 ) (-1269 40 103 ) 
4 59 (-1269 0 103 ) (-1269 46 103 ) (-1024 46 92.317352 ) (-1024 0 92.317352 ) 
4 59 (-1024 46 270.126465 ) (-1024 46 92.316864 ) (-1269 46 103 ) (-1269 46 289 ) 
4 59 (-1024 46 270.126892 ) (-1269 46 289 ) (-1269 0 289 ) (-1024 0 270.126923 ) 
4 60 (-1269 0 279 ) (-1269 40 279 ) (-1299 40 279 ) (-1299 0 279 ) 
4 60 (-1269 40 279 ) (-1269 40 110 ) (-1299 40 110 ) (-1299 40 279 ) 
4 60 (-1299 0 110 ) (-1299 40 110 ) (-1269 40 110 ) (-1269 0 110 ) 
4 61 (-1299 57.986237 348 ) (-1299 57.986237 106 ) (-1378 62 114.486328 ) (-1378 62 358 ) 
4 61 (-1299 57.986145 106 ) (-1299 57.986145 348 ) (-1299 40 348 ) (-1299 40 106 ) 
4 61 (-1299 40 279 ) (-1299 40 348 ) (-1299 0 348 ) (-1299 0 279 ) 
4 61 (-1299 40 106 ) (-1299 40 110 ) (-1299 0 110 ) (-1299 0 106 ) 
4 61 (-1378 62.004883 114.486328 ) (-1299 57.991024 106 ) (-1299 0 106 ) (-1378 0 114.486328 ) 
4 61 (-1299 0 348 ) (-1299 57.986122 348 ) (-1378 62 358 ) (-1378 0 358 ) 
4 62 (-1378 62 114.486328 ) (-1811 84 161 ) (-1811 84 220 ) (-1378 62 580 ) 
4 62 (-1811 0 161 ) (-1811 0 220 ) (-1811 84 220 ) (-1811 84 161 ) 
4 62 (-1811 0 161 ) (-1811 84.004883 161 ) (-1378 62.004883 114.486328 ) (-1378 0 114.486328 ) 
4 62 (-1378 0 580 ) (-1378 0 358 ) (-1378 62 358 ) (-1378 62 580 ) 
4 62 (-1378 0 580 ) (-1378 62 580 ) (-1811 84.008850 220 ) (-1811 0 220 ) 
4 63 (-1299 57.986145 0 ) (-1811 84 0 ) (-1811 0 0 ) (-1299 0 0 ) 
4 63 (-1299 57.986145 0 ) (-1299 248 0 ) (-1811 248 0 ) (-1811 84 0 ) 
4 63 (-1811 248 0 ) (-1819 248 0 ) (-1819 0 0 ) (-1811 0 0 ) 
4 63 (-1269 40 0 ) (-1299 40 0 ) (-1299 0 0 ) (-1269 0 0 ) 
4 63 (-1269 40 0 ) (-1269 248 0 ) (-1299 248 0 ) (-1299 40 0 ) 
4 63 (-1024 46 0 ) (-1269 46 0 ) (-1269 0 0 ) (-1024 0 0 ) 
4 63 (-1024 46 0 ) (-1024 248 0 ) (-1269 248 0 ) (-1269 46 0 ) 
4 63 (-1024 248 0 ) (-1024 0 0 ) (-1024 0 -610 ) (-1024 248 -610 ) 
4 63 (-1819 248 0 ) (-1819 248 -610 ) (-1819 0 -610 ) (-1819 0 0 ) 
4 63 (-1024 248 -610 ) (-1819 248 -610 ) (-1819 248 0 ) (-1024 248 0 ) 
4 63 (-1819 0 -610 ) (-1819 248 -610 ) (-1024 248 -610 ) (-1024 0 -610 ) 
4 64 (-1269 0 289 ) (-1269 0 279 ) (-1269 -86 279 ) (-1269 -86 289 ) 
4 64 (-1269 -86 110 ) (-1269 -92 110 ) (-1269 -92 289 ) (-1269 -86 289 ) 
4 64 (-1269 0 110 ) (-1269 0 103 ) (-1269 -92 103 ) (-1269 -92 110 ) 
4 64 (-1024 -92 92.316818 ) (-1269 -92 103 ) (-1269 0 103 ) (-1024 0 92.316826 ) 
4 64 (-1269 -92 289 ) (-1269 -92 103 ) (-1024 -92 92.316864 ) (-1024 -92 270.126465 ) 
4 64 (-1269 0 289 ) (-1269 -92 289 ) (-1024 -92 270.127411 ) (-1024 0 270.127411 ) 
4 65 (-1299 -86 279 ) (-1299 -86 110 ) (-1269 -86 110 ) (-1269 -86 279 ) 
4 65 (-1299 -86 110 ) (-1299 0 110 ) (-1269 0 110 ) (-1269 -86 110 ) 
4 65 (-1269 0 279 ) (-1299 0 279 ) (-1299 -86 279 ) (-1269 -86 279 ) 
4 66 (-1378 -109.625092 114.486343 ) (-1299 -113.935440 106 ) (-1299 -113.935440 348 ) (-1378 -109.625092 358 ) 
4 66 (-1299 -113.935333 110 ) (-1299 -113.935333 106 ) (-1299 0 106 ) (-1299 0 110 ) 
4 66 (-1299 -86 348 ) (-1299 -113.935333 348 ) (-1299 -113.935333 110 ) (-1299 -86 110 ) 
4 66 (-1299 -86 348 ) (-1299 -86 279 ) (-1299 0 279 ) (-1299 0 348 ) 
4 66 (-1299 -113.936035 106 ) (-1378 -109.625740 114.487305 ) (-1378 0 114.487305 ) (-1299 0 106 ) 
4 66 (-1299 -113.943054 348 ) (-1299 0 348 ) (-1378 0 358 ) (-1378 -109.632813 358 ) 
4 67 (-1811 -86 220 ) (-1811 -86 161 ) (-1378 -109.625092 114.486343 ) (-1378 -109.625092 580 ) 
4 67 (-1811 0 220 ) (-1811 0 161 ) (-1811 -86 161 ) (-1811 -86 220 ) 
4 67 (-1378 -109.625740 114.487305 ) (-1811 -86 161 ) (-1811 0 161 ) (-1378 0 114.487305 ) 
4 67 (-1378 -109.625031 580 ) (-1378 -109.625015 358 ) (-1378 0 358 ) (-1378 0 580 ) 
4 67 (-1811 0 220 ) (-1811 -86.006088 220 ) (-1378 -109.625000 580 ) (-1378 0 580 ) 
4 68 (-1811 -86 0 ) (-1299 -113.935341 0 ) (-1299 0 0 ) (-1811 0 0 ) 
4 68 (-1811 -86 0 ) (-1811 -250 0 ) (-1299 -250 0 ) (-1299 -113.935341 0 ) 
4 68 (-1819 -250 0 ) (-1811 -250 0 ) (-1811 0 0 ) (-1819 0 0 ) 
4 68 (-1299 -250 0 ) (-1269 -250 0 ) (-1269 0 0 ) (-1299 0 0 ) 
4 68 (-1269 -92 0 ) (-1024 -92 0 ) (-1024 0 0 ) (-1269 0 0 ) 
4 68 (-1269 -92 0 ) (-1269 -250 0 ) (-1024 -250 0 ) (-1024 -92 0 ) 
4 68 (-1024 0 0 ) (-1024 -250 0 ) (-1024 -250 -610 ) (-1024 0 -610 ) 
4 68 (-1819 0 -610 ) (-1819 -250 -610 ) (-1819 -250 0 ) (-1819 0 0 ) 
4 68 (-1819 -250 0 ) (-1819 -250 -610 ) (-1024 -250 -610 ) (-1024 -250 0 ) 
4 68 (-1024 -250 -610 ) (-1819 -250 -610 ) (-1819 0 -610 ) (-1024 0 -610 ) 
