PRT1
160
373
608
3 0 29 0 (274.720398 0 115.880066 ) (16 0 78.645073 ) (16 0 72.675781 ) 
4 1 35 0 (0 261 55 ) (0 513 55 ) (0 513 0 ) (0 261 0 ) 
4 1 2 0 (0 261 0 ) (0 513 0 ) (206 513 0 ) (206 261 0 ) 
4 2 42 0 (0 261 0 ) (0 513 0 ) (0 513 -119 ) (0 261 -119 ) 
4 3 5 0 (798 -2 188.951584 ) (592 -2 193.213013 ) (592 -2 179 ) (798 -2 179 ) 
4 4 5 0 (798 -2 188.951584 ) (798 -2 188 ) (798 -124 188 ) (798 -124 188.951569 ) 
4 5 6 0 (782 -124 176 ) (592 -124 176 ) (592 -2 176 ) (782 -2 176 ) 
4 6 13 0 (702 -124 164 ) (592 -124 164 ) (592 -2 164 ) (702 -2 164 ) 
4 6 11 0 (734 -124 164 ) (702 -124 164 ) (702 -2 164 ) (734 -2 164 ) 
4 6 8 0 (766 -124 164 ) (734 -124 164 ) (734 -2 164 ) (766 -2 164 ) 
4 6 7 0 (592 -2 168 ) (592 -2 164 ) (592 -124 164 ) (592 -124 168 ) 
4 7 13 0 (592 -124 164 ) (560 -124 164 ) (560 -2 164 ) (592 -2 164 ) 
4 8 11 0 (734 -124 151 ) (734 -124 164 ) (734 -2 164 ) (734 -2 151 ) 
3 8 9 0 (750 -2 151 ) (751 -2 151 ) (750 -124 151 ) 
4 8 10 0 (734 -124 151 ) (734 -2 151 ) (750 -2 151 ) (750 -124 151 ) 
3 9 10 0 (750 -124 151 ) (750 -2 151 ) (750 -2 150 ) 
4 10 11 0 (734 -124 139 ) (734 -124 151 ) (734 -2 151 ) (734 -2 139 ) 
4 11 13 0 (702 -124 127 ) (702 -124 164 ) (702 -2 164 ) (702 -2 127 ) 
4 11 12 0 (702 -124 127 ) (702 -2 127 ) (718 -2 127 ) (718 -124 127 ) 
4 12 13 0 (702 -124 114 ) (702 -124 127 ) (702 -2 127 ) (702 -2 114 ) 
4 13 26 0 (560 -13 102 ) (560 -113 102 ) (560 -113 137 ) (560 -13 137 ) 
4 13 14 0 (560 -2 102 ) (686 -2 102 ) (686 -124 102 ) (560 -124 102 ) 
4 14 26 0 (560 -113 102 ) (560 -13 102 ) (560 -13 90 ) (560 -113 90 ) 
4 14 15 0 (560 -2 90 ) (670 -2 90 ) (670 -124 90 ) (560 -124 90 ) 
4 15 26 0 (560 -113 90 ) (560 -13 90 ) (560 -13 77 ) (560 -113 77 ) 
4 15 16 0 (654 -124 77 ) (560 -124 77 ) (560 -2 77 ) (654 -2 77 ) 
4 16 26 0 (560 -113 77 ) (560 -13 77 ) (560 -13 65 ) (560 -113 65 ) 
4 16 17 0 (560 -2 65 ) (638 -2 65 ) (638 -124 65 ) (560 -124 65 ) 
4 17 26 0 (560 -113 65 ) (560 -13 65 ) (560 -13 53 ) (560 -113 53 ) 
4 17 21 0 (574 -124 53 ) (560 -124 53 ) (560 -2 53 ) (574 -2 53 ) 
4 17 20 0 (590 -124 53 ) (574 -124 53 ) (574 -2 53 ) (590 -2 53 ) 
4 17 18 0 (622 -124 53 ) (590 -124 53 ) (590 -2 53 ) (622 -2 53 ) 
4 18 20 0 (590 -124 40 ) (590 -124 53 ) (590 -2 53 ) (590 -2 40 ) 
4 18 19 0 (590 -124 40 ) (590 -2 40 ) (606 -2 40 ) (606 -124 40 ) 
4 19 20 0 (590 -124 28 ) (590 -124 40 ) (590 -2 40 ) (590 -2 28 ) 
4 20 21 0 (574 -124 18 ) (574 -124 53 ) (574 -2 53 ) (574 -2 17 ) 
4 21 26 0 (560 -113 53 ) (560 -13 53 ) (560 -13 16 ) (560 -113 16 ) 
4 21 22 0 (572 -124 16 ) (560 -124 16 ) (560 -2 16 ) (573 -2 16 ) 
4 22 27 0 (560 -2 4 ) (560 -2 3 ) (560 -113 3 ) (560 -113 4 ) 
4 22 23 0 (560 -13 16 ) (560 -2 16 ) (560 -2 4 ) (560 -13 4 ) 
4 22 26 0 (560 -113 16 ) (560 -13 16 ) (560 -13 4 ) (560 -113 4 ) 
4 23 27 0 (558 -2 4 ) (560 -2 4 ) (560 -13 4 ) (558 -13 4 ) 
4 23 26 0 (558 -13 4 ) (560 -13 4 ) (560 -13 16 ) (558 -13 16 ) 
3 24 29 0 (500 -11 137 ) (500 -13 134 ) (500 -13 134.945038 ) 
3 24 25 0 (501.015564 -12.542985 134.685516 ) (501.021240 -13 134 ) (500 -13 134 ) 
4 24 26 0 (501.024780 -13 134 ) (501 -13 137 ) (500 -13 137 ) (500 -13 134 ) 
4 25 26 0 (501.289459 -13 101.974075 ) (501.024780 -13 134 ) (500 -13 134 ) (500 -13 16 ) 
4 26 30 0 (500 -113 4 ) (500 -113 135 ) (500 -13 135 ) (500 -13 4 ) 
4 26 27 0 (560 -113 4 ) (558 -113 4 ) (558 -13 4 ) (560 -13 4 ) 
4 29 30 0 (16 -13 65.287842 ) (16 -13 53.175774 ) (500 -13 134 ) (500 -13 134.945038 ) 
4 30 33 0 (16 -117 0 ) (16 -13 0 ) (477.223511 -13 0 ) (477.223511 -117 0 ) 
4 30 32 0 (16 -20 0 ) (16 -108 0 ) (16 -108 54 ) (16 -20 54 ) 
4 30 31 0 (477.224030 -13.108688 0 ) (477.224030 -13 0 ) (500 -13 4 ) (500 -13.410336 4 ) 
4 32 152 0 (0 -20 54 ) (0 -20 0 ) (0 -108 0 ) (0 -108 54 ) 
4 32 34 0 (0 -108 0 ) (0 -20 0 ) (16 -20 0 ) (16 -108 0 ) 
4 33 34 0 (16 -108 0 ) (16 -20 0 ) (16 -20 -81 ) (16 -108 -81 ) 
4 34 156 0 (0 -108 0 ) (0 -20 0 ) (0 -20 -81 ) (0 -108 -81 ) 
4 35 42 0 (0 513 0 ) (0 261 0 ) (-16 261 0 ) (-16 513 0 ) 
4 36 93 0 (-350 189 0 ) (-462 189 0 ) (-462 366 0 ) (-350 366 0 ) 
4 36 46 0 (-52 189 0 ) (-350 189 0 ) (-350 366 0 ) (-52 366 0 ) 
4 36 45 0 (-462 366 0 ) (-462 433 0 ) (-52 433 0 ) (-52 366 0 ) 
4 36 37 0 (-280 189 0 ) (-112 189 0 ) (-112 189 105 ) (-280 189 105 ) 
4 37 91 0 (-280 189 0 ) (-112 189 0 ) (-112 159 0 ) (-280 159 0 ) 
4 37 39 0 (-280 159 104 ) (-280 159 0 ) (-112 159 0 ) (-112 159 104 ) 
4 37 38 0 (-280 159 105 ) (-280 159 104 ) (-112 159 104 ) (-112 159 105 ) 
4 38 41 0 (-280 157 105 ) (-280 157 104 ) (-52 157 104 ) (-52 157 105 ) 
4 38 40 0 (-280 157 104 ) (-280 157 105 ) (-280 159 107.399994 ) (-280 159 104 ) 
4 38 39 0 (-112 157 104 ) (-280 157 104 ) (-280 159 104 ) (-112 159 104 ) 
4 39 91 0 (-112 157 0 ) (-280 157 0 ) (-280 159 0 ) (-112 159 0 ) 
4 39 41 0 (-280 157 0 ) (-112 157 0 ) (-112 157 104 ) (-280 157 104 ) 
4 40 41 0 (-308 157 104 ) (-280 157 104 ) (-280 157 105 ) (-308 157 105 ) 
4 41 153 0 (-308 0 0 ) (-52 0 0 ) (-52 0 105 ) (-308 0 105 ) 
4 41 92 0 (-280 0 0 ) (-308 0 0 ) (-308 157 0 ) (-280 157 0 ) 
4 41 91 0 (-112 0 0 ) (-280 0 0 ) (-280 157 0 ) (-112 157 0 ) 
4 41 90 0 (-52 0 0 ) (-112 0 0 ) (-112 157 0 ) (-52 157 0 ) 
4 42 43 0 (-16 426 -119 ) (-16 421.250000 -119 ) (-16 421.250000 -30 ) (-16 426 -30 ) 
4 42 44 0 (-16 421.250000 -119 ) (-16 354 -119 ) (-16 354 -30 ) (-16 421.250000 -30 ) 
4 43 44 0 (-32 421.250000 -119 ) (-16 421.250000 -119 ) (-16 421.250000 -30 ) (-32 421.250000 -30 ) 
4 44 89 0 (-52 366 -118 ) (-52 366 -119 ) (-52 354 -119 ) (-52 354 -118 ) 
3 44 78 0 (-52 366 -38 ) (-52 362 -40 ) (-52 364 -38 ) 
4 44 76 0 (-52 366 -48 ) (-52 366 -50 ) (-52 354 -50 ) (-52 354 -48 ) 
3 44 67 0 (-52 357 -48 ) (-52 354 -48 ) (-52 360 -42 ) 
5 44 66 0 (-52 366 -38 ) (-52 366 -48 ) (-52 357 -48 ) (-52 360 -42 ) (-52 362 -40 ) 
3 44 62 0 (-52 354 -48 ) (-52 354 -38 ) (-52 364 -38 ) 
4 44 79 0 (-52 366 -50 ) (-52 366 -118 ) (-52 354 -118 ) (-52 354 -50 ) 
4 44 47 0 (-52 366 -35 ) (-52 366 -38 ) (-52 354 -38 ) (-52 354 -35 ) 
4 44 46 0 (-52 354 -30 ) (-52 366 -30 ) (-52 366 -35 ) (-52 354 -35 ) 
4 44 45 0 (-52 366 -30 ) (-52 421.250000 -30 ) (-52 421.250000 -119 ) (-52 366 -119 ) 
4 45 136 0 (-462 366 -38 ) (-462 366 -119 ) (-350 366 -119 ) (-350 366 -38 ) 
4 45 99 0 (-462 366 -35 ) (-462 366 -38 ) (-356 366 -38 ) (-356 366 -35 ) 
4 45 93 0 (-350 366 0 ) (-462 366 0 ) (-462 366 -35 ) (-350 366 -35 ) 
4 45 89 0 (-52 366 -119 ) (-52 366 -118 ) (-350 366 -118 ) (-350 366 -119 ) 
4 45 82 0 (-350 366 -48 ) (-350 366 -50 ) (-156 366 -50 ) (-156 366 -48 ) 
4 45 80 0 (-156 366 -38 ) (-350 366 -38 ) (-350 366 -48 ) (-156 366 -48 ) 
4 45 83 0 (-350 366 -50 ) (-350 366 -118 ) (-156 366 -118 ) (-156 366 -50 ) 
4 45 77 0 (-154 366 -48 ) (-156 366 -48 ) (-156 366 -50 ) (-154 366 -50 ) 
4 45 76 0 (-52 366 -50 ) (-52 366 -48 ) (-154 366 -48 ) (-154 366 -50 ) 
4 45 72 0 (-155 366 -38 ) (-156 366 -38 ) (-156 366 -48 ) (-155 366 -48 ) 
4 45 66 0 (-52 366 -48 ) (-52 366 -38 ) (-155 366 -38 ) (-155 366 -48 ) 
4 45 79 0 (-52 366 -118 ) (-52 366 -50 ) (-156 366 -50 ) (-156 366 -118 ) 
4 45 47 0 (-52 366 -38 ) (-52 366 -35 ) (-148 366 -35 ) (-148 366 -38 ) 
4 45 46 0 (-52 366 -35 ) (-52 366 0 ) (-350 366 0 ) (-350 366 -35 ) 
4 46 93 0 (-350 366 0 ) (-350 366 -35 ) (-350 189 -35 ) (-350 189 0 ) 
4 46 91 0 (-280 189 -35 ) (-112 189 -35 ) (-112 189 0 ) (-280 189 0 ) 
4 46 48 0 (-166 350 -35 ) (-166 276 -35 ) (-338 276 -35 ) (-338 350 -35 ) 
4 46 47 0 (-148 366 -35 ) (-52 366 -35 ) (-52 259 -35 ) (-148 259 -35 ) 
4 46 49 0 (-52 189 -35 ) (-350 189 -35 ) (-350 259 -35 ) (-52 259 -35 ) 
4 47 78 0 (-148 366 -38 ) (-52 366 -38 ) (-52 364 -38 ) (-148 364 -38 ) 
4 47 63 0 (-52 267 -38 ) (-52 266 -38 ) (-148 266 -38 ) (-148 267 -38 ) 
4 47 64 0 (-52 266 -38 ) (-52 261 -38 ) (-148 261 -38 ) (-148 266 -38 ) 
4 47 62 0 (-52 364 -38 ) (-52 267 -38 ) (-148 267 -38 ) (-148 364 -38 ) 
4 47 56 0 (-52 261 -38 ) (-52 259 -38 ) (-148 259 -38 ) (-148 261 -38 ) 
4 47 49 0 (-148 259 -38 ) (-52 259 -38 ) (-52 259 -35 ) (-148 259 -35 ) 
4 48 84 0 (-166 349 -38 ) (-166 276 -38 ) (-338 276 -38 ) (-338 349 -38 ) 
4 49 98 0 (-350 259 -38 ) (-350 189 -38 ) (-350 189 -35 ) (-350 259 -35 ) 
4 49 91 0 (-280 189 -38 ) (-112 189 -38 ) (-112 189 -35 ) (-280 189 -35 ) 
4 49 85 0 (-156 189 -38 ) (-350 189 -38 ) (-350 259 -38 ) (-156 259 -38 ) 
4 49 52 0 (-155 189 -38 ) (-156 189 -38 ) (-156 259 -38 ) (-155 259 -38 ) 
4 49 51 0 (-52 189 -38 ) (-155 189 -38 ) (-155 259 -38 ) (-52 259 -38 ) 
4 50 65 0 (-154.500015 267 -44 ) (-154 267 -44 ) (-154 271 -48 ) (-155.500000 271 -48 ) 
4 50 62 0 (-154 267 -44 ) (-52 267 -44 ) (-52 271 -48 ) (-154 271 -48 ) 
3 50 60 0 (-156 270 -47 ) (-156 268 -45 ) (-155 267 -44 ) 
5 50 58 0 (-156 271 -48 ) (-156 270 -47 ) (-155 267 -44 ) (-154.500015 267 -44 ) (-155.500000 271 -48 ) 
4 50 53 0 (-154 271 -48 ) (-52 271 -48 ) (-52 267 -48 ) (-154 267 -48 ) 
5 50 51 0 (-156 267 -48 ) (-52 267 -48 ) (-52 267 -44 ) (-155 267 -44 ) (-156 267 -45 ) 
5 51 91 0 (-112 189 -38 ) (-155 189 -38 ) (-156 189 -45 ) (-156 189 -48 ) (-112 189 -48 ) 
4 51 85 0 (-156 189 -48 ) (-156 189 -45 ) (-156 267 -45 ) (-156 267 -48 ) 
3 51 65 0 (-154 267 -44 ) (-154.500000 267 -44 ) (-154 265 -42 ) 
4 51 63 0 (-52 266 -43 ) (-52 267 -44 ) (-154 267 -44 ) (-154 266 -43 ) 
5 51 64 0 (-152 263 -40 ) (-52 263 -40 ) (-52 266 -43 ) (-154 266 -43 ) (-154 265 -42 ) 
4 51 58 0 (-153.666672 263 -40 ) (-153.500000 263 -40 ) (-154.500000 267 -44 ) (-155 267 -44 ) 
4 51 56 0 (-52 262.996094 -39.998051 ) (-152 262.996094 -39.998051 ) (-151 259 -38 ) (-52 259 -38 ) 
4 51 54 0 (-154 189 -48 ) (-156 189 -48 ) (-156 264 -48 ) (-154 264 -48 ) 
4 51 53 0 (-52 189 -48 ) (-154 189 -48 ) (-154 267 -48 ) (-52 267 -48 ) 
6 51 52 0 (-155.858078 267 -44 ) (-156 267 -44.993130 ) (-156 189 -44.993130 ) (-155 189 -38 ) (-155 259.007813 -38 ) (-155.286133 263.007813 -40 ) 
3 52 91 0 (-155 189 -38 ) (-156 189 -38 ) (-156 189 -45 ) 
6 52 85 0 (-156 189 -45 ) (-156 189 -38 ) (-156 259 -38 ) (-156 263 -40 ) (-156 266.833344 -43.833332 ) (-156 267 -45 ) 
4 53 91 0 (-112 189 -48 ) (-154 189 -48 ) (-154 189 -81 ) (-112 189 -81 ) 
4 53 89 0 (-52 189 -118 ) (-154 189 -118 ) (-154 341 -118 ) (-52 341 -118 ) 
4 53 62 0 (-154 273 -50 ) (-154 271 -48 ) (-52 271 -48 ) (-52 273 -50 ) 
4 53 79 0 (-52 341 -118 ) (-154 341 -118 ) (-154 273 -50 ) (-52 273 -50 ) 
4 53 54 0 (-154 189 -48 ) (-154 264 -48 ) (-154 264 -50 ) (-154 189 -50 ) 
4 53 55 0 (-154 273 -50 ) (-154 341 -118 ) (-154 189 -118 ) (-154 189 -50 ) 
4 54 91 0 (-154 189 -50 ) (-154 189 -48 ) (-156 189 -48 ) (-156 189 -50 ) 
4 54 87 0 (-156 189 -50 ) (-156 189 -48 ) (-156 264 -48 ) (-156 264 -50 ) 
4 54 55 0 (-156 189 -50 ) (-156 264 -50 ) (-154 264 -50 ) (-154 189 -50 ) 
4 55 91 0 (-154 189 -81 ) (-154 189 -50 ) (-156 189 -50 ) (-156 189 -81 ) 
4 55 89 0 (-154 189 -118 ) (-156 189 -118 ) (-156 341 -118 ) (-154 341 -118 ) 
4 55 88 0 (-156 267 -118 ) (-156 189 -118 ) (-156 189 -50 ) (-156 267 -50 ) 
4 55 79 0 (-154 341 -118 ) (-156 341 -118 ) (-156 273 -50 ) (-154 273 -50 ) 
4 56 64 0 (-150 261 -38 ) (-52 261 -38 ) (-52 263 -40 ) (-152 263 -40 ) 
3 57 66 0 (-154.333328 360 -42 ) (-153 364 -38 ) (-154 360 -42 ) 
4 57 58 0 (-153 362 -38 ) (-154.334396 360 -42 ) (-153.998840 360 -42 ) (-152.998047 362 -38 ) 
5 58 75 0 (-156 354 -48 ) (-156 355 -47 ) (-155 358 -44 ) (-155 356 -46 ) (-155.500000 354 -48 ) 
3 58 68 0 (-155 358 -44 ) (-154.333328 360 -42 ) (-154 360 -42 ) 
3 58 67 0 (-155 358 -44 ) (-154 360 -42 ) (-155 356 -46 ) 
4 58 65 0 (-154 264.992188 -42 ) (-155.500000 270.992188 -48 ) (-155.500000 353.992188 -48 ) (-154 359.992188 -42 ) 
4 58 60 0 (-155 358.005859 -43.990253 ) (-156 355.005859 -46.990250 ) (-156 269.991211 -46.990250 ) (-155 266.992188 -43.990250 ) 
4 59 72 0 (-155 362 -40 ) (-155 360 -42 ) (-155.571426 360 -42 ) (-155.285706 362 -40 ) 
4 60 75 0 (-156 355 -47 ) (-156 357 -45 ) (-155 359 -43 ) (-155 358 -44 ) 
4 60 74 0 (-155.714294 359 -43 ) (-155.685715 359.200012 -42.799992 ) (-155 359.199982 -42.799988 ) (-155 359 -43 ) 
3 60 61 0 (-155 267 -43 ) (-155 267 -38 ) (-155.714279 267 -43 ) 
4 62 78 0 (-152 362 -40 ) (-150 364 -38 ) (-52 364 -38 ) (-52 362 -40 ) 
4 62 76 0 (-52 352 -50 ) (-154 352 -50 ) (-154 354 -48 ) (-52 354 -48 ) 
4 62 67 0 (-154 354 -48 ) (-154 360 -42 ) (-52 360 -42 ) (-52 354 -48 ) 
4 62 66 0 (-154 360 -42 ) (-152 362 -40 ) (-52 362 -40 ) (-52 360 -42 ) 
5 62 65 0 (-154 267 -42 ) (-154 360 -42 ) (-154 354 -48 ) (-154 271 -48 ) (-154 267 -44 ) 
6 62 63 0 (-152 267 -40 ) (-154 267 -42 ) (-154 267 -44 ) (-52 267 -44 ) (-52 267 -38 ) (-148 267 -38 ) 
4 62 79 0 (-52 273 -50 ) (-154 273 -50 ) (-154 352 -50 ) (-52 352 -50 ) 
4 63 65 0 (-154 266 -42 ) (-154 267 -42 ) (-154 267 -44 ) (-154 266 -43 ) 
6 63 64 0 (-152 266 -40 ) (-154 266 -42 ) (-154 266 -43 ) (-52 266 -43 ) (-52 266 -38 ) (-148 266 -38 ) 
3 64 65 0 (-154 265 -42 ) (-154 266 -42 ) (-154 266 -43 ) 
3 65 75 0 (-155.500000 354 -48 ) (-155 356 -46 ) (-155 354 -48 ) 
4 65 67 0 (-155 356 -46 ) (-154 360 -42 ) (-154 354 -48 ) (-155 354 -48 ) 
4 66 78 0 (-52 365.992188 -38 ) (-150.996094 365.992188 -38 ) (-152 361.996094 -40.001949 ) (-52 361.996094 -40.001949 ) 
4 66 77 0 (-155 361 -48 ) (-155 366 -48 ) (-154 366 -48 ) (-154 361 -48 ) 
4 66 76 0 (-154 366 -48 ) (-52 366 -48 ) (-52 357 -48 ) (-154 357 -48 ) 
3 66 75 0 (-155 359 -48 ) (-155 357 -48 ) (-155 359 -44 ) 
6 66 72 0 (-155 366 -48 ) (-155 359 -48 ) (-155 359 -44 ) (-155 360 -42 ) (-155 362 -40 ) (-155 366 -38 ) 
3 66 69 0 (-155 360 -42 ) (-155 359 -44 ) (-154.333344 360 -42 ) 
3 66 68 0 (-155 359 -44 ) (-154 360 -42 ) (-154.333344 360 -42 ) 
5 66 67 0 (-155 359 -44 ) (-155 357 -48 ) (-52 357 -48 ) (-52 360 -42 ) (-154 360 -42 ) 
4 67 76 0 (-52 354 -48 ) (-154 354 -48 ) (-154 357 -48 ) (-52 357 -48 ) 
4 67 75 0 (-155 357 -48 ) (-155 354 -48 ) (-155 358 -44 ) (-155 359 -44 ) 
3 67 68 0 (-154.003906 359.992188 -42.007805 ) (-155 358.996094 -44 ) (-155 358 -44 ) 
3 68 71 0 (-155 359 -43.992188 ) (-155 358.007843 -43.992188 ) (-154.669281 359 -43 ) 
4 68 70 0 (-155 359.001282 -43.992188 ) (-155 359 -43.992188 ) (-154.669281 359 -43 ) (-154.602615 359.199982 -42.800018 ) 
4 68 69 0 (-154.333344 360.007782 -41.992222 ) (-155 359.007813 -43.992188 ) (-155 359.001282 -43.992188 ) (-154.602615 359.199982 -42.800018 ) 
3 69 73 0 (-155 359.200012 -42.800011 ) (-155 360 -42 ) (-155 359 -44 ) 
4 69 70 0 (-155 359.198883 -42.801128 ) (-155 358.998047 -44.007813 ) (-154.996094 358.998047 -44.007813 ) (-154.593750 359.199219 -42.800785 ) 
3 70 74 0 (-155 359 -43 ) (-155 359.200012 -42.800011 ) (-155 359 -44 ) 
4 70 71 0 (-155 359 -43 ) (-155 359 -44 ) (-154.998703 359 -44 ) (-154.665375 359 -43 ) 
3 71 75 0 (-155 358 -44 ) (-155 359 -43 ) (-155 359 -44 ) 
6 72 80 0 (-156 366 -38 ) (-156 366 -48 ) (-156 359 -48 ) (-156 359 -44 ) (-156 360 -42 ) (-156 362 -40 ) 
4 72 77 0 (-156 361 -48 ) (-156 366 -48 ) (-155 366 -48 ) (-155 361 -48 ) 
5 72 75 0 (-156 359 -48 ) (-155 359 -48 ) (-155 359 -44 ) (-155.500000 359 -44 ) (-156 359 -45 ) 
4 72 73 0 (-156 359 -44.003902 ) (-155 359 -44.003902 ) (-155 360.003906 -41.996098 ) (-156 360.003906 -41.996098 ) 
4 73 74 0 (-156 359 -43.998051 ) (-155 359 -43.998051 ) (-155 359.199615 -42.800400 ) (-156 359.199615 -42.800400 ) 
3 74 81 0 (-156 359 -44 ) (-156 359 -43 ) (-156 359.200012 -42.799992 ) 
3 74 75 0 (-155 359 -44 ) (-155 359 -43 ) (-155.500000 359 -44 ) 
4 76 77 0 (-154 366 -50 ) (-154 361 -50 ) (-154 361 -48 ) (-154 366 -48 ) 
4 76 79 0 (-154 366 -50 ) (-52 366 -50 ) (-52 352 -50 ) (-154 352 -50 ) 
4 77 82 0 (-156 366 -48 ) (-156 366 -50 ) (-156 361 -50 ) (-156 361 -48 ) 
4 77 79 0 (-156 361 -50 ) (-156 366 -50 ) (-154 366 -50 ) (-154 361 -50 ) 
4 79 89 0 (-156 341 -118 ) (-156 366 -118 ) (-52 366 -118 ) (-52 341 -118 ) 
4 79 83 0 (-156 366 -118 ) (-156 359 -118 ) (-156 359 -50 ) (-156 366 -50 ) 
4 80 138 0 (-350 359.499969 -43 ) (-350 360 -42 ) (-350 360.666656 -41.333351 ) (-350 360 -43 ) 
4 80 137 0 (-350 359 -44 ) (-350 359.499969 -43 ) (-350 360 -43 ) (-350 359.599976 -44 ) 
3 80 147 0 (-350 359 -45.500031 ) (-350 359 -44 ) (-350 359.599976 -44 ) 
6 80 136 0 (-350 366 -38 ) (-350 366 -48 ) (-350 359 -48 ) (-350 359 -45.500031 ) (-350 360.666656 -41.333351 ) (-350 362 -40 ) 
4 80 82 0 (-350 361 -48 ) (-350 366 -48 ) (-156 366 -48 ) (-156 361 -48 ) 
4 82 136 0 (-350 366 -48 ) (-350 366 -50 ) (-350 361 -50 ) (-350 361 -48 ) 
4 82 83 0 (-350 361 -50 ) (-350 366 -50 ) (-156 366 -50 ) (-156 361 -50 ) 
4 83 136 0 (-350 366 -50 ) (-350 366 -118 ) (-350 359 -118 ) (-350 359 -50 ) 
4 83 89 0 (-350 359 -118 ) (-350 366 -118 ) (-156 366 -118 ) (-156 359 -118 ) 
7 85 100 0 (-350 189 -48 ) (-350 189 -38 ) (-350 259 -38 ) (-350 263 -40 ) (-350 266.833344 -43.833328 ) (-350 267 -45 ) (-350 267 -48 ) 
4 85 91 0 (-280 189 -48 ) (-156 189 -48 ) (-156 189 -38 ) (-280 189 -38 ) 
4 85 87 0 (-156 264 -48 ) (-156 189 -48 ) (-350 189 -48 ) (-350 264 -48 ) 
4 85 86 0 (-348 267 -48 ) (-156 267 -48 ) (-156 266 -48 ) (-348 266 -48 ) 
4 86 88 0 (-348 267 -50 ) (-156 267 -50 ) (-156 266 -50 ) (-348 266 -50 ) 
4 87 100 0 (-350 189 -50 ) (-350 189 -48 ) (-350 264 -48 ) (-350 264 -50 ) 
4 87 91 0 (-280 189 -50 ) (-156 189 -50 ) (-156 189 -48 ) (-280 189 -48 ) 
4 87 88 0 (-156 264 -50 ) (-156 189 -50 ) (-350 189 -50 ) (-350 264 -50 ) 
4 88 100 0 (-350 267 -118 ) (-350 189 -118 ) (-350 189 -50 ) (-350 267 -50 ) 
4 88 91 0 (-280 189 -81 ) (-156 189 -81 ) (-156 189 -50 ) (-280 189 -50 ) 
4 88 89 0 (-156 189 -118 ) (-350 189 -118 ) (-350 267 -118 ) (-156 267 -118 ) 
4 89 136 0 (-350 366 -118 ) (-350 366 -119 ) (-350 342 -119 ) (-350 341 -118 ) 
4 89 100 0 (-350 342 -119 ) (-350 189 -119 ) (-350 189 -118 ) (-350 341 -118 ) 
4 90 157 0 (-52 0 -81 ) (-52 0 0 ) (-112 0 0 ) (-112 0 -81 ) 
4 90 91 0 (-112 157 -81 ) (-112 0 -81 ) (-112 0 0 ) (-112 157 0 ) 
4 91 157 0 (-112 0 0 ) (-280 0 0 ) (-280 0 -81 ) (-112 0 -81 ) 
4 91 92 0 (-280 157 -81 ) (-280 0 -81 ) (-280 0 0 ) (-280 157 0 ) 
4 92 157 0 (-280 0 0 ) (-308 0 0 ) (-308 0 -81 ) (-280 0 -81 ) 
4 93 99 0 (-462 366 -35 ) (-356 366 -35 ) (-356 189 -35 ) (-462 189 -35 ) 
4 93 98 0 (-350 259 -35 ) (-350 189 -35 ) (-356 189 -35 ) (-356 259 -35 ) 
4 94 99 0 (-356 365 -38 ) (-356 364 -38 ) (-356 360.333344 -37 ) (-356 361 -37 ) 
3 94 96 0 (-354 365 -38 ) (-356 365 -38 ) (-356 361 -37 ) 
4 94 95 0 (-354.003906 364.992188 -38 ) (-356 361 -37.001953 ) (-356 360.340485 -37.001957 ) (-354.003906 364 -38 ) 
3 95 99 0 (-356 360.333344 -37 ) (-356 358.500000 -36.500000 ) (-356 361 -37 ) 
5 95 96 0 (-350 365 -38 ) (-354 365 -38 ) (-356 361 -37 ) (-356 360.992188 -36.998047 ) (-350 360.992188 -36.998047 ) 
4 95 97 0 (-356 361.038879 -37.009727 ) (-356 358.520966 -36.506340 ) (-350 358.520966 -36.506340 ) (-350 361.038879 -37.009727 ) 
3 96 149 0 (-356 366 -38 ) (-354 366 -38 ) (-356 365 -38 ) 
3 96 99 0 (-356 366 -38 ) (-356 365 -38 ) (-356 361 -37 ) 
4 96 97 0 (-350 365.992188 -38 ) (-356 365.992188 -38 ) (-356 361.038879 -37.009727 ) (-350 361.038879 -37.009727 ) 
3 97 99 0 (-356 366 -38 ) (-356 358.500000 -36.500000 ) (-356 353 -35 ) 
4 98 100 0 (-350 259 -38 ) (-350 189 -38 ) (-356 189 -38 ) (-356 259 -38 ) 
4 98 99 0 (-356 259 -38 ) (-356 189 -38 ) (-356 189 -35 ) (-356 259 -35 ) 
4 99 148 0 (-462 366 -38 ) (-356 366 -38 ) (-356 364 -38 ) (-462 364 -38 ) 
4 99 130 0 (-356 264 -38 ) (-356 261 -38 ) (-462 261 -38 ) (-462 264 -38 ) 
4 99 124 0 (-356 362 -38 ) (-356 266 -38 ) (-462 266 -38 ) (-462 362 -38 ) 
4 99 115 0 (-356 364 -38 ) (-356 362 -38 ) (-462 362 -38 ) (-462 364 -38 ) 
4 99 105 0 (-356 266 -38 ) (-356 264 -38 ) (-462 264 -38 ) (-462 266 -38 ) 
4 99 101 0 (-356 261 -38 ) (-356 259 -38 ) (-462 259 -38 ) (-462 261 -38 ) 
4 99 100 0 (-356 259 -38 ) (-356 189 -38 ) (-462 189 -38 ) (-462 259 -38 ) 
4 100 147 0 (-350 312.500000 -89.500000 ) (-350 333.142853 -110.142853 ) (-462 333.142853 -110.142853 ) (-462 312.500000 -89.500000 ) 
4 100 136 0 (-350 333.142853 -110.142853 ) (-350 342 -119 ) (-462 342 -119 ) (-462 333.142853 -110.142853 ) 
4 100 134 0 (-350 266 -43 ) (-350.571442 265.285706 -42.285709 ) (-351.200012 263.399994 -40.400002 ) (-350.857147 263.857147 -40.857151 ) 
3 100 133 0 (-350 265 -42 ) (-350 266 -43 ) (-350.857147 263.857147 -40.857151 ) 
3 100 131 0 (-350 266 -43 ) (-350 267 -44 ) (-350.571442 265.285706 -42.285709 ) 
6 100 130 0 (-350 267 -44 ) (-350 268.499969 -45.499962 ) (-462 268.499969 -45.499962 ) (-462 263 -40 ) (-352.400024 263 -40 ) (-350.571442 265.285706 -42.285709 ) 
4 100 124 0 (-350 268.499969 -45.499962 ) (-350 312.500000 -89.500000 ) (-462 312.500000 -89.500000 ) (-462 268.499969 -45.499962 ) 
4 100 101 0 (-353.001007 262.996094 -39.998051 ) (-462 262.996094 -39.998055 ) (-462 259 -38 ) (-354 259 -38 ) 
5 101 130 0 (-462 261 -38 ) (-356 261 -38 ) (-353.333344 262.333344 -39.333336 ) (-353 263 -40 ) (-462 263 -40 ) 
4 103 133 0 (-350.004730 266.997650 -42.988255 ) (-350 266.997650 -42.988255 ) (-350 266.405304 -42 ) (-350.857178 265.720306 -40.857109 ) 
3 103 107 0 (-350.155334 266.768951 -42.613640 ) (-350.858826 265.713715 -40.854889 ) (-350.858795 266.475861 -40.854931 ) 
4 103 104 0 (-350.859375 266.476563 -40.859375 ) (-350 266.667542 -42.005196 ) (-350 266.769440 -42.616726 ) (-350.156250 266.769531 -42.617188 ) 
4 104 108 0 (-350.858795 266.568665 -40.854935 ) (-350.003906 266.996094 -42.992188 ) (-350.155334 266.768951 -42.613640 ) (-350.858795 266.475861 -40.854931 ) 
6 105 130 0 (-462 264.007813 -38 ) (-462 266.997650 -42.988258 ) (-350.337250 266.997650 -42.988255 ) (-350.571411 266.576599 -42.285759 ) (-352.666687 265.006775 -39.666660 ) (-356 264.007813 -38 ) 
6 105 124 0 (-350.335938 266.998047 -42.992168 ) (-462 266.998047 -42.992161 ) (-462 266 -38 ) (-356 266 -38 ) (-352.666718 266.332947 -39.666634 ) (-350.571442 266.856750 -42.285702 ) 
3 105 106 0 (-350.332031 267 -43 ) (-350.568359 266.859375 -42.292976 ) (-350.568359 266.575775 -42.292976 ) 
3 106 132 0 (-350.337250 266.997650 -42.988255 ) (-350.009430 266.997650 -42.988255 ) (-350.571411 266.576599 -42.285759 ) 
3 106 108 0 (-350.007782 266.997681 -42.996132 ) (-350.568359 266.858429 -42.295010 ) (-350.568359 266.576996 -42.295010 ) 
5 107 134 0 (-350.009430 266.997650 -42.988255 ) (-350.004730 266.997650 -42.988255 ) (-350.857178 265.720306 -40.857140 ) (-351.199982 265.446320 -40.400013 ) (-350.571411 266.576599 -42.285759 ) 
5 107 108 0 (-350.301758 266.769257 -42.615433 ) (-350.574219 266.712891 -42.273438 ) (-351.198425 266.400787 -40.400780 ) (-351 266.417328 -40.500000 ) (-350.155609 266.768585 -42.614300 ) 
3 110 113 0 (-351.203156 361.043732 -40.390610 ) (-351.203156 360.804688 -40.390594 ) (-352.996094 362 -38 ) 
4 110 112 0 (-351.198456 360.796875 -40.400764 ) (-351.198456 361.039703 -40.400764 ) (-351.996094 361.996857 -38.007813 ) (-351.996094 361.992188 -38.007813 ) 
3 111 136 0 (-352 364 -38 ) (-350.857208 361.142944 -40.857063 ) (-351.199982 361.599976 -40.400032 ) 
4 111 112 0 (-351.993469 361.988281 -38.023460 ) (-351.202332 361.038879 -40.396912 ) (-350.851563 360.851563 -40.867188 ) (-351.988373 361.988373 -38.023243 ) 
3 112 128 0 (-352 362 -38 ) (-351.199524 360.799286 -40.401455 ) (-350.856323 360.570404 -40.859222 ) 
4 112 113 0 (-350.861633 360.861633 -40.845951 ) (-350.861633 360.577026 -40.845940 ) (-351.203156 360.804688 -40.390594 ) (-351.203156 361.043732 -40.390610 ) 
4 113 128 0 (-350.856323 360.570404 -40.859222 ) (-351.199524 360.799286 -40.401455 ) (-351 360.499969 -41 ) (-350.666656 360.333313 -41.333366 ) 
4 113 125 0 (-351.199524 360.799286 -40.401455 ) (-351.200989 360.800262 -40.399517 ) (-352 361 -40 ) (-351 360.499969 -41 ) 
3 113 123 0 (-350.003967 360.001984 -41.996052 ) (-350.856323 360.570404 -40.859222 ) (-350.666656 360.333313 -41.333366 ) 
4 113 121 0 (-350.666687 360.666656 -41.333305 ) (-350.666687 360.333344 -41.333313 ) (-351 360.500000 -41 ) (-351 360.799988 -41 ) 
3 113 117 0 (-351 360.500000 -41 ) (-354 362 -38 ) (-351 360.799988 -41 ) 
3 113 114 0 (-350.666687 360.666656 -41.333305 ) (-350 360 -42 ) (-350.666687 360.333344 -41.333313 ) 
3 114 138 0 (-350.666718 360.666748 -41.333267 ) (-350 360 -42 ) (-350.400055 360 -42 ) 
3 114 123 0 (-350.401581 360.001984 -41.996052 ) (-350.003967 360.001984 -41.996052 ) (-350.666656 360.333313 -41.333366 ) 
3 114 121 0 (-350.397675 360 -42 ) (-350.660156 360.328125 -41.343750 ) (-350.660156 360.656250 -41.343750 ) 
4 115 150 0 (-353.333344 362.666687 -39.333328 ) (-352.666656 362.333344 -39.666679 ) (-352.399994 362 -40 ) (-353 362 -40 ) 
5 115 148 0 (-462 362 -40 ) (-462 364 -38 ) (-356 364 -38 ) (-353.333344 362.666687 -39.333328 ) (-353 362 -40 ) 
3 115 137 0 (-351.333313 360.666656 -41.333359 ) (-350.800018 360 -42 ) (-351 360 -42 ) 
4 115 147 0 (-462 360 -42 ) (-462 360.666656 -41.333336 ) (-351.333313 360.666656 -41.333359 ) (-351 360 -42 ) 
4 115 136 0 (-462 360.666656 -41.333336 ) (-462 362 -40 ) (-352.399994 362 -40 ) (-351.333313 360.666656 -41.333359 ) 
5 115 124 0 (-462 362 -38 ) (-462 360.001984 -41.996048 ) (-350.803131 360.001984 -41.996052 ) (-352.666718 361.166687 -39.666634 ) (-356 362 -38 ) 
5 115 119 0 (-352.671875 361.334351 -39.664063 ) (-352.671875 361.156250 -39.664063 ) (-351.326874 360.315125 -41.346298 ) (-351.326874 360.655975 -41.346298 ) (-351.334198 360.665161 -41.337147 ) 
3 115 118 0 (-352.671875 362.343750 -39.664063 ) (-352.671875 361.334351 -39.664063 ) (-351.334198 360.665161 -41.337147 ) 
3 115 117 0 (-351.326874 360.315125 -41.346298 ) (-350.785431 359.976532 -42.023499 ) (-351.326874 360.655975 -41.346298 ) 
4 116 136 0 (-352 362 -40 ) (-351 361 -41 ) (-350.888885 360.666656 -41.333370 ) (-351.333405 360.666748 -41.333260 ) 
3 116 120 0 (-350.998352 361 -41.001629 ) (-350.998352 360.799347 -41.001629 ) (-350.887268 360.665924 -41.335186 ) 
4 116 118 0 (-351.334595 360.671875 -41.330791 ) (-351.334595 360.667664 -41.330791 ) (-352 361.200012 -40 ) (-352 362 -40 ) 
5 116 117 0 (-352.007813 361.203125 -39.992188 ) (-351.343750 360.671875 -41.320313 ) (-351.333344 360.666656 -41.333332 ) (-350.890198 360.666656 -41.333328 ) (-351.001953 360.800781 -40.998043 ) 
4 117 139 0 (-350.888885 360.666656 -41.333370 ) (-350.666687 360 -42 ) (-350.800018 360 -42 ) (-351.333405 360.666748 -41.333260 ) 
5 117 125 0 (-350.803131 360.001984 -41.996052 ) (-350.667999 360.001984 -41.996052 ) (-351 360.500000 -41 ) (-352 361 -40 ) (-351.333374 360.333374 -41.333267 ) 
4 117 121 0 (-350.998352 360.799347 -41.001629 ) (-350.998352 360.492188 -41.001629 ) (-350.659790 359.981659 -42.018360 ) (-350.887268 360.665924 -41.335186 ) 
4 117 119 0 (-351.334595 360.667664 -41.330791 ) (-351.334595 360.328125 -41.330791 ) (-352 360.992188 -40 ) (-352 361.200012 -40 ) 
3 118 150 0 (-352.666656 362.333344 -39.666679 ) (-352 362 -40 ) (-352.399994 362 -40 ) 
3 118 136 0 (-352 362 -40 ) (-351.333405 360.666748 -41.333260 ) (-352.399994 362 -40 ) 
3 118 119 0 (-352.664063 361.332031 -39.664063 ) (-351.343689 360.671814 -41.320431 ) (-352.005188 361.201019 -39.997406 ) 
3 119 125 0 (-352 361 -40 ) (-352.666718 361.166687 -39.666634 ) (-351.333374 360.333374 -41.333267 ) 
4 119 122 0 (-352.666687 361.157867 -39.666679 ) (-352.003906 360.992188 -39.998047 ) (-352.003906 361.200806 -39.998047 ) (-352.666687 361.333313 -39.666672 ) 
3 120 136 0 (-351 361 -41 ) (-350.666718 360.666748 -41.333267 ) (-350.888885 360.666656 -41.333370 ) 
3 120 121 0 (-351.009155 360.805756 -40.990875 ) (-350.895844 360.669952 -41.330063 ) (-350.670929 360.670929 -41.329075 ) 
4 121 139 0 (-350.666718 360.666748 -41.333267 ) (-350.400055 360 -42 ) (-350.666687 360 -42 ) (-350.888885 360.666656 -41.333370 ) 
4 121 128 0 (-350.667999 360.001984 -41.996052 ) (-350.401581 360.001984 -41.996052 ) (-350.666656 360.333313 -41.333366 ) (-351 360.500000 -41 ) 
3 123 140 0 (-350.400024 360 -42 ) (-350 360 -42 ) (-350 359 -43 ) 
4 123 128 0 (-350.857117 360.575317 -40.857193 ) (-350.406250 360.011719 -41.984375 ) (-350.081848 359.200775 -42.795372 ) (-350.857117 359.523804 -40.857189 ) 
3 124 144 0 (-350.399994 359.199982 -42.800041 ) (-350 358 -44 ) (-350.600006 359.199982 -42.800041 ) 
4 124 141 0 (-351 360 -42 ) (-350.666656 360 -42 ) (-350.399994 359.199982 -42.800041 ) (-350.600006 359.199982 -42.800041 ) 
5 124 147 0 (-350 312.500000 -89.500000 ) (-462 312.500000 -89.500000 ) (-462 360 -42 ) (-351 360 -42 ) (-350 358 -44 ) 
5 124 130 0 (-462 266.997650 -42.988258 ) (-462 268.507813 -45.507813 ) (-350 268.507813 -45.507805 ) (-350 267.604065 -44 ) (-350.337250 266.997650 -42.988255 ) 
6 124 126 0 (-350.566406 359.141388 -42.292980 ) (-350.566406 359.707031 -42.292980 ) (-350.785156 359.980469 -42.019527 ) (-350.816406 360 -41.980465 ) (-352.667969 360 -39.666019 ) (-352.667969 359.666809 -39.666019 ) 
3 124 125 0 (-350.816406 360 -41.980465 ) (-352.667969 361.157227 -39.666019 ) (-352.667969 360 -39.666019 ) 
3 125 128 0 (-350.668030 360 -41.992188 ) (-351.197693 360.794556 -40.403088 ) (-351.197693 360 -40.403088 ) 
4 125 126 0 (-352.674347 360 -39.662834 ) (-350.804688 360 -42 ) (-350.668854 360 -42 ) (-351.200012 360 -40.399986 ) 
6 126 128 0 (-350.662811 359.992188 -42.007813 ) (-350.668030 360 -41.992188 ) (-351.197693 360 -40.403088 ) (-351.197693 359.519379 -40.403088 ) (-350.569275 359.142303 -42.288437 ) (-350.569275 359.711548 -42.288437 ) 
4 126 127 0 (-351.203125 360 -40.398438 ) (-352.666718 360 -39.666641 ) (-352.666687 359.669800 -39.666660 ) (-351.200012 359.523132 -40.399994 ) 
4 128 143 0 (-350.666656 360 -42 ) (-350.400024 360 -42 ) (-350 359 -43 ) (-350.571381 359.714233 -42.285797 ) 
4 128 129 0 (-352 360 -38 ) (-350.570313 359.285156 -42.289063 ) (-350.161560 359.199982 -42.800022 ) (-350.080017 359.199982 -42.800022 ) 
3 130 132 0 (-350 267.599365 -43.997711 ) (-350.461395 266.768951 -42.613659 ) (-350 267 -43.997711 ) 
5 130 131 0 (-350.461395 266.768951 -42.613659 ) (-350.570221 266.573120 -42.287247 ) (-350.570221 265.287231 -42.287247 ) (-350 266.997711 -43.997711 ) (-350 267 -43.997711 ) 
4 131 134 0 (-350 267.002899 -43 ) (-350.566406 266.578125 -42.292976 ) (-350.566406 265.292999 -42.292976 ) (-350 266.001007 -43 ) 
4 131 132 0 (-350.303345 266.770142 -42.616901 ) (-350 266.833344 -42.996078 ) (-350 267.002319 -44.002319 ) (-350.460938 266.771484 -42.617188 ) 
5 133 134 0 (-350.146698 266.776428 -42.627377 ) (-350 266.837555 -42.994152 ) (-350 265.994141 -42.994152 ) (-350.847656 263.875000 -40.875000 ) (-350.847656 265.718750 -40.875000 ) 
3 136 151 0 (-353.984558 365.930420 -38.030937 ) (-353.333374 363.330719 -39.333324 ) (-351.996124 361.996094 -40.001945 ) 
3 136 150 0 (-353.333374 363.330719 -39.333324 ) (-353 361.996094 -40.001945 ) (-351.996124 361.996094 -40.001945 ) 
3 136 149 0 (-354 365.992188 -38 ) (-356 365.992188 -38 ) (-353.333374 363.330719 -39.333324 ) 
5 136 148 0 (-356 365.992188 -38 ) (-462 365.992188 -38 ) (-462 361.996094 -40.001945 ) (-353 361.996094 -40.001945 ) (-353.333374 363.330719 -39.333324 ) 
3 136 139 0 (-350.666443 360.667969 -41.333988 ) (-351.333069 360.667969 -41.333988 ) (-350 360.001526 -43 ) 
3 136 138 0 (-350 360.667969 -41.333988 ) (-350.666443 360.667969 -41.333988 ) (-350 360.001526 -43 ) 
3 136 137 0 (-351.333069 360.667969 -41.333988 ) (-350 359.601501 -44 ) (-350 360.001526 -43 ) 
5 136 147 0 (-351.333069 360.667969 -41.333988 ) (-462 360.667969 -41.333988 ) (-462 333.143738 -110.143723 ) (-350 333.143738 -110.143723 ) (-350 359.601501 -44 ) 
3 137 142 0 (-350 359.001923 -44 ) (-350 359.501587 -43 ) (-350.571381 359.858490 -42.285809 ) 
5 137 141 0 (-351.002594 360.002594 -41.997414 ) (-350 359 -44.003895 ) (-350 359.001923 -44 ) (-350.571381 359.858490 -42.285809 ) (-350.802094 360.002594 -41.997414 ) 
5 137 139 0 (-350.801941 359.992188 -42.007835 ) (-350 359.492065 -43.008041 ) (-350 359.994385 -43.009380 ) (-351.328125 360.656250 -41.351563 ) (-351.328125 360.648438 -41.351563 ) 
4 137 147 0 (-351.332672 360.665344 -41.334656 ) (-350 359.599213 -44 ) (-350 359 -44 ) (-351 360 -42 ) 
3 138 140 0 (-350 359.501587 -43 ) (-350 360.002594 -41.997414 ) (-350.401062 360.002594 -41.997414 ) 
4 138 139 0 (-350 360.007813 -42.992210 ) (-350 359.500000 -42.992210 ) (-350.393738 359.992188 -42.007824 ) (-350.665619 360.671875 -41.328159 ) 
3 139 143 0 (-350 359.501587 -43 ) (-350.401062 360.002594 -41.997414 ) (-350.802094 360.002594 -41.997414 ) 
3 140 143 0 (-350.403625 360.007782 -41.992226 ) (-350 359.503082 -43.001621 ) (-350 359 -43 ) 
4 141 144 0 (-350.606659 359.199890 -42.800095 ) (-350.007813 359 -43.996094 ) (-350.001312 359 -43.996094 ) (-350.399872 359.199615 -42.800365 ) 
3 141 147 0 (-350 359 -44 ) (-350.600006 359.200012 -42.799999 ) (-351 360 -42 ) 
4 141 142 0 (-350.568359 359.859375 -42.292980 ) (-350.568359 359.707031 -42.292980 ) (-350.401154 359.205475 -42.794552 ) (-350.003906 359.006836 -43.986305 ) 
5 142 145 0 (-350.001312 359 -43.996094 ) (-350 359 -43.996094 ) (-350 359.165680 -43.001972 ) (-350.080475 359.199219 -42.800781 ) (-350.399872 359.199615 -42.800365 ) 
4 142 143 0 (-350.162445 359.197449 -42.802551 ) (-350 359.163727 -43.005848 ) (-350 359.497070 -43.005859 ) (-350.804688 360 -42 ) 
3 144 147 0 (-350 359 -44 ) (-350.500000 359 -43 ) (-350.600006 359.200012 -42.799999 ) 
4 144 145 0 (-350 359 -43.992188 ) (-350 359.001953 -43.992188 ) (-350.397949 359.200928 -42.799091 ) (-350.330933 359 -43 ) 
3 145 146 0 (-350.500000 359 -43 ) (-350 359 -44 ) (-350 359 -43 ) 
3 146 147 0 (-350 359 -44 ) (-350 358 -44 ) (-350.500000 359 -43 ) 
3 148 150 0 (-353.333344 362.658844 -39.333340 ) (-353 361.992188 -40 ) (-353.333344 363.325500 -39.333340 ) 
4 148 149 0 (-353.335907 363.001923 -39.332043 ) (-353.335907 363.320313 -39.332043 ) (-356 365.984406 -38 ) (-356 365 -38 ) 
3 149 151 0 (-353.333344 363 -39.333340 ) (-353.333344 363.325500 -39.333340 ) (-353.984283 365.929352 -38.031425 ) 
3 150 151 0 (-352 362 -40 ) (-353.335907 363.335938 -39.332043 ) (-353.335907 363.001953 -39.332043 ) 
4 152 156 0 (0 -20 0 ) (0 -108 0 ) (-52 -108 0 ) (-52 -20 0 ) 
4 152 153 0 (-52 -20 0 ) (-52 -108 0 ) (-52 -108 54 ) (-52 -20 54 ) 
4 153 157 0 (-308 0 0 ) (-52 0 0 ) (-52 -357 0 ) (-308 -357 0 ) 
4 153 154 0 (-308 -246 0 ) (-308 -303 0 ) (-308 -303 16 ) (-308 -246 16 ) 
4 154 158 0 (-308 -246 0 ) (-308 -303 0 ) (-340 -303 0 ) (-340 -246 0 ) 
4 154 155 0 (-340 -246 0 ) (-340 -303 0 ) (-340 -303 16 ) (-340 -246 16 ) 
4 155 159 0 (-340 -100 0 ) (-340 -357 0 ) (-526 -357 0 ) (-526 -100 0 ) 
4 156 157 0 (-52 -20 -81 ) (-52 -108 -81 ) (-52 -108 0 ) (-52 -20 0 ) 
4 157 158 0 (-308 -246 -81 ) (-308 -303 -81 ) (-308 -303 0 ) (-308 -246 0 ) 
4 158 159 0 (-340 -303 0 ) (-340 -246 0 ) (-340 -246 -81 ) (-340 -303 -81 ) 
3 0 (16 0 72.675781 ) (16 0 78.645065 ) (16 12.632837 91.625031 ) 
3 0 (16 12.623260 91.610664 ) (16 0 78.640625 ) (274.528046 0 115.847946 ) 
3 0 (16 0 72.683243 ) (16 12.631348 91.629883 ) (274.689697 0 115.882019 ) 
4 1 (206 513 55 ) (206 261 55 ) (206 261 0 ) (206 513 0 ) 
4 1 (206 261 55 ) (206 513 55 ) (16 513 55 ) (16 261 55 ) 
4 1 (16 261 55 ) (16 513 55 ) (0 513 55 ) (0 261 55 ) 
4 1 (0 261 0 ) (206 261 0 ) (206 261 55 ) (0 261 55 ) 
4 1 (0 513 55 ) (206 513 55 ) (206 513 0 ) (0 513 0 ) 
4 2 (206 513 0 ) (206 261 0 ) (206 261 -119 ) (206 513 -119 ) 
4 2 (0 261 -119 ) (0 513 -119 ) (206 513 -119 ) (206 261 -119 ) 
4 2 (0 261 -119 ) (206 261 -119 ) (206 261 0 ) (0 261 0 ) 
4 2 (0 513 0 ) (206 513 0 ) (206 513 -119 ) (0 513 -119 ) 
4 3 (798 -1 188.951645 ) (592 -1 193.213074 ) (592 -2 193.213074 ) (798 -2 188.951645 ) 
4 3 (798 -1 188.951584 ) (798 -1 179 ) (592 -1 179 ) (592 -1 193.213013 ) 
4 3 (592 -2 179 ) (592 -2 193.213013 ) (592 -1 193.213013 ) (592 -1 179 ) 
4 3 (798 -2 179 ) (592 -2 179 ) (592 -1 179 ) (798 -1 179 ) 
4 3 (798 -1 188.953125 ) (798 -2 188.953125 ) (798 -2 179 ) (798 -1 179 ) 
4 4 (798 -2 188.951416 ) (798 -124 188.951416 ) (799.191589 -124 188.926773 ) (799.191589 -2 188.926773 ) 
3 4 (798 -2 188 ) (798 -2 188.951584 ) (799.191833 -2 188.926926 ) 
3 4 (799.191833 -124 188.926926 ) (798 -124 188.951584 ) (798 -124 188 ) 
4 4 (798 -124 188 ) (798 -2 188 ) (799.191406 -2 188.925781 ) (799.191406 -124 188.925781 ) 
4 5 (592 -2 193.213013 ) (592 -2 176 ) (592 -124 176 ) (592 -124 193.213013 ) 
4 5 (798 -124 176 ) (782 -124 176 ) (782 -2 176 ) (798 -2 176 ) 
4 5 (592 -124 193.213013 ) (592 -124 176 ) (798 -124 176 ) (798 -124 188.951569 ) 
4 5 (798 -2 176 ) (592 -2 176 ) (592 -2 179 ) (798 -2 179 ) 
4 5 (798 -124 188 ) (798 -124 176 ) (798 -2 176 ) (798 -2 188 ) 
4 5 (592 -2 193.212875 ) (592 -124 193.212875 ) (798 -124 188.951416 ) (798 -2 188.951416 ) 
4 6 (782 -124 164 ) (766 -124 164 ) (766 -2 164 ) (782 -2 164 ) 
4 6 (592 -2 176 ) (592 -2 168 ) (592 -124 168 ) (592 -124 176 ) 
4 6 (782 -2 164 ) (592 -2 164 ) (592 -2 176 ) (782 -2 176 ) 
4 6 (592 -124 164 ) (782 -124 164 ) (782 -124 176 ) (592 -124 176 ) 
4 6 (782 -2 176 ) (782 -124 176 ) (782 -124 164 ) (782 -2 164 ) 
4 7 (560 -124 164 ) (560 -124 168 ) (560 -113 168 ) (560 -113 164 ) 
4 7 (560 -113 168 ) (560 -2 168 ) (560 -2 164 ) (560 -113 164 ) 
4 7 (560 -124 168 ) (560 -124 164 ) (592 -124 164 ) (592 -124 168 ) 
4 7 (592 -2 168 ) (592 -2 164 ) (560 -2 164 ) (560 -2 168 ) 
4 7 (560 -124 168 ) (592 -124 168 ) (592 -2 168 ) (560 -2 168 ) 
4 8 (751 -2 151 ) (766 -2 151 ) (766 -124 151 ) (750 -124 151 ) 
4 8 (766 -124 151 ) (766 -124 164 ) (734 -124 164 ) (734 -124 151 ) 
4 8 (766 -2 151 ) (734 -2 151 ) (734 -2 164 ) (766 -2 164 ) 
4 8 (766 -2 151 ) (766 -2 164 ) (766 -124 164 ) (766 -124 151 ) 
3 9 (750 -2 150 ) (750 -2 151 ) (751 -2 151 ) 
4 9 (750 -124 150.997314 ) (750 -2 149.997314 ) (751.002686 -2 151 ) (750.002686 -124 151 ) 
4 10 (750 -2 150 ) (750 -124 151 ) (750 -124 139 ) (750 -2 139 ) 
4 10 (750 -2 151 ) (750 -2 139 ) (734 -2 139 ) (734 -2 151 ) 
4 10 (750 -124 151 ) (734 -124 151 ) (734 -124 139 ) (750 -124 139 ) 
4 10 (734 -124 139 ) (734 -2 139 ) (750 -2 139 ) (750 -124 139 ) 
4 11 (718 -2 127 ) (734 -2 127 ) (734 -124 127 ) (718 -124 127 ) 
4 11 (734 -124 127 ) (734 -124 164 ) (702 -124 164 ) (702 -124 127 ) 
4 11 (734 -2 127 ) (702 -2 127 ) (702 -2 164 ) (734 -2 164 ) 
4 11 (734 -2 127 ) (734 -2 139 ) (734 -124 139 ) (734 -124 127 ) 
4 12 (702 -124 114 ) (702 -2 114 ) (718 -2 114 ) (718 -124 114 ) 
4 12 (718 -124 127 ) (702 -124 127 ) (702 -124 114 ) (718 -124 114 ) 
4 12 (718 -2 127 ) (718 -2 114 ) (702 -2 114 ) (702 -2 127 ) 
4 12 (718 -2 127 ) (718 -124 127 ) (718 -124 114 ) (718 -2 114 ) 
4 13 (560 -124 102 ) (560 -124 164 ) (560 -113 164 ) (560 -113 102 ) 
4 13 (560 -2 137 ) (560 -2 102 ) (560 -13 102 ) (560 -13 137 ) 
4 13 (560 -113 164 ) (560 -2 164 ) (560 -2 137 ) (560 -113 137 ) 
4 13 (686 -2 102 ) (702 -2 102 ) (702 -124 102 ) (686 -124 102 ) 
4 13 (560 -124 164 ) (560 -124 102 ) (702 -124 102 ) (702 -124 164 ) 
4 13 (592 -2 164 ) (592 -2 102 ) (560 -2 102 ) (560 -2 164 ) 
4 13 (702 -2 102 ) (592 -2 102 ) (592 -2 164 ) (702 -2 164 ) 
4 13 (702 -2 102 ) (702 -2 114 ) (702 -124 114 ) (702 -124 102 ) 
4 14 (560 -124 90 ) (560 -124 102 ) (560 -113 102 ) (560 -113 90 ) 
4 14 (560 -13 102 ) (560 -2 102 ) (560 -2 90 ) (560 -13 90 ) 
4 14 (670 -2 90 ) (686 -2 90 ) (686 -124 90 ) (670 -124 90 ) 
4 14 (686 -2 102 ) (686 -2 90 ) (592 -2 90 ) (592 -2 102 ) 
4 14 (592 -2 102 ) (592 -2 90 ) (560 -2 90 ) (560 -2 102 ) 
4 14 (560 -124 102 ) (560 -124 90 ) (686 -124 90 ) (686 -124 102 ) 
4 14 (686 -2 102 ) (686 -124 102 ) (686 -124 90 ) (686 -2 90 ) 
4 15 (560 -124 77 ) (560 -124 90 ) (560 -113 90 ) (560 -113 77 ) 
4 15 (560 -13 90 ) (560 -2 90 ) (560 -2 77 ) (560 -13 77 ) 
4 15 (670 -124 77 ) (654 -124 77 ) (654 -2 77 ) (670 -2 77 ) 
4 15 (670 -2 90 ) (670 -2 77 ) (592 -2 77 ) (592 -2 90 ) 
4 15 (592 -2 90 ) (592 -2 77 ) (560 -2 77 ) (560 -2 90 ) 
4 15 (560 -124 90 ) (560 -124 77 ) (670 -124 77 ) (670 -124 90 ) 
4 15 (670 -2 90 ) (670 -124 90 ) (670 -124 77 ) (670 -2 77 ) 
4 16 (560 -124 65 ) (560 -124 77 ) (560 -113 77 ) (560 -113 65 ) 
4 16 (560 -13 77 ) (560 -2 77 ) (560 -2 65 ) (560 -13 65 ) 
4 16 (638 -2 65 ) (654 -2 65 ) (654 -124 65 ) (638 -124 65 ) 
4 16 (654 -2 65 ) (654 -2 77 ) (654 -124 77 ) (654 -124 65 ) 
4 16 (560 -124 77 ) (560 -124 65 ) (654 -124 65 ) (654 -124 77 ) 
4 16 (592 -2 77 ) (592 -2 65 ) (560 -2 65 ) (560 -2 77 ) 
4 16 (654 -2 65 ) (592 -2 65 ) (592 -2 77 ) (654 -2 77 ) 
4 17 (560 -124 53 ) (560 -124 65 ) (560 -113 65 ) (560 -113 53 ) 
4 17 (560 -13 65 ) (560 -2 65 ) (560 -2 53 ) (560 -13 53 ) 
4 17 (638 -124 53 ) (622 -124 53 ) (622 -2 53 ) (638 -2 53 ) 
4 17 (638 -2 65 ) (638 -2 53 ) (592 -2 53 ) (592 -2 65 ) 
4 17 (592 -2 65 ) (592 -2 53 ) (560 -2 53 ) (560 -2 65 ) 
4 17 (560 -124 65 ) (560 -124 53 ) (638 -124 53 ) (638 -124 65 ) 
4 17 (638 -2 65 ) (638 -124 65 ) (638 -124 53 ) (638 -2 53 ) 
4 18 (606 -2 40 ) (622 -2 40 ) (622 -124 40 ) (606 -124 40 ) 
4 18 (622 -124 40 ) (622 -124 53 ) (590 -124 53 ) (590 -124 40 ) 
4 18 (590 -2 40 ) (590 -2 53 ) (592 -2 53 ) (592 -2 40 ) 
4 18 (622 -2 40 ) (592 -2 40 ) (592 -2 53 ) (622 -2 53 ) 
4 18 (622 -2 40 ) (622 -2 53 ) (622 -124 53 ) (622 -124 40 ) 
4 19 (606 -2 40 ) (606 -2 28 ) (592 -2 28 ) (592 -2 40 ) 
4 19 (590 -2 28 ) (590 -2 40 ) (592 -2 40 ) (592 -2 28 ) 
4 19 (606 -124 40 ) (590 -124 40 ) (590 -124 28 ) (606 -124 28 ) 
4 19 (590 -124 28 ) (590 -2 28 ) (606 -2 28 ) (606 -124 28 ) 
4 19 (606 -2 40 ) (606 -124 40 ) (606 -124 28 ) (606 -2 28 ) 
4 20 (590 -124 16 ) (574 -124 16 ) (574 -2 16 ) (590 -2 16 ) 
4 20 (574 -2 16 ) (574 -124 16 ) (574 -124 18 ) (574 -2 17 ) 
4 20 (574 -124 16 ) (590 -124 16 ) (590 -124 53 ) (574 -124 53 ) 
4 20 (574 -2 53 ) (590 -2 53 ) (590 -2 16 ) (574 -2 16 ) 
4 20 (590 -2 28 ) (590 -124 28 ) (590 -124 16 ) (590 -2 16 ) 
4 21 (560 -124 16 ) (560 -124 53 ) (560 -113 53 ) (560 -113 16 ) 
4 21 (560 -13 53 ) (560 -2 53 ) (560 -2 16 ) (560 -13 16 ) 
5 21 (574 -2 53 ) (574 -2 17 ) (573 -2 16 ) (560 -2 16 ) (560 -2 53 ) 
5 21 (560 -124 53 ) (560 -124 16 ) (572 -124 16 ) (574 -124 18 ) (574 -124 53 ) 
4 21 (571.998535 -124 16 ) (572.998535 -2 16 ) (574 -2 17.001347 ) (574 -124 18.001348 ) 
4 22 (560 -124 3 ) (560 -124 16 ) (560 -113 16 ) (560 -113 3 ) 
4 22 (574 -124 3 ) (560 -124 3 ) (560 -2 3 ) (574 -2 3 ) 
4 22 (574 -2 16 ) (573 -2 16 ) (572 -124 16 ) (574 -124 16 ) 
4 22 (560 -124 16 ) (560 -124 3 ) (574 -124 3 ) (574 -124 16 ) 
4 22 (574 -2 16 ) (574 -2 3 ) (560 -2 3 ) (560 -2 16 ) 
4 22 (574 -2 16 ) (574 -124 16 ) (574 -124 3 ) (574 -2 3 ) 
4 23 (558 -2 16 ) (558 -2 4 ) (558 -13 4 ) (558 -13 16 ) 
4 23 (558 -2 4 ) (558 -2 16 ) (560 -2 16 ) (560 -2 4 ) 
4 23 (560 -2 16 ) (558 -2 16 ) (558 -13 16 ) (560 -13 16 ) 
3 24 (500 -13 137 ) (500 -11 137 ) (500 -13 134.945038 ) 
4 24 (501 -13 137 ) (501.012085 -13 135.506058 ) (501.012085 -11.995964 135.506058 ) (501 -11 137 ) 
3 24 (501.012085 -13 135.506058 ) (501.024536 -13 134 ) (501.012085 -11.995964 135.506058 ) 
4 24 (500.996460 -11 137 ) (501.015564 -12.542985 134.685516 ) (500 -13 134 ) (500 -11 137 ) 
4 24 (501 -13 137 ) (501 -11 137 ) (500 -11 137 ) (500 -13 137 ) 
4 25 (501.024536 -13 134 ) (501.289307 -13 101.963821 ) (501.981628 -12.108272 18.201889 ) (501.018860 -12.541508 134.687744 ) 
3 25 (501.981079 -12.108517 18.554321 ) (501.289001 -13 102.295410 ) (500 -13 16.352806 ) 
4 25 (501.983612 -12.107376 17.982849 ) (500 -13 15.778617 ) (500 -13 134.007813 ) (501.023438 -12.539063 134.695313 ) 
4 26 (500 -113 135 ) (500 -113 137 ) (500 -13 137 ) (500 -13 135 ) 
4 26 (500 -113 137 ) (500 -113 4 ) (560 -113 4 ) (560 -113 137 ) 
5 26 (558 -113 4 ) (500 -113 4 ) (500 -13.410385 4 ) (505.633606 -13 4 ) (558 -13 4 ) 
3 26 (500 -13.410385 4 ) (500 -13 4 ) (505.633606 -13 4 ) 
3 26 (501.012360 -13 135.506180 ) (501 -13 137 ) (504 -13 137 ) 
5 26 (501.012360 -13 135.506180 ) (504 -13 137 ) (558 -13 137 ) (558 -13 4 ) (502.099182 -13 4 ) 
4 26 (500 -13 16 ) (501.289459 -13 101.974075 ) (502.099182 -13 4 ) (500 -13 4 ) 
4 26 (558 -13 16 ) (558 -13 137 ) (560 -13 137 ) (560 -13 16 ) 
4 26 (560 -13 137 ) (500 -13 137 ) (500 -113 137 ) (560 -113 137 ) 
4 27 (558 -113 3 ) (560 -113 3 ) (560 -113 4 ) (558 -113 4 ) 
4 27 (558 -8.695145 3 ) (558 -2 3 ) (560 -2 3 ) (560 -8.549462 3 ) 
4 27 (560 -113 3 ) (558 -113 3 ) (558 -8.695145 3 ) (560 -8.549462 3 ) 
4 27 (558 -8.695152 3 ) (558 -113 3 ) (558 -113 4 ) (558 -9.185356 4 ) 
4 27 (558 -2 3 ) (558 -8.695152 3 ) (558 -9.185356 4 ) (558 -2 4 ) 
4 27 (558 -2 3 ) (558 -2 4 ) (560 -2 4 ) (560 -2 3 ) 
3 28 (502 -12.774483 3 ) (502 -12.068961 3 ) (500.203278 -12.905366 3 ) 
3 28 (502 -12.775974 3 ) (500.207733 -12.906534 3 ) (502 -12.100007 1.620962 ) 
3 28 (502 -12.100011 3 ) (502 -12.769531 3 ) (502 -12.100010 1.634244 ) 
3 28 (502 -12.099609 3 ) (502 -12.099609 1.625000 ) (500.212860 -12.903828 3 ) 
3 29 (16 -12.450519 54 ) (16 -13 53.175777 ) (16 -13 54 ) 
5 29 (16 0 78.645073 ) (16 0 72.675781 ) (16 -12.450519 54 ) (16 -13 54 ) (16 -13 65.287849 ) 
5 29 (274.680908 0 115.882927 ) (500 -11.001869 137.006378 ) (500 -13 134.009140 ) (16 -13 53.184898 ) (16 0 72.685226 ) 
5 29 (16 0 78.640625 ) (16 -13 65.287109 ) (500 -13 134.944321 ) (500 -11.001522 136.997711 ) (274.613983 0 115.862289 ) 
4 30 (16 -108 54 ) (16 -108 65.288071 ) (16 -20 65.288071 ) (16 -20 54 ) 
4 30 (16 -20 42.675777 ) (16 -20 54 ) (16 -13 54 ) (16 -13 53.175781 ) 
4 30 (16 -13 0 ) (16 -20 0 ) (16 -20 42.675777 ) (16 -13 53.175781 ) 
4 30 (16 -20 54 ) (16 -20 65.288071 ) (16 -13 65.288071 ) (16 -13 54 ) 
4 30 (16 -108 0 ) (16 -117 0 ) (16 -117 65.288071 ) (16 -108 65.288071 ) 
4 30 (500 -117 4 ) (477.228394 -117 0 ) (477.224030 -13.108688 0 ) (500 -13.410336 4 ) 
5 30 (500 -117 4 ) (500 -117 135.001953 ) (16 -117 65.289063 ) (16 -117 0 ) (477.223511 -117 0 ) 
4 30 (500 -117 4 ) (500 -113 4 ) (500 -113 135 ) (500 -117 135 ) 
5 30 (500 -13 134 ) (500 -13 4 ) (477.223511 -13 0 ) (16 -13 0 ) (16 -13 53.175774 ) 
4 30 (500 -13 135 ) (16 -13 65.289063 ) (16 -117 65.289063 ) (500 -117 135 ) 
4 31 (500 -13 4 ) (500 -13 3.162836 ) (478.715973 -13 0 ) (477.223511 -13 0 ) 
3 31 (500 -13 3.162828 ) (500 -13 4 ) (500 -13.410378 4 ) 
4 31 (500 -13.404690 4 ) (477.224884 -13.103044 0 ) (478.639435 -13 0 ) (500 -13 3.174208 ) 
4 32 (0 -108 54 ) (0 -108 0 ) (16 -108 0 ) (16 -108 54 ) 
4 32 (16 -20 42.675777 ) (16 -20 0 ) (0 -20 0 ) (0 -20 40.003899 ) 
4 32 (14.043479 -20 54 ) (16 -20 54 ) (16 -20 42.675777 ) (14.211925 -20 42.377182 ) 
4 32 (14.043479 -20 54 ) (14.211925 -20 42.377182 ) (0 -20 40.003899 ) (0 -20 54 ) 
4 32 (16 -20 54 ) (0 -20 54 ) (0 -108 54 ) (16 -108 54 ) 
4 33 (16 -117 -81 ) (16 -117 0 ) (16 -108 0 ) (16 -108 -81 ) 
4 33 (16 -20 0 ) (16 -13 0 ) (16 -13 -81 ) (16 -20 -81 ) 
3 33 (477.223511 -117 0 ) (16 -117 0 ) (16 -117 -81 ) 
4 33 (477.223511 -13 0 ) (469.014954 -13 -1.441589 ) (16 -13 -68.760239 ) (16 -13 0 ) 
3 33 (469.014954 -13 -1.441587 ) (16 -13 -81 ) (16 -13 -68.760239 ) 
4 33 (477.226563 -117 0 ) (16 -117 -81 ) (16 -13 -81 ) (477.223572 -13 0 ) 
4 34 (0 -20 0 ) (16 -20 0 ) (16 -20 -81 ) (0 -20 -81 ) 
4 34 (16 -20 -81 ) (16 -108 -81 ) (0 -108 -81 ) (0 -20 -81 ) 
4 34 (0 -108 -81 ) (16 -108 -81 ) (16 -108 0 ) (0 -108 0 ) 
4 35 (-16 433 0 ) (-16 261 0 ) (-16 261 55 ) (-16 433 55 ) 
4 35 (-16 513 0 ) (-16 433 0 ) (-16 433 55 ) (-16 513 55 ) 
4 35 (0 513 55 ) (-16 513 55 ) (-16 261 55 ) (0 261 55 ) 
4 35 (-16 261 55 ) (-16 261 0 ) (0 261 0 ) (0 261 55 ) 
4 35 (0 513 0 ) (-16 513 0 ) (-16 513 55 ) (0 513 55 ) 
4 36 (-462 189 0 ) (-280 189 0 ) (-280 189 105 ) (-462 189 105 ) 
4 36 (-112 189 0 ) (-52 189 0 ) (-52 189 105 ) (-112 189 105 ) 
4 36 (-52 433 0 ) (-462 433 0 ) (-462 433 105 ) (-52 433 105 ) 
4 36 (-462 433 0 ) (-462 189 0 ) (-462 189 105 ) (-462 433 105 ) 
4 36 (-52 189 105 ) (-52 433 105 ) (-462 433 105 ) (-462 189 105 ) 
4 36 (-52 189 105 ) (-52 189 0 ) (-52 433 0 ) (-52 433 105 ) 
4 37 (-280 189 105 ) (-280 189 0 ) (-280 159 0 ) (-280 159 105 ) 
4 37 (-112 159 105 ) (-112 159 0 ) (-112 189 0 ) (-112 189 105 ) 
4 37 (-280 189 105 ) (-280 159 105 ) (-112 159 105 ) (-112 189 105 ) 
4 38 (-52 157 104 ) (-112 157 104 ) (-112 159 104 ) (-47.466629 159 104 ) 
4 38 (-52.001984 157 105 ) (-52.001984 157 104 ) (-47.468750 159 104 ) (-47.468750 159 107.399986 ) 
4 38 (-47.466629 159 107.399986 ) (-47.466629 159 104 ) (-112 159 104 ) (-112 159 107.399994 ) 
4 38 (-112 159 107.399994 ) (-112 159 105 ) (-280 159 105 ) (-280 159 107.399994 ) 
4 38 (-52.011459 157 105.003120 ) (-47.478127 159 107.403122 ) (-280 159 107.403130 ) (-280 157 105.003128 ) 
4 39 (-280 159 0 ) (-280 157 0 ) (-280 157 104 ) (-280 159 104 ) 
4 39 (-112 159 0 ) (-112 159 104 ) (-112 157 104 ) (-112 157 0 ) 
4 40 (-309.195313 159 107.399994 ) (-309.195313 159 104 ) (-307.995300 157 104 ) (-307.995300 157 105 ) 
4 40 (-309.200012 159 104 ) (-309.200012 159 107.399994 ) (-280 159 107.399986 ) (-280 159 104 ) 
4 40 (-309.200012 159 104 ) (-280 159 104 ) (-280 157 104 ) (-308 157 104 ) 
4 40 (-309.199219 159 107.406250 ) (-307.998108 157 105.004044 ) (-280 157 105.004044 ) (-280 159 107.406250 ) 
4 41 (-308 157 105 ) (-308 157 0 ) (-308 0 0 ) (-308 0 105 ) 
4 41 (-112 157 104 ) (-52 157 104 ) (-52 157 0 ) (-112 157 0 ) 
4 41 (-308 157 104 ) (-280 157 104 ) (-280 157 0 ) (-308 157 0 ) 
4 41 (-52 0 105 ) (-52 0 0 ) (-52 157 0 ) (-52 157 105 ) 
4 41 (-52 0 105 ) (-52 157 105 ) (-308 157 105 ) (-308 0 105 ) 
4 42 (-16 309 -119 ) (-16 261 -119 ) (-16 261 -30 ) (-16 309 -30 ) 
4 42 (-16 354 -119 ) (-16 309 -119 ) (-16 309 -30 ) (-16 354 -30 ) 
4 42 (-16 513 -119 ) (-16 426 -119 ) (-16 426 -30 ) (-16 513 -30 ) 
4 42 (-16 261 -30 ) (-16 261 0 ) (-16 513 0 ) (-16 513 -30 ) 
4 42 (-16 261 0 ) (-16 261 -119 ) (0 261 -119 ) (0 261 0 ) 
4 42 (-16 261 -119 ) (-16 513 -119 ) (0 513 -119 ) (0 261 -119 ) 
4 42 (0 513 0 ) (0 513 -119 ) (-16 513 -119 ) (-16 513 0 ) 
4 43 (-32 426 -30 ) (-16 426 -30 ) (-16 426 -119 ) (-32 426 -119 ) 
4 43 (-32 426 -119 ) (-16 426 -119 ) (-16 421.250000 -119 ) (-32 421.250000 -119 ) 
4 43 (-32 421.250000 -30 ) (-16 421.250000 -30 ) (-16 426 -30 ) (-32 426 -30 ) 
4 43 (-32 426 -30 ) (-32 426 -119 ) (-32 421.250000 -119 ) (-32 421.250000 -30 ) 
4 44 (-52 354 -119 ) (-16 354 -119 ) (-16 354 -30 ) (-52 354 -30 ) 
4 44 (-52 421.250000 -30 ) (-32 421.250000 -30 ) (-32 421.250000 -119 ) (-52 421.250000 -119 ) 
4 44 (-52 354 -119 ) (-52 421.250000 -119 ) (-16 421.250000 -119 ) (-16 354 -119 ) 
4 44 (-16 354 -30 ) (-16 421.250000 -30 ) (-52 421.250000 -30 ) (-52 354 -30 ) 
4 45 (-356 366 -38 ) (-353 366 -38 ) (-354 366 -35 ) (-356 366 -35 ) 
4 45 (-353 366 -38 ) (-350 366 -38 ) (-350 366 -35 ) (-354 366 -35 ) 
4 45 (-166 366 -35 ) (-338 366 -35 ) (-338 366 -38 ) (-166 366 -38 ) 
4 45 (-148 366 -35 ) (-166 366 -35 ) (-166 366 -38 ) (-148 366 -38 ) 
4 45 (-338 366 -35 ) (-350 366 -35 ) (-350 366 -38 ) (-338 366 -38 ) 
4 45 (-462 433 -119 ) (-462 366 -119 ) (-462 366 0 ) (-462 433 0 ) 
4 45 (-52 421.250000 -119 ) (-52 426 -119 ) (-52 426 -30 ) (-52 421.250000 -30 ) 
4 45 (-52 426 -119 ) (-52 433 -119 ) (-52 433 -30 ) (-52 426 -30 ) 
4 45 (-52 366 -30 ) (-52 433 -30 ) (-52 433 0 ) (-52 366 0 ) 
4 45 (-52 366 -119 ) (-462 366 -119 ) (-462 433 -119 ) (-52 433 -119 ) 
4 45 (-52 433 0 ) (-52 433 -119 ) (-462 433 -119 ) (-462 433 0 ) 
4 46 (-350 189 0 ) (-350 189 -35 ) (-280 189 -35 ) (-280 189 0 ) 
4 46 (-112 189 -35 ) (-52 189 -35 ) (-52 189 0 ) (-112 189 0 ) 
4 46 (-166 276 -35 ) (-166 259 -35 ) (-338 259 -35 ) (-338 276 -35 ) 
4 46 (-338 366 -35 ) (-166 366 -35 ) (-166 350 -35 ) (-338 350 -35 ) 
4 46 (-166 366 -35 ) (-148 366 -35 ) (-148 259 -35 ) (-166 259 -35 ) 
4 46 (-350 259 -35 ) (-350 366 -35 ) (-338 366 -35 ) (-338 259 -35 ) 
4 46 (-52 189 -30 ) (-52 366 -30 ) (-52 366 0 ) (-52 189 0 ) 
4 46 (-52 273 -35 ) (-52 354 -35 ) (-52 354 -30 ) (-52 273 -30 ) 
4 46 (-52 189 -35 ) (-52 273 -35 ) (-52 273 -30 ) (-52 189 -30 ) 
4 47 (-52 273 -35 ) (-52 273 -38 ) (-52 354 -38 ) (-52 354 -35 ) 
4 47 (-52 259 -35 ) (-52 259 -38 ) (-52 273 -38 ) (-52 273 -35 ) 
4 47 (-148 366 -38 ) (-148 259 -38 ) (-148 259 -35 ) (-148 366 -35 ) 
4 48 (-166 350 -38 ) (-166 349 -38 ) (-338 349 -38 ) (-338 350 -38 ) 
4 48 (-166 350 -35 ) (-166 350 -38 ) (-338 350 -38 ) (-338 350 -35 ) 
4 48 (-166 350 -35 ) (-166 276 -35 ) (-166 276 -38 ) (-166 350 -38 ) 
4 48 (-338 350 -38 ) (-338 276 -38 ) (-338 276 -35 ) (-338 350 -35 ) 
4 48 (-338 276 -35 ) (-338 276 -38 ) (-166 276 -38 ) (-166 276 -35 ) 
4 49 (-350 189 -35 ) (-350 189 -38 ) (-280 189 -38 ) (-280 189 -35 ) 
4 49 (-112 189 -38 ) (-52 189 -38 ) (-52 189 -35 ) (-112 189 -35 ) 
4 49 (-338 259 -35 ) (-166 259 -35 ) (-166 259 -38 ) (-338 259 -38 ) 
4 49 (-166 259 -35 ) (-148 259 -35 ) (-148 259 -38 ) (-166 259 -38 ) 
4 49 (-350 259 -35 ) (-338 259 -35 ) (-338 259 -38 ) (-350 259 -38 ) 
4 49 (-52 259 -35 ) (-52 189 -35 ) (-52 189 -38 ) (-52 259 -38 ) 
4 50 (-156 268 -45 ) (-156 271 -48 ) (-156 267 -48 ) (-156 267 -45 ) 
4 50 (-156 267 -48 ) (-156 271 -48 ) (-154 271 -48 ) (-154 267 -48 ) 
3 50 (-52 267 -48 ) (-52 271 -48 ) (-52 267 -44 ) 
3 50 (-156 267 -45 ) (-155 267 -44 ) (-156 268 -45 ) 
4 51 (-52 189 -48 ) (-52 189 -38 ) (-112 189 -38 ) (-112 189 -48 ) 
3 51 (-153.500000 263 -40 ) (-152 263 -40 ) (-154 265 -42 ) 
4 51 (-155.285736 263 -40 ) (-155 263 -40 ) (-155 267 -44 ) (-155.857147 267 -44 ) 
3 51 (-155 263 -40 ) (-153.800003 263 -40 ) (-155 266 -43 ) 
4 51 (-153.800003 263 -40 ) (-153.666672 263 -40 ) (-155 267 -44 ) (-155 266 -43 ) 
4 51 (-152 262.996094 -39.998051 ) (-155.285446 262.996094 -39.998051 ) (-155 259 -38 ) (-151 259 -38 ) 
4 51 (-156 264 -48 ) (-156 267 -48 ) (-154 267 -48 ) (-154 264 -48 ) 
6 51 (-52 267 -48 ) (-52 267 -44 ) (-52 263 -40 ) (-52 259 -38 ) (-52 189 -38 ) (-52 189 -48 ) 
3 51 (-156 267 -45 ) (-156 267 -44 ) (-155 267 -44 ) 
3 52 (-156 266.833344 -43.833332 ) (-156 267 -44 ) (-156 267 -45 ) 
4 52 (-156 267 -44 ) (-156 263 -40 ) (-155.285736 263 -40 ) (-155.857147 267 -44 ) 
4 52 (-155.285446 262.996094 -39.998051 ) (-156 262.996094 -39.998051 ) (-156 259 -38 ) (-155 259 -38 ) 
4 53 (-52 189 -81 ) (-52 189 -48 ) (-112 189 -48 ) (-112 189 -81 ) 
4 53 (-154 189 -118 ) (-52 189 -118 ) (-52 189 -81 ) (-154 189 -81 ) 
4 53 (-154 264 -48 ) (-154 271 -48 ) (-154 273 -50 ) (-154 264 -50 ) 
5 53 (-52 271 -48 ) (-52 189 -48 ) (-52 189 -118 ) (-52 273 -118 ) (-52 273 -50 ) 
3 53 (-52 273 -50 ) (-52 273 -118 ) (-52 341 -118 ) 
4 54 (-156 264 -48 ) (-154 264 -48 ) (-154 264 -50 ) (-156 264 -50 ) 
4 55 (-156 189 -118 ) (-154 189 -118 ) (-154 189 -81 ) (-156 189 -81 ) 
4 55 (-156 341 -118 ) (-156 267 -118 ) (-156 267 -50 ) (-156 273 -50 ) 
4 55 (-154 264 -50 ) (-154 273 -50 ) (-156 273 -50 ) (-156 264 -50 ) 
3 56 (-52 263 -40 ) (-52 261 -38 ) (-52 259 -38 ) 
4 56 (-150 261 -38 ) (-151 259 -38 ) (-148 259 -38 ) (-148 261 -38 ) 
3 56 (-152.003906 263 -40 ) (-151.003906 259 -38 ) (-150.007813 261 -38 ) 
3 57 (-153.996094 360.007813 -41.984360 ) (-153 363.992188 -38 ) (-153 362 -38 ) 
3 57 (-153.003250 363.996094 -38 ) (-154.333969 360.003937 -41.992165 ) (-153.003250 362 -38 ) 
4 58 (-156 271 -48 ) (-156 270 -47 ) (-156 355 -47 ) (-156 354 -48 ) 
5 58 (-153 260.992188 -38 ) (-154 264.992188 -42 ) (-154 359.992188 -42 ) (-153.996094 360.007813 -41.984360 ) (-153 362 -38 ) 
5 58 (-154.601685 359.200775 -42.795326 ) (-155 358.005859 -43.990253 ) (-155 266.992188 -43.990250 ) (-153.003250 261.003906 -38 ) (-153.003250 360 -38 ) 
4 58 (-154.333969 360.003937 -41.992165 ) (-154.601685 359.200775 -42.795326 ) (-153.003250 360 -38 ) (-153.003250 362 -38 ) 
4 58 (-156 354.003113 -48 ) (-155.500000 354.007813 -48 ) (-155.500000 271 -48 ) (-156 271 -48 ) 
3 59 (-155 364 -38 ) (-155 362 -40 ) (-155.285706 362 -40 ) 
3 59 (-155 362 -38 ) (-155 364 -38 ) (-155.571426 360 -42 ) 
3 59 (-155 362 -38 ) (-155 359.992218 -42.015602 ) (-155 364.007813 -38 ) 
3 59 (-155 361.992188 -38.015625 ) (-155.568832 360 -42 ) (-155 360 -42 ) 
4 60 (-156 270 -47 ) (-156 268 -45 ) (-156 357 -45 ) (-156 355 -47 ) 
3 60 (-156 357 -45 ) (-155.714294 359 -43 ) (-155 359 -43 ) 
4 60 (-155.857147 267 -44 ) (-155 267 -44 ) (-155 267 -43 ) (-155.714279 267 -43 ) 
3 60 (-155 267 -44 ) (-156 267 -44 ) (-156 268 -45 ) 
4 60 (-155 267 -43 ) (-155 267 -44 ) (-155 358.007813 -44 ) (-155 359.007782 -43 ) 
5 60 (-155 360 -38 ) (-155 267 -38 ) (-155 267 -43 ) (-155 359.007782 -43 ) (-155 359.198425 -42.809383 ) 
3 60 (-155 360 -38 ) (-155 359.199219 -42.800793 ) (-155.685837 359.199219 -42.800793 ) 
6 60 (-155 360.005859 -38 ) (-155.684708 359.207031 -42.792961 ) (-156 357 -45 ) (-156 268 -45 ) (-155.857147 267 -44 ) (-155 267 -38 ) 
3 61 (-155.001114 267 -38 ) (-155.715393 267 -43 ) (-155.001114 266 -38 ) 
3 61 (-155 267 -38 ) (-155 266 -38 ) (-155 267 -43 ) 
3 61 (-155 266.004700 -38.023438 ) (-155.710938 267 -43 ) (-155 267 -43 ) 
4 62 (-154 354 -48 ) (-154 352 -50 ) (-154 273 -50 ) (-154 271 -48 ) 
3 62 (-150 267 -38 ) (-152 267 -40 ) (-148 267 -38 ) 
5 62 (-52 273 -38 ) (-52 273 -50 ) (-52 352 -50 ) (-52 354 -48 ) (-52 354 -38 ) 
4 62 (-52 267 -38 ) (-52 267 -44 ) (-52 273 -50 ) (-52 273 -38 ) 
4 62 (-150 364 -38 ) (-150 267 -38 ) (-148 267 -38 ) (-148 364 -38 ) 
4 62 (-150 364 -38 ) (-154.007813 359.992188 -42.007813 ) (-154.007813 267 -42.007813 ) (-150 267 -38 ) 
4 63 (-52 267 -38 ) (-52 266 -38 ) (-52 266 -43 ) (-52 267 -44 ) 
4 63 (-154.007813 267 -42.007813 ) (-154.007813 266 -42.007813 ) (-152 266 -40 ) (-152 267 -40 ) 
4 63 (-148 267 -38 ) (-152 267 -40 ) (-152 266 -40 ) (-148 266 -38 ) 
3 64 (-148 266 -38 ) (-152 266 -40 ) (-150 266 -38 ) 
4 64 (-154.007813 266 -42.007813 ) (-154.007813 265.007813 -42.007813 ) (-150 261 -38 ) (-150 266 -38 ) 
4 64 (-150 266 -38 ) (-150 261 -38 ) (-148 261 -38 ) (-148 266 -38 ) 
3 64 (-52 266 -38 ) (-52 261 -38 ) (-52 266 -43 ) 
4 65 (-155.500000 271 -48 ) (-155.500000 354 -48 ) (-154 354.007813 -48 ) (-154 271 -48 ) 
4 66 (-150.996094 365.992188 -38 ) (-153 365.992188 -38 ) (-154 361.996094 -40.001949 ) (-152 361.996094 -40.001949 ) 
4 66 (-153 365.992188 -38 ) (-155 365.992188 -38 ) (-155 361.996094 -40.001949 ) (-154 361.996094 -40.001949 ) 
4 66 (-155 357 -48 ) (-155 361 -48 ) (-154 361 -48 ) (-154 357 -48 ) 
3 66 (-152 362 -40 ) (-153.500015 362 -40 ) (-154 360 -42 ) 
4 66 (-155 362 -40 ) (-155 360 -42 ) (-154.333328 360 -42 ) (-153.666687 362 -40 ) 
4 67 (-154 354 -48 ) (-155 354 -48 ) (-155 357 -48 ) (-154 357 -48 ) 
4 69 (-155 360 -42 ) (-155 359.199982 -42.799992 ) (-154.600006 359.199982 -42.799992 ) (-154.333328 360 -42 ) 
4 70 (-155 359.199982 -42.799992 ) (-155 359 -43 ) (-154.666672 359 -43 ) (-154.600006 359.199982 -42.799992 ) 
3 71 (-155 359 -43 ) (-155 358 -44 ) (-154.666672 359 -43 ) 
4 72 (-155 365.992188 -38 ) (-156 365.992188 -38 ) (-156 361.996094 -40.001949 ) (-155 361.996094 -40.001949 ) 
4 72 (-156 359 -48 ) (-156 361 -48 ) (-155 361 -48 ) (-155 359 -48 ) 
3 72 (-155.500000 359 -44 ) (-156 359 -44 ) (-156 359 -45 ) 
4 72 (-155.571426 360 -42 ) (-155.285706 362 -40 ) (-156 362 -40 ) (-156 360 -42 ) 
3 73 (-156 359 -44 ) (-156 359.200012 -42.799992 ) (-156 360 -42 ) 
4 73 (-155.685715 359.200012 -42.799992 ) (-155.571426 360 -42 ) (-156 360 -42 ) (-156 359.200012 -42.799992 ) 
4 73 (-155.571426 360 -42 ) (-155.685715 359.200012 -42.799992 ) (-155 359.199982 -42.799988 ) (-155 360 -42 ) 
4 74 (-155 359 -43 ) (-156 359 -43 ) (-156 359 -44 ) (-155.500000 359 -44 ) 
4 74 (-155.714294 359 -43 ) (-155.685715 359.200012 -42.799992 ) (-156 359.200012 -42.799992 ) (-156 359 -43 ) 
4 75 (-156 359 -48 ) (-156 354 -48 ) (-156 357 -45 ) (-156 359 -45 ) 
4 75 (-155 354 -48 ) (-156 354 -48 ) (-156 359 -48 ) (-155 359 -48 ) 
4 75 (-155 359 -43.007813 ) (-156 359 -45.007813 ) (-156 356.992188 -45.007813 ) (-155 358.992188 -43.007813 ) 
4 76 (-154 361 -50 ) (-154 352 -50 ) (-154 354 -48 ) (-154 361 -48 ) 
3 76 (-52 352 -50 ) (-52 354 -50 ) (-52 354 -48 ) 
4 77 (-156 361 -50 ) (-154 361 -50 ) (-154 361 -48 ) (-156 361 -48 ) 
4 78 (-150 364 -38 ) (-148 364 -38 ) (-148 366 -38 ) (-151 366 -38 ) 
3 78 (-150.996094 366 -38 ) (-151.994141 362.007813 -39.996094 ) (-149.998047 364.003906 -38 ) 
4 79 (-156 359 -118 ) (-156 341 -118 ) (-156 273 -50 ) (-156 359 -50 ) 
4 79 (-154 352 -50 ) (-154 361 -50 ) (-156 361 -50 ) (-156 352 -50 ) 
4 79 (-154 352 -50 ) (-156 352 -50 ) (-156 273 -50 ) (-154 273 -50 ) 
4 79 (-52 273 -50 ) (-52 341 -118 ) (-52 354 -118 ) (-52 354 -50 ) 
3 80 (-350 366 -38 ) (-350 362 -40 ) (-350 364 -38 ) 
4 80 (-338 359 -44 ) (-350 359 -44 ) (-350 359 -48 ) (-338 359 -48 ) 
4 80 (-166 359 -44 ) (-338 359 -44 ) (-338 359 -48 ) (-166 359 -48 ) 
4 80 (-156 359 -48 ) (-156 359 -44 ) (-166 359 -44 ) (-166 359 -48 ) 
4 80 (-156 359 -48 ) (-350 359 -48 ) (-350 361 -48 ) (-156 361 -48 ) 
4 80 (-350 359 -44 ) (-156 359 -44 ) (-156 360 -42 ) (-350 360 -42 ) 
3 80 (-156 362 -40 ) (-156 366 -38 ) (-156 364 -38 ) 
4 80 (-338 364 -38 ) (-166 364 -38 ) (-166 366 -38 ) (-338 366 -38 ) 
4 80 (-166 364 -38 ) (-156 364 -38 ) (-156 366 -38 ) (-166 366 -38 ) 
4 80 (-338 364 -38 ) (-338 366 -38 ) (-350 366 -38 ) (-350 364 -38 ) 
4 80 (-350 364 -38 ) (-350 360 -42 ) (-156 360 -42 ) (-156 364 -38 ) 
4 81 (-350 359 -43 ) (-350 359 -42 ) (-350 359.333313 -42 ) (-350 359.199982 -42.800022 ) 
4 81 (-350 359 -42 ) (-350 359 -38 ) (-350 360 -38 ) (-350 359.333313 -42 ) 
4 81 (-338 359 -38 ) (-350 359 -38 ) (-350 359 -44 ) (-338 359 -44 ) 
4 81 (-166 359 -38 ) (-338 359 -38 ) (-338 359 -44 ) (-166 359 -44 ) 
4 81 (-156 359 -44 ) (-156 359 -38 ) (-166 359 -38 ) (-166 359 -44 ) 
4 81 (-350 359.998688 -38 ) (-156 359.998688 -38 ) (-156 359 -43.992188 ) (-350 359 -43.992188 ) 
4 81 (-156 359 -43 ) (-156 359.200012 -42.799992 ) (-156 360 -38 ) (-156 359 -38 ) 
4 81 (-338 360 -38 ) (-338 359 -38 ) (-166 359 -38 ) (-166 360 -38 ) 
4 81 (-166 360 -38 ) (-166 359 -38 ) (-156 359 -38 ) (-156 360 -38 ) 
4 81 (-338 359 -38 ) (-338 360 -38 ) (-350 360 -38 ) (-350 359 -38 ) 
4 82 (-350 361 -50 ) (-156 361 -50 ) (-156 361 -48 ) (-350 361 -48 ) 
4 83 (-350 359 -118 ) (-338 359 -118 ) (-338 359 -50 ) (-350 359 -50 ) 
4 83 (-338 359 -118 ) (-166 359 -118 ) (-166 359 -50 ) (-338 359 -50 ) 
4 83 (-166 359 -118 ) (-156 359 -118 ) (-156 359 -50 ) (-166 359 -50 ) 
4 83 (-156 361 -50 ) (-350 361 -50 ) (-350 359 -50 ) (-156 359 -50 ) 
4 84 (-338 275 -88 ) (-338 275 -50 ) (-338 349 -50 ) (-338 349 -88 ) 
4 84 (-338 275 -50 ) (-338 275 -48 ) (-338 349 -48 ) (-338 349 -50 ) 
4 84 (-338 275 -48 ) (-338 275 -38 ) (-338 349 -38 ) (-338 349 -48 ) 
4 84 (-338 275 -38 ) (-338 275 -88 ) (-166 275 -88 ) (-166 275 -38 ) 
4 84 (-338 276 -38 ) (-338 275 -38 ) (-166 275 -38 ) (-166 276 -38 ) 
4 84 (-166 349 -88 ) (-166 349 -38 ) (-166 275 -38 ) (-166 275 -88 ) 
4 84 (-166 349 -38 ) (-166 349 -88 ) (-338 349 -88 ) (-338 349 -38 ) 
4 84 (-166 275 -88 ) (-338 275 -88 ) (-338 349 -88 ) (-166 349 -88 ) 
3 85 (-350 259 -38 ) (-350 261 -38 ) (-350 263 -40 ) 
4 85 (-350 189 -38 ) (-350 189 -48 ) (-280 189 -48 ) (-280 189 -38 ) 
4 85 (-156 266 -48 ) (-156 264 -48 ) (-350 264 -48 ) (-350 266 -48 ) 
4 85 (-350 267 -48 ) (-348 267 -48 ) (-348 266 -48 ) (-350 266 -48 ) 
4 85 (-156 261 -38 ) (-156 266.833344 -43.833336 ) (-350 266.833344 -43.833336 ) (-350 261 -38 ) 
4 85 (-338 259 -38 ) (-338 261 -38 ) (-350 261 -38 ) (-350 259 -38 ) 
4 85 (-166 261 -38 ) (-166 259 -38 ) (-156 259 -38 ) (-156 261 -38 ) 
4 85 (-338 261 -38 ) (-338 259 -38 ) (-166 259 -38 ) (-166 261 -38 ) 
3 85 (-156 263 -40 ) (-156 261 -38 ) (-156 259 -38 ) 
4 85 (-166 267 -48 ) (-166 267 -45 ) (-156 267 -45 ) (-156 267 -48 ) 
4 85 (-338 267 -48 ) (-338 267 -45 ) (-166 267 -45 ) (-166 267 -48 ) 
4 85 (-350 267 -48 ) (-350 267 -45 ) (-338 267 -45 ) (-338 267 -48 ) 
4 85 (-156 267 -45.008068 ) (-350 267 -45.008064 ) (-350 266.832031 -43.832020 ) (-156 266.832031 -43.832027 ) 
4 86 (-348 266 -50 ) (-156 266 -50 ) (-156 266 -48 ) (-348 266 -48 ) 
4 86 (-348 267 -50 ) (-348 267 -48 ) (-338 267 -48 ) (-338 267 -50 ) 
4 86 (-338 267 -50 ) (-338 267 -48 ) (-166 267 -48 ) (-166 267 -50 ) 
4 86 (-166 267 -50 ) (-166 267 -48 ) (-156 267 -48 ) (-156 267 -50 ) 
4 86 (-156 266 -50 ) (-156 267 -50 ) (-156 267 -48 ) (-156 266 -48 ) 
4 86 (-348 267 -50 ) (-348 266 -50 ) (-348 266 -48 ) (-348 267 -48 ) 
4 87 (-350 189 -48 ) (-350 189 -50 ) (-280 189 -50 ) (-280 189 -48 ) 
4 87 (-350 264 -48 ) (-156 264 -48 ) (-156 264 -50 ) (-350 264 -50 ) 
4 88 (-350 189 -50 ) (-350 189 -81 ) (-280 189 -81 ) (-280 189 -50 ) 
4 88 (-350 189 -81 ) (-350 189 -118 ) (-156 189 -118 ) (-156 189 -81 ) 
4 88 (-350 266 -50 ) (-350 264 -50 ) (-156 264 -50 ) (-156 266 -50 ) 
4 88 (-350 266 -50 ) (-348 266 -50 ) (-348 267 -50 ) (-350 267 -50 ) 
4 88 (-350 267 -50 ) (-338 267 -50 ) (-338 267 -118 ) (-350 267 -118 ) 
4 88 (-338 267 -50 ) (-166 267 -50 ) (-166 267 -118 ) (-338 267 -118 ) 
4 88 (-166 267 -50 ) (-156 267 -50 ) (-156 267 -118 ) (-166 267 -118 ) 
4 89 (-350 189 -118 ) (-350 189 -119 ) (-52 189 -119 ) (-52 189 -118 ) 
4 89 (-52 189 -118 ) (-52 189 -119 ) (-52 273 -119 ) (-52 273 -118 ) 
4 89 (-52 273 -118 ) (-52 273 -119 ) (-52 354 -119 ) (-52 354 -118 ) 
4 89 (-166 267 -118 ) (-156 267 -118 ) (-156 359 -118 ) (-166 359 -118 ) 
4 89 (-338 349 -118 ) (-166 349 -118 ) (-166 359 -118 ) (-338 359 -118 ) 
4 89 (-338 275 -118 ) (-338 267 -118 ) (-166 267 -118 ) (-166 275 -118 ) 
4 89 (-338 349 -118 ) (-338 275 -118 ) (-166 275 -118 ) (-166 349 -118 ) 
4 89 (-338 267 -118 ) (-338 359 -118 ) (-350 359 -118 ) (-350 267 -118 ) 
4 89 (-52 189 -119 ) (-350 189 -119 ) (-350 366 -119 ) (-52 366 -119 ) 
4 90 (-52 157 -81 ) (-52 157 -30 ) (-52 0 -30 ) (-52 0 -81 ) 
4 90 (-52 157 -30 ) (-52 157 0 ) (-52 0 0 ) (-52 0 -30 ) 
4 90 (-52 157 -81 ) (-52 0 -81 ) (-112 0 -81 ) (-112 157 -81 ) 
4 90 (-52 157 0 ) (-52 157 -81 ) (-112 157 -81 ) (-112 157 0 ) 
4 91 (-280 189 0 ) (-280 189 -81 ) (-280 157 -81 ) (-280 157 0 ) 
4 91 (-280 189 -81 ) (-112 189 -81 ) (-112 0 -81 ) (-280 0 -81 ) 
4 91 (-112 157 0 ) (-112 157 -81 ) (-112 189 -81 ) (-112 189 0 ) 
4 92 (-308 157 0 ) (-280 157 0 ) (-280 157 -81 ) (-308 157 -81 ) 
4 92 (-308 157 -81 ) (-280 157 -81 ) (-280 0 -81 ) (-308 0 -81 ) 
4 92 (-308 157 0 ) (-308 157 -81 ) (-308 0 -81 ) (-308 0 0 ) 
4 93 (-350 353 -35 ) (-350 259 -35 ) (-356 259 -35 ) (-356 353 -35 ) 
4 93 (-356 366 -35 ) (-354 366 -35 ) (-354 353 -35 ) (-356 353 -35 ) 
4 93 (-354 366 -35 ) (-350 366 -35 ) (-350 353 -35 ) (-354 353 -35 ) 
4 93 (-462 366 0 ) (-462 366 -35 ) (-462 189 -35 ) (-462 189 0 ) 
4 93 (-462 189 0 ) (-462 189 -35 ) (-350 189 -35 ) (-350 189 0 ) 
4 94 (-354 364 -38 ) (-356 364 -38 ) (-356 365 -38 ) (-354 365 -38 ) 
3 94 (-356 360.325531 -37 ) (-356 363.992188 -38 ) (-354 363.992188 -38 ) 
4 95 (-350 365 -38 ) (-350 364 -38 ) (-354 364 -38 ) (-354 365 -38 ) 
5 95 (-356 358.470673 -36.494137 ) (-356 360.325531 -37 ) (-354 363.992188 -38 ) (-350 363.992188 -38 ) (-350 358.470673 -36.494137 ) 
4 95 (-350 361 -37 ) (-350 358.500000 -36.500000 ) (-350 364 -38 ) (-350 365 -38 ) 
4 96 (-354 366 -38 ) (-350 366 -38 ) (-350 365 -38 ) (-354 365 -38 ) 
3 96 (-354 366 -38 ) (-354 365 -38 ) (-356 365 -38 ) 
3 96 (-350 361 -37 ) (-350 365 -38 ) (-350 366 -38 ) 
4 97 (-350 352.992188 -35 ) (-356 352.992188 -35 ) (-356 358.470673 -36.494137 ) (-350 358.470673 -36.494137 ) 
4 97 (-356 366 -37.998196 ) (-356 353.003906 -35 ) (-354 353.003906 -35 ) (-353 366 -37.998196 ) 
4 97 (-354 353.003906 -35 ) (-350 353.003906 -35 ) (-350 366 -37.998196 ) (-353 366 -37.998196 ) 
3 97 (-350 353 -35 ) (-350 358.500000 -36.500000 ) (-350 366 -38 ) 
4 98 (-350 189 -35 ) (-356 189 -35 ) (-356 189 -38 ) (-350 189 -38 ) 
4 98 (-350 259 -38 ) (-356 259 -38 ) (-356 259 -35 ) (-350 259 -35 ) 
4 99 (-462 189 -38 ) (-356 189 -38 ) (-356 189 -35 ) (-462 189 -35 ) 
4 99 (-356 353 -35 ) (-356 259 -35 ) (-356 259 -38 ) (-356 364 -38 ) 
3 99 (-356 366 -35 ) (-356 353 -35 ) (-356 366 -38 ) 
4 99 (-462 366 -38 ) (-462 189 -38 ) (-462 189 -35 ) (-462 366 -35 ) 
3 100 (-350 264 -41 ) (-350 265 -42 ) (-351.200012 263.399994 -40.400002 ) 
4 100 (-352.400024 263 -40 ) (-352 263 -40 ) (-351.200012 263.399994 -40.400002 ) (-350.571442 265.285706 -42.285709 ) 
3 100 (-350 263 -40 ) (-350 264 -41 ) (-352 263 -40 ) 
4 100 (-350 262.996094 -39.998051 ) (-353.001007 262.996094 -39.998051 ) (-354 259 -38 ) (-350 259 -38 ) 
5 100 (-462 189 -119 ) (-462 189 -38 ) (-462 259.015625 -38 ) (-462 262.984436 -39.984406 ) (-462 342 -119 ) 
4 100 (-350 264 -50 ) (-350 266 -50 ) (-350 266 -48 ) (-350 264 -48 ) 
4 100 (-350 266 -50 ) (-350 267 -50 ) (-350 267 -48 ) (-350 266 -48 ) 
3 100 (-350 267 -45 ) (-350 267 -44 ) (-350 266.833344 -43.833328 ) 
4 100 (-350 273 -50 ) (-350 267 -50 ) (-350 267 -118 ) (-350 341 -118 ) 
4 100 (-350 273 -50 ) (-350 271 -48 ) (-350 267 -48 ) (-350 267 -50 ) 
3 100 (-350 271 -48 ) (-350 267 -44 ) (-350 267 -48 ) 
4 100 (-350 189 -119 ) (-350 189 -38 ) (-462 189 -38 ) (-462 189 -119 ) 
4 100 (-350 189 -119 ) (-462 189 -119 ) (-462 342 -119 ) (-350 342 -119 ) 
3 101 (-356 261 -38 ) (-354 261 -38 ) (-353.333344 262.333344 -39.333336 ) 
3 101 (-462 261 -38 ) (-462 263 -40 ) (-462 259 -38 ) 
4 101 (-354 261 -38 ) (-356 261 -38 ) (-356 259 -38 ) (-354 259 -38 ) 
3 101 (-354 259.007813 -38 ) (-353.003906 262.992188 -39.992188 ) (-354 261 -38 ) 
4 102 (-350.857147 266.571045 -40.857166 ) (-352 266 -38 ) (-350 266 -38 ) (-350 266.799622 -42 ) 
4 102 (-350 266.003906 -38.019531 ) (-351.982819 266.003906 -38.019531 ) (-350.843750 266.478516 -40.867188 ) (-350 266.665588 -41.992188 ) 
3 103 (-350 266.666687 -42 ) (-350 266.400024 -42 ) (-350 266.769226 -42.615368 ) 
4 103 (-350 266.392303 -41.989574 ) (-350 266.791656 -41.989574 ) (-350.859375 266.562500 -40.843750 ) (-350.859375 265.703125 -40.843750 ) 
4 104 (-350 266.998047 -42.992168 ) (-350.003143 266.998047 -42.992168 ) (-350.857147 266.571045 -40.857166 ) (-350 266.799622 -42 ) 
4 104 (-350 266.666687 -42 ) (-350 266.769226 -42.615368 ) (-350 267 -43 ) (-350 266.800018 -42 ) 
4 105 (-356 263.992157 -38 ) (-352.666748 264.992157 -39.666630 ) (-352.666748 266.325500 -39.666630 ) (-356 265.992188 -38 ) 
4 105 (-350.568359 266.858429 -42.295010 ) (-352.671875 266.335938 -39.664063 ) (-352.671875 264.998444 -39.664063 ) (-350.568359 266.576996 -42.295010 ) 
3 105 (-462 267 -43 ) (-462 264 -38 ) (-462 266 -38 ) 
3 106 (-350.006256 266.998047 -42.992168 ) (-350.335938 266.998047 -42.992168 ) (-350.571442 266.856750 -42.285702 ) 
3 107 (-350.857178 265.720306 -40.857140 ) (-351 265.506256 -40.499992 ) (-351.199982 265.446320 -40.400013 ) 
4 107 (-351.200012 265.432190 -40.399994 ) (-351 265.492188 -40.500008 ) (-351 266.492188 -40.500008 ) (-351.200012 266.472168 -40.399994 ) 
4 107 (-351.198822 265.439789 -40.399620 ) (-351.198822 266.476563 -40.399620 ) (-350.568359 266.859375 -42.292976 ) (-350.568359 266.578125 -42.292976 ) 
4 107 (-351 265.500488 -40.499527 ) (-350.858826 265.713715 -40.854889 ) (-350.858795 266.568665 -40.854935 ) (-351 266.497589 -40.499516 ) 
5 108 (-350.003143 266.998047 -42.992168 ) (-350.006256 266.998047 -42.992168 ) (-350.571442 266.856750 -42.285702 ) (-351.199982 266.479614 -40.399986 ) (-351 266.499603 -40.499985 ) 
3 109 (-352 266 -38 ) (-351 266.499603 -40.499985 ) (-351.199982 266.479614 -40.399986 ) 
4 109 (-354 266 -38 ) (-353 266 -38 ) (-351.199982 266.479614 -40.399986 ) (-352.666718 266.332947 -39.666626 ) 
3 109 (-353 266 -38 ) (-352 266 -38 ) (-351.199982 266.479614 -40.399986 ) 
3 109 (-356 266 -38 ) (-354 266 -38 ) (-352.666718 266.332947 -39.666626 ) 
3 110 (-352 362 -38 ) (-353 362 -38 ) (-351.199524 360.799286 -40.401455 ) 
3 110 (-351.993195 361.987885 -38.024204 ) (-351.203125 361.039063 -40.390625 ) (-352.960938 361.976563 -38.039063 ) 
4 111 (-351.203125 361.609375 -40.390644 ) (-350.861633 361.154053 -40.845966 ) (-350.861633 360.861633 -40.845951 ) (-351.203156 361.043732 -40.390610 ) 
4 111 (-351.998047 362 -38 ) (-350.849609 360.851563 -40.871105 ) (-350.849609 361.132813 -40.871105 ) (-351.998047 364.003937 -38 ) 
4 111 (-351.996094 361.996857 -38.007813 ) (-351.996094 363.992188 -38.007813 ) (-351.198456 361.599243 -40.400764 ) (-351.198456 361.039703 -40.400764 ) 
4 112 (-351.998047 362 -38 ) (-351.998047 361.990234 -38 ) (-350.849609 360.554688 -40.871105 ) (-350.849609 360.851563 -40.871105 ) 
4 113 (-351.200989 360.800262 -40.399517 ) (-353 362 -38 ) (-354 362 -38 ) (-352 361 -40 ) 
5 113 (-350.861633 360.861633 -40.845951 ) (-350.861633 360.577026 -40.845940 ) (-350 360.002594 -41.994793 ) (-350 360.005219 -41.994793 ) (-350.496094 360.666687 -41.333336 ) 
4 113 (-352.980316 361.988190 -38.023655 ) (-350.495087 360.662750 -41.337276 ) (-350.662750 360.662750 -41.337265 ) (-353.976563 361.988281 -38.023438 ) 
4 115 (-356 361.991241 -38 ) (-352.666687 361.157867 -39.666679 ) (-352.666718 362.333374 -39.666634 ) (-356 364 -38 ) 
3 115 (-462 362 -38 ) (-462 364 -38 ) (-462 360 -42 ) 
4 116 (-352 361.199982 -40 ) (-351 360.799988 -41 ) (-351 361 -41 ) (-352 362 -40 ) 
4 118 (-352.003906 361.200806 -39.998047 ) (-352.003906 362.001953 -39.998047 ) (-352.666718 362.333374 -39.666634 ) (-352.666687 361.333313 -39.666672 ) 
3 120 (-351 360.799988 -41 ) (-350.666687 360.666656 -41.333305 ) (-351 361 -41 ) 
3 122 (-352 361 -40 ) (-354 362 -38 ) (-352.666718 361.166687 -39.666634 ) 
3 122 (-354 362 -38 ) (-356 362 -38 ) (-352.666718 361.166687 -39.666634 ) 
3 122 (-353.980621 361.988342 -38.023293 ) (-352.007813 361.199219 -39.996094 ) (-355.953125 361.988281 -38.023438 ) 
4 123 (-350.852142 359.522034 -40.863846 ) (-350.082031 359.201172 -42.789063 ) (-350 359.201172 -42.789063 ) (-350 359.332672 -42 ) 
3 123 (-350 360 -42 ) (-350 359.333313 -42 ) (-350 359.199982 -42.800022 ) 
4 123 (-350 360.004517 -41.992439 ) (-350.859375 360.578156 -40.843750 ) (-350.859375 359.525391 -40.843750 ) (-350 359.333954 -41.992409 ) 
5 124 (-350.569244 266.857788 -42.288506 ) (-350.332001 267 -43 ) (-350 267.597778 -43.996284 ) (-350 358.003693 -43.996304 ) (-350.569275 359.711548 -42.288437 ) 
4 124 (-352.667938 266.333984 -39.666027 ) (-350.566406 266.859375 -42.292976 ) (-350.566406 359.141388 -42.292980 ) (-352.667969 359.666809 -39.666019 ) 
6 124 (-462 312.500000 -89.500000 ) (-462 268.500031 -45.500034 ) (-462 267 -43 ) (-462 266 -38 ) (-462 362 -38 ) (-462 360 -42 ) 
3 124 (-350 352 -50 ) (-350 273 -50 ) (-350 312.500000 -89.500008 ) 
4 124 (-350 273 -50 ) (-350 352 -50 ) (-350 354 -48 ) (-350 271 -48 ) 
5 124 (-350 267.600037 -44 ) (-350 268.500000 -45.500008 ) (-350 271 -48 ) (-350 354 -48 ) (-350 358 -44 ) 
4 124 (-356 266.001556 -38 ) (-352.656250 266.335938 -39.671875 ) (-352.656250 361.148438 -39.671875 ) (-356 361.984375 -38 ) 
4 125 (-352.664063 361.164063 -39.667969 ) (-352.664063 360 -39.667969 ) (-351.200012 360 -40.399998 ) (-351.200012 360.800018 -40.399998 ) 
3 126 (-351.199982 359.519989 -40.400040 ) (-352.666718 359.666687 -39.666634 ) (-350.571411 359.142853 -42.285778 ) 
4 127 (-351.199982 359.519989 -40.400040 ) (-353 360 -38 ) (-354 360 -38 ) (-352.666718 359.666687 -39.666634 ) 
5 127 (-352.994141 360 -38 ) (-351.204681 360 -40.385933 ) (-351.200012 360 -40.399986 ) (-352.674347 360 -39.662834 ) (-354.004547 360 -38 ) 
3 127 (-354 360 -38 ) (-352.667969 360 -39.666019 ) (-352.667969 359.666809 -39.666019 ) 
3 127 (-352.991241 360 -38 ) (-351.209412 359.524872 -40.375759 ) (-351.209412 360 -40.375759 ) 
3 128 (-350.566406 359.284515 -42.292980 ) (-350.566406 359.707031 -42.292980 ) (-350.160767 359.199982 -42.800030 ) 
4 128 (-351.197693 359.519348 -40.403088 ) (-351.996094 359.998413 -38.007813 ) (-351.996094 361.992188 -38.007813 ) (-351.197693 360.794556 -40.403088 ) 
4 128 (-352 360 -38 ) (-350.857117 359.523804 -40.857189 ) (-350.857117 360.575317 -40.857193 ) (-352 362.003906 -38 ) 
4 129 (-350.857117 359.523804 -40.857189 ) (-350.857117 359.428589 -40.857189 ) (-350.001953 359 -42.995159 ) (-350.081848 359.200775 -42.795372 ) 
4 129 (-350.566406 359.141388 -42.292980 ) (-350.566406 359.284515 -42.292980 ) (-350.160767 359.199982 -42.800030 ) (-350 359 -43 ) 
5 129 (-351.984375 359.998047 -38.011707 ) (-352 359.998047 -38.011707 ) (-350.564758 359.139221 -42.305767 ) (-350.009735 359 -43 ) (-350 359 -43 ) 
3 130 (-350 268.500000 -45.500008 ) (-350 267.600037 -44 ) (-350 267 -44 ) 
4 130 (-352.666687 262.666687 -39.666664 ) (-353.333344 262.333344 -39.333336 ) (-353 263 -40 ) (-352.400024 263 -40 ) 
3 130 (-462 268.500031 -45.500034 ) (-462 261 -38 ) (-462 264 -38 ) 
4 130 (-352.666687 265 -39.666653 ) (-356 264 -38 ) (-356 261 -38 ) (-352.666687 262.666656 -39.666653 ) 
4 130 (-350.566406 265.296875 -42.292976 ) (-350.566406 266.578125 -42.292976 ) (-352.665375 265 -39.669270 ) (-352.665375 262.669281 -39.669270 ) 
3 131 (-350 266 -43 ) (-350 267 -44 ) (-350 267 -43 ) 
3 132 (-350.337250 266.997650 -42.988255 ) (-350 266.997650 -42.988255 ) (-350 267.604065 -44 ) 
3 132 (-350 267.600037 -44 ) (-350 267 -43 ) (-350 267 -44 ) 
4 133 (-350 265 -42 ) (-350 266 -43 ) (-350 267 -43 ) (-350 266.400024 -42 ) 
4 133 (-350.867218 263.831268 -40.831989 ) (-350 264.987640 -41.988174 ) (-350 266.386932 -41.988174 ) (-350.867218 265.692688 -40.831989 ) 
4 134 (-350.570221 265.287231 -42.287247 ) (-351.201172 263.394531 -40.394539 ) (-351.201172 265.437500 -40.394539 ) (-350.570221 266.573120 -42.287247 ) 
4 134 (-350.867218 263.831268 -40.831989 ) (-350.867218 265.692688 -40.831989 ) (-351.185944 265.437500 -40.407032 ) (-351.185944 263.406250 -40.407032 ) 
5 136 (-350 365.992188 -38 ) (-354 365.992188 -38 ) (-353.984558 365.930420 -38.030937 ) (-351.996124 361.996094 -40.001945 ) (-350 361.996094 -40.001945 ) 
3 136 (-352 362 -40 ) (-350 360 -42 ) (-351.500000 362 -40 ) 
5 136 (-351.200012 362 -40 ) (-350.857208 361.142944 -40.857063 ) (-350.500000 360.666656 -41.333340 ) (-350 360.666656 -41.333340 ) (-350 362 -40 ) 
4 136 (-350 342 -119 ) (-462 342 -119 ) (-462 366 -119 ) (-350 366 -119 ) 
4 136 (-350 361 -48 ) (-350 359 -48 ) (-350 359 -50 ) (-350 361 -50 ) 
3 136 (-350 358 -48 ) (-350 359 -48 ) (-350 359 -45.500042 ) 
4 136 (-350 357.200012 -50 ) (-350 359 -50 ) (-350 359 -48 ) (-350 358 -48 ) 
5 136 (-350 359 -50 ) (-350 357.200012 -50 ) (-350 333.142853 -110.142853 ) (-350 341 -118 ) (-350 359 -118 ) 
6 136 (-462 342 -119 ) (-462 333.142853 -110.142853 ) (-462 360.666687 -41.333305 ) (-462 362 -40 ) (-462 366 -38 ) (-462 366 -119 ) 
3 138 (-350.500000 360.666656 -41.333340 ) (-350 360 -42 ) (-350 360.666656 -41.333340 ) 
4 140 (-350 359.499969 -43 ) (-350 360 -42 ) (-350 359.199982 -42.800022 ) (-350 359.166656 -43 ) 
3 142 (-350 359.499969 -43 ) (-350 359.166656 -43 ) (-350 359 -44 ) 
3 142 (-350.160004 359.199982 -42.800056 ) (-350.571381 359.714233 -42.285797 ) (-350.399963 359.199982 -42.800045 ) 
4 145 (-350.160004 359.199982 -42.800056 ) (-350.399963 359.199982 -42.800045 ) (-350.333313 359 -43 ) (-350 359 -43 ) 
3 146 (-350.333313 359 -43 ) (-350 358 -44 ) (-350 359 -43 ) 
3 146 (-350 358 -44 ) (-350 359 -44 ) (-350 359 -43 ) 
3 147 (-462 333.142853 -110.142853 ) (-462 312.500000 -89.500000 ) (-462 360.666687 -41.333305 ) 
4 147 (-350 357.200012 -50 ) (-350 352 -50 ) (-350 312.500000 -89.500008 ) (-350 333.142853 -110.142853 ) 
4 147 (-350 352 -50 ) (-350 357.200012 -50 ) (-350 358 -48 ) (-350 354 -48 ) 
5 147 (-350 358 -44 ) (-350 354 -48 ) (-350 358 -48 ) (-350 359 -45.500042 ) (-350 359 -44 ) 
4 148 (-356 363.996094 -38 ) (-353.335907 362.664063 -39.332043 ) (-353.335907 363.001923 -39.332043 ) (-356 365 -38 ) 
3 148 (-462 362 -40 ) (-462 364 -38 ) (-462 366 -38 ) 
4 149 (-356 365.013733 -38 ) (-353.335938 363.015625 -39.332031 ) (-353.976563 365.898468 -38.050770 ) (-354.027344 366 -38 ) 
3 150 (-352 362 -40 ) (-353.335907 363.001953 -39.332043 ) (-353.335907 362.667969 -39.332043 ) 
3 151 (-353.976563 365.898438 -38.050781 ) (-353.335938 363.015625 -39.332031 ) (-352.054688 362.054688 -39.972664 ) 
4 152 (-52 -108 54 ) (-52 -108 0 ) (0 -108 0 ) (0 -108 54 ) 
4 152 (0 -20 54 ) (0 -20 0 ) (-52 -20 0 ) (-52 -20 54 ) 
4 152 (0 -20 54 ) (-52 -20 54 ) (-52 -108 54 ) (0 -108 54 ) 
4 153 (-308 0 16 ) (-308 0 0 ) (-308 -246 0 ) (-308 -246 16 ) 
4 153 (-308 0 105 ) (-308 0 16 ) (-308 -303 16 ) (-308 -303 105 ) 
4 153 (-308 -303 0 ) (-308 -357 0 ) (-308 -357 105 ) (-308 -303 105 ) 
4 153 (-52 -357 105 ) (-52 0 105 ) (-308 0 105 ) (-308 -357 105 ) 
4 153 (-52 -20 54 ) (-52 -20 105 ) (-52 -108 105 ) (-52 -108 54 ) 
4 153 (-52 -108 105 ) (-52 -357 105 ) (-52 -357 0 ) (-52 -108 0 ) 
4 153 (-52 -20 54 ) (-52 -20 0 ) (-52 0 0 ) (-52 0 54 ) 
4 153 (-52 -20 105 ) (-52 -20 54 ) (-52 0 54 ) (-52 0 105 ) 
4 153 (-52 -357 0 ) (-52 -357 105 ) (-308 -357 105 ) (-308 -357 0 ) 
4 154 (-308 -246 16 ) (-340 -246 16 ) (-340 -303 16 ) (-308 -303 16 ) 
4 154 (-340 -303 16 ) (-340 -303 0 ) (-308 -303 0 ) (-308 -303 16 ) 
4 154 (-340 -246 0 ) (-340 -246 16 ) (-308 -246 16 ) (-308 -246 0 ) 
4 155 (-526 -100 83 ) (-526 -100 0 ) (-526 -357 0 ) (-526 -357 83 ) 
4 155 (-526 -357 83 ) (-340 -357 83 ) (-340 -100 83 ) (-526 -100 83 ) 
4 155 (-340 -100 16 ) (-340 -246 16 ) (-340 -246 0 ) (-340 -100 0 ) 
4 155 (-340 -100 83 ) (-340 -303 83 ) (-340 -303 16 ) (-340 -100 16 ) 
4 155 (-340 -303 83 ) (-340 -357 83 ) (-340 -357 0 ) (-340 -303 0 ) 
4 155 (-526 -100 83 ) (-340 -100 83 ) (-340 -100 0 ) (-526 -100 0 ) 
4 155 (-526 -357 83 ) (-526 -357 0 ) (-340 -357 0 ) (-340 -357 83 ) 
4 156 (0 -20 0 ) (0 -20 -81 ) (-52 -20 -81 ) (-52 -20 0 ) 
4 156 (0 -20 -81 ) (0 -108 -81 ) (-52 -108 -81 ) (-52 -20 -81 ) 
4 156 (-52 -108 0 ) (-52 -108 -81 ) (0 -108 -81 ) (0 -108 0 ) 
4 157 (-308 -303 -81 ) (-308 -357 -81 ) (-308 -357 0 ) (-308 -303 0 ) 
4 157 (-308 0 -81 ) (-308 -246 -81 ) (-308 -246 0 ) (-308 0 0 ) 
4 157 (-308 0 -81 ) (-52 0 -81 ) (-52 -357 -81 ) (-308 -357 -81 ) 
4 157 (-52 0 0 ) (-52 -20 0 ) (-52 -20 -81 ) (-52 0 -81 ) 
4 157 (-52 -108 0 ) (-52 -357 0 ) (-52 -357 -81 ) (-52 -108 -81 ) 
4 157 (-308 -357 0 ) (-308 -357 -81 ) (-52 -357 -81 ) (-52 -357 0 ) 
4 158 (-308 -246 0 ) (-308 -246 -81 ) (-340 -246 -81 ) (-340 -246 0 ) 
4 158 (-340 -303 -81 ) (-340 -246 -81 ) (-308 -246 -81 ) (-308 -303 -81 ) 
4 158 (-340 -303 0 ) (-340 -303 -81 ) (-308 -303 -81 ) (-308 -303 0 ) 
4 159 (-526 -357 -120 ) (-340 -357 -120 ) (-340 -357 0 ) (-526 -357 0 ) 
4 159 (-526 -100 -120 ) (-526 -100 0 ) (-340 -100 0 ) (-340 -100 -120 ) 
4 159 (-340 -357 -81 ) (-340 -303 -81 ) (-340 -303 0 ) (-340 -357 0 ) 
4 159 (-340 -246 -81 ) (-340 -100 -81 ) (-340 -100 0 ) (-340 -246 0 ) 
4 159 (-340 -357 -120 ) (-340 -100 -120 ) (-340 -100 -81 ) (-340 -357 -81 ) 
4 159 (-526 -100 -120 ) (-340 -100 -120 ) (-340 -357 -120 ) (-526 -357 -120 ) 
4 159 (-526 -100 0 ) (-526 -100 -120 ) (-526 -357 -120 ) (-526 -357 0 ) 
