PRT1
149
290
680
6 0 6 0 (2262.500000 0 0 ) (2437.292236 0 0 ) (2646.957520 0 28.788252 ) (2842.500000 0 58 ) (2842.500000 0 115.978645 ) (2262.500000 0 331 ) 
4 0 3 0 (2437.292236 0 0 ) (2430.500000 0 0 ) (2430.500000 14 0 ) (2437.292236 14 0 ) 
4 0 4 0 (2430.500000 0 0 ) (2262.500000 0 0 ) (2262.500000 14 0 ) (2430.500000 14 0 ) 
4 0 1 0 (2262.500000 14 194 ) (2262.500000 14 0 ) (2262.500000 0 0 ) (2262.500000 0 194 ) 
4 1 7 0 (2129.500000 0 0 ) (2262.500000 0 0 ) (2262.500000 0 194 ) (2129.500000 0 176 ) 
4 1 4 0 (2262.500000 0 0 ) (2129.500000 0 0 ) (2129.500000 14 0 ) (2262.500000 14 0 ) 
4 2 16 0 (2048 0 0 ) (2048 0 120.824234 ) (2048 13 120.824219 ) (2048 13 0 ) 
4 2 15 0 (2048 13 120.824219 ) (2048 13.463073 120.824219 ) (2048 13.463073 0 ) (2048 13 0 ) 
4 2 10 0 (2048 0 120.824219 ) (2048 0 0 ) (2098 0 0 ) (2098 0 124 ) 
4 2 5 0 (2098 0 0 ) (2048 0 0 ) (2048 13.463073 0 ) (2098 13.500000 0 ) 
3 3 11 0 (2437.292236 0 0 ) (2430.500000 0 0 ) (2262.501465 0 -24 ) 
4 3 4 0 (2430.500000 14 0 ) (2262.504639 14 -24 ) (2262.504639 0 -24 ) (2430.500000 0 0 ) 
3 4 12 0 (2430.500000 0 0 ) (2129.500000 0 0 ) (2129.500000 0 -43 ) 
4 5 20 0 (2048 0 -54.175781 ) (2048 0 0 ) (2048 13 0 ) (2048 13 -54.175762 ) 
4 5 19 0 (2048 13 0 ) (2048 13.463073 0 ) (2048 13.463073 -54.175762 ) (2048 13 -54.175762 ) 
4 5 14 0 (2048 0 0 ) (2048 0 -54.175762 ) (2098 0 -51 ) (2098 0 0 ) 
4 6 11 0 (2430.500000 0 0 ) (2437.292236 0 0 ) (2437.292236 -144 0 ) (2430.500000 -144 0 ) 
4 6 12 0 (2262.500000 0 0 ) (2430.500000 0 0 ) (2430.500000 -144 0 ) (2262.500000 -144 0 ) 
4 6 7 0 (2262.500000 0 194 ) (2262.500000 0 0 ) (2262.500000 -144 0 ) (2262.500000 -144 194 ) 
4 7 12 0 (2129.500000 0 0 ) (2262.500000 0 0 ) (2262.500000 -144 0 ) (2129.500000 -144 0 ) 
4 7 8 0 (2129.500000 -124 98 ) (2129.500000 -124 118 ) (2129.500000 -6 118 ) (2129.500000 -6 98 ) 
4 7 9 0 (2129.500000 -6 0 ) (2129.500000 -124 0 ) (2129.500000 -124 98 ) (2129.500000 -6 98 ) 
4 8 9 0 (2129.500000 -124 98 ) (2122 -124 98 ) (2122 -6 98 ) (2129.500000 -6 98 ) 
4 9 13 0 (2098 -124 0 ) (2098 -6 0 ) (2129.500000 -6 0 ) (2129.500000 -124 0 ) 
4 9 10 0 (2098 -6 0 ) (2098 -124 0 ) (2098 -124 98 ) (2098 -6 98 ) 
4 10 23 0 (2048 0 120.824219 ) (2048 0 0 ) (2048 -144.073837 0 ) (2048 -144.073837 120.824234 ) 
4 10 14 0 (2048 -144.073853 0 ) (2048 0 0 ) (2098 0 0 ) (2098 -144 0 ) 
4 11 12 0 (2262.504639 -144 -24 ) (2430.500000 -144 0 ) (2430.500000 0 0 ) (2262.504639 0 -24 ) 
4 12 13 0 (2129.500000 -6 -43 ) (2129.500000 -124 -43 ) (2129.500000 -124 0 ) (2129.500000 -6 0 ) 
4 13 14 0 (2098 -124 0 ) (2098 -6 0 ) (2098 -6 -43 ) (2098 -124 -43 ) 
4 14 27 0 (2048 -144.073853 0 ) (2048 -133 0 ) (2048 -133 -54.175770 ) (2048 -144.073837 -54.175770 ) 
4 14 26 0 (2048 -133 0 ) (2048 0 0 ) (2048 0 -54.175762 ) (2048 -133 -54.175770 ) 
3 15 19 0 (2048 13.463074 0 ) (2048 13 0 ) (1421 13 0 ) 
4 15 16 0 (1421 13 0 ) (2048 13 0 ) (2048 13 120.824234 ) (1421 13 81 ) 
4 16 23 0 (1421 0 0 ) (2048 0 0 ) (2048 0 120.824234 ) (1421 0 81 ) 
4 16 20 0 (2048 0 0 ) (1421 0 0 ) (1421 13 0 ) (2048 13 0 ) 
4 16 17 0 (1421 1.500000 0 ) (1421 0 0 ) (1421 0 60 ) (1421 1.500000 60 ) 
4 17 24 0 (1387 0 0 ) (1421 0 0 ) (1421 0 60 ) (1387 0 60 ) 
4 17 21 0 (1421 0 0 ) (1387 0 0 ) (1387 1.500000 0 ) (1421 1.500000 0 ) 
4 17 18 0 (1387 1.500000 0 ) (1387 0 0 ) (1387 0 60 ) (1387 1.500000 60 ) 
4 18 29 0 (1024 13 0 ) (1024 0 0 ) (1024 0 63 ) (1024 13 63 ) 
4 18 25 0 (1024 0 63 ) (1024 0 0 ) (1387 0 0 ) (1387 0 63 ) 
4 18 22 0 (1387 0 0 ) (1024 0 0 ) (1024 13 0 ) (1387 13 0 ) 
4 19 20 0 (2048 13 -54.175781 ) (2048 13 0 ) (1421 13 0 ) (1421 13 -94 ) 
4 20 26 0 (2048 0 -54.175781 ) (2048 0 0 ) (1421 0 0 ) (1421 0 -94 ) 
4 20 21 0 (1421 1.500000 -94 ) (1421 0 -94 ) (1421 0 0 ) (1421 1.500000 0 ) 
4 21 26 0 (1421 0 -94 ) (1421 0 0 ) (1387 0 0 ) (1387 0 -94 ) 
4 21 22 0 (1387 0 -94 ) (1387 0 0 ) (1387 1.500000 0 ) (1387 1.500000 -94 ) 
4 22 36 0 (1024 0 -94 ) (1024 0 0 ) (1024 13 0 ) (1024 13 -94 ) 
4 22 26 0 (1024 0 0 ) (1024 0 -94 ) (1387 0 -94 ) (1387 0 0 ) 
4 23 27 0 (2048 -133 0 ) (2048 -144.073853 0 ) (1421 -145 0 ) (1421 -133 0 ) 
4 23 26 0 (1421 0 0 ) (2048 0 0 ) (2048 -133 0 ) (1421 -133 0 ) 
4 23 24 0 (1421 0 60 ) (1421 0 0 ) (1421 -133 0 ) (1421 -133 60 ) 
4 24 26 0 (1387 0 0 ) (1421 0 0 ) (1421 -133 0 ) (1387 -133 0 ) 
4 24 25 0 (1387 0 60 ) (1387 0 0 ) (1387 -133 0 ) (1387 -133 60 ) 
4 25 41 0 (1024 0 63 ) (1024 0 0 ) (1024 -145 0 ) (1024 -145 63 ) 
4 25 28 0 (1024 -145 0 ) (1024 -133 0 ) (1387 -133 0 ) (1387 -145 0 ) 
4 25 26 0 (1024 -133 0 ) (1024 0 0 ) (1387 0 0 ) (1387 -133 0 ) 
4 26 54 0 (1024 -133 0 ) (1024 -129 0 ) (1024 -129 -94 ) (1024 -133 -94 ) 
4 26 51 0 (1024 -129 0 ) (1024 -3.500000 0 ) (1024 -3.500000 -94 ) (1024 -129 -94 ) 
4 26 49 0 (1024 -3.500000 0 ) (1024 0 0 ) (1024 0 -94 ) (1024 -3.500000 -94 ) 
4 26 28 0 (1024 -133 -94 ) (1387 -133 -94 ) (1387 -133 0 ) (1024 -133 0 ) 
4 26 27 0 (1421 -133 -94 ) (2048 -133 -54.175758 ) (2048 -133 0 ) (1421 -133 0 ) 
4 28 54 0 (1024 -145 -94 ) (1024 -145 0 ) (1024 -133 0 ) (1024 -133 -94 ) 
4 29 41 0 (827 0 0 ) (1024 0 0 ) (1024 0 63 ) (827 0 63 ) 
4 29 36 0 (1024 0 0 ) (827 0 0 ) (827 13 0 ) (1024 13 0 ) 
4 30 43 0 (323 0 0 ) (788 0 0 ) (788 0 60 ) (323 0 60 ) 
4 30 37 0 (788 0 0 ) (323 0 0 ) (323 13 0 ) (788 13 0 ) 
4 31 45 0 (84.625000 0 0 ) (288 0 0 ) (288 0 52 ) (84.625000 0 52 ) 
4 31 38 0 (288 0 0 ) (84.625000 0 0 ) (84.625000 13 0 ) (288 13 0 ) 
4 31 34 0 (84.625000 13 0 ) (84.625000 23 0 ) (288 23 0 ) (288 13 0 ) 
4 32 47 0 (39 0 0 ) (71 0 0 ) (71 0 47 ) (39 0 47 ) 
4 32 39 0 (71 0 0 ) (39 0 0 ) (39 4.500000 0 ) (71 4.500000 0 ) 
4 32 33 0 (39 4.500000 0 ) (39 0 0 ) (39 0 47 ) (39 4.500000 47 ) 
4 33 66 0 (0 4.500000 63 ) (0 52 63 ) (0 52 0 ) (0 4.500000 0 ) 
4 33 68 0 (0 0 0 ) (0 0 63 ) (0 4.500000 63 ) (0 4.500000 0 ) 
4 33 65 0 (0 52 63 ) (0 122.500000 63 ) (0 122.500000 0 ) (0 52 0 ) 
4 33 48 0 (0 0 63 ) (0 0 0 ) (39 0 0 ) (39 0 63 ) 
4 33 40 0 (39 0 0 ) (0 0 0 ) (0 13 0 ) (39 13 0 ) 
4 33 35 0 (0 13 0 ) (0 122.500000 0 ) (39 122.500000 0 ) (39 13 0 ) 
4 34 38 0 (84.625000 13 -109 ) (288 13 -109 ) (288 13 0 ) (84.625000 13 0 ) 
4 35 71 0 (0 13 0 ) (0 52 0 ) (0 52 -109 ) (0 13 -109 ) 
4 35 70 0 (0 52 0 ) (0 122.500000 0 ) (0 122.500000 -109 ) (0 52 -109 ) 
4 35 40 0 (0 13 -109 ) (39 13 -109 ) (39 13 0 ) (0 13 0 ) 
4 36 49 0 (1024 0 -94 ) (1024 0 0 ) (827 0 0 ) (827 0 -94 ) 
4 37 50 0 (788 0 -100 ) (788 0 0 ) (323 0 0 ) (323 0 -100 ) 
4 38 58 0 (84.625000 0 -109 ) (288 0 -109 ) (288 0 0 ) (84.625000 0 0 ) 
4 39 59 0 (39 0 -109 ) (71 0 -109 ) (71 0 0 ) (39 0 0 ) 
4 39 40 0 (39 4.500000 -109 ) (39 0 -109 ) (39 0 0 ) (39 4.500000 0 ) 
4 40 71 0 (0 4.500000 0 ) (0 13 0 ) (0 13 -109 ) (0 4.500000 -109 ) 
4 40 74 0 (0 0 -109 ) (0 0 0 ) (0 4.500000 0 ) (0 4.500000 -109 ) 
4 40 59 0 (0 0 0 ) (0 0 -109 ) (39 0 -109 ) (39 0 0 ) 
4 41 54 0 (1024 -129 0 ) (1024 -145 0 ) (827 -145 0 ) (827 -129 0 ) 
4 41 51 0 (1024 -3.500000 0 ) (1024 -129 0 ) (827 -129 0 ) (827 -3.500000 0 ) 
4 41 49 0 (827 0 0 ) (1024 0 0 ) (1024 -3.500000 0 ) (827 -3.500000 0 ) 
4 41 42 0 (827 -3.500000 0 ) (827 -129 0 ) (827 -129 50 ) (827 -3.500000 50 ) 
4 42 51 0 (827 -3.500000 0 ) (827 -129 0 ) (788 -129 0 ) (788 -3.500000 0 ) 
4 42 43 0 (788 -3.500000 0 ) (788 -129 0 ) (788 -129 50 ) (788 -3.500000 50 ) 
4 43 55 0 (788 -129 0 ) (788 -145 0 ) (323 -145 0 ) (323 -129 0 ) 
4 43 51 0 (788 -3.500000 0 ) (788 -129 0 ) (323 -129 0 ) (323 -3.500000 0 ) 
4 43 50 0 (323 0 0 ) (788 0 0 ) (788 -3.500000 0 ) (323 -3.500000 0 ) 
4 43 44 0 (323 -5.500000 0 ) (323 -131 0 ) (323 -131 41 ) (323 -5.500000 41 ) 
4 44 57 0 (323 -5.500000 0 ) (323 -131 0 ) (288 -131 0 ) (288 -5.500000 0 ) 
4 44 45 0 (288 -5.500000 0 ) (288 -131 0 ) (288 -131 41 ) (288 -5.500000 41 ) 
4 45 61 0 (288 -123.500000 0 ) (288 -154.625000 0 ) (84.625000 -154.625000 0 ) (84.625000 -123.500000 0 ) 
4 45 60 0 (288 -11 0 ) (288 -123.500000 0 ) (84.625000 -123.500000 0 ) (84.625000 -11 0 ) 
4 45 58 0 (84.625000 0 0 ) (288 0 0 ) (288 -11 0 ) (84.625000 -11 0 ) 
4 45 46 0 (84.625000 -11 0 ) (84.625000 -123.500000 0 ) (84.625000 -123.500000 28 ) (84.625000 -11 28 ) 
4 46 60 0 (84.625000 -11 0 ) (84.625000 -123.500000 0 ) (71 -123.500000 0 ) (71 -11 0 ) 
4 46 47 0 (71 -11 0 ) (71 -123.500000 0 ) (71 -123.500000 28 ) (71 -11 28 ) 
4 47 62 0 (71 -11 0 ) (71 -154.625000 0 ) (39 -154.625000 0 ) (39 -11 0 ) 
4 47 59 0 (39 0 0 ) (71 0 0 ) (71 -11 0 ) (39 -11 0 ) 
4 47 48 0 (39 0 47 ) (39 0 0 ) (39 -154.625000 0 ) (39 -154.625000 47 ) 
4 48 77 0 (0 -178 63 ) (0 -129.500000 63 ) (0 -129.500000 0 ) (0 -178 0 ) 
4 48 79 0 (0 -239.500000 63 ) (0 -178 63 ) (0 -178 0 ) (0 -239.500000 0 ) 
4 48 76 0 (0 -129.500000 63 ) (0 0 63 ) (0 0 0 ) (0 -129.500000 0 ) 
4 48 63 0 (0 -239.500000 0 ) (0 -154.625000 0 ) (39 -154.625000 0 ) (39 -239.500000 0 ) 
4 48 62 0 (0 -154.625000 0 ) (0 -11 0 ) (39 -11 0 ) (39 -154.625000 0 ) 
4 48 59 0 (0 -11 0 ) (0 0 0 ) (39 0 0 ) (39 -11 0 ) 
4 49 51 0 (1024 -3.500000 -94 ) (1024 -3.500000 0 ) (827 -3.500000 0 ) (827 -3.500000 -94 ) 
4 50 53 0 (323 -3.500000 -94 ) (323 -3.500000 -100 ) (788 -3.500000 -100 ) (788 -3.500000 -94 ) 
4 50 51 0 (323 -3.500000 0 ) (323 -3.500000 -94 ) (788 -3.500000 -94 ) (788 -3.500000 0 ) 
4 51 57 0 (323 -129 0 ) (323 -5.500000 0 ) (323 -5.500000 -94 ) (323 -129 -94 ) 
4 51 54 0 (827 -129 -94 ) (1024 -129 -94 ) (1024 -129 0 ) (827 -129 0 ) 
4 51 55 0 (323 -129 0 ) (323 -129 -94 ) (788 -129 -94 ) (788 -129 0 ) 
4 51 53 0 (827 -129 -94 ) (323 -129 -94 ) (323 -3.500000 -94 ) (827 -3.500000 -94 ) 
4 51 52 0 (895 -129 -94 ) (827 -129 -94 ) (827 -11 -94 ) (895 -11 -94 ) 
4 52 53 0 (827 -129 -98 ) (827 -129 -94 ) (827 -11 -94 ) (827 -11 -98 ) 
4 53 57 0 (323 -5.500000 -100 ) (323 -129 -100 ) (323 -129 -94 ) (323 -5.500000 -94 ) 
4 53 56 0 (323 -123.500000 -100 ) (323 -5 -100 ) (457 -5 -100 ) (457 -123.500000 -100 ) 
4 53 55 0 (323 -129 -94 ) (323 -129 -100 ) (788 -129 -100 ) (788 -129 -94 ) 
4 55 57 0 (323 -131 0 ) (323 -129 0 ) (323 -129 -100 ) (323 -131 -100 ) 
4 56 57 0 (323 -123.500000 -107 ) (323 -123.500000 -100 ) (323 -5.500000 -100 ) (323 -5.500000 -107 ) 
4 57 61 0 (288 -123.500000 -109 ) (288 -131 -109 ) (288 -131 0 ) (288 -123.500000 0 ) 
4 57 60 0 (288 -11 -109 ) (288 -123.500000 -109 ) (288 -123.500000 0 ) (288 -11 0 ) 
4 57 58 0 (288 -5.500000 -109 ) (288 -11 -109 ) (288 -11 0 ) (288 -5.500000 0 ) 
4 58 60 0 (84.625000 -11 -109 ) (288 -11 -109 ) (288 -11 0 ) (84.625000 -11 0 ) 
4 59 82 0 (0 -11 0 ) (0 0 0 ) (0 0 -109 ) (0 -11 -109 ) 
4 59 64 0 (0 -11 -109 ) (0 -4 -109 ) (62.500011 -4 -109 ) (62.500015 -11 -109 ) 
4 59 62 0 (0 -11 -109 ) (71 -11 -109 ) (71 -11 0 ) (0 -11 0 ) 
4 60 61 0 (84.625000 -123.500000 -109 ) (288 -123.500000 -109 ) (288 -123.500000 0 ) (84.625000 -123.500000 0 ) 
4 60 62 0 (71 -11 0 ) (71 -11 -109 ) (71 -123.500000 -109 ) (71 -123.500000 0 ) 
4 62 83 0 (0 -154.625000 0 ) (0 -129.500000 0 ) (0 -129.500000 -109 ) (0 -154.625000 -109 ) 
4 62 82 0 (0 -129.500000 0 ) (0 -11 0 ) (0 -11 -109 ) (0 -129.500000 -109 ) 
4 62 64 0 (0 -122 -109 ) (0 -11 -109 ) (62.500011 -11 -109 ) (62.500015 -122 -109 ) 
4 62 63 0 (0 -154.625000 -109 ) (39 -154.625000 -109 ) (39 -154.625000 0 ) (0 -154.625000 0 ) 
4 63 83 0 (0 -178 0 ) (0 -154.625000 0 ) (0 -154.625000 -109 ) (0 -178 -109 ) 
4 63 86 0 (0 -239.500000 0 ) (0 -178 0 ) (0 -178 -109 ) (0 -239.500000 -109 ) 
4 64 88 0 (0 -122 -131.550201 ) (0 -122 -109 ) (0 -4 -109 ) (0 -4 -131.550217 ) 
4 65 70 0 (-208 52 0 ) (-208 122.500000 0 ) (0 122.500000 0 ) (0 52 0 ) 
4 65 69 0 (-208 122.500000 63 ) (-208 122.500000 0 ) (-208 52 0 ) (-208 52 63 ) 
4 65 67 0 (-164 52 0 ) (-61 52 0 ) (-61 52 63 ) (-164 52 63 ) 
4 65 66 0 (-16 52 0 ) (0 52 0 ) (0 52 63 ) (-16 52 63 ) 
4 66 71 0 (-16 52 0 ) (0 52 0 ) (0 4.500000 0 ) (-16 4.500000 0 ) 
4 66 68 0 (-16 4.500000 0 ) (0 4.500000 0 ) (0 4.500000 63 ) (-16 4.500000 63 ) 
4 67 72 0 (-164 52 0 ) (-61 52 0 ) (-61 4.500000 0 ) (-164 4.500000 0 ) 
4 67 68 0 (-164 4.500000 0 ) (-61 4.500000 0 ) (-61 4.500000 63 ) (-164 4.500000 63 ) 
4 68 76 0 (-208 0 0 ) (0 0 0 ) (0 0 63 ) (-208 0 63 ) 
4 68 74 0 (0 0 0 ) (-208 0 0 ) (-208 4.500000 0 ) (0 4.500000 0 ) 
4 68 69 0 (-208 4.500000 0 ) (-208 0 0 ) (-208 0 63 ) (-208 4.500000 63 ) 
4 69 81 0 (-298.500000 0 0 ) (-208 0 0 ) (-208 0 63 ) (-298.500000 0 63 ) 
4 69 73 0 (-298.500000 4.500000 0 ) (-298.500000 52 0 ) (-208 52 0 ) (-208 4.500000 0 ) 
4 69 74 0 (-208 0 0 ) (-298.500000 0 0 ) (-298.500000 4.500000 0 ) (-208 4.500000 0 ) 
4 69 70 0 (-298.500000 52 0 ) (-298.500000 122.500000 0 ) (-208 122.500000 0 ) (-208 52 0 ) 
4 70 72 0 (-164 52 -109 ) (-61 52 -109 ) (-61 52 0 ) (-164 52 0 ) 
4 70 73 0 (-298.500000 52 0 ) (-298.500000 52 -109 ) (-208 52 -109 ) (-208 52 0 ) 
4 70 71 0 (-16 52 -109 ) (0 52 -109 ) (0 52 0 ) (-16 52 0 ) 
4 71 74 0 (-16 4.500000 -109 ) (0 4.500000 -109 ) (0 4.500000 0 ) (-16 4.500000 0 ) 
4 72 74 0 (-164 4.500000 -109 ) (-61 4.500000 -109 ) (-61 4.500000 0 ) (-164 4.500000 0 ) 
4 73 74 0 (-298.500000 4.500000 0 ) (-298.500000 4.500000 -109 ) (-208 4.500000 -109 ) (-208 4.500000 0 ) 
4 74 82 0 (0 0 -109 ) (0 0 0 ) (-298.500000 0 0 ) (-298.500000 0 -109 ) 
4 75 94 0 (-444 0 -265 ) (-444 0 -97 ) (-776.500000 0 -97 ) (-776.500000 0 -265 ) 
4 76 82 0 (-208 0 0 ) (0 0 0 ) (0 -129.500000 0 ) (-208 -129.500000 0 ) 
4 76 81 0 (-208 0 0 ) (-208 -129.500000 0 ) (-208 -129.500000 63 ) (-208 0 63 ) 
4 76 77 0 (-16 -129.500000 0 ) (0 -129.500000 0 ) (0 -129.500000 63 ) (-16 -129.500000 63 ) 
4 76 78 0 (-164 -129.500000 0 ) (-61 -129.500000 0 ) (-61 -129.500000 63 ) (-164 -129.500000 63 ) 
4 77 83 0 (0 -129.500000 0 ) (0 -178 0 ) (-16 -178 0 ) (-16 -129.500000 0 ) 
4 77 79 0 (-16 -178 0 ) (0 -178 0 ) (0 -178 63 ) (-16 -178 63 ) 
4 78 84 0 (-61 -178 0 ) (-164 -178 0 ) (-164 -129.500000 0 ) (-61 -129.500000 0 ) 
4 78 80 0 (-164 -177.500000 0 ) (-164 -178 0 ) (-164 -178 63 ) (-164 -177.500000 63 ) 
4 78 79 0 (-164 -178 63 ) (-164 -178 0 ) (-61 -178 0 ) (-61 -178 63 ) 
4 79 86 0 (0 -178 0 ) (0 -239.500000 0 ) (-164 -239.500000 0 ) (-164 -178 0 ) 
4 79 80 0 (-164 -178 0 ) (-164 -239.500000 0 ) (-164 -239.500000 63 ) (-164 -178 63 ) 
4 80 85 0 (-208 -178 0 ) (-208 -177.500000 0 ) (-164 -177.500000 0 ) (-164 -178 0 ) 
4 80 86 0 (-164 -239.500000 0 ) (-208 -239.500000 0 ) (-208 -178 0 ) (-164 -178 0 ) 
4 80 81 0 (-208 -177.500000 0 ) (-208 -239.500000 0 ) (-208 -239.500000 63 ) (-208 -177.500000 63 ) 
4 81 87 0 (-208 -129.500000 0 ) (-208 -239.500000 0 ) (-298.500000 -239.500000 0 ) (-298.500000 -129.500000 0 ) 
4 81 82 0 (-298.500000 0 0 ) (-208 0 0 ) (-208 -129.500000 0 ) (-298.500000 -129.500000 0 ) 
4 82 90 0 (-298.500000 -5 -81 ) (-298.500000 -5 -109 ) (-298.500000 -121 -109 ) (-298.500000 -121 -81 ) 
4 82 88 0 (-298.500000 -122 -109 ) (-298.500000 -4 -109 ) (0 -4 -109 ) (0 -122 -109 ) 
4 82 84 0 (-164 -129.500000 -109 ) (-61 -129.500000 -109 ) (-61 -129.500000 0 ) (-164 -129.500000 0 ) 
4 82 83 0 (-16 -129.500000 -109 ) (0 -129.500000 -109 ) (0 -129.500000 0 ) (-16 -129.500000 0 ) 
4 82 87 0 (-298.500000 -129.500000 0 ) (-298.500000 -129.500000 -109 ) (-208 -129.500000 -109 ) (-208 -129.500000 0 ) 
4 83 86 0 (-16 -178 -109 ) (0 -178 -109 ) (0 -178 0 ) (-16 -178 0 ) 
4 84 85 0 (-164 -177.500000 -109 ) (-164 -178 -109 ) (-164 -178 0 ) (-164 -177.500000 0 ) 
4 84 86 0 (-164 -178 -109 ) (-61 -178 -109 ) (-61 -178 0 ) (-164 -178 0 ) 
4 85 87 0 (-208 -177.500000 -109 ) (-208 -178 -109 ) (-208 -178 0 ) (-208 -177.500000 0 ) 
4 85 86 0 (-208 -178 0 ) (-208 -178 -109 ) (-164 -178 -109 ) (-164 -178 0 ) 
4 86 87 0 (-208 -178 -109 ) (-208 -239.500000 -109 ) (-208 -239.500000 0 ) (-208 -178 0 ) 
4 88 90 0 (-298.500000 -121 -109 ) (-298.500000 -5 -109 ) (-298.500000 -5 -239.250000 ) (-298.500000 -121 -239.250015 ) 
4 89 91 0 (-416 -16 -258.875000 ) (-416 -112 -258.875000 ) (-416 -112 -254.125000 ) (-416 -16 -254.125000 ) 
4 89 90 0 (-339.693695 -5 -244.499619 ) (-416 -5 -254.124619 ) (-416 -120.500008 -254.124619 ) (-341.440399 -120.838913 -244.719940 ) 
4 90 91 0 (-416 -16 -254.125000 ) (-416 -112 -254.125000 ) (-416 -112 -105 ) (-416 -16 -105 ) 
4 91 92 0 (-425 -17 -260.843750 ) (-425 -112 -260.843750 ) (-425 -112 -105 ) (-425 -17 -105 ) 
4 92 93 0 (-436 -17 -263.250000 ) (-436 -112 -263.250000 ) (-436 -112 -105 ) (-436 -17 -105 ) 
4 93 94 0 (-444 -112 -105 ) (-444 -16.500000 -105 ) (-444 -16.500000 -265 ) (-444 -112 -265 ) 
4 94 96 0 (-776.500000 -8 -265 ) (-776.500000 -122 -265 ) (-776.500000 -122 -115 ) (-776.500000 -8 -115 ) 
4 94 95 0 (-776.500000 -122 -265 ) (-776.500000 -8 -265 ) (-752 -8 -265 ) (-752 -122 -265 ) 
4 95 96 0 (-776.500000 -122 -265 ) (-776.500000 -8 -265 ) (-776.500000 -8 -272.875000 ) (-776.500000 -122 -272.875000 ) 
4 96 98 0 (-804.500000 -122 -281 ) (-804.500000 -122 -115 ) (-804.500000 -8 -115 ) (-804.500000 -8 -281.125000 ) 
4 97 115 0 (-1024 -8 -323.569611 ) (-1024 -8 -108.369743 ) (-1024 0 -108.369743 ) (-1024 0 -323.569611 ) 
5 97 98 0 (-804.500000 -8 -281.163818 ) (-804.500000 -8 -107.004639 ) (-1024 -8 -108.374374 ) (-1024 -8 -323.569580 ) (-894.286743 -8 -309.050201 ) 
4 98 115 0 (-1024 -138 -323.561707 ) (-1024 -138 -108.369720 ) (-1024 -8 -108.369743 ) (-1024 -8 -323.561707 ) 
4 98 99 0 (-804.500000 -121.500000 -281.160400 ) (-804.500000 -138 -281.160431 ) (-894.212646 -138 -309.023834 ) (-894.213196 -121.500000 -309.023895 ) 
4 100 145 0 (-2048 0 0 ) (-2048 0 339 ) (-2048 227 339 ) (-2048 227 0 ) 
4 100 114 0 (-2048 0 339 ) (-2048 0 0 ) (-1024 0 0 ) (-1024 0 339 ) 
4 101 119 0 (-1278 0 -359 ) (-1278 0 -196 ) (-1483.500000 0 -196 ) (-1483.500000 0 -365.125000 ) 
4 102 123 0 (-1519 0 -377.078369 ) (-1519 0 -212 ) (-1598 0 -212 ) (-1598 0 -395.133423 ) 
4 102 104 0 (-1598 33.500000 -212 ) (-1598 98 -212 ) (-1598 98 -395.133423 ) (-1598 33.500000 -395.133423 ) 
4 102 103 0 (-1598 149 -212 ) (-1598 219 -212 ) (-1598 219 -395.133423 ) (-1598 149 -395.133423 ) 
4 103 109 0 (-1645 149 -212 ) (-1645 219 -212 ) (-1645 219 -405.875000 ) (-1645 149 -405.875000 ) 
4 104 109 0 (-1645 33.249996 -212 ) (-1645 98 -212 ) (-1645 98 -405.875000 ) (-1645 33.249992 -405.875000 ) 
4 105 135 0 (-1717.429565 0 -160.503357 ) (-1768 0 -153 ) (-1768.984131 0 -153 ) (-1716.874878 0 -160.703064 ) 
4 105 109 0 (-1768.976563 0 -153 ) (-1769.294189 218.567657 -153 ) (-1716.880371 218.749969 -160.748108 ) (-1716.880249 0 -160.701157 ) 
3 105 107 0 (-1769.294189 218.567657 -153 ) (-1769.294800 219 -153 ) (-1645 219 -171.373917 ) 
4 106 135 0 (-1870.714355 0 -159.773239 ) (-1916.142334 0 -176.300522 ) (-1916.401978 0 -176.500488 ) (-1870.329224 0 -159.719055 ) 
4 106 110 0 (-1916.076416 219 -176.254517 ) (-1916.128906 0 -176.294922 ) (-1915.702515 0 -176.139816 ) (-1915.373291 219 -175.998718 ) 
4 106 109 0 (-1870.325562 0 -159.718536 ) (-1916.400024 0 -176.500137 ) (-1916.463501 218.055771 -176.548981 ) (-1869.997314 218.217392 -159.624771 ) 
4 106 107 0 (-1916.463501 218.055771 -176.548981 ) (-1916.463745 219 -176.549194 ) (-1869.996094 219 -159.624435 ) (-1869.997314 218.217392 -159.624771 ) 
4 107 112 0 (-1943 217.963470 -212 ) (-1943 219 -212 ) (-1943 219 -404 ) (-1943 217.963470 -404 ) 
12 107 109 0 (-1645.023438 219 -406 ) (-1645.023438 219 -211.970062 ) (-1651.890259 218.976120 -196.738068 ) (-1682.294922 218.870361 -173.198822 ) (-1716.894897 218.750000 -160.742828 ) (-1769.273438 218.567810 -153 ) (-1822.876099 218.381378 -153 ) (-1870.039063 218.217316 -159.634766 ) (-1916.454712 218.055862 -176.541138 ) (-1938.592529 217.978867 -193.590363 ) (-1943 217.963531 -212 ) (-1943 217.963531 -406 ) 
4 107 108 0 (-1645.023438 219 -202.054413 ) (-1645.023438 219 -199.959045 ) (-1677.146240 218.888275 -175.052338 ) (-1682.294922 218.870361 -173.198822 ) 
4 108 134 0 (-1645 0 -201.621918 ) (-1645 0 -200.315109 ) (-1678.072632 0 -174.671844 ) (-1681.321289 0 -173.502350 ) 
4 108 109 0 (-1681.325806 0 -173.499512 ) (-1682.299683 218.870239 -173.195938 ) (-1651.889893 218.975998 -196.739075 ) (-1652.201904 0 -196.046936 ) 
3 109 137 0 (-1645 0 -406 ) (-1645 0 -405.782349 ) (-1645.511719 0 -406 ) 
13 109 135 0 (-1645 0 -405.782349 ) (-1645 0 -212.022003 ) (-1652.202271 0 -196.045975 ) (-1681.321289 0 -173.502350 ) (-1716.874878 0 -160.703064 ) (-1768.984131 0 -153 ) (-1822.562866 0 -153 ) (-1870.329224 0 -159.719055 ) (-1916.401978 0 -176.500488 ) (-1938.592529 0 -193.590347 ) (-1943 0 -212 ) (-1943 0 -406 ) (-1645.511719 0 -406 ) 
4 109 113 0 (-1943 41 -212 ) (-1943 104 -212 ) (-1943 104 -404 ) (-1943 41 -404 ) 
4 109 112 0 (-1943 149 -212 ) (-1943 217.963470 -212 ) (-1943 217.963470 -404 ) (-1943 149 -404 ) 
4 109 111 0 (-1890 58 -406 ) (-1717 58 -406 ) (-1717 0 -406 ) (-1890 0 -406 ) 
4 110 136 0 (-1885.633301 0 -153 ) (-1885.887451 0 -153 ) (-1916.142334 0 -176.300522 ) (-1915.704224 0 -176.141129 ) 
4 111 140 0 (-1717 0 -452 ) (-1717 0 -406 ) (-1890 0 -406 ) (-1890 0 -452 ) 
4 114 147 0 (-2048 -371 0 ) (-2048 -371 339 ) (-2048 0 339 ) (-2048 0 0 ) 
4 115 116 0 (-1125 0 -122.875008 ) (-1125 0 -334.875000 ) (-1125 -138 -334.875000 ) (-1125 -138 -123 ) 
4 116 117 0 (-1134 0 -335.980469 ) (-1134 -138 -335.980469 ) (-1134 -138 -123.875031 ) (-1134 0 -123.750015 ) 
4 117 118 0 (-1244 -8 -348 ) (-1244 -131 -348 ) (-1244 -131 -196 ) (-1244 -8 -196 ) 
4 118 120 0 (-1278 -131 -196 ) (-1278 -18 -196 ) (-1278 -18 -359 ) (-1278 -131 -359 ) 
4 118 119 0 (-1278 -18 -196 ) (-1278 -8 -196 ) (-1278 -8 -359 ) (-1278 -18 -359 ) 
4 119 121 0 (-1483.500000 -18 -364.499969 ) (-1483.500000 -18 -365.125000 ) (-1464.402222 -18 -364.555786 ) (-1464.158203 -18 -364.499969 ) 
5 119 120 0 (-1483.500000 -18 -196 ) (-1483.500000 -18 -364.499969 ) (-1464.373169 -18 -364.499969 ) (-1278 -18 -359 ) (-1278 -18 -196 ) 
4 120 126 0 (-1483.500000 -18 -216 ) (-1483.500000 -18 -364.499969 ) (-1483.500000 -131 -364.499969 ) (-1483.500000 -131 -216 ) 
4 120 122 0 (-1464.373657 -158 -364.499969 ) (-1483.500000 -158 -364.499969 ) (-1483.500000 -131.500000 -364.499969 ) (-1464.373657 -131.500000 -364.499969 ) 
4 120 121 0 (-1483.500000 -131.500000 -364.499969 ) (-1483.500000 -18 -364.499969 ) (-1464.373657 -18 -364.499969 ) (-1464.373657 -131.500000 -364.499969 ) 
4 121 125 0 (-1483.500000 -18 -368.375031 ) (-1483.500000 -18 -368.925171 ) (-1483.500000 -131 -368.925171 ) (-1483.500000 -131 -368.375031 ) 
4 121 126 0 (-1483.500000 -18 -364.499969 ) (-1483.500000 -18 -368.375031 ) (-1483.500000 -131 -368.375031 ) (-1483.500000 -131 -364.499969 ) 
3 121 122 0 (-1464.374146 -131.500000 -364.499969 ) (-1483.500000 -131.500000 -364.499969 ) (-1483.500000 -131.500000 -365.125000 ) 
4 123 127 0 (-1598 -18 -395.137238 ) (-1519 -18 -377.082123 ) (-1519 -18 -212 ) (-1598 -18 -212 ) 
4 123 124 0 (-1598 -14.374999 -395.132813 ) (-1598 -18 -395.132813 ) (-1598 -18 -212 ) (-1598 -14.374999 -212 ) 
4 124 135 0 (-1645 -14.499999 -405.875000 ) (-1645 -18 -405.875000 ) (-1645 -18 -212 ) (-1645 -14.499999 -212 ) 
4 124 128 0 (-1645 -18 -405.878906 ) (-1598 -18 -395.137238 ) (-1598 -18 -212 ) (-1645 -18 -212 ) 
4 125 126 0 (-1502 -131 -373 ) (-1483.500000 -131 -368.375000 ) (-1483.500000 -18 -368.375000 ) (-1502 -18 -373 ) 
4 126 127 0 (-1511 -18 -216 ) (-1511 -18 -375.250000 ) (-1511 -131 -375.242188 ) (-1511 -131 -216 ) 
4 127 129 0 (-1598 -131 -395.137238 ) (-1519 -131 -377.082123 ) (-1519 -131 -212 ) (-1598 -131 -212 ) 
4 127 128 0 (-1598 -128 -212 ) (-1598 -18 -212 ) (-1598 -18 -395.133392 ) (-1598 -128 -395.132843 ) 
4 128 138 0 (-1645 -127 -405.875000 ) (-1645 -128 -405.875000 ) (-1645 -128 -405.496643 ) (-1645 -127 -405.498871 ) 
4 128 135 0 (-1645 -18 -212 ) (-1645 -18 -405.742188 ) (-1645 -128 -405.496643 ) (-1645 -128 -212 ) 
4 129 132 0 (-1598 -363 -395.132813 ) (-1598 -363 -212 ) (-1598 -286.750000 -212 ) (-1598 -286.750000 -395.132996 ) 
4 129 130 0 (-1598 -239 -212 ) (-1598 -176 -212 ) (-1598 -176 -395.133270 ) (-1598 -239 -395.133118 ) 
4 130 138 0 (-1645 -176 -405.875000 ) (-1645 -239 -405.875000 ) (-1645 -239 -405.248901 ) (-1645 -176 -405.389526 ) 
4 130 135 0 (-1645 -239 -405.248901 ) (-1645 -239 -212 ) (-1645 -176 -212 ) (-1645 -176 -405.389526 ) 
4 131 132 0 (-1645 -288 -405.873047 ) (-1645 -288.773285 -405.875031 ) (-1598 -292.064941 -395.133423 ) (-1598 -286.750000 -395.119873 ) 
4 132 138 0 (-1645 -288 -405.875000 ) (-1645 -363 -405.875000 ) (-1645 -363 -404.972107 ) (-1645 -288 -405.139526 ) 
4 132 135 0 (-1645 -362.876404 -212 ) (-1645 -288 -212 ) (-1645 -288 -405.139526 ) (-1645 -360.732208 -404.977173 ) 
4 132 133 0 (-1645 -363 -404.972107 ) (-1645 -363 -212 ) (-1645 -362.876404 -212 ) (-1645 -360.732208 -404.977173 ) 
4 133 143 0 (-1943 -363 -404 ) (-1943 -363 -212 ) (-1943 -360.312927 -212 ) (-1943 -358.179596 -404 ) 
4 133 138 0 (-1645 -363 -404.970459 ) (-1647.420410 -363 -406 ) (-1647.408325 -360.700134 -406 ) (-1645 -360.732208 -404.975525 ) 
13 133 135 0 (-1943 -360.312836 -212.015442 ) (-1938.581787 -360.555908 -193.560486 ) (-1916.246094 -360.938995 -176.372070 ) (-1870.927124 -361.512024 -159.885864 ) (-1821.986450 -362.009521 -153 ) (-1768 -362.473907 -153 ) (-1717.022949 -362.828369 -160.563690 ) (-1679.628296 -363 -174.025665 ) (-1652.725708 -363 -194.884918 ) (-1645 -362.876160 -212.021942 ) (-1645 -360.732239 -404.977783 ) (-1647.402954 -360.700195 -406 ) (-1943 -358.157471 -406 ) 
4 134 135 0 (-1652.720703 -363 -194.896317 ) (-1679.710938 -363 -174 ) (-1681.326050 0 -173.496552 ) (-1652.203247 0 -196.043808 ) 
4 135 143 0 (-1943 -280.500000 -404 ) (-1943 -358.179596 -404 ) (-1943 -360.312927 -212 ) (-1943 -280.500000 -212 ) 
4 135 142 0 (-1943 -166 -404 ) (-1943 -229 -404 ) (-1943 -229 -212 ) (-1943 -166 -212 ) 
4 135 141 0 (-1943 -25 -404 ) (-1943 -133 -404 ) (-1943 -133 -212 ) (-1943 -25 -212 ) 
4 135 140 0 (-1890 0 -406 ) (-1717 0 -406 ) (-1717 -184 -406 ) (-1890 -184 -406 ) 
4 135 139 0 (-1645.587769 -14.504084 -406 ) (-1646.178101 -127 -406 ) (-1717 -127 -406 ) (-1717 -15 -406 ) 
4 135 137 0 (-1645.591675 -14.504105 -406 ) (-1645.515503 0 -406 ) (-1645 0 -405.780701 ) (-1645 -14.500000 -405.748322 ) 
4 135 138 0 (-1647.408325 -360.700134 -406 ) (-1646.182007 -127 -406 ) (-1645 -127 -405.497223 ) (-1645 -360.732208 -404.975525 ) 
4 135 136 0 (-1916.161133 0 -176.305679 ) (-1916.247803 -360.938934 -176.372330 ) (-1916.242432 -360.938995 -176.370392 ) (-1915.699829 0 -176.137878 ) 
4 139 140 0 (-1717 -127 -406 ) (-1717 -15 -406 ) (-1717 -15 -436.375000 ) (-1717 -127 -436.125000 ) 
4 141 144 0 (-2039 -25 -244 ) (-2039 -25 -380 ) (-2039 -133 -380 ) (-2039 -133 -244 ) 
4 144 148 0 (-2048 -133 -378.500061 ) (-2048 -133 -244.681824 ) (-2048 -25 -244.681839 ) (-2048 -25 -378.500061 ) 
4 145 147 0 (-2113 0 339 ) (-2113 0 0 ) (-2048 0 0 ) (-2048 0 339 ) 
4 145 146 0 (-2048 0 0 ) (-2113 0 0 ) (-2113 227 0 ) (-2048 227 0 ) 
4 0 (2262.500000 14 331 ) (2262.500000 14 194 ) (2262.500000 0 194 ) (2262.500000 0 331 ) 
4 0 (2646.971680 14 28.790188 ) (2842.500000 14 58 ) (2842.500000 0 58 ) (2646.971680 0 28.790188 ) 
4 0 (2842.500000 0 115.978645 ) (2842.500000 0 58 ) (2842.500000 14 58 ) (2842.500000 14 115.978653 ) 
6 0 (2262.500000 14 331 ) (2842.500000 14 115.978645 ) (2842.500000 14 58 ) (2646.957520 14 28.788252 ) (2437.292236 14 0 ) (2262.500000 14 0 ) 
4 0 (2262.500000 14 331 ) (2262.500000 0 331 ) (2842.500000 0 115.980469 ) (2842.500000 14 115.980469 ) 
4 0 (2437.295654 0 0 ) (2437.295654 14 0 ) (2647.097656 14 28.806641 ) (2647.097656 0 28.806641 ) 
4 1 (2129.500000 14 176 ) (2262.500000 14 194 ) (2262.500000 14 0 ) (2129.500000 14 0 ) 
4 1 (2129.500000 14 176 ) (2129.500000 14 0 ) (2129.500000 0 0 ) (2129.500000 0 176 ) 
4 1 (2262.500000 0 194 ) (2262.500000 14 194 ) (2129.500000 14 176 ) (2129.500000 0 176 ) 
4 2 (2098 0 124 ) (2098 13.500000 124 ) (2048 13.463073 120.823982 ) (2048 0 120.823975 ) 
4 2 (2098 13.500000 124 ) (2098 0 124 ) (2098 0 0 ) (2098 13.500000 0 ) 
4 2 (2048 13.463072 0 ) (2048 13.463073 120.822273 ) (2098 13.500000 123.998047 ) (2098 13.500000 0 ) 
3 3 (2262.501465 14 -24 ) (2430.500000 14 0 ) (2437.292236 14 0 ) 
4 3 (2437.289063 0 0 ) (2262.585938 0 -23.987305 ) (2262.585938 14 -23.987305 ) (2437.289063 14 0 ) 
4 4 (2129.500000 14 0 ) (2129.500000 14 -43 ) (2129.500000 0 -43 ) (2129.500000 0 0 ) 
4 4 (2262.504639 0 -24 ) (2129.500000 0 -43 ) (2129.500000 14 -43 ) (2262.504639 14 -24 ) 
3 4 (2129.500000 14 -43 ) (2129.500000 14 0 ) (2430.500000 14 0 ) 
4 5 (2048 13.463073 -54.175762 ) (2048 13.463073 0 ) (2098 13.500000 0 ) (2098 13.500000 -51 ) 
4 5 (2098 13.500000 -51 ) (2098 13.500000 0 ) (2098 0 0 ) (2098 0 -51 ) 
4 5 (2098 0 -51 ) (2048 0 -54.176270 ) (2048 13.465007 -54.176266 ) (2098 13.501938 -51 ) 
4 6 (2262.500000 0 331 ) (2262.500000 0 194 ) (2262.500000 -144 194 ) (2262.500000 -144 331 ) 
4 6 (2842.500000 0 58 ) (2842.500000 -144 58 ) (2646.971680 -144 28.790188 ) (2646.971680 0 28.790188 ) 
4 6 (2842.500000 -144 115.978645 ) (2842.500000 -144 58 ) (2842.500000 0 58 ) (2842.500000 0 115.978653 ) 
6 6 (2262.500000 -144 0 ) (2437.292236 -144 0 ) (2646.957520 -144 28.788252 ) (2842.500000 -144 58 ) (2842.500000 -144 115.978645 ) (2262.500000 -144 331 ) 
4 6 (2262.500000 0 331 ) (2262.500000 -144 331 ) (2842.500000 -144 115.980469 ) (2842.500000 0 115.980469 ) 
4 6 (2647.097656 0 28.806641 ) (2647.097656 -144 28.806641 ) (2437.295654 -144 0 ) (2437.295654 0 0 ) 
4 7 (2129.500000 -124 118 ) (2129.500000 -124 176 ) (2129.500000 -6 176 ) (2129.500000 -6 118 ) 
4 7 (2129.500000 0 176 ) (2129.500000 0 0 ) (2129.500000 -6 0 ) (2129.500000 -6 176 ) 
4 7 (2129.500000 -124 0 ) (2129.500000 -144 0 ) (2129.500000 -144 176 ) (2129.500000 -124 176 ) 
4 7 (2129.500000 -144 0 ) (2262.500000 -144 0 ) (2262.500000 -144 194 ) (2129.500000 -144 176 ) 
4 7 (2262.500000 -144 194 ) (2262.500000 0 194 ) (2129.500000 0 176 ) (2129.500000 -144 176 ) 
4 8 (2129.500000 -6 118 ) (2122 -6 118 ) (2122 -124 118 ) (2129.500000 -124 118 ) 
4 8 (2122 -6 118 ) (2129.500000 -6 118 ) (2129.500000 -6 98 ) (2122 -6 98 ) 
4 8 (2122 -124 98 ) (2129.500000 -124 98 ) (2129.500000 -124 118 ) (2122 -124 118 ) 
4 8 (2122 -6 98 ) (2122 -124 98 ) (2122 -124 118 ) (2122 -6 118 ) 
4 9 (2122 -6 98 ) (2098 -6 98 ) (2098 -124 98 ) (2122 -124 98 ) 
4 9 (2129.500000 -6 98 ) (2129.500000 -6 0 ) (2098 -6 0 ) (2098 -6 98 ) 
4 9 (2098 -124 98 ) (2098 -124 0 ) (2129.500000 -124 0 ) (2129.500000 -124 98 ) 
4 10 (2048 -144.073853 120.824234 ) (2048 -144.073853 0 ) (2098 -144 0 ) (2098 -144 124 ) 
4 10 (2098 -6 98 ) (2098 -6 118 ) (2098 -124 118 ) (2098 -124 98 ) 
4 10 (2098 -6 118 ) (2098 -6 124 ) (2098 -124 124 ) (2098 -124 118 ) 
4 10 (2098 -6 124 ) (2098 -6 0 ) (2098 0 0 ) (2098 0 124 ) 
4 10 (2098 -124 124 ) (2098 -144 124 ) (2098 -144 0 ) (2098 -124 0 ) 
4 10 (2048 -144.069489 120.824234 ) (2098 -143.995636 124 ) (2098 0 124 ) (2048 0 120.824226 ) 
3 11 (2437.292236 -144 0 ) (2430.500000 -144 0 ) (2262.504639 -144 -24 ) 
4 11 (2437.285889 0 0 ) (2437.285889 -144 0 ) (2262.585938 -144 -23.987303 ) (2262.585938 0 -23.987305 ) 
4 12 (2129.500000 0 -43 ) (2129.500000 -6 -43 ) (2129.500000 -6 0 ) (2129.500000 0 0 ) 
4 12 (2129.500000 -124 -43 ) (2129.500000 -144 -43 ) (2129.500000 -144 0 ) (2129.500000 -124 0 ) 
4 12 (2262.504639 0 -24 ) (2262.504639 -144 -24 ) (2129.500000 -144 -43 ) (2129.500000 0 -43 ) 
3 12 (2129.500000 -144 0 ) (2129.500000 -144 -43 ) (2430.500000 -144 0 ) 
4 13 (2098 -124 0 ) (2098 -124 -43 ) (2129.500000 -124 -43 ) (2129.500000 -124 0 ) 
4 13 (2098 -124 -43 ) (2098 -6 -43 ) (2129.500000 -6 -43 ) (2129.500000 -124 -43 ) 
4 13 (2129.500000 -6 0 ) (2129.500000 -6 -43 ) (2098 -6 -43 ) (2098 -6 0 ) 
4 14 (2048 -144.073837 -54.176506 ) (2048 0 -54.176506 ) (2098 0 -51 ) (2098 -144 -51 ) 
4 14 (2098 -6 -43 ) (2098 0 -43 ) (2098 0 0 ) (2098 -6 0 ) 
4 14 (2098 -144 -43 ) (2098 -124 -43 ) (2098 -124 0 ) (2098 -144 0 ) 
4 14 (2098 -144 -51 ) (2098 0 -51 ) (2098 0 -43 ) (2098 -144 -43 ) 
4 14 (2048 -144.073868 0 ) (2048 -144.073868 -54.176262 ) (2098 -144 -51 ) (2098 -144 0 ) 
4 15 (2048 13.463070 120.824234 ) (2048 13.463070 0 ) (1421.003906 13 0 ) (1421.003906 13 81 ) 
3 15 (2048 13.465256 120.824707 ) (1418.046875 13 80.812500 ) (2048 13 120.824295 ) 
4 16 (1421 13 60 ) (1421 13 0 ) (1421 1.500000 0 ) (1421 1.500000 60 ) 
4 16 (1421 13 81 ) (1421 13 60 ) (1421 0 60 ) (1421 0 81 ) 
4 16 (2048 13 120.824219 ) (1421 13 81 ) (1421 0 81 ) (2048 0 120.823730 ) 
4 17 (1421 0 60 ) (1421 1.500000 60 ) (1387 1.500000 60 ) (1387 0 60 ) 
4 17 (1387 1.500000 0 ) (1387 1.500000 60 ) (1421 1.500000 60 ) (1421 1.500000 0 ) 
4 18 (1387 13 63 ) (1387 13 0 ) (1024 13 0 ) (1024 13 63 ) 
4 18 (1387 0 63 ) (1387 0 60 ) (1387 13 60 ) (1387 13 63 ) 
4 18 (1387 1.500000 60 ) (1387 1.500000 0 ) (1387 13 0 ) (1387 13 60 ) 
4 18 (1024 0 63 ) (1387 0 63 ) (1387 13 63 ) (1024 13 63 ) 
4 19 (2048 13.463074 0 ) (2048 13.463074 -54.175781 ) (1421.003906 13 -94 ) (1421.003906 13 0 ) 
3 19 (2048 13 -54.175598 ) (1418.421875 13 -94.163574 ) (2048 13.465017 -54.175449 ) 
4 20 (1421 13 0 ) (1421 13 -94 ) (1421 1.500000 -94 ) (1421 1.500000 0 ) 
4 20 (2048 0 -54.176117 ) (1421 0 -94 ) (1421 13 -94 ) (2048 13 -54.176121 ) 
4 21 (1421 1.500000 0 ) (1421 1.500000 -94 ) (1387 1.500000 -94 ) (1387 1.500000 0 ) 
4 21 (1387 0 -94 ) (1387 1.500000 -94 ) (1421 1.500000 -94 ) (1421 0 -94 ) 
4 22 (1387 13 -94 ) (1024 13 -94 ) (1024 13 0 ) (1387 13 0 ) 
4 22 (1387 1.500000 0 ) (1387 1.500000 -94 ) (1387 13 -94 ) (1387 13 0 ) 
4 22 (1024 13 -94 ) (1387 13 -94 ) (1387 0 -94 ) (1024 0 -94 ) 
4 23 (1421 0 81 ) (1421 0 60 ) (1421 -133 60 ) (1421 -133 81 ) 
4 23 (1421 -133 0 ) (1421 -145 0 ) (1421 -145 81 ) (1421 -133 81 ) 
4 23 (2048 0 120.824219 ) (1421 0 81 ) (1421 -145 81 ) (2048 -144.073853 120.823730 ) 
4 23 (2048 -144.073837 120.831055 ) (1421 -145 81.006836 ) (1421 -145 0 ) (2048 -144.073837 0 ) 
4 24 (1387 -133 60 ) (1387 -133 0 ) (1421 -133 0 ) (1421 -133 60 ) 
4 24 (1421 0 60 ) (1387 0 60 ) (1387 -133 60 ) (1421 -133 60 ) 
4 25 (1024 -145 63 ) (1024 -145 0 ) (1387 -145 0 ) (1387 -145 63 ) 
4 25 (1387 -133 63 ) (1387 -145 63 ) (1387 -145 0 ) (1387 -133 0 ) 
4 25 (1387 -133 63 ) (1387 -133 60 ) (1387 0 60 ) (1387 0 63 ) 
4 25 (1024 -145 63 ) (1387 -145 63 ) (1387 0 63 ) (1024 0 63 ) 
4 26 (1387 -133 -94 ) (1421 -133 -94 ) (1421 -133 0 ) (1387 -133 0 ) 
4 26 (1024 -133 -94 ) (1024 0 -94 ) (1421 0 -94 ) (1421 -133 -94 ) 
4 26 (2048 0 -54.176277 ) (2048 -133 -54.176277 ) (1421.007813 -133 -94 ) (1421.007813 0 -94 ) 
4 27 (1421 -133 0 ) (1421 -133 -94 ) (1421 -145 -94 ) (1421 -145 0 ) 
4 27 (2048 -144.073853 -54.175758 ) (2048 -144.073853 0 ) (1421 -145 0 ) (1421 -145 -94 ) 
4 27 (2048 -133 -54.175766 ) (2048 -144.070206 -54.175781 ) (1421 -144.996353 -94 ) (1421 -133 -94 ) 
4 28 (1387 -145 -94 ) (1024 -145 -94 ) (1024 -133 -94 ) (1387 -133 -94 ) 
4 28 (1387 -145 0 ) (1024 -145 0 ) (1024 -145 -94 ) (1387 -145 -94 ) 
4 28 (1387 -145 0 ) (1387 -145 -94 ) (1387 -133 -94 ) (1387 -133 0 ) 
4 29 (827 13 63 ) (827 13 0 ) (827 0 0 ) (827 0 63 ) 
4 29 (827 13 63 ) (1024 13 63 ) (1024 13 0 ) (827 13 0 ) 
4 29 (1024 13 63 ) (827 13 63 ) (827 0 63 ) (1024 0 63 ) 
4 30 (323 13 60 ) (788 13 60 ) (788 13 0 ) (323 13 0 ) 
4 30 (323 13 60 ) (323 13 0 ) (323 0 0 ) (323 0 60 ) 
4 30 (788 0 60 ) (788 0 0 ) (788 13 0 ) (788 13 60 ) 
4 30 (788 0 60 ) (788 13 60 ) (323 13 60 ) (323 0 60 ) 
4 31 (288 23 52 ) (288 23 0 ) (84.625000 23 0 ) (84.625000 23 52 ) 
4 31 (288 13 52 ) (288 0 52 ) (288 0 0 ) (288 13 0 ) 
4 31 (288 23 52 ) (288 13 52 ) (288 13 0 ) (288 23 0 ) 
4 31 (84.625000 23 0 ) (84.625000 0 0 ) (84.625000 0 52 ) (84.625000 23 52 ) 
4 31 (288 0 52 ) (288 23 52 ) (84.625000 23 52 ) (84.625000 0 52 ) 
4 32 (71 4.500000 47 ) (71 4.500000 0 ) (39 4.500000 0 ) (39 4.500000 47 ) 
4 32 (71 4.500000 47 ) (71 0 47 ) (71 0 0 ) (71 4.500000 0 ) 
4 32 (71 0 47 ) (71 4.500000 47 ) (39 4.500000 47 ) (39 0 47 ) 
4 33 (0 122.500000 63 ) (0 0 63 ) (39 0 63 ) (39 122.500000 63 ) 
4 33 (39 4.500000 47 ) (39 4.500000 63 ) (39 0 63 ) (39 0 47 ) 
4 33 (39 122.500000 63 ) (39 4.500000 63 ) (39 4.500000 0 ) (39 122.500000 0 ) 
4 33 (0 122.500000 63 ) (39 122.500000 63 ) (39 122.500000 0 ) (0 122.500000 0 ) 
4 34 (84.625000 23 -109 ) (84.625000 13 -109 ) (84.625000 13 0 ) (84.625000 23 0 ) 
4 34 (288 23 0 ) (288 13 0 ) (288 13 -109 ) (288 23 -109 ) 
4 34 (288 23 -109 ) (288 13 -109 ) (84.625000 13 -109 ) (84.625000 23 -109 ) 
4 34 (288 23 0 ) (288 23 -109 ) (84.625000 23 -109 ) (84.625000 23 0 ) 
4 35 (0 13 -109 ) (0 122.500000 -109 ) (39 122.500000 -109 ) (39 13 -109 ) 
4 35 (39 122.500000 0 ) (39 13 0 ) (39 13 -109 ) (39 122.500000 -109 ) 
4 35 (0 122.500000 0 ) (39 122.500000 0 ) (39 122.500000 -109 ) (0 122.500000 -109 ) 
4 36 (827 13 0 ) (827 13 -94 ) (827 0 -94 ) (827 0 0 ) 
4 36 (827 13 -94 ) (827 13 0 ) (1024 13 0 ) (1024 13 -94 ) 
4 36 (1024 0 -94 ) (827 0 -94 ) (827 13 -94 ) (1024 13 -94 ) 
4 37 (323 13 0 ) (323 13 -100 ) (323 0 -100 ) (323 0 0 ) 
4 37 (788 0 0 ) (788 0 -100 ) (788 13 -100 ) (788 13 0 ) 
4 37 (323 13 -100 ) (323 13 0 ) (788 13 0 ) (788 13 -100 ) 
4 37 (323 0 -100 ) (323 13 -100 ) (788 13 -100 ) (788 0 -100 ) 
4 38 (288 0 -109 ) (84.625000 0 -109 ) (84.625000 13 -109 ) (288 13 -109 ) 
4 38 (288 0 0 ) (288 0 -109 ) (288 13 -109 ) (288 13 0 ) 
4 38 (84.625000 13 0 ) (84.625000 13 -109 ) (84.625000 0 -109 ) (84.625000 0 0 ) 
4 39 (71 0 -109 ) (39 0 -109 ) (39 4.500000 -109 ) (71 4.500000 -109 ) 
4 39 (71 4.500000 0 ) (71 0 0 ) (71 0 -109 ) (71 4.500000 -109 ) 
4 39 (71 4.500000 0 ) (71 4.500000 -109 ) (39 4.500000 -109 ) (39 4.500000 0 ) 
4 40 (39 4.500000 0 ) (39 4.500000 -109 ) (39 13 -109 ) (39 13 0 ) 
4 40 (39 0 -109 ) (0 0 -109 ) (0 13 -109 ) (39 13 -109 ) 
4 41 (827 -129 50 ) (827 -129 63 ) (827 -3.500000 63 ) (827 -3.500000 50 ) 
4 41 (827 -129 0 ) (827 -145 0 ) (827 -145 63 ) (827 -129 63 ) 
4 41 (827 0 63 ) (827 0 0 ) (827 -3.500000 0 ) (827 -3.500000 63 ) 
4 41 (827 -145 63 ) (827 -145 0 ) (1024 -145 0 ) (1024 -145 63 ) 
4 41 (1024 0 63 ) (827 0 63 ) (827 -145 63 ) (1024 -145 63 ) 
4 42 (788 -129 50 ) (788 -129 0 ) (827 -129 0 ) (827 -129 50 ) 
4 42 (827 -3.500000 50 ) (827 -3.500000 0 ) (788 -3.500000 0 ) (788 -3.500000 50 ) 
4 42 (827 -3.500000 50 ) (788 -3.500000 50 ) (788 -129 50 ) (827 -129 50 ) 
4 43 (323 -131 41 ) (323 -131 60 ) (323 -5.500000 60 ) (323 -5.500000 41 ) 
4 43 (323 0 60 ) (323 0 0 ) (323 -5.500000 0 ) (323 -5.500000 60 ) 
4 43 (323 -131 0 ) (323 -145 0 ) (323 -145 60 ) (323 -131 60 ) 
4 43 (788 -145 60 ) (788 0 60 ) (323 0 60 ) (323 -145 60 ) 
4 43 (788 -3.500000 60 ) (788 -3.500000 0 ) (788 0 0 ) (788 0 60 ) 
4 43 (788 -129 60 ) (788 -145 60 ) (788 -145 0 ) (788 -129 0 ) 
4 43 (788 -3.500000 50 ) (788 -3.500000 60 ) (788 -129 60 ) (788 -129 50 ) 
4 43 (788 -145 0 ) (788 -145 60 ) (323 -145 60 ) (323 -145 0 ) 
4 44 (323 -5.500000 41 ) (323 -5.500000 0 ) (288 -5.500000 0 ) (288 -5.500000 41 ) 
4 44 (288 -131 41 ) (288 -131 0 ) (323 -131 0 ) (323 -131 41 ) 
4 44 (323 -5.500000 41 ) (288 -5.500000 41 ) (288 -131 41 ) (323 -131 41 ) 
4 45 (84.625000 -123.500000 0 ) (84.625000 -154.625000 0 ) (84.625000 -154.625000 28 ) (84.625000 -123.500000 28 ) 
4 45 (84.625000 0 28 ) (84.625000 0 0 ) (84.625000 -11 0 ) (84.625000 -11 28 ) 
4 45 (84.625000 0 52 ) (84.625000 0 28 ) (84.625000 -154.625000 28 ) (84.625000 -154.625000 52 ) 
4 45 (84.625000 -154.625000 52 ) (84.625000 -154.625000 0 ) (288 -154.625000 0 ) (288 -154.625000 52 ) 
4 45 (288 -5.500000 41 ) (288 -5.500000 52 ) (288 -131 52 ) (288 -131 41 ) 
4 45 (288 -5.500000 52 ) (288 -5.500000 0 ) (288 0 0 ) (288 0 52 ) 
4 45 (288 -131 52 ) (288 -154.625000 52 ) (288 -154.625000 0 ) (288 -131 0 ) 
4 45 (288 0 52 ) (84.625000 0 52 ) (84.625000 -154.625000 52 ) (288 -154.625000 52 ) 
4 46 (71 -11 0 ) (71 -11 28 ) (84.625000 -11 28 ) (84.625000 -11 0 ) 
4 46 (84.625000 -123.500000 28 ) (84.625000 -11 28 ) (71 -11 28 ) (71 -123.500000 28 ) 
4 46 (84.625000 -123.500000 0 ) (84.625000 -123.500000 28 ) (71 -123.500000 28 ) (71 -123.500000 0 ) 
4 47 (71 -154.625000 47 ) (71 0 47 ) (39 0 47 ) (39 -154.625000 47 ) 
4 47 (71 -154.625000 47 ) (71 -154.625000 28 ) (71 0 28 ) (71 0 47 ) 
4 47 (71 -11 28 ) (71 -11 0 ) (71 0 0 ) (71 0 28 ) 
4 47 (71 -123.500000 28 ) (71 -154.625000 28 ) (71 -154.625000 0 ) (71 -123.500000 0 ) 
4 47 (71 -154.625000 0 ) (71 -154.625000 47 ) (39 -154.625000 47 ) (39 -154.625000 0 ) 
4 48 (39 -239.500000 63 ) (39 0 63 ) (0 0 63 ) (0 -239.500000 63 ) 
4 48 (39 -154.625000 47 ) (39 -239.500000 47 ) (39 -239.500000 0 ) (39 -154.625000 0 ) 
4 48 (39 -239.500000 63 ) (39 -239.500000 47 ) (39 0 47 ) (39 0 63 ) 
4 48 (0 -239.500000 0 ) (39 -239.500000 0 ) (39 -239.500000 63 ) (0 -239.500000 63 ) 
4 49 (827 -3.500000 -94 ) (827 -3.500000 0 ) (827 0 0 ) (827 0 -94 ) 
4 49 (1024 -3.500000 -94 ) (827 -3.500000 -94 ) (827 0 -94 ) (1024 0 -94 ) 
4 50 (323 -3.500000 0 ) (323 0 0 ) (323 0 -100 ) (323 -3.500000 -100 ) 
4 50 (323 -3.500000 -100 ) (323 0 -100 ) (788 0 -100 ) (788 -3.500000 -100 ) 
4 50 (788 0 0 ) (788 -3.500000 0 ) (788 -3.500000 -100 ) (788 0 -100 ) 
4 51 (323 -5.500000 0 ) (323 -3.500000 0 ) (323 -3.500000 -94 ) (323 -5.500000 -94 ) 
4 51 (788 -129 -94 ) (827 -129 -94 ) (827 -129 0 ) (788 -129 0 ) 
4 51 (1024 -129 -94 ) (895 -129 -94 ) (895 -11 -94 ) (1024 -11 -94 ) 
4 51 (827 -11 -94 ) (827 -3.500000 -94 ) (1024 -3.500000 -94 ) (1024 -11 -94 ) 
4 51 (788 -3.500000 -94 ) (788 -3.500000 0 ) (827 -3.500000 0 ) (827 -3.500000 -94 ) 
3 52 (895 -129 -94 ) (827 -129 -94 ) (827 -129 -98 ) 
3 52 (895 -11 -94 ) (827 -11 -98 ) (827 -11 -94 ) 
4 52 (827 -129 -98 ) (827 -11 -98 ) (894.991699 -11 -94 ) (894.991699 -129 -94 ) 
4 53 (323 -3.500000 -94 ) (323 -3.500000 -100 ) (323 -5.500000 -100 ) (323 -5.500000 -94 ) 
4 53 (457 -5 -100 ) (788 -5 -100 ) (788 -123.500000 -100 ) (457 -123.500000 -100 ) 
4 53 (323 -5 -100 ) (323 -3.500000 -100 ) (788 -3.500000 -100 ) (788 -5 -100 ) 
4 53 (323 -129 -100 ) (323 -123.500000 -100 ) (788 -123.500000 -100 ) (788 -129 -100 ) 
4 53 (788 -129 -100 ) (827 -129 -98 ) (827 -129 -94 ) (788 -129 -94 ) 
4 53 (788 -3.500000 -94 ) (827 -3.500000 -94 ) (827 -3.500000 -98 ) (788 -3.500000 -100 ) 
4 53 (827 -11 -98 ) (827 -3.500000 -98 ) (827 -3.500000 -94 ) (827 -11 -94 ) 
4 53 (788.015625 -3.500000 -100 ) (827 -3.500000 -98 ) (827 -129 -98 ) (788.004761 -129 -100 ) 
4 54 (827 -129 0 ) (827 -129 -94 ) (827 -145 -94 ) (827 -145 0 ) 
4 54 (1024 -145 -94 ) (1024 -145 0 ) (827 -145 0 ) (827 -145 -94 ) 
4 54 (1024 -145 -94 ) (827 -145 -94 ) (827 -129 -94 ) (1024 -129 -94 ) 
4 55 (323 -145 -100 ) (323 -145 0 ) (323 -131 0 ) (323 -131 -100 ) 
4 55 (788 -145 -100 ) (323 -145 -100 ) (323 -129 -100 ) (788 -129 -100 ) 
4 55 (788 -145 0 ) (788 -145 -100 ) (788 -129 -100 ) (788 -129 0 ) 
4 55 (323 -145 0 ) (323 -145 -100 ) (788 -145 -100 ) (788 -145 0 ) 
4 56 (323 -5.500000 -100 ) (323 -5 -100 ) (323 -5 -107 ) (323 -5.500000 -107 ) 
3 56 (323 -5 -107 ) (323 -5 -100 ) (457 -5 -100 ) 
3 56 (457 -123.500000 -100 ) (323 -123.500000 -100 ) (323 -123.500000 -107 ) 
4 56 (457 -123.500000 -100 ) (323 -123.500000 -107 ) (323 -5 -107 ) (456.992188 -5 -100 ) 
4 57 (323 -5.500000 0 ) (323 -5.500000 -107 ) (288 -5.500000 -109 ) (288 -5.500000 0 ) 
4 57 (323 -123.500000 -107 ) (323 -123.500000 -100 ) (323 -131 -100 ) (323 -131 -107 ) 
4 57 (288 -131 0 ) (288 -131 -109 ) (323 -131 -107 ) (323 -131 0 ) 
4 57 (323 -131 -107 ) (288 -131 -109 ) (288 -5.500000 -109 ) (323 -5.500000 -107 ) 
4 58 (288 -4 -109 ) (288 -11 -109 ) (84.625000 -11 -109 ) (84.625000 -4 -109 ) 
4 58 (84.625000 0 -109 ) (288 0 -109 ) (288 -4 -109 ) (84.625000 -4 -109 ) 
4 58 (84.625000 0 -109 ) (84.625000 -11 -109 ) (84.625000 -11 0 ) (84.625000 0 0 ) 
4 58 (288 0 0 ) (288 -5.500000 0 ) (288 -5.500000 -109 ) (288 0 -109 ) 
4 59 (62.500011 -4 -109 ) (71 -4 -109 ) (71 -11 -109 ) (62.500015 -11 -109 ) 
4 59 (0 -4 -109 ) (0 0 -109 ) (71 0 -109 ) (71 -4 -109 ) 
4 59 (71 0 0 ) (71 -11 0 ) (71 -11 -109 ) (71 0 -109 ) 
4 60 (71 -11 -109 ) (288 -11 -109 ) (288 -122 -109 ) (71 -122 -109 ) 
4 60 (288 -122 -109 ) (288 -123.500000 -109 ) (71 -123.500000 -109 ) (71 -122 -109 ) 
4 60 (71 -123.500000 0 ) (71 -123.500000 -109 ) (84.625000 -123.500000 -109 ) (84.625000 -123.500000 0 ) 
4 60 (71 -11 0 ) (84.625000 -11 0 ) (84.625000 -11 -109 ) (71 -11 -109 ) 
4 61 (288 -123.500000 -109 ) (288 -154.625000 -109 ) (84.625000 -154.625000 -109 ) (84.625000 -123.500000 -109 ) 
4 61 (84.625000 -154.625000 -109 ) (288 -154.625000 -109 ) (288 -154.625000 0 ) (84.625000 -154.625000 0 ) 
4 61 (288 -131 0 ) (288 -154.625000 0 ) (288 -154.625000 -109 ) (288 -131 -109 ) 
4 61 (84.625000 -123.500000 0 ) (84.625000 -123.500000 -109 ) (84.625000 -154.625000 -109 ) (84.625000 -154.625000 0 ) 
4 62 (62.500011 -11 -109 ) (71 -11 -109 ) (71 -122 -109 ) (62.500015 -122 -109 ) 
4 62 (0 -154.625000 -109 ) (0 -122 -109 ) (71 -122 -109 ) (71 -154.625000 -109 ) 
4 62 (39 -154.625000 -109 ) (71 -154.625000 -109 ) (71 -154.625000 0 ) (39 -154.625000 0 ) 
4 62 (71 -123.500000 0 ) (71 -154.625000 0 ) (71 -154.625000 -109 ) (71 -123.500000 -109 ) 
4 63 (0 -239.500000 -109 ) (0 -154.625000 -109 ) (39 -154.625000 -109 ) (39 -239.500000 -109 ) 
4 63 (0 -239.500000 -109 ) (39 -239.500000 -109 ) (39 -239.500000 0 ) (0 -239.500000 0 ) 
4 63 (39 -239.500000 0 ) (39 -239.500000 -109 ) (39 -154.625000 -109 ) (39 -154.625000 0 ) 
3 64 (62.500061 -122 -109 ) (0 -122 -109 ) (0 -122 -131.550217 ) 
3 64 (0 -4 -131.550217 ) (0 -4 -109 ) (62.500061 -4 -109 ) 
4 64 (62.500000 -122 -109 ) (0 -122 -131.550781 ) (0 -4 -131.550217 ) (62.500000 -4 -109 ) 
4 65 (-61 52 0 ) (-16 52 0 ) (-16 52 63 ) (-61 52 63 ) 
4 65 (-208 52 63 ) (-208 52 0 ) (-164 52 0 ) (-164 52 63 ) 
4 65 (0 52 63 ) (0 122.500000 63 ) (-208 122.500000 63 ) (-208 52 63 ) 
4 65 (-208 122.500000 63 ) (0 122.500000 63 ) (0 122.500000 0 ) (-208 122.500000 0 ) 
4 66 (-16 52 63 ) (-16 52 0 ) (-16 4.500000 0 ) (-16 4.500000 63 ) 
4 66 (-16 4.500000 63 ) (0 4.500000 63 ) (0 52 63 ) (-16 52 63 ) 
4 67 (-164 52 63 ) (-164 52 0 ) (-164 4.500000 0 ) (-164 4.500000 63 ) 
4 67 (-164 4.500000 63 ) (-61 4.500000 63 ) (-61 52 63 ) (-164 52 63 ) 
4 67 (-61 4.500000 63 ) (-61 4.500000 0 ) (-61 52 0 ) (-61 52 63 ) 
4 68 (-61 4.500000 63 ) (-16 4.500000 63 ) (-16 4.500000 0 ) (-61 4.500000 0 ) 
4 68 (-164 4.500000 63 ) (-164 4.500000 0 ) (-208 4.500000 0 ) (-208 4.500000 63 ) 
4 68 (0 4.500000 63 ) (-208 4.500000 63 ) (-208 0 63 ) (0 0 63 ) 
4 69 (-208 122.500000 63 ) (-298.500000 122.500000 63 ) (-298.500000 0 63 ) (-208 0 63 ) 
4 69 (-298.500000 122.500000 63 ) (-208 122.500000 63 ) (-208 122.500000 0 ) (-298.500000 122.500000 0 ) 
4 69 (-208 52 63 ) (-208 4.500000 63 ) (-208 4.500000 0 ) (-208 52 0 ) 
4 69 (-298.500000 122.500000 63 ) (-298.500000 122.500000 0 ) (-298.500000 0 0 ) (-298.500000 0 63 ) 
4 70 (-298.500000 52 0 ) (-298.500000 122.500000 0 ) (-298.500000 122.500000 -109 ) (-298.500000 52 -109 ) 
4 70 (-208 52 -109 ) (-164 52 -109 ) (-164 52 0 ) (-208 52 0 ) 
4 70 (-61 52 -109 ) (-16 52 -109 ) (-16 52 0 ) (-61 52 0 ) 
4 70 (-298.500000 52 -109 ) (-298.500000 122.500000 -109 ) (0 122.500000 -109 ) (0 52 -109 ) 
4 70 (0 122.500000 0 ) (0 122.500000 -109 ) (-298.500000 122.500000 -109 ) (-298.500000 122.500000 0 ) 
4 71 (-16 52 0 ) (-16 52 -109 ) (-16 4.500000 -109 ) (-16 4.500000 0 ) 
4 71 (-16 52 -109 ) (0 52 -109 ) (0 4.500000 -109 ) (-16 4.500000 -109 ) 
4 72 (-61 4.500000 0 ) (-61 4.500000 -109 ) (-61 52 -109 ) (-61 52 0 ) 
4 72 (-164 52 -109 ) (-61 52 -109 ) (-61 4.500000 -109 ) (-164 4.500000 -109 ) 
4 72 (-164 52 0 ) (-164 52 -109 ) (-164 4.500000 -109 ) (-164 4.500000 0 ) 
4 73 (-298.500000 4.500000 0 ) (-298.500000 52 0 ) (-298.500000 52 -109 ) (-298.500000 4.500000 -109 ) 
4 73 (-208 4.500000 0 ) (-208 4.500000 -109 ) (-208 52 -109 ) (-208 52 0 ) 
4 73 (-298.500000 4.500000 -109 ) (-298.500000 52 -109 ) (-208 52 -109 ) (-208 4.500000 -109 ) 
4 74 (-298.500000 0 -109 ) (-298.500000 0 0 ) (-298.500000 4.500000 0 ) (-298.500000 4.500000 -109 ) 
4 74 (-208 4.500000 0 ) (-164 4.500000 0 ) (-164 4.500000 -109 ) (-208 4.500000 -109 ) 
4 74 (-61 4.500000 0 ) (-16 4.500000 0 ) (-16 4.500000 -109 ) (-61 4.500000 -109 ) 
4 74 (0 0 -109 ) (-298.500000 0 -109 ) (-298.500000 4.500000 -109 ) (0 4.500000 -109 ) 
4 75 (-444 0 -97 ) (-444 10 -97 ) (-776.500000 10 -97 ) (-776.500000 0 -97 ) 
4 75 (-444 10 -265 ) (-444 10 -97 ) (-444 0 -97 ) (-444 0 -265 ) 
4 75 (-776.500000 0 -265 ) (-776.500000 0 -97 ) (-776.500000 10 -97 ) (-776.500000 10 -265 ) 
4 75 (-776.500000 0 -265 ) (-776.500000 10 -265 ) (-444 10 -265 ) (-444 0 -265 ) 
4 75 (-776.500000 10 -97 ) (-444 10 -97 ) (-444 10 -265 ) (-776.500000 10 -265 ) 
4 76 (-208 -129.500000 63 ) (-208 -129.500000 0 ) (-164 -129.500000 0 ) (-164 -129.500000 63 ) 
4 76 (-61 -129.500000 0 ) (-16 -129.500000 0 ) (-16 -129.500000 63 ) (-61 -129.500000 63 ) 
4 76 (-208 -129.500000 63 ) (0 -129.500000 63 ) (0 0 63 ) (-208 0 63 ) 
4 77 (-16 -129.500000 63 ) (-16 -178 63 ) (0 -178 63 ) (0 -129.500000 63 ) 
4 77 (-16 -129.500000 63 ) (-16 -129.500000 0 ) (-16 -178 0 ) (-16 -178 63 ) 
4 78 (-164 -129.500000 63 ) (-164 -129.500000 0 ) (-164 -177.500000 0 ) (-164 -177.500000 63 ) 
4 78 (-61 -178 63 ) (-61 -178 0 ) (-61 -129.500000 0 ) (-61 -129.500000 63 ) 
4 78 (-61 -129.500000 63 ) (-164 -129.500000 63 ) (-164 -178 63 ) (-61 -178 63 ) 
4 79 (-61 -178 63 ) (-16 -178 63 ) (-16 -178 0 ) (-61 -178 0 ) 
4 79 (-164 -178 63 ) (-164 -239.500000 63 ) (0 -239.500000 63 ) (0 -178 63 ) 
4 79 (-164 -239.500000 0 ) (0 -239.500000 0 ) (0 -239.500000 63 ) (-164 -239.500000 63 ) 
4 80 (-164 -177.500000 63 ) (-208 -177.500000 63 ) (-208 -239.500000 63 ) (-164 -239.500000 63 ) 
4 80 (-208 -239.500000 0 ) (-164 -239.500000 0 ) (-164 -239.500000 63 ) (-208 -239.500000 63 ) 
4 80 (-164 -177.500000 63 ) (-164 -177.500000 0 ) (-208 -177.500000 0 ) (-208 -177.500000 63 ) 
4 81 (-298.500000 -239.500000 63 ) (-208 -239.500000 63 ) (-208 0 63 ) (-298.500000 0 63 ) 
4 81 (-298.500000 -239.500000 0 ) (-208 -239.500000 0 ) (-208 -239.500000 63 ) (-298.500000 -239.500000 63 ) 
4 81 (-208 -129.500000 63 ) (-208 -177.500000 63 ) (-208 -177.500000 0 ) (-208 -129.500000 0 ) 
4 81 (-298.500000 0 0 ) (-298.500000 -239.500000 0 ) (-298.500000 -239.500000 63 ) (-298.500000 0 63 ) 
4 82 (-298.500000 -121 -109 ) (-298.500000 -129.500000 -109 ) (-298.500000 -129.500000 -81 ) (-298.500000 -121 -81 ) 
4 82 (-298.500000 -129.500000 0 ) (-298.500000 -5 0 ) (-298.500000 -5 -81 ) (-298.500000 -129.500000 -81 ) 
4 82 (-298.500000 -5 0 ) (-298.500000 0 0 ) (-298.500000 0 -109 ) (-298.500000 -5 -109 ) 
4 82 (-298.500000 -129.500000 -109 ) (-298.500000 -122 -109 ) (0 -122 -109 ) (0 -129.500000 -109 ) 
4 82 (-298.500000 -4 -109 ) (-298.500000 0 -109 ) (0 0 -109 ) (0 -4 -109 ) 
4 82 (-208 -129.500000 -109 ) (-164 -129.500000 -109 ) (-164 -129.500000 0 ) (-208 -129.500000 0 ) 
4 82 (-61 -129.500000 -109 ) (-16 -129.500000 -109 ) (-16 -129.500000 0 ) (-61 -129.500000 0 ) 
4 83 (-16 -129.500000 -109 ) (0 -129.500000 -109 ) (0 -178 -109 ) (-16 -178 -109 ) 
4 83 (-16 -129.500000 0 ) (-16 -129.500000 -109 ) (-16 -178 -109 ) (-16 -178 0 ) 
4 84 (-164 -129.500000 -109 ) (-61 -129.500000 -109 ) (-61 -178 -109 ) (-164 -178 -109 ) 
4 84 (-164 -129.500000 0 ) (-164 -129.500000 -109 ) (-164 -177.500000 -109 ) (-164 -177.500000 0 ) 
4 84 (-61 -178 0 ) (-61 -178 -109 ) (-61 -129.500000 -109 ) (-61 -129.500000 0 ) 
4 85 (-164 -177.500000 -109 ) (-164 -178 -109 ) (-208 -178 -109 ) (-208 -177.500000 -109 ) 
4 85 (-164 -177.500000 0 ) (-164 -177.500000 -109 ) (-208 -177.500000 -109 ) (-208 -177.500000 0 ) 
4 86 (0 -178 -109 ) (0 -239.500000 -109 ) (-208 -239.500000 -109 ) (-208 -178 -109 ) 
4 86 (-61 -178 0 ) (-16 -178 0 ) (-16 -178 -109 ) (-61 -178 -109 ) 
4 86 (-208 -239.500000 -109 ) (0 -239.500000 -109 ) (0 -239.500000 0 ) (-208 -239.500000 0 ) 
4 87 (-298.500000 -129.500000 -81 ) (-298.500000 -129.500000 -109 ) (-298.500000 -239.500000 -109 ) (-298.500000 -239.500000 -81 ) 
4 87 (-298.500000 -239.500000 0 ) (-298.500000 -129.500000 0 ) (-298.500000 -129.500000 -81 ) (-298.500000 -239.500000 -81 ) 
4 87 (-298.500000 -239.500000 -109 ) (-298.500000 -129.500000 -109 ) (-208 -129.500000 -109 ) (-208 -239.500000 -109 ) 
4 87 (-208 -177.500000 0 ) (-208 -177.500000 -109 ) (-208 -129.500000 -109 ) (-208 -129.500000 0 ) 
4 87 (-298.500000 -239.500000 0 ) (-298.500000 -239.500000 -109 ) (-208 -239.500000 -109 ) (-208 -239.500000 0 ) 
4 88 (-298.500000 -122 -109 ) (-298.500000 -121 -109 ) (-298.500000 -121 -239.250015 ) (-298.500000 -122 -239.250015 ) 
4 88 (-298.500000 -5 -109 ) (-298.500000 -4 -109 ) (-298.500000 -4 -239.250000 ) (-298.500000 -5 -239.250000 ) 
4 88 (0 -122 -131.550201 ) (0 -122 -109 ) (-298.500000 -122 -109 ) (-298.500000 -122 -239.250000 ) 
4 88 (-298.500000 -4 -239.250000 ) (-298.500000 -4 -109 ) (0 -4 -109 ) (0 -4 -131.550201 ) 
4 88 (0 -122 -131.550201 ) (-298.500000 -122 -239.250000 ) (-298.500000 -4 -239.250015 ) (0 -4 -131.550217 ) 
4 89 (-416 -5 -254.125000 ) (-416 -5 -258.875000 ) (-416 -16 -258.875000 ) (-416 -16 -254.125000 ) 
4 89 (-416 -5 -258.875000 ) (-416 -5 -259.125000 ) (-416 -112 -259.019287 ) (-416 -112 -258.875000 ) 
4 89 (-416 -112 -259.019287 ) (-416 -124 -259.007416 ) (-416 -124 -254.125000 ) (-416 -112 -254.125000 ) 
4 89 (-416 -120.500008 -254.124619 ) (-416 -121 -254.124619 ) (-341.442841 -121 -244.720245 ) (-341.440399 -120.838913 -244.719940 ) 
4 89 (-416 -121 -254.124619 ) (-416 -124 -254.124619 ) (-341.488068 -124 -244.725952 ) (-341.442841 -121 -244.720245 ) 
3 89 (-341.435120 -124 -244.715820 ) (-416 -124 -254.121155 ) (-416 -124 -259.007416 ) 
3 89 (-339.699463 -5 -244.500732 ) (-416 -5 -259.125000 ) (-416 -5 -254.125000 ) 
4 89 (-341.515625 -124 -244.732422 ) (-416 -124 -259.008606 ) (-416 -5 -259.126953 ) (-339.721191 -5 -244.506073 ) 
4 90 (-416 -5 -105 ) (-416 -5 -254.125000 ) (-416 -16 -254.125000 ) (-416 -16 -105 ) 
4 90 (-416 -112 -254.125000 ) (-416 -120.500008 -254.125000 ) (-416 -120.500000 -105 ) (-416 -112 -105 ) 
4 90 (-416 -5 -91 ) (-416 -5 -105 ) (-416 -120.500000 -105 ) (-416 -120.500000 -91 ) 
4 90 (-416 -120.500000 -254.132813 ) (-306 -121 -240.257813 ) (-306 -121 -81 ) (-416 -120.500000 -91 ) 
5 90 (-306 -5 -81 ) (-298.500000 -5 -81 ) (-298.500000 -5 -239.303986 ) (-416 -5 -254.125000 ) (-416 -5 -91 ) 
4 90 (-306.001099 -121 -81 ) (-298.500000 -121 -81 ) (-298.500000 -5 -81 ) (-306 -5 -81 ) 
4 90 (-341.442841 -121 -244.720245 ) (-339.693695 -5 -244.499619 ) (-298.500000 -5 -239.303604 ) (-298.500000 -121 -239.303604 ) 
4 90 (-306.001099 -121 -240.244354 ) (-298.500000 -121 -239.298203 ) (-298.500000 -121 -81 ) (-306.001099 -121 -81 ) 
4 90 (-305.993164 -5 -81 ) (-416 -5 -91 ) (-416 -120.493591 -91 ) (-305.993164 -120.993607 -81 ) 
4 91 (-425 -16 -105 ) (-425 -16 -260.843750 ) (-425 -17 -260.843750 ) (-425 -17 -105 ) 
4 91 (-425 -16 -105 ) (-416 -16 -105 ) (-416 -16 -258.875000 ) (-425 -16 -260.843750 ) 
4 91 (-416 -112 -258.875244 ) (-425 -112 -260.843994 ) (-425 -16 -260.843994 ) (-416 -16 -258.875244 ) 
4 91 (-425 -16 -105 ) (-425 -112 -105 ) (-416 -112 -105 ) (-416 -16 -105 ) 
4 91 (-416 -112 -258.875000 ) (-416 -112 -105 ) (-425 -112 -105 ) (-425 -112 -260.843750 ) 
4 92 (-425 -112 -105 ) (-436 -112 -105 ) (-436 -112 -263.250000 ) (-425 -112 -260.843750 ) 
4 92 (-425 -17 -105 ) (-436 -17 -105 ) (-436 -112 -105 ) (-425 -112 -105 ) 
4 92 (-425 -112 -260.843994 ) (-436 -112 -263.250244 ) (-436 -17 -263.250244 ) (-425 -17 -260.843994 ) 
4 92 (-425 -17 -105 ) (-425 -17 -260.843750 ) (-436 -17 -263.250000 ) (-436 -17 -105 ) 
4 93 (-436 -112 -105 ) (-444 -112 -105 ) (-444 -112 -265 ) (-436 -112 -263.250000 ) 
4 93 (-436 -112 -105 ) (-436 -16.500000 -105 ) (-444 -16.500000 -105 ) (-444 -112 -105 ) 
4 93 (-436 -112 -263.250244 ) (-444 -112 -265 ) (-444 -16.500000 -265 ) (-436 -16.500000 -263.250244 ) 
4 93 (-436 -16.500000 -105 ) (-436 -17 -105 ) (-436 -17 -263.250000 ) (-436 -16.500000 -263.250000 ) 
4 93 (-444 -16.500000 -105 ) (-436 -16.500000 -105 ) (-436 -16.500000 -263.250000 ) (-444 -16.500000 -265 ) 
4 94 (-776.500000 0 -115 ) (-776.500000 0 -265 ) (-776.500000 -8 -265 ) (-776.500000 -8 -115 ) 
4 94 (-776.500000 -122 -97 ) (-776.500000 0 -97 ) (-776.500000 0 -115 ) (-776.500000 -122 -115 ) 
4 94 (-776.500000 -142 -97 ) (-776.500000 -122 -97 ) (-776.500000 -122 -265 ) (-776.500000 -142 -265 ) 
4 94 (-752 -8 -265 ) (-444 -8 -265 ) (-444 -122 -265 ) (-752 -122 -265 ) 
4 94 (-776.500000 -142 -265 ) (-776.500000 -122 -265 ) (-444 -122 -265 ) (-444 -142 -265 ) 
4 94 (-776.500000 -8 -265 ) (-776.500000 0 -265 ) (-444 0 -265 ) (-444 -8 -265 ) 
4 94 (-444 -142 -97 ) (-444 0 -97 ) (-776.500000 0 -97 ) (-776.500000 -142 -97 ) 
4 94 (-444 -142 -105 ) (-444 0 -105 ) (-444 0 -97 ) (-444 -142 -97 ) 
4 94 (-444 -142 -265 ) (-444 -112 -265 ) (-444 -112 -105 ) (-444 -142 -105 ) 
4 94 (-444 -16.500000 -265 ) (-444 0 -265 ) (-444 0 -105 ) (-444 -16.500000 -105 ) 
4 94 (-776.500000 -142 -265 ) (-444 -142 -265 ) (-444 -142 -97 ) (-776.500000 -142 -97 ) 
3 95 (-752 -122 -265 ) (-776.500000 -122 -265 ) (-776.500000 -122 -272.875000 ) 
3 95 (-776.500000 -8 -272.875000 ) (-776.500000 -8 -265 ) (-752 -8 -265 ) 
4 95 (-752 -122 -265 ) (-776.500000 -122 -272.875000 ) (-776.500000 -8 -272.875000 ) (-752 -8 -265 ) 
4 96 (-804.500000 -8 -281.125000 ) (-804.500000 -8 -115 ) (-776.500000 -8 -115 ) (-776.500000 -8 -273 ) 
4 96 (-804.500000 -122 -115 ) (-804.500000 -122 -281 ) (-776.500000 -122 -272.875000 ) (-776.500000 -122 -115 ) 
4 96 (-776.500000 -8 -115 ) (-804.500000 -8 -115 ) (-804.500000 -122 -115 ) (-776.500000 -122 -115 ) 
4 96 (-804.500000 -8 -281.125000 ) (-776.500000 -8 -273 ) (-776.500000 -122 -272.874939 ) (-804.500000 -122 -281 ) 
3 97 (-804.500000 -8 -299 ) (-804.500000 -8 -281.163818 ) (-894.286743 -8 -309.050201 ) 
4 97 (-804.500000 -8 -115 ) (-804.500000 -8 -299 ) (-804.500000 0 -299 ) (-804.500000 0 -115 ) 
4 97 (-804.500000 -8 -107 ) (-804.500000 -8 -115 ) (-804.500000 0 -115 ) (-804.500000 0 -107 ) 
4 97 (-804.500000 0 -107 ) (-804.500000 0 -299 ) (-1024 0 -323.569611 ) (-1024 0 -108.369743 ) 
4 97 (-804.500000 -8 -107 ) (-804.500000 0 -107 ) (-1024 0 -108.369812 ) (-1024 -8 -108.369812 ) 
4 97 (-1024 0 -323.570587 ) (-804.500000 0 -299 ) (-804.500000 -8 -299 ) (-1024 -8 -323.570313 ) 
4 98 (-894.217102 -8 -309.024323 ) (-804.500000 -8 -281.160156 ) (-804.500000 -121.500000 -281.160400 ) (-894.213196 -121.500000 -309.023895 ) 
4 98 (-804.500000 -8 -107 ) (-1024 -8 -108.369812 ) (-1024 -138 -108.369797 ) (-804.500000 -138 -107 ) 
4 98 (-804.500000 -138 -107 ) (-804.500000 -138 -281.163818 ) (-804.500000 -122 -281.163818 ) (-804.500000 -122 -107 ) 
4 98 (-804.500000 -8 -107 ) (-804.500000 -122 -107 ) (-804.500000 -122 -115 ) (-804.500000 -8 -115 ) 
5 98 (-804.500000 -138 -281.163818 ) (-804.500000 -138 -107 ) (-1024 -138 -108.369743 ) (-1024 -138 -323.561707 ) (-894.195557 -138 -309.021912 ) 
4 98 (-1024 -8 -323.561523 ) (-894.187500 -8 -309.020996 ) (-894.187500 -138 -309.020996 ) (-1024 -138 -323.561676 ) 
3 99 (-894.199890 -121.500000 -309.022339 ) (-804.500000 -121.500000 -281.162903 ) (-804.500000 -121.500000 -299 ) 
3 99 (-804.500000 -138 -299 ) (-804.500000 -138 -281.163818 ) (-894.195313 -138 -309.021851 ) 
4 99 (-804.500000 -121.500000 -299 ) (-804.500000 -121.500000 -281 ) (-804.500000 -122 -281 ) (-804.500000 -122 -299 ) 
4 99 (-804.500000 -138 -281.163818 ) (-804.500000 -138 -299 ) (-804.500000 -122 -299 ) (-804.500000 -122 -281.163818 ) 
4 99 (-894.187500 -138 -309.021484 ) (-894.187500 -121.500000 -309.021484 ) (-804.500000 -121.500000 -299 ) (-804.500000 -138 -299 ) 
4 100 (-1943 0 0 ) (-2048 0 0 ) (-2048 227 0 ) (-1943 227 0 ) 
4 100 (-1645 0 0 ) (-1943 0 0 ) (-1943 219 0 ) (-1645 219 0 ) 
4 100 (-1943 219 0 ) (-1943 227 0 ) (-1645 227 0 ) (-1645 219 0 ) 
4 100 (-1483.500000 0 0 ) (-1645 0 0 ) (-1645 219 0 ) (-1483.500000 219 0 ) 
4 100 (-1645 219 0 ) (-1645 227 0 ) (-1483.500000 227 0 ) (-1483.500000 219 0 ) 
4 100 (-1024 0 0 ) (-1483.500000 0 0 ) (-1483.500000 227 0 ) (-1024 227 0 ) 
4 100 (-1024 122.500000 63 ) (-1024 0 63 ) (-1024 0 0 ) (-1024 122.500000 0 ) 
4 100 (-1024 122.500000 63 ) (-1024 122.500000 0 ) (-1024 227 0 ) (-1024 227 63 ) 
4 100 (-1024 0 339 ) (-1024 0 63 ) (-1024 227 63 ) (-1024 227 339 ) 
4 100 (-1024 0 339 ) (-1024 227 339 ) (-2048 227 339 ) (-2048 0 339 ) 
4 100 (-2048 227 0 ) (-2048 227 339 ) (-1024 227 339 ) (-1024 227 0 ) 
4 101 (-1483.500000 0 -365.125031 ) (-1483.500000 0 -212 ) (-1483.500000 19 -212 ) (-1483.500000 19 -365.125000 ) 
4 101 (-1483.500000 0 -212 ) (-1483.500000 0 -196 ) (-1483.500000 19 -196 ) (-1483.500000 19 -212 ) 
4 101 (-1483.500000 19 -365.125000 ) (-1483.500000 19 -196 ) (-1278 18.500000 -196 ) (-1278 18.500000 -359 ) 
4 101 (-1278 18.500000 -196 ) (-1483.500000 19 -196 ) (-1483.500000 0 -196 ) (-1278 0 -196 ) 
4 101 (-1278 18.500000 -359 ) (-1278 18.500002 -196 ) (-1278 0 -196 ) (-1278 0 -359 ) 
4 101 (-1278 0 -359 ) (-1483.500000 0 -365.125000 ) (-1483.500000 19 -365.125000 ) (-1278 18.499878 -359 ) 
4 102 (-1598 0 -395.133423 ) (-1598 0 -212 ) (-1598 33.500000 -212 ) (-1598 33.500000 -395.133423 ) 
4 102 (-1598 98 -212 ) (-1598 149 -212 ) (-1598 149 -395.133423 ) (-1598 98 -395.133423 ) 
4 102 (-1519 219 -377.078369 ) (-1519 219 -212 ) (-1519 0 -212 ) (-1519 0 -377.078369 ) 
4 102 (-1598 0 -212 ) (-1519 0 -212 ) (-1519 219 -212 ) (-1598 219 -212 ) 
4 102 (-1598 219 -395.133423 ) (-1598 219 -212 ) (-1519 219 -212 ) (-1519 219 -377.078369 ) 
4 102 (-1598 0 -395.133972 ) (-1598 219 -395.133972 ) (-1519 219 -377.079102 ) (-1519 0 -377.079102 ) 
4 103 (-1598 149 -395.133423 ) (-1598 149 -212 ) (-1645 149 -212 ) (-1645 149 -405.875000 ) 
4 103 (-1598 149 -212 ) (-1598 219 -212 ) (-1645 219 -212 ) (-1645 149 -212 ) 
4 103 (-1598 219 -212 ) (-1598 219 -395.133423 ) (-1645 219 -405.875000 ) (-1645 219 -212 ) 
4 103 (-1598 149 -395.134766 ) (-1645 149 -405.876373 ) (-1645 219 -405.876953 ) (-1598 219 -395.134766 ) 
4 104 (-1645 98 -212 ) (-1598 98 -212 ) (-1598 98 -395.136719 ) (-1645 98 -405.876953 ) 
4 104 (-1598 33.500000 -212 ) (-1598 98 -212 ) (-1645 98 -212 ) (-1645 33.249996 -212 ) 
4 104 (-1645 33.249996 -405.875000 ) (-1645 98 -405.875000 ) (-1598 98 -395.132813 ) (-1598 33.500000 -395.132813 ) 
4 104 (-1645 33.250000 -405.871094 ) (-1598 33.500000 -395.130859 ) (-1598 33.500000 -212 ) (-1645 33.250000 -212 ) 
4 105 (-1691.356567 0 -164.371918 ) (-1717.429565 0 -160.503357 ) (-1716.874878 0 -160.703064 ) (-1691.191895 0 -164.499664 ) 
4 105 (-1645 0 -171.327988 ) (-1645 0 -171.250031 ) (-1691.356567 0 -164.371918 ) (-1691.191895 0 -164.499664 ) 
4 105 (-1716.880371 218.749969 -160.748108 ) (-1690.580566 218.841446 -164.635910 ) (-1691.193604 0 -164.498291 ) (-1716.880249 0 -160.701157 ) 
4 105 (-1690.580566 218.841446 -164.635910 ) (-1645 219 -171.373917 ) (-1645 0 -171.326874 ) (-1691.193604 0 -164.498291 ) 
4 105 (-1769.302124 219 -153 ) (-1768 219 -153 ) (-1645 219 -171.250015 ) (-1645 219 -171.375000 ) 
4 105 (-1768.984131 0 -153 ) (-1768 0 -153 ) (-1768 219 -153 ) (-1769.302124 219 -153 ) 
4 105 (-1768 219 -153 ) (-1768 0 -153 ) (-1645 0 -171.250000 ) (-1645 219 -171.250000 ) 
4 106 (-1851.882324 0 -153 ) (-1852.097046 0 -153 ) (-1870.714355 0 -159.773239 ) (-1870.329224 0 -159.719055 ) 
4 106 (-1915.702515 0 -176.139816 ) (-1852.098999 0 -153 ) (-1852.157593 219 -153 ) (-1915.373291 219 -175.998718 ) 
4 106 (-1851.808472 219 -153 ) (-1851.879517 0 -153 ) (-1870.325562 0 -159.718536 ) (-1869.996094 219 -159.624435 ) 
4 106 (-1916.086060 219 -176.258759 ) (-1916.461914 219 -176.548203 ) (-1916.398315 0 -176.499161 ) (-1916.138550 0 -176.299133 ) 
4 106 (-1852.097046 0 -153 ) (-1851.882324 0 -153 ) (-1851.811401 219 -153 ) (-1852.155640 219 -153 ) 
4 106 (-1916.465576 219 -176.549530 ) (-1916.089844 219 -176.260147 ) (-1852.155640 219 -153 ) (-1851.811401 219 -153 ) 
4 107 (-1943 219 -404 ) (-1943 219 -406 ) (-1943 217.963470 -406 ) (-1943 217.963470 -404 ) 
3 107 (-1943 217.963470 -406 ) (-1943 219 -406 ) (-1645 219 -406 ) 
3 107 (-1645.023438 219 -211.970062 ) (-1645.023438 219 -202.054413 ) (-1651.890259 218.976120 -196.738068 ) 
3 107 (-1677.146240 218.888275 -175.052338 ) (-1690.585693 218.841522 -164.631973 ) (-1716.894897 218.750000 -160.742828 ) 
3 107 (-1645.023438 219 -199.959045 ) (-1645.023438 219 -171.367188 ) (-1690.585693 218.841522 -164.631973 ) 
4 107 (-1870.014648 219 -159.628601 ) (-1870.015869 218.217316 -159.628937 ) (-1822.890381 218.381241 -153 ) (-1822.891357 219 -153 ) 
4 107 (-1938.592529 217.978806 -193.590332 ) (-1938.592529 219 -193.590332 ) (-1943 219 -212 ) (-1943 217.963470 -212 ) 
4 107 (-1916.461914 219 -176.548203 ) (-1938.592896 219 -193.592224 ) (-1938.592896 217.978806 -193.592224 ) (-1916.461670 218.055786 -176.547989 ) 
4 107 (-1822.901367 218.381210 -153 ) (-1769.301514 218.567642 -153 ) (-1769.302124 219 -153 ) (-1822.902344 219 -153 ) 
9 107 (-1938.592529 219 -193.590347 ) (-1916.465576 219 -176.549530 ) (-1870 219 -159.624969 ) (-1822.902344 219 -153 ) (-1769.302124 219 -153 ) (-1645 219 -171.375000 ) (-1645 219 -406 ) (-1943 219 -406 ) (-1943 219 -212 ) 
4 108 (-1651.889893 218.975998 -196.739075 ) (-1645 219 -202.073196 ) (-1645 0 -201.622559 ) (-1652.201904 0 -196.046936 ) 
4 108 (-1678.066284 0 -174.675842 ) (-1677.140137 218.890625 -175.056259 ) (-1682.290649 218.872711 -173.202072 ) (-1681.317139 0 -173.505539 ) 
4 108 (-1645 219 -202.072556 ) (-1645 219 -199.977188 ) (-1645 0 -200.315033 ) (-1645 0 -201.621857 ) 
4 108 (-1645 218.998337 -199.974228 ) (-1677.135620 218.886566 -175.056168 ) (-1678.061768 0 -174.675766 ) (-1645 0 -200.312057 ) 
4 109 (-1943 0 -404 ) (-1943 0 -212 ) (-1943 41 -212 ) (-1943 41 -404 ) 
4 109 (-1943 104 -212 ) (-1943 149 -212 ) (-1943 149 -404 ) (-1943 104 -404 ) 
4 109 (-1943 0 -406 ) (-1943 0 -404 ) (-1943 217.963470 -404 ) (-1943 217.963470 -406 ) 
4 109 (-1943 0 -406 ) (-1943 58 -406 ) (-1890 58 -406 ) (-1890 0 -406 ) 
4 109 (-1717 58 -406 ) (-1645 58 -406 ) (-1645 0 -406 ) (-1717 0 -406 ) 
4 109 (-1943 58 -406 ) (-1943 217.963470 -406 ) (-1645 219 -406 ) (-1645 58 -406 ) 
4 109 (-1870.015869 218.217316 -159.628937 ) (-1870.343872 0 -159.722672 ) (-1822.551880 0 -153 ) (-1822.890381 218.381241 -153 ) 
4 109 (-1938.592529 0 -193.590332 ) (-1938.592529 217.978806 -193.590332 ) (-1943 217.963470 -212 ) (-1943 0 -212 ) 
4 109 (-1938.592896 217.978806 -193.592224 ) (-1938.592896 0 -193.592224 ) (-1916.398315 0 -176.499161 ) (-1916.461670 218.055786 -176.547989 ) 
4 109 (-1822.901367 218.381210 -153 ) (-1822.562866 0 -153 ) (-1768.984131 0 -153 ) (-1769.301514 218.567642 -153 ) 
4 109 (-1645 33.249992 -405.875000 ) (-1645 33.249996 -212 ) (-1645 0 -212 ) (-1645 0 -405.875000 ) 
4 109 (-1645 98 -405.875000 ) (-1645 149 -405.875000 ) (-1645 149 -212 ) (-1645 98 -212 ) 
4 109 (-1682.290649 218.872711 -173.202072 ) (-1716.882935 218.752396 -160.748856 ) (-1716.882935 0 -160.701874 ) (-1681.317139 0 -173.505539 ) 
5 109 (-1645 219 -212.025436 ) (-1645.152344 219 -211.687500 ) (-1651.889038 218.976563 -196.735107 ) (-1652.201050 0 -196.042938 ) (-1645 0 -212.025192 ) 
4 110 (-1915.375366 219 -176 ) (-1916.089844 219 -176.260147 ) (-1885.887451 219 -153 ) (-1885.487305 219 -153 ) 
4 110 (-1885.887451 0 -153 ) (-1885.633301 0 -153 ) (-1885.487305 219 -153 ) (-1885.887451 219 -153 ) 
4 110 (-1885.885498 0 -153 ) (-1885.885498 219 -153 ) (-1916.086060 219 -176.258759 ) (-1916.138550 0 -176.299133 ) 
4 110 (-1915.703003 0 -176.136658 ) (-1915.373779 219 -175.995544 ) (-1885.487183 219 -153 ) (-1885.633057 0 -153 ) 
4 111 (-1890 58 -406 ) (-1890 58 -452 ) (-1890 0 -452 ) (-1890 0 -406 ) 
4 111 (-1717 58 -452 ) (-1890 58 -452 ) (-1890 58 -406 ) (-1717 58 -406 ) 
4 111 (-1717 0 -406 ) (-1717 0 -452 ) (-1717 58 -452 ) (-1717 58 -406 ) 
4 111 (-1890 0 -452 ) (-1890 58 -452 ) (-1717 58 -452 ) (-1717 0 -452 ) 
4 112 (-1976 149 -212 ) (-1976 149 -399.875000 ) (-1943 149 -404 ) (-1943 149 -212 ) 
4 112 (-1976 149 -399.875000 ) (-1976 219 -399.875000 ) (-1943 219 -404 ) (-1943 149 -404 ) 
4 112 (-1976 219 -212 ) (-1976 149 -212 ) (-1943 149 -212 ) (-1943 219 -212 ) 
4 112 (-1976 219 -399.875000 ) (-1976 149 -399.875000 ) (-1976 149 -212 ) (-1976 219 -212 ) 
4 112 (-1943 219 -212 ) (-1943 219 -404 ) (-1976 219 -399.875000 ) (-1976 219 -212 ) 
4 113 (-1943 104 -212 ) (-1943 104 -404 ) (-1976 104 -399.875000 ) (-1976 104 -212 ) 
4 113 (-1976 104 -399.875000 ) (-1976 41 -399.875000 ) (-1976 41 -212 ) (-1976 104 -212 ) 
4 113 (-1976 104 -212 ) (-1976 41 -212 ) (-1943 41 -212 ) (-1943 104 -212 ) 
4 113 (-1976 41 -399.875000 ) (-1976 104 -399.875000 ) (-1943 104 -404 ) (-1943 41 -404 ) 
4 113 (-1976 41 -212 ) (-1976 41 -399.875000 ) (-1943 41 -404 ) (-1943 41 -212 ) 
4 114 (-2048 -371 0 ) (-2048 0 0 ) (-1943 0 0 ) (-1943 -371 0 ) 
4 114 (-1943 0 0 ) (-1645 0 0 ) (-1645 -363 0 ) (-1943 -363 0 ) 
4 114 (-1645 -363 0 ) (-1645 -371 0 ) (-1943 -371 0 ) (-1943 -363 0 ) 
4 114 (-1645 0 0 ) (-1244 0 0 ) (-1244 -371 0 ) (-1645 -371 0 ) 
4 114 (-1244 0 0 ) (-1134 0 0 ) (-1134 -138 0 ) (-1244 -138 0 ) 
4 114 (-1134 0 0 ) (-1125 0 0 ) (-1125 -138 0 ) (-1134 -138 0 ) 
4 114 (-1125 -138 0 ) (-1125 -371 0 ) (-1244 -371 0 ) (-1244 -138 0 ) 
4 114 (-1125 0 0 ) (-1024 0 0 ) (-1024 -138 0 ) (-1125 -138 0 ) 
4 114 (-1024 -138 0 ) (-1024 -371 0 ) (-1125 -371 0 ) (-1125 -138 0 ) 
4 114 (-1024 -239.500000 0 ) (-1024 0 0 ) (-1024 0 63 ) (-1024 -239.500000 63 ) 
4 114 (-1024 -239.500000 0 ) (-1024 -239.500000 63 ) (-1024 -371 63 ) (-1024 -371 0 ) 
4 114 (-1024 0 63 ) (-1024 0 339 ) (-1024 -371 339 ) (-1024 -371 63 ) 
4 114 (-2048 -371 339 ) (-1024 -371 339 ) (-1024 0 339 ) (-2048 0 339 ) 
4 114 (-1024 -371 0 ) (-1024 -371 339 ) (-2048 -371 339 ) (-2048 -371 0 ) 
4 115 (-1125 0 -109 ) (-1125 0 -122.875008 ) (-1125 -138 -123 ) (-1125 -138 -109 ) 
4 115 (-1024 0 -108.369736 ) (-1125 0 -109 ) (-1125 -138 -109 ) (-1024 -138 -108.369736 ) 
4 115 (-1125 0 -196 ) (-1125 0 -109 ) (-1024 0 -108.369743 ) (-1024 0 -196 ) 
4 115 (-1125 0 -334.875000 ) (-1125 0 -196 ) (-1024 0 -196 ) (-1024 0 -323.569611 ) 
4 115 (-1125 -138 -109 ) (-1125 -138 -334.875000 ) (-1024 -138 -323.569611 ) (-1024 -138 -108.369720 ) 
4 115 (-1024 0 -323.570557 ) (-1024 -138 -323.570557 ) (-1125 -138 -334.875977 ) (-1125 0 -334.875977 ) 
4 116 (-1134 -138 -335.983185 ) (-1125 -138 -335 ) (-1125 -138 -123 ) (-1134 -138 -123.875008 ) 
4 116 (-1125 0 -122.875008 ) (-1125 0 -196 ) (-1134 0 -196 ) (-1134 0 -123.750008 ) 
4 116 (-1134 0 -335.983185 ) (-1134 0 -196 ) (-1125 0 -196 ) (-1125 0 -335 ) 
4 116 (-1125 -138 -335 ) (-1134 -138 -335.983185 ) (-1134 0 -335.983185 ) (-1125 0 -335 ) 
4 116 (-1134 0 -123.750122 ) (-1134 -138 -123.875114 ) (-1125 -138 -123 ) (-1125 0 -122.875114 ) 
4 117 (-1244 0 -196 ) (-1244 0 -348 ) (-1244 -8 -348 ) (-1244 -8 -196 ) 
4 117 (-1244 -131 -348 ) (-1244 -138 -348 ) (-1244 -138 -196 ) (-1244 -131 -196 ) 
4 117 (-1244 0 -135 ) (-1244 0 -196 ) (-1244 -138 -196 ) (-1244 -138 -135 ) 
4 117 (-1244 -138 -135 ) (-1244 -138 -348 ) (-1134 -138 -335.983185 ) (-1134 -138 -123.874985 ) 
4 117 (-1134 0 -123.875000 ) (-1134 0 -196 ) (-1244 0 -196 ) (-1244 0 -135 ) 
4 117 (-1134 0 -335.983185 ) (-1244 0 -348 ) (-1244 0 -196 ) (-1134 0 -196 ) 
4 117 (-1134 -138 -335.983185 ) (-1244 -138 -348 ) (-1244 0 -348 ) (-1134 0 -335.983185 ) 
4 117 (-1244 0 -135 ) (-1244 -138 -135 ) (-1134 -138 -123.875977 ) (-1134 0 -123.875977 ) 
4 118 (-1244 -8 -196 ) (-1244 -8 -348 ) (-1278 -8 -359 ) (-1278 -8 -196 ) 
4 118 (-1278 -8 -196 ) (-1278 -131 -196 ) (-1244 -131 -196 ) (-1244 -8 -196 ) 
4 118 (-1278 -131 -196 ) (-1278 -131 -359 ) (-1244 -131 -348 ) (-1244 -131 -196 ) 
4 118 (-1244 -131 -348 ) (-1278 -131 -359 ) (-1278 -8 -359 ) (-1244 -8 -348 ) 
4 119 (-1483.500000 0 -212 ) (-1483.500000 0 -365.125000 ) (-1483.500000 -18 -365.125031 ) (-1483.500000 -18 -212 ) 
4 119 (-1483.500000 -18 -196 ) (-1483.500000 0 -196 ) (-1483.500000 0 -212 ) (-1483.500000 -18 -212 ) 
3 119 (-1464.402222 -18 -364.555786 ) (-1462.529541 -18 -364.499969 ) (-1464.158203 -18 -364.499969 ) 
3 119 (-1464.373169 -18 -364.499969 ) (-1462.529541 -18 -364.499969 ) (-1278 -18 -359 ) 
4 119 (-1483.500000 -18 -196 ) (-1278 -18 -196 ) (-1278 0 -196 ) (-1483.500000 0 -196 ) 
4 119 (-1278 -8 -359 ) (-1278 0 -359 ) (-1278 0 -196 ) (-1278 -8 -196 ) 
4 119 (-1278 0 -359 ) (-1278 -18 -359 ) (-1483.500000 -18 -365.125000 ) (-1483.500000 0 -365.125000 ) 
4 120 (-1483.500000 -131 -212 ) (-1483.500000 -131 -364.499969 ) (-1483.500000 -158 -364.499969 ) (-1483.500000 -158 -212 ) 
4 120 (-1483.500000 -158 -196 ) (-1483.500000 -131 -196 ) (-1483.500000 -131 -212 ) (-1483.500000 -158 -212 ) 
4 120 (-1483.500000 -131 -196 ) (-1483.500000 -18 -196 ) (-1483.500000 -18 -216 ) (-1483.500000 -131 -216 ) 
5 120 (-1483.500000 -158 -196 ) (-1483.500000 -158 -364.499969 ) (-1464.373657 -158 -364.499969 ) (-1278 -158 -359 ) (-1278 -158 -196 ) 
4 120 (-1278 -158 -359 ) (-1278 -131 -359 ) (-1278 -131 -196 ) (-1278 -158 -196 ) 
4 120 (-1483.500000 -18 -196 ) (-1483.500000 -158 -196 ) (-1278 -158 -196 ) (-1278 -18 -196 ) 
4 120 (-1278 -158 -359 ) (-1464.363281 -158 -364.499969 ) (-1464.363281 -18 -364.499969 ) (-1278 -18 -359 ) 
4 121 (-1483.500000 -131 -368.925171 ) (-1483.500000 -131.500000 -368.925171 ) (-1483.500000 -131.500000 -364.499969 ) (-1483.500000 -131 -364.499969 ) 
4 121 (-1464.158325 -131.500000 -364.499969 ) (-1464.374146 -131.500000 -364.499969 ) (-1483.500000 -131.500000 -365.125000 ) (-1483.500000 -131.500000 -368.925171 ) 
4 121 (-1464.158325 -131.500000 -364.499969 ) (-1464.158325 -18 -364.499969 ) (-1464.373657 -18 -364.499969 ) (-1464.373657 -131.500000 -364.499969 ) 
3 121 (-1464.402222 -18 -364.555786 ) (-1483.500000 -18 -368.925171 ) (-1483.500000 -18 -365.125000 ) 
4 121 (-1483.500000 -18 -368.925659 ) (-1464.156250 -18 -364.499969 ) (-1464.156250 -131.500000 -364.499969 ) (-1483.500000 -131.500000 -368.925781 ) 
4 122 (-1483.500000 -158 -365.125000 ) (-1483.500000 -158 -364.499969 ) (-1483.500000 -131.500000 -364.499969 ) (-1483.500000 -131.500000 -365.125000 ) 
3 122 (-1483.500000 -158 -364.499969 ) (-1483.500000 -158 -365.125000 ) (-1464.374146 -158 -364.499969 ) 
4 122 (-1483.500000 -131.500000 -365.124512 ) (-1464.382813 -131.500000 -364.499969 ) (-1464.382813 -158 -364.499969 ) (-1483.500000 -158 -365.124725 ) 
4 123 (-1598 0 -395.132813 ) (-1598 -14.374999 -395.132813 ) (-1598 -14.374999 -212 ) (-1598 0 -212 ) 
4 123 (-1598 0 -395.135223 ) (-1519 0 -377.080139 ) (-1519 -18 -377.080139 ) (-1598 -18 -395.135223 ) 
4 123 (-1519 0 -212 ) (-1598 0 -212 ) (-1598 -18 -212 ) (-1519 -18 -212 ) 
4 123 (-1519 0 -212 ) (-1519 -18 -212 ) (-1519 -18 -377.078125 ) (-1519 0 -377.078125 ) 
4 124 (-1645 -18 -405.876862 ) (-1645 -14.499999 -405.876862 ) (-1598 -14.374999 -395.135223 ) (-1598 -18 -395.135223 ) 
4 124 (-1598 -14.374999 -212 ) (-1645 -14.499999 -212 ) (-1645 -18 -212 ) (-1598 -18 -212 ) 
4 124 (-1598 -14.375000 -212 ) (-1598 -14.375000 -395.133392 ) (-1645 -14.500000 -405.874756 ) (-1645 -14.500000 -212 ) 
4 125 (-1486.035034 -131 -369.548126 ) (-1483.500000 -131 -368.968750 ) (-1483.500000 -131 -368.375000 ) (-1502 -131 -373 ) 
4 125 (-1486.192383 -18 -369.582123 ) (-1483.500000 -18 -368.966797 ) (-1483.500000 -131 -368.966797 ) (-1486.192383 -131 -369.582123 ) 
4 125 (-1502 -18 -373 ) (-1483.500000 -18 -368.375000 ) (-1483.500000 -18 -368.968750 ) (-1486.035034 -18 -369.548126 ) 
4 125 (-1502.011719 -131 -373.002930 ) (-1502.011719 -18 -373.002930 ) (-1486.367554 -18 -369.620392 ) (-1486.367554 -131 -369.620392 ) 
4 126 (-1483.500000 -131 -368.375000 ) (-1483.500000 -131 -216 ) (-1511 -131 -216 ) (-1511 -131 -375.249969 ) 
4 126 (-1502 -18 -373 ) (-1502 -131 -373 ) (-1511 -131 -375.250000 ) (-1511 -18 -375.250000 ) 
4 126 (-1483.500000 -18 -216 ) (-1511 -18 -216 ) (-1511 -131 -216 ) (-1483.500000 -131 -216 ) 
4 126 (-1511 -18 -375.249969 ) (-1511 -18 -216 ) (-1483.500000 -18 -216 ) (-1483.500000 -18 -368.375000 ) 
4 127 (-1519 -131 -377.082123 ) (-1511 -131 -375.253754 ) (-1511 -131 -212 ) (-1519 -131 -212 ) 
4 127 (-1598 -131 -395.132813 ) (-1598 -131 -212 ) (-1598 -128 -212 ) (-1598 -128 -395.132843 ) 
4 127 (-1598 -131 -212 ) (-1511 -131 -212 ) (-1511 -18 -212 ) (-1598 -18 -212 ) 
4 127 (-1511 -131 -212 ) (-1511 -131 -216 ) (-1511 -18 -216 ) (-1511 -18 -212 ) 
4 127 (-1519 -18 -212 ) (-1511 -18 -212 ) (-1511 -18 -375.253754 ) (-1519 -18 -377.082123 ) 
4 127 (-1598 -18 -395.135223 ) (-1511 -18 -375.251801 ) (-1511 -131 -375.251801 ) (-1598 -131 -395.135223 ) 
4 128 (-1645 -18 -405.742188 ) (-1645 -18 -405.875000 ) (-1645 -127 -405.875000 ) (-1645 -127 -405.498871 ) 
4 128 (-1645 -128 -405.876862 ) (-1645 -18 -405.876862 ) (-1598 -18 -395.135223 ) (-1598 -128 -395.135223 ) 
4 128 (-1645 -128 -212 ) (-1598 -128 -212 ) (-1598 -18 -212 ) (-1645 -18 -212 ) 
4 128 (-1645 -128 -405.873047 ) (-1598 -128 -395.132813 ) (-1598 -128 -212 ) (-1645 -128 -212 ) 
4 129 (-1598 -286.750000 -212 ) (-1598 -239 -212 ) (-1598 -239 -395.133118 ) (-1598 -286.750000 -395.132996 ) 
4 129 (-1598 -176 -212 ) (-1598 -131 -212 ) (-1598 -131 -395.133392 ) (-1598 -176 -395.133270 ) 
4 129 (-1598 -363 -395.137238 ) (-1519 -363 -377.082123 ) (-1519 -363 -212 ) (-1598 -363 -212 ) 
4 129 (-1598 -131 -395.135223 ) (-1519 -131 -377.080139 ) (-1519 -363 -377.080139 ) (-1598 -363 -395.135223 ) 
4 129 (-1519 -131 -212 ) (-1598 -131 -212 ) (-1598 -363 -212 ) (-1519 -363 -212 ) 
4 129 (-1519 -131 -377.078339 ) (-1519 -131 -212 ) (-1519 -363 -212 ) (-1519 -363 -377.078125 ) 
4 130 (-1645 -239 -405.873047 ) (-1598 -239 -395.132813 ) (-1598 -239 -212 ) (-1645 -239 -212 ) 
4 130 (-1645 -176 -212 ) (-1598 -176 -212 ) (-1598 -176 -395.132813 ) (-1645 -176 -405.873047 ) 
4 130 (-1598 -239 -212 ) (-1598 -176 -212 ) (-1645 -176 -212 ) (-1645 -239 -212 ) 
4 130 (-1645 -239 -405.876862 ) (-1645 -176 -405.876862 ) (-1598 -176 -395.135223 ) (-1598 -239 -395.135223 ) 
4 131 (-1598 -239 -394.998047 ) (-1645 -239 -405.748047 ) (-1645 -288 -405.873047 ) (-1598 -286.750000 -395.119873 ) 
4 131 (-1645 -288.743408 -405.876862 ) (-1645 -239 -405.876862 ) (-1598 -239 -395.135223 ) (-1598 -292.007538 -395.135223 ) 
4 132 (-1598 -286.750000 -212 ) (-1645 -288 -212 ) (-1645 -363 -212 ) (-1598 -363 -212 ) 
4 132 (-1645 -363 -405.876862 ) (-1645 -288.743408 -405.876862 ) (-1598 -292.007538 -395.135223 ) (-1598 -363 -395.135223 ) 
4 132 (-1645 -363 -405.878906 ) (-1598 -363 -395.137238 ) (-1598 -363 -212 ) (-1645 -363 -212 ) 
4 132 (-1598 -286.749969 -212 ) (-1598 -286.749969 -395.117188 ) (-1645 -288 -405.870392 ) (-1645 -288 -212 ) 
4 133 (-1943 -358.157379 -406 ) (-1943 -363 -406 ) (-1943 -363 -404 ) (-1943 -358.179596 -404 ) 
4 133 (-1943 -363 -406 ) (-1943 -358.157349 -406 ) (-1717 -360.101471 -406 ) (-1717 -363 -406 ) 
4 133 (-1717 -360.101471 -406 ) (-1647.404419 -360.700134 -406 ) (-1647.416504 -363 -406 ) (-1717 -363 -406 ) 
4 133 (-1916.247803 -360.938934 -176.372330 ) (-1916.248291 -363 -176.372711 ) (-1870.918213 -363 -159.881073 ) (-1870.917358 -361.512115 -159.880630 ) 
3 133 (-1652.725708 -363 -194.884918 ) (-1645 -363 -200.875137 ) (-1645 -362.876160 -212.021942 ) 
4 133 (-1943 -360.312958 -211.998306 ) (-1943 -363 -211.998306 ) (-1938.586792 -363 -193.564270 ) (-1938.586792 -360.555725 -193.564270 ) 
4 133 (-1767.997192 -362.473877 -153 ) (-1767.997192 -363 -153 ) (-1717.063354 -363 -160.557281 ) (-1717.063477 -362.828064 -160.557251 ) 
4 133 (-1768 -362.473877 -153 ) (-1822.001709 -362.009338 -153 ) (-1822 -363 -153 ) (-1768 -363 -153 ) 
12 133 (-1943 -363 -212 ) (-1943 -363 -406 ) (-1647.416504 -363 -406 ) (-1645 -363 -404.972076 ) (-1645 -363 -200.875107 ) (-1679.608398 -363 -174.040985 ) (-1717.061279 -363 -160.557999 ) (-1768 -363 -153 ) (-1822 -363 -153 ) (-1870.910767 -363 -159.880005 ) (-1916.249634 -363 -176.374908 ) (-1938.586182 -363 -193.563904 ) 
4 133 (-1916.256958 -360.938812 -176.377365 ) (-1938.585205 -360.555817 -193.560013 ) (-1938.585205 -363 -193.560013 ) (-1916.257446 -363 -176.377747 ) 
4 133 (-1821.989502 -363 -153 ) (-1821.991089 -362.009430 -153 ) (-1870.915771 -361.512115 -159.881821 ) (-1870.916626 -363 -159.882263 ) 
5 134 (-1645 -362.418060 -200.874893 ) (-1646.792725 -363 -199.485809 ) (-1652.720703 -363 -194.896317 ) (-1652.203247 0 -196.043808 ) (-1645 0 -201.620667 ) 
4 134 (-1679.701660 -363 -174.009125 ) (-1679.602173 -363 -174.044952 ) (-1678.066284 0 -174.675827 ) (-1681.317139 0 -173.505539 ) 
4 134 (-1645 -18 -200.342804 ) (-1645 -18 -201.584793 ) (-1645 0 -201.621948 ) (-1645 0 -200.314987 ) 
4 134 (-1645 -131 -200.517181 ) (-1645 -131 -201.352371 ) (-1645 -18 -201.584793 ) (-1645 -18 -200.342804 ) 
3 134 (-1645 -363 -200.875092 ) (-1645 -131 -201.352371 ) (-1645 -131 -200.517181 ) 
4 134 (-1679.610840 -363 -174.040146 ) (-1645 -363 -200.875931 ) (-1645 0 -200.315948 ) (-1678.074829 0 -174.671097 ) 
4 135 (-1943 -229 -404 ) (-1943 -280.500000 -404 ) (-1943 -280.500000 -212 ) (-1943 -229 -212 ) 
4 135 (-1943 0 -212 ) (-1943 0 -404 ) (-1943 -25 -404 ) (-1943 -25 -212 ) 
4 135 (-1943 -133 -404 ) (-1943 -166 -404 ) (-1943 -166 -212 ) (-1943 -133 -212 ) 
4 135 (-1943 0 -404 ) (-1943 0 -406 ) (-1943 -358.157379 -406 ) (-1943 -358.179596 -404 ) 
4 135 (-1943 -184 -406 ) (-1943 0 -406 ) (-1890 0 -406 ) (-1890 -184 -406 ) 
4 135 (-1943 -358.157349 -406 ) (-1943 -184 -406 ) (-1717 -184 -406 ) (-1717 -360.101471 -406 ) 
4 135 (-1717 0 -406 ) (-1645.511719 0 -406 ) (-1645.587769 -14.504084 -406 ) (-1717 -15 -406 ) 
4 135 (-1646.178101 -127 -406 ) (-1647.404419 -360.700134 -406 ) (-1717 -360.101471 -406 ) (-1717 -127 -406 ) 
4 135 (-1646.182007 -127 -406 ) (-1645.591675 -14.504105 -406 ) (-1645 -14.500000 -405.748322 ) (-1645 -127 -405.497223 ) 
4 135 (-1916.242432 -360.938995 -176.370392 ) (-1870.917358 -361.512115 -159.880630 ) (-1870.721680 0 -159.774261 ) (-1915.699829 0 -176.137878 ) 
4 135 (-1943 0 -211.998306 ) (-1943 -360.312958 -211.998306 ) (-1938.586792 -360.555725 -193.564270 ) (-1938.586792 0 -193.564270 ) 
4 135 (-1767.997192 0 -153 ) (-1767.997192 -362.473877 -153 ) (-1717.063477 -362.828064 -160.557251 ) (-1717.431519 0 -160.502655 ) 
4 135 (-1768 -362.473877 -153 ) (-1768 0 -153 ) (-1822.562866 0 -153 ) (-1822.001709 -362.009338 -153 ) 
4 135 (-1645 -239 -405.248901 ) (-1645 -239 -212 ) (-1645 -288 -212 ) (-1645 -288 -405.139526 ) 
4 135 (-1645 -176 -212 ) (-1645 -176 -405.389526 ) (-1645 -131 -405.489929 ) (-1645 -131 -212 ) 
4 135 (-1645 -128 -405.496643 ) (-1645 -128 -212 ) (-1645 -131 -212 ) (-1645 -131 -405.489929 ) 
4 135 (-1645 -14.499999 -212 ) (-1645 -14.499999 -405.875000 ) (-1645 0 -405.875000 ) (-1645 0 -212 ) 
4 135 (-1916.256958 -360.938812 -176.377365 ) (-1916.170410 0 -176.310715 ) (-1938.585205 0 -193.559998 ) (-1938.585205 -360.555817 -193.560013 ) 
4 135 (-1821.991089 -362.009430 -153 ) (-1822.552246 0 -153 ) (-1870.720337 0 -159.775482 ) (-1870.915771 -361.512115 -159.881821 ) 
4 135 (-1717.437744 0 -160.502151 ) (-1717.069336 -363 -160.556808 ) (-1679.701660 -363 -174.009125 ) (-1681.317139 0 -173.505539 ) 
4 135 (-1652.201172 0 -196.042953 ) (-1652.718506 -363 -194.895538 ) (-1645 -362.876160 -212.016586 ) (-1645 0 -212.016586 ) 
4 136 (-1916.170410 0 -176.310715 ) (-1916.257446 -363 -176.377747 ) (-1885.878906 -363 -153 ) (-1885.878906 0 -153 ) 
3 136 (-1885.633179 0 -153 ) (-1885.874756 0 -153 ) (-1885.874756 -363 -153 ) 
4 136 (-1885.867188 -355.908752 -153 ) (-1916.238159 -355.929688 -176.365997 ) (-1915.703003 0 -176.136658 ) (-1885.630127 0 -153 ) 
4 137 (-1645.511719 0 -406 ) (-1645 0 -406 ) (-1645 -14.500000 -406 ) (-1645.587769 -14.504082 -406 ) 
3 137 (-1645 -14.499999 -405.750244 ) (-1645.587158 -14.504077 -406 ) (-1645 -14.499939 -406 ) 
4 138 (-1645 -127 -406 ) (-1645 -363 -406 ) (-1647.416504 -363 -406 ) (-1646.178101 -127 -406 ) 
3 138 (-1645 -127 -406 ) (-1646.162598 -127 -406 ) (-1645 -127 -405.505493 ) 
4 138 (-1645 -239 -405.248901 ) (-1645 -288 -405.139526 ) (-1645 -288 -405.875000 ) (-1645 -239 -405.875000 ) 
4 138 (-1645 -176 -405.389526 ) (-1645 -176 -405.875000 ) (-1645 -131 -405.875000 ) (-1645 -131 -405.489929 ) 
4 138 (-1645 -128 -405.496643 ) (-1645 -131 -405.489929 ) (-1645 -131 -405.875000 ) (-1645 -128 -405.875000 ) 
3 138 (-1647.416504 -363 -406 ) (-1645 -363 -406 ) (-1645 -363 -404.972076 ) 
3 139 (-1717 -15 -436.375000 ) (-1717 -15 -406 ) (-1645.587769 -14.504082 -406 ) 
3 139 (-1717 -127 -406 ) (-1717 -127 -436.125000 ) (-1646.178101 -127 -406 ) 
4 139 (-1646.187500 -127 -406 ) (-1717 -127 -436.121094 ) (-1717 -15 -436.371094 ) (-1645.596924 -14.504955 -406 ) 
4 140 (-1890 -184 -452 ) (-1890 -184 -406 ) (-1890 0 -406 ) (-1890 0 -452 ) 
4 140 (-1717 -184 -452 ) (-1717 -127 -452 ) (-1717 -127 -406 ) (-1717 -184 -406 ) 
4 140 (-1717 -15 -452 ) (-1717 0 -452 ) (-1717 0 -406 ) (-1717 -15 -406 ) 
4 140 (-1717 -127 -436.125000 ) (-1717 -127 -452 ) (-1717 -15 -452 ) (-1717 -15 -436.375000 ) 
4 140 (-1717 -184 -452 ) (-1717 -184 -406 ) (-1890 -184 -406 ) (-1890 -184 -452 ) 
4 140 (-1717 -184 -452 ) (-1890 -184 -452 ) (-1890 0 -452 ) (-1717 0 -452 ) 
4 141 (-2039 -25 -380 ) (-2039 -25 -392 ) (-2039 -133 -392 ) (-2039 -133 -380 ) 
4 141 (-2039 -133 -212 ) (-2039 -25 -212 ) (-2039 -25 -244 ) (-2039 -133 -244 ) 
4 141 (-2039 -133 -212 ) (-2039 -133 -392.003906 ) (-1943 -133 -404.003906 ) (-1943 -133 -212 ) 
4 141 (-1951 -25 -403 ) (-1951 -133 -403 ) (-2039 -133 -392 ) (-2039 -25 -392 ) 
4 141 (-1951 -133 -403 ) (-1951 -25 -403 ) (-1943 -25 -404 ) (-1943 -133 -404 ) 
4 141 (-2039 -25 -212 ) (-2039 -133 -212 ) (-1943 -133 -212 ) (-1943 -25 -212 ) 
4 141 (-1943 -25 -212 ) (-1943 -25 -404.003906 ) (-2039 -25 -392.003906 ) (-2039 -25 -212 ) 
4 142 (-1976 -229 -399.878906 ) (-1943 -229 -404.003906 ) (-1943 -229 -212 ) (-1976 -229 -212 ) 
4 142 (-1976 -166 -212 ) (-1976 -229 -212 ) (-1943 -229 -212 ) (-1943 -166 -212 ) 
4 142 (-1951 -229 -403 ) (-1951 -166 -403 ) (-1943 -166 -404 ) (-1943 -229 -404 ) 
4 142 (-1976 -166 -399.875000 ) (-1951 -166 -403 ) (-1951 -228.980194 -403 ) (-1976 -228.988998 -399.875000 ) 
4 142 (-1976 -166 -212 ) (-1943 -166 -212 ) (-1943 -166 -404.003906 ) (-1976 -166 -399.878906 ) 
4 142 (-1976 -166 -212 ) (-1976 -166 -399.875000 ) (-1976 -229 -399.875000 ) (-1976 -229 -212 ) 
4 143 (-1976 -280.500000 -212 ) (-1976 -280.500000 -399.875000 ) (-1976 -363 -399.875000 ) (-1976 -363 -212 ) 
4 143 (-1976 -363 -399.875000 ) (-1976 -280.500000 -399.875000 ) (-1951 -280.500000 -403 ) (-1951 -363 -403 ) 
4 143 (-1951 -363 -403 ) (-1951 -280.500000 -403 ) (-1943 -280.500000 -404 ) (-1943 -363 -404 ) 
4 143 (-1976 -280.500000 -212 ) (-1976 -363 -212 ) (-1943 -363 -212 ) (-1943 -280.500000 -212 ) 
4 143 (-1976 -280.500000 -212 ) (-1943 -280.500000 -212 ) (-1943 -280.500000 -404.003906 ) (-1976 -280.500000 -399.878906 ) 
4 143 (-1976 -363 -212 ) (-1976 -363 -399.875000 ) (-1943 -363 -404 ) (-1943 -363 -212 ) 
4 144 (-2039 -25 -244 ) (-2048 -25 -244.681641 ) (-2048 -133 -244.680847 ) (-2039 -133 -244 ) 
4 144 (-2039 -133 -380 ) (-2039 -133 -244 ) (-2048 -133 -244.681839 ) (-2048 -133 -378.500061 ) 
4 144 (-2048 -25 -378.500061 ) (-2048 -25 -244.681839 ) (-2039 -25 -244 ) (-2039 -25 -380 ) 
4 144 (-2039 -133 -380 ) (-2048 -133 -378.500977 ) (-2048 -25 -378.501923 ) (-2039 -25 -380.001953 ) 
4 145 (-2113 227 339 ) (-2113 227 0 ) (-2113 0 0 ) (-2113 0 339 ) 
4 145 (-2113 227 0 ) (-2113 227 339 ) (-2048 227 339 ) (-2048 227 0 ) 
4 145 (-2113 227 339 ) (-2113 0 339 ) (-2048 0 339 ) (-2048 227 339 ) 
4 146 (-2113 0 0 ) (-2113 0 -460 ) (-2048 0 -460 ) (-2048 0 0 ) 
4 146 (-2048 227 -390.875031 ) (-2048 227 -212 ) (-2048 0 -212 ) (-2048 0 -390.875000 ) 
4 146 (-2048 227 -390.875031 ) (-2048 0 -390.875000 ) (-2048 0 -460 ) (-2048 227 -460 ) 
4 146 (-2048 227 -212 ) (-2048 227 0 ) (-2048 0 0 ) (-2048 0 -212 ) 
4 146 (-2113 227 0 ) (-2113 227 -460 ) (-2113 0 -460 ) (-2113 0 0 ) 
4 146 (-2048 227 -460 ) (-2113 227 -460 ) (-2113 227 0 ) (-2048 227 0 ) 
4 146 (-2113 0 -460 ) (-2113 227 -460 ) (-2048 227 -460 ) (-2048 0 -460 ) 
4 147 (-2048 -25 0 ) (-2048 -133 0 ) (-2105 -133 0 ) (-2105 -25 0 ) 
4 147 (-2105 -133 0 ) (-2113 -133 0 ) (-2113 -25 0 ) (-2105 -25 0 ) 
4 147 (-2113 0 0 ) (-2048 0 0 ) (-2048 -25 0 ) (-2113 -25 0 ) 
4 147 (-2048 -133 0 ) (-2048 -371 0 ) (-2113 -371 0 ) (-2113 -133 0 ) 
4 147 (-2113 -371 0 ) (-2113 -371 339 ) (-2113 0 339 ) (-2113 0 0 ) 
4 147 (-2113 -371 339 ) (-2113 -371 0 ) (-2048 -371 0 ) (-2048 -371 339 ) 
4 147 (-2113 0 339 ) (-2113 -371 339 ) (-2048 -371 339 ) (-2048 0 339 ) 
4 148 (-2048 -133 -378.500000 ) (-2105 -133 -369 ) (-2105 -25 -369 ) (-2048 -25 -378.500000 ) 
4 148 (-2105 -25 -369 ) (-2105 -25 -249 ) (-2048 -25 -244.681839 ) (-2048 -25 -378.500061 ) 
4 148 (-2048 -133 -378.500061 ) (-2048 -133 -244.681839 ) (-2105 -133 -249 ) (-2105 -133 -369 ) 
4 148 (-2105 -25 -249 ) (-2105 -25 -369 ) (-2105 -133 -369 ) (-2105 -133 -249 ) 
4 148 (-2048 -25 -244.682312 ) (-2105 -25 -249 ) (-2105 -133 -249 ) (-2048 -133 -244.682327 ) 
